[2024-05-27T17:35:39.426+0000] {local_task_job_runner.py:120} INFO - ::group::Pre task execution logs
[2024-05-27T17:35:39.512+0000] {taskinstance.py:2076} INFO - Dependencies all met for dep_context=non-requeueable deps ti=<TaskInstance: example_bash_decorator.runme_0 manual__2024-05-27T17:35:33.351648+00:00 [queued]>
[2024-05-27T17:35:39.541+0000] {taskinstance.py:2076} INFO - Dependencies all met for dep_context=requeueable deps ti=<TaskInstance: example_bash_decorator.runme_0 manual__2024-05-27T17:35:33.351648+00:00 [queued]>
[2024-05-27T17:35:39.543+0000] {taskinstance.py:2306} INFO - Starting attempt 1 of 1
[2024-05-27T17:35:39.605+0000] {taskinstance.py:2330} INFO - Executing <Task(_BashDecoratedOperator): runme_0> on 2024-05-27 17:35:33.351648+00:00
[2024-05-27T17:35:39.643+0000] {warnings.py:110} WARNING - /home/***/.local/lib/python3.12/site-packages/***/task/task_runner/standard_task_runner.py:61: DeprecationWarning: This process (pid=92) is multi-threaded, use of fork() may lead to deadlocks in the child.
  pid = os.fork()

[2024-05-27T17:35:39.649+0000] {standard_task_runner.py:90} INFO - Running: ['***', 'tasks', 'run', 'example_bash_decorator', 'runme_0', 'manual__2024-05-27T17:35:33.351648+00:00', '--job-id', '5', '--raw', '--subdir', '/home/***/.local/lib/python3.12/site-packages/***/example_dags/example_bash_decorator.py', '--cfg-path', '/tmp/tmpaqr76uz4']
[2024-05-27T17:35:39.657+0000] {standard_task_runner.py:91} INFO - Job 5: Subtask runme_0
[2024-05-27T17:35:39.653+0000] {standard_task_runner.py:63} INFO - Started process 108 to run task
[2024-05-27T17:35:39.766+0000] {task_command.py:426} INFO - Running <TaskInstance: example_bash_decorator.runme_0 manual__2024-05-27T17:35:33.351648+00:00 [running]> on host 184eedec9e5f
[2024-05-27T17:35:40.143+0000] {taskinstance.py:2648} INFO - Exporting env vars: AIRFLOW_CTX_DAG_OWNER='***' AIRFLOW_CTX_DAG_ID='example_bash_decorator' AIRFLOW_CTX_TASK_ID='runme_0' AIRFLOW_CTX_EXECUTION_DATE='2024-05-27T17:35:33.351648+00:00' AIRFLOW_CTX_TRY_NUMBER='1' AIRFLOW_CTX_DAG_RUN_ID='manual__2024-05-27T17:35:33.351648+00:00'
[2024-05-27T17:35:40.146+0000] {taskinstance.py:430} INFO - ::endgroup::
[2024-05-27T17:35:40.236+0000] {subprocess.py:63} INFO - Tmp dir root location: /tmp
[2024-05-27T17:35:40.242+0000] {subprocess.py:75} INFO - Running command: ['/usr/bin/bash', '-c', 'echo example_bash_decorator__runme_0__20240527 && sleep 0']
[2024-05-27T17:35:40.275+0000] {subprocess.py:86} INFO - Output:
[2024-05-27T17:35:40.277+0000] {subprocess.py:93} INFO - example_bash_decorator__runme_0__20240527
[2024-05-27T17:35:40.281+0000] {subprocess.py:97} INFO - Command exited with return code 0
[2024-05-27T17:35:40.286+0000] {taskinstance.py:441} INFO - ::group::Post task execution logs
[2024-05-27T17:35:40.354+0000] {taskinstance.py:1206} INFO - Marking task as SUCCESS. dag_id=example_bash_decorator, task_id=runme_0, run_id=manual__2024-05-27T17:35:33.351648+00:00, execution_date=20240527T173533, start_date=20240527T173539, end_date=20240527T173540
[2024-05-27T17:35:40.472+0000] {local_task_job_runner.py:240} INFO - Task exited with return code 0
[2024-05-27T17:35:40.540+0000] {taskinstance.py:3498} INFO - 0 downstream tasks scheduled from follow-on schedule check
[2024-05-27T17:35:40.549+0000] {local_task_job_runner.py:222} INFO - ::endgroup::
