[2024-05-27T17:35:39.476+0000] {local_task_job_runner.py:120} INFO - ::group::Pre task execution logs
[2024-05-27T17:35:39.556+0000] {taskinstance.py:2076} INFO - Dependencies all met for dep_context=non-requeueable deps ti=<TaskInstance: example_bash_decorator.this_will_skip manual__2024-05-27T17:35:33.351648+00:00 [queued]>
[2024-05-27T17:35:39.595+0000] {taskinstance.py:2076} INFO - Dependencies all met for dep_context=requeueable deps ti=<TaskInstance: example_bash_decorator.this_will_skip manual__2024-05-27T17:35:33.351648+00:00 [queued]>
[2024-05-27T17:35:39.596+0000] {taskinstance.py:2306} INFO - Starting attempt 1 of 1
[2024-05-27T17:35:39.672+0000] {taskinstance.py:2330} INFO - Executing <Task(_BashDecoratedOperator): this_will_skip> on 2024-05-27 17:35:33.351648+00:00
[2024-05-27T17:35:39.707+0000] {warnings.py:110} WARNING - /home/***/.local/lib/python3.12/site-packages/***/task/task_runner/standard_task_runner.py:61: DeprecationWarning: This process (pid=94) is multi-threaded, use of fork() may lead to deadlocks in the child.
  pid = os.fork()

[2024-05-27T17:35:39.717+0000] {standard_task_runner.py:63} INFO - Started process 110 to run task
[2024-05-27T17:35:39.715+0000] {standard_task_runner.py:90} INFO - Running: ['***', 'tasks', 'run', 'example_bash_decorator', 'this_will_skip', 'manual__2024-05-27T17:35:33.351648+00:00', '--job-id', '8', '--raw', '--subdir', '/home/***/.local/lib/python3.12/site-packages/***/example_dags/example_bash_decorator.py', '--cfg-path', '/tmp/tmpb_m544t9']
[2024-05-27T17:35:39.726+0000] {standard_task_runner.py:91} INFO - Job 8: Subtask this_will_skip
[2024-05-27T17:35:39.881+0000] {task_command.py:426} INFO - Running <TaskInstance: example_bash_decorator.this_will_skip manual__2024-05-27T17:35:33.351648+00:00 [running]> on host 184eedec9e5f
[2024-05-27T17:35:40.207+0000] {taskinstance.py:2648} INFO - Exporting env vars: AIRFLOW_CTX_DAG_OWNER='***' AIRFLOW_CTX_DAG_ID='example_bash_decorator' AIRFLOW_CTX_TASK_ID='this_will_skip' AIRFLOW_CTX_EXECUTION_DATE='2024-05-27T17:35:33.351648+00:00' AIRFLOW_CTX_TRY_NUMBER='1' AIRFLOW_CTX_DAG_RUN_ID='manual__2024-05-27T17:35:33.351648+00:00'
[2024-05-27T17:35:40.212+0000] {taskinstance.py:430} INFO - ::endgroup::
[2024-05-27T17:35:40.284+0000] {subprocess.py:63} INFO - Tmp dir root location: /tmp
[2024-05-27T17:35:40.286+0000] {subprocess.py:75} INFO - Running command: ['/usr/bin/bash', '-c', 'echo "hello world"; exit 99;']
[2024-05-27T17:35:40.316+0000] {subprocess.py:86} INFO - Output:
[2024-05-27T17:35:40.320+0000] {subprocess.py:93} INFO - hello world
[2024-05-27T17:35:40.323+0000] {subprocess.py:97} INFO - Command exited with return code 99
[2024-05-27T17:35:40.326+0000] {taskinstance.py:441} INFO - ::group::Post task execution logs
[2024-05-27T17:35:40.329+0000] {taskinstance.py:2506} INFO - Bash command returned exit code 99. Skipping.
[2024-05-27T17:35:40.364+0000] {taskinstance.py:1206} INFO - Marking task as SKIPPED. dag_id=example_bash_decorator, task_id=this_will_skip, run_id=manual__2024-05-27T17:35:33.351648+00:00, execution_date=20240527T173533, start_date=20240527T173539, end_date=20240527T173540
[2024-05-27T17:35:40.488+0000] {local_task_job_runner.py:240} INFO - Task exited with return code 0
[2024-05-27T17:35:40.522+0000] {local_task_job_runner.py:222} INFO - ::endgroup::
