[2024-05-27T01:38:37.610+0000] {processor.py:161} INFO - Started process (PID=68) to work on /home/airflow/.local/lib/python3.12/site-packages/airflow/example_dags/example_subdag_operator.py
[2024-05-27T01:38:37.612+0000] {processor.py:830} INFO - Processing file /home/airflow/.local/lib/python3.12/site-packages/airflow/example_dags/example_subdag_operator.py for tasks to queue
[2024-05-27T01:38:37.615+0000] {logging_mixin.py:188} INFO - [2024-05-27T01:38:37.614+0000] {dagbag.py:545} INFO - Filling up the DagBag from /home/airflow/.local/lib/python3.12/site-packages/airflow/example_dags/example_subdag_operator.py
[2024-05-27T01:38:37.644+0000] {processor.py:840} INFO - DAG(s) 'example_subdag_operator.section-1', 'example_subdag_operator.section-2', 'example_subdag_operator' retrieved from /home/airflow/.local/lib/python3.12/site-packages/airflow/example_dags/example_subdag_operator.py
[2024-05-27T01:38:37.648+0000] {logging_mixin.py:188} INFO - [2024-05-27T01:38:37.648+0000] {dag.py:3096} INFO - Sync 3 DAGs
[2024-05-27T01:38:37.688+0000] {logging_mixin.py:188} INFO - [2024-05-27T01:38:37.688+0000] {dag.py:3954} INFO - Setting next_dagrun for example_subdag_operator to 2022-01-01 00:00:00+00:00, run_after=2022-01-01 00:00:00+00:00
[2024-05-27T01:38:37.693+0000] {logging_mixin.py:188} INFO - [2024-05-27T01:38:37.693+0000] {dag.py:3954} INFO - Setting next_dagrun for example_subdag_operator.section-1 to None, run_after=None
[2024-05-27T01:38:37.695+0000] {logging_mixin.py:188} INFO - [2024-05-27T01:38:37.695+0000] {dag.py:3954} INFO - Setting next_dagrun for example_subdag_operator.section-2 to None, run_after=None
[2024-05-27T01:38:37.705+0000] {logging_mixin.py:188} INFO - [2024-05-27T01:38:37.704+0000] {dag.py:3096} INFO - Sync 2 DAGs
[2024-05-27T01:38:37.711+0000] {logging_mixin.py:188} INFO - [2024-05-27T01:38:37.710+0000] {dag.py:3954} INFO - Setting next_dagrun for example_subdag_operator.section-1 to None, run_after=None
[2024-05-27T01:38:37.711+0000] {logging_mixin.py:188} INFO - [2024-05-27T01:38:37.711+0000] {dag.py:3954} INFO - Setting next_dagrun for example_subdag_operator.section-2 to None, run_after=None
[2024-05-27T01:38:37.723+0000] {processor.py:183} INFO - Processing /home/airflow/.local/lib/python3.12/site-packages/airflow/example_dags/example_subdag_operator.py took 0.120 seconds
[2024-05-27T01:39:08.732+0000] {processor.py:161} INFO - Started process (PID=126) to work on /home/airflow/.local/lib/python3.12/site-packages/airflow/example_dags/example_subdag_operator.py
[2024-05-27T01:39:08.733+0000] {processor.py:830} INFO - Processing file /home/airflow/.local/lib/python3.12/site-packages/airflow/example_dags/example_subdag_operator.py for tasks to queue
[2024-05-27T01:39:08.735+0000] {logging_mixin.py:188} INFO - [2024-05-27T01:39:08.734+0000] {dagbag.py:545} INFO - Filling up the DagBag from /home/airflow/.local/lib/python3.12/site-packages/airflow/example_dags/example_subdag_operator.py
[2024-05-27T01:39:08.758+0000] {processor.py:840} INFO - DAG(s) 'example_subdag_operator.section-1', 'example_subdag_operator.section-2', 'example_subdag_operator' retrieved from /home/airflow/.local/lib/python3.12/site-packages/airflow/example_dags/example_subdag_operator.py
[2024-05-27T01:39:08.859+0000] {logging_mixin.py:188} INFO - [2024-05-27T01:39:08.858+0000] {dag.py:3096} INFO - Sync 3 DAGs
[2024-05-27T01:39:08.876+0000] {logging_mixin.py:188} INFO - [2024-05-27T01:39:08.876+0000] {dag.py:3954} INFO - Setting next_dagrun for example_subdag_operator to 2022-01-01 00:00:00+00:00, run_after=2022-01-01 00:00:00+00:00
[2024-05-27T01:39:08.880+0000] {logging_mixin.py:188} INFO - [2024-05-27T01:39:08.880+0000] {dag.py:3954} INFO - Setting next_dagrun for example_subdag_operator.section-1 to None, run_after=None
[2024-05-27T01:39:08.882+0000] {logging_mixin.py:188} INFO - [2024-05-27T01:39:08.882+0000] {dag.py:3954} INFO - Setting next_dagrun for example_subdag_operator.section-2 to None, run_after=None
[2024-05-27T01:39:08.889+0000] {logging_mixin.py:188} INFO - [2024-05-27T01:39:08.889+0000] {dag.py:3096} INFO - Sync 2 DAGs
[2024-05-27T01:39:08.894+0000] {logging_mixin.py:188} INFO - [2024-05-27T01:39:08.894+0000] {dag.py:3954} INFO - Setting next_dagrun for example_subdag_operator.section-1 to None, run_after=None
[2024-05-27T01:39:08.895+0000] {logging_mixin.py:188} INFO - [2024-05-27T01:39:08.895+0000] {dag.py:3954} INFO - Setting next_dagrun for example_subdag_operator.section-2 to None, run_after=None
[2024-05-27T01:39:08.904+0000] {processor.py:183} INFO - Processing /home/airflow/.local/lib/python3.12/site-packages/airflow/example_dags/example_subdag_operator.py took 0.179 seconds
[2024-05-27T01:39:39.172+0000] {processor.py:161} INFO - Started process (PID=184) to work on /home/airflow/.local/lib/python3.12/site-packages/airflow/example_dags/example_subdag_operator.py
[2024-05-27T01:39:39.173+0000] {processor.py:830} INFO - Processing file /home/airflow/.local/lib/python3.12/site-packages/airflow/example_dags/example_subdag_operator.py for tasks to queue
[2024-05-27T01:39:39.175+0000] {logging_mixin.py:188} INFO - [2024-05-27T01:39:39.174+0000] {dagbag.py:545} INFO - Filling up the DagBag from /home/airflow/.local/lib/python3.12/site-packages/airflow/example_dags/example_subdag_operator.py
[2024-05-27T01:39:39.194+0000] {processor.py:840} INFO - DAG(s) 'example_subdag_operator.section-1', 'example_subdag_operator.section-2', 'example_subdag_operator' retrieved from /home/airflow/.local/lib/python3.12/site-packages/airflow/example_dags/example_subdag_operator.py
[2024-05-27T01:39:39.208+0000] {logging_mixin.py:188} INFO - [2024-05-27T01:39:39.208+0000] {dag.py:3096} INFO - Sync 3 DAGs
[2024-05-27T01:39:39.235+0000] {logging_mixin.py:188} INFO - [2024-05-27T01:39:39.235+0000] {dag.py:3954} INFO - Setting next_dagrun for example_subdag_operator to 2022-01-01 00:00:00+00:00, run_after=2022-01-01 00:00:00+00:00
[2024-05-27T01:39:39.242+0000] {logging_mixin.py:188} INFO - [2024-05-27T01:39:39.241+0000] {dag.py:3954} INFO - Setting next_dagrun for example_subdag_operator.section-1 to None, run_after=None
[2024-05-27T01:39:39.244+0000] {logging_mixin.py:188} INFO - [2024-05-27T01:39:39.243+0000] {dag.py:3954} INFO - Setting next_dagrun for example_subdag_operator.section-2 to None, run_after=None
[2024-05-27T01:39:39.252+0000] {logging_mixin.py:188} INFO - [2024-05-27T01:39:39.252+0000] {dag.py:3096} INFO - Sync 2 DAGs
[2024-05-27T01:39:39.258+0000] {logging_mixin.py:188} INFO - [2024-05-27T01:39:39.257+0000] {dag.py:3954} INFO - Setting next_dagrun for example_subdag_operator.section-1 to None, run_after=None
[2024-05-27T01:39:39.258+0000] {logging_mixin.py:188} INFO - [2024-05-27T01:39:39.258+0000] {dag.py:3954} INFO - Setting next_dagrun for example_subdag_operator.section-2 to None, run_after=None
[2024-05-27T01:39:39.271+0000] {processor.py:183} INFO - Processing /home/airflow/.local/lib/python3.12/site-packages/airflow/example_dags/example_subdag_operator.py took 0.104 seconds
[2024-05-27T01:40:09.326+0000] {processor.py:161} INFO - Started process (PID=242) to work on /home/airflow/.local/lib/python3.12/site-packages/airflow/example_dags/example_subdag_operator.py
[2024-05-27T01:40:09.327+0000] {processor.py:830} INFO - Processing file /home/airflow/.local/lib/python3.12/site-packages/airflow/example_dags/example_subdag_operator.py for tasks to queue
[2024-05-27T01:40:09.329+0000] {logging_mixin.py:188} INFO - [2024-05-27T01:40:09.328+0000] {dagbag.py:545} INFO - Filling up the DagBag from /home/airflow/.local/lib/python3.12/site-packages/airflow/example_dags/example_subdag_operator.py
[2024-05-27T01:40:09.350+0000] {processor.py:840} INFO - DAG(s) 'example_subdag_operator.section-1', 'example_subdag_operator.section-2', 'example_subdag_operator' retrieved from /home/airflow/.local/lib/python3.12/site-packages/airflow/example_dags/example_subdag_operator.py
[2024-05-27T01:40:09.368+0000] {logging_mixin.py:188} INFO - [2024-05-27T01:40:09.368+0000] {dag.py:3096} INFO - Sync 3 DAGs
[2024-05-27T01:40:09.389+0000] {logging_mixin.py:188} INFO - [2024-05-27T01:40:09.389+0000] {dag.py:3954} INFO - Setting next_dagrun for example_subdag_operator to 2022-01-01 00:00:00+00:00, run_after=2022-01-01 00:00:00+00:00
[2024-05-27T01:40:09.393+0000] {logging_mixin.py:188} INFO - [2024-05-27T01:40:09.393+0000] {dag.py:3954} INFO - Setting next_dagrun for example_subdag_operator.section-1 to None, run_after=None
[2024-05-27T01:40:09.395+0000] {logging_mixin.py:188} INFO - [2024-05-27T01:40:09.395+0000] {dag.py:3954} INFO - Setting next_dagrun for example_subdag_operator.section-2 to None, run_after=None
[2024-05-27T01:40:09.401+0000] {logging_mixin.py:188} INFO - [2024-05-27T01:40:09.401+0000] {dag.py:3096} INFO - Sync 2 DAGs
[2024-05-27T01:40:09.409+0000] {logging_mixin.py:188} INFO - [2024-05-27T01:40:09.408+0000] {dag.py:3954} INFO - Setting next_dagrun for example_subdag_operator.section-1 to None, run_after=None
[2024-05-27T01:40:09.409+0000] {logging_mixin.py:188} INFO - [2024-05-27T01:40:09.409+0000] {dag.py:3954} INFO - Setting next_dagrun for example_subdag_operator.section-2 to None, run_after=None
[2024-05-27T01:40:09.420+0000] {processor.py:183} INFO - Processing /home/airflow/.local/lib/python3.12/site-packages/airflow/example_dags/example_subdag_operator.py took 0.099 seconds
[2024-05-27T01:40:39.608+0000] {processor.py:161} INFO - Started process (PID=300) to work on /home/airflow/.local/lib/python3.12/site-packages/airflow/example_dags/example_subdag_operator.py
[2024-05-27T01:40:39.609+0000] {processor.py:830} INFO - Processing file /home/airflow/.local/lib/python3.12/site-packages/airflow/example_dags/example_subdag_operator.py for tasks to queue
[2024-05-27T01:40:39.613+0000] {logging_mixin.py:188} INFO - [2024-05-27T01:40:39.613+0000] {dagbag.py:545} INFO - Filling up the DagBag from /home/airflow/.local/lib/python3.12/site-packages/airflow/example_dags/example_subdag_operator.py
[2024-05-27T01:40:39.636+0000] {processor.py:840} INFO - DAG(s) 'example_subdag_operator.section-1', 'example_subdag_operator.section-2', 'example_subdag_operator' retrieved from /home/airflow/.local/lib/python3.12/site-packages/airflow/example_dags/example_subdag_operator.py
[2024-05-27T01:40:39.651+0000] {logging_mixin.py:188} INFO - [2024-05-27T01:40:39.651+0000] {dag.py:3096} INFO - Sync 3 DAGs
[2024-05-27T01:40:39.674+0000] {logging_mixin.py:188} INFO - [2024-05-27T01:40:39.674+0000] {dag.py:3954} INFO - Setting next_dagrun for example_subdag_operator to 2022-01-01 00:00:00+00:00, run_after=2022-01-01 00:00:00+00:00
[2024-05-27T01:40:39.679+0000] {logging_mixin.py:188} INFO - [2024-05-27T01:40:39.678+0000] {dag.py:3954} INFO - Setting next_dagrun for example_subdag_operator.section-1 to None, run_after=None
[2024-05-27T01:40:39.682+0000] {logging_mixin.py:188} INFO - [2024-05-27T01:40:39.682+0000] {dag.py:3954} INFO - Setting next_dagrun for example_subdag_operator.section-2 to None, run_after=None
[2024-05-27T01:40:39.688+0000] {logging_mixin.py:188} INFO - [2024-05-27T01:40:39.688+0000] {dag.py:3096} INFO - Sync 2 DAGs
[2024-05-27T01:40:39.694+0000] {logging_mixin.py:188} INFO - [2024-05-27T01:40:39.694+0000] {dag.py:3954} INFO - Setting next_dagrun for example_subdag_operator.section-1 to None, run_after=None
[2024-05-27T01:40:39.696+0000] {logging_mixin.py:188} INFO - [2024-05-27T01:40:39.695+0000] {dag.py:3954} INFO - Setting next_dagrun for example_subdag_operator.section-2 to None, run_after=None
[2024-05-27T01:40:39.709+0000] {processor.py:183} INFO - Processing /home/airflow/.local/lib/python3.12/site-packages/airflow/example_dags/example_subdag_operator.py took 0.105 seconds
[2024-05-27T01:41:09.824+0000] {processor.py:161} INFO - Started process (PID=358) to work on /home/airflow/.local/lib/python3.12/site-packages/airflow/example_dags/example_subdag_operator.py
[2024-05-27T01:41:09.824+0000] {processor.py:830} INFO - Processing file /home/airflow/.local/lib/python3.12/site-packages/airflow/example_dags/example_subdag_operator.py for tasks to queue
[2024-05-27T01:41:09.828+0000] {logging_mixin.py:188} INFO - [2024-05-27T01:41:09.827+0000] {dagbag.py:545} INFO - Filling up the DagBag from /home/airflow/.local/lib/python3.12/site-packages/airflow/example_dags/example_subdag_operator.py
[2024-05-27T01:41:09.851+0000] {processor.py:840} INFO - DAG(s) 'example_subdag_operator.section-1', 'example_subdag_operator.section-2', 'example_subdag_operator' retrieved from /home/airflow/.local/lib/python3.12/site-packages/airflow/example_dags/example_subdag_operator.py
[2024-05-27T01:41:09.868+0000] {logging_mixin.py:188} INFO - [2024-05-27T01:41:09.868+0000] {dag.py:3096} INFO - Sync 3 DAGs
[2024-05-27T01:41:09.892+0000] {logging_mixin.py:188} INFO - [2024-05-27T01:41:09.892+0000] {dag.py:3954} INFO - Setting next_dagrun for example_subdag_operator to 2022-01-01 00:00:00+00:00, run_after=2022-01-01 00:00:00+00:00
[2024-05-27T01:41:09.897+0000] {logging_mixin.py:188} INFO - [2024-05-27T01:41:09.897+0000] {dag.py:3954} INFO - Setting next_dagrun for example_subdag_operator.section-1 to None, run_after=None
[2024-05-27T01:41:09.899+0000] {logging_mixin.py:188} INFO - [2024-05-27T01:41:09.899+0000] {dag.py:3954} INFO - Setting next_dagrun for example_subdag_operator.section-2 to None, run_after=None
[2024-05-27T01:41:09.906+0000] {logging_mixin.py:188} INFO - [2024-05-27T01:41:09.905+0000] {dag.py:3096} INFO - Sync 2 DAGs
[2024-05-27T01:41:09.914+0000] {logging_mixin.py:188} INFO - [2024-05-27T01:41:09.914+0000] {dag.py:3954} INFO - Setting next_dagrun for example_subdag_operator.section-1 to None, run_after=None
[2024-05-27T01:41:09.915+0000] {logging_mixin.py:188} INFO - [2024-05-27T01:41:09.914+0000] {dag.py:3954} INFO - Setting next_dagrun for example_subdag_operator.section-2 to None, run_after=None
[2024-05-27T01:41:09.956+0000] {processor.py:183} INFO - Processing /home/airflow/.local/lib/python3.12/site-packages/airflow/example_dags/example_subdag_operator.py took 0.137 seconds
[2024-05-27T01:41:40.299+0000] {processor.py:161} INFO - Started process (PID=416) to work on /home/airflow/.local/lib/python3.12/site-packages/airflow/example_dags/example_subdag_operator.py
[2024-05-27T01:41:40.300+0000] {processor.py:830} INFO - Processing file /home/airflow/.local/lib/python3.12/site-packages/airflow/example_dags/example_subdag_operator.py for tasks to queue
[2024-05-27T01:41:40.302+0000] {logging_mixin.py:188} INFO - [2024-05-27T01:41:40.302+0000] {dagbag.py:545} INFO - Filling up the DagBag from /home/airflow/.local/lib/python3.12/site-packages/airflow/example_dags/example_subdag_operator.py
[2024-05-27T01:41:40.325+0000] {processor.py:840} INFO - DAG(s) 'example_subdag_operator.section-1', 'example_subdag_operator.section-2', 'example_subdag_operator' retrieved from /home/airflow/.local/lib/python3.12/site-packages/airflow/example_dags/example_subdag_operator.py
[2024-05-27T01:41:40.343+0000] {logging_mixin.py:188} INFO - [2024-05-27T01:41:40.343+0000] {dag.py:3096} INFO - Sync 3 DAGs
[2024-05-27T01:41:40.370+0000] {logging_mixin.py:188} INFO - [2024-05-27T01:41:40.370+0000] {dag.py:3954} INFO - Setting next_dagrun for example_subdag_operator to 2022-01-01 00:00:00+00:00, run_after=2022-01-01 00:00:00+00:00
[2024-05-27T01:41:40.376+0000] {logging_mixin.py:188} INFO - [2024-05-27T01:41:40.375+0000] {dag.py:3954} INFO - Setting next_dagrun for example_subdag_operator.section-1 to None, run_after=None
[2024-05-27T01:41:40.377+0000] {logging_mixin.py:188} INFO - [2024-05-27T01:41:40.377+0000] {dag.py:3954} INFO - Setting next_dagrun for example_subdag_operator.section-2 to None, run_after=None
[2024-05-27T01:41:40.386+0000] {logging_mixin.py:188} INFO - [2024-05-27T01:41:40.385+0000] {dag.py:3096} INFO - Sync 2 DAGs
[2024-05-27T01:41:40.393+0000] {logging_mixin.py:188} INFO - [2024-05-27T01:41:40.392+0000] {dag.py:3954} INFO - Setting next_dagrun for example_subdag_operator.section-1 to None, run_after=None
[2024-05-27T01:41:40.393+0000] {logging_mixin.py:188} INFO - [2024-05-27T01:41:40.393+0000] {dag.py:3954} INFO - Setting next_dagrun for example_subdag_operator.section-2 to None, run_after=None
[2024-05-27T01:41:40.406+0000] {processor.py:183} INFO - Processing /home/airflow/.local/lib/python3.12/site-packages/airflow/example_dags/example_subdag_operator.py took 0.113 seconds
[2024-05-27T01:42:10.747+0000] {processor.py:161} INFO - Started process (PID=474) to work on /home/airflow/.local/lib/python3.12/site-packages/airflow/example_dags/example_subdag_operator.py
[2024-05-27T01:42:10.748+0000] {processor.py:830} INFO - Processing file /home/airflow/.local/lib/python3.12/site-packages/airflow/example_dags/example_subdag_operator.py for tasks to queue
[2024-05-27T01:42:10.753+0000] {logging_mixin.py:188} INFO - [2024-05-27T01:42:10.752+0000] {dagbag.py:545} INFO - Filling up the DagBag from /home/airflow/.local/lib/python3.12/site-packages/airflow/example_dags/example_subdag_operator.py
[2024-05-27T01:42:10.774+0000] {processor.py:840} INFO - DAG(s) 'example_subdag_operator.section-1', 'example_subdag_operator.section-2', 'example_subdag_operator' retrieved from /home/airflow/.local/lib/python3.12/site-packages/airflow/example_dags/example_subdag_operator.py
[2024-05-27T01:42:10.790+0000] {logging_mixin.py:188} INFO - [2024-05-27T01:42:10.790+0000] {dag.py:3096} INFO - Sync 3 DAGs
[2024-05-27T01:42:10.813+0000] {logging_mixin.py:188} INFO - [2024-05-27T01:42:10.813+0000] {dag.py:3954} INFO - Setting next_dagrun for example_subdag_operator to 2022-01-01 00:00:00+00:00, run_after=2022-01-01 00:00:00+00:00
[2024-05-27T01:42:10.819+0000] {logging_mixin.py:188} INFO - [2024-05-27T01:42:10.819+0000] {dag.py:3954} INFO - Setting next_dagrun for example_subdag_operator.section-1 to None, run_after=None
[2024-05-27T01:42:10.821+0000] {logging_mixin.py:188} INFO - [2024-05-27T01:42:10.821+0000] {dag.py:3954} INFO - Setting next_dagrun for example_subdag_operator.section-2 to None, run_after=None
[2024-05-27T01:42:10.830+0000] {logging_mixin.py:188} INFO - [2024-05-27T01:42:10.829+0000] {dag.py:3096} INFO - Sync 2 DAGs
[2024-05-27T01:42:10.837+0000] {logging_mixin.py:188} INFO - [2024-05-27T01:42:10.837+0000] {dag.py:3954} INFO - Setting next_dagrun for example_subdag_operator.section-1 to None, run_after=None
[2024-05-27T01:42:10.838+0000] {logging_mixin.py:188} INFO - [2024-05-27T01:42:10.838+0000] {dag.py:3954} INFO - Setting next_dagrun for example_subdag_operator.section-2 to None, run_after=None
[2024-05-27T01:42:10.860+0000] {processor.py:183} INFO - Processing /home/airflow/.local/lib/python3.12/site-packages/airflow/example_dags/example_subdag_operator.py took 0.121 seconds
[2024-05-27T01:42:41.451+0000] {processor.py:161} INFO - Started process (PID=532) to work on /home/airflow/.local/lib/python3.12/site-packages/airflow/example_dags/example_subdag_operator.py
[2024-05-27T01:42:41.452+0000] {processor.py:830} INFO - Processing file /home/airflow/.local/lib/python3.12/site-packages/airflow/example_dags/example_subdag_operator.py for tasks to queue
[2024-05-27T01:42:41.454+0000] {logging_mixin.py:188} INFO - [2024-05-27T01:42:41.454+0000] {dagbag.py:545} INFO - Filling up the DagBag from /home/airflow/.local/lib/python3.12/site-packages/airflow/example_dags/example_subdag_operator.py
[2024-05-27T01:42:41.475+0000] {processor.py:840} INFO - DAG(s) 'example_subdag_operator.section-1', 'example_subdag_operator.section-2', 'example_subdag_operator' retrieved from /home/airflow/.local/lib/python3.12/site-packages/airflow/example_dags/example_subdag_operator.py
[2024-05-27T01:42:41.492+0000] {logging_mixin.py:188} INFO - [2024-05-27T01:42:41.492+0000] {dag.py:3096} INFO - Sync 3 DAGs
[2024-05-27T01:42:41.518+0000] {logging_mixin.py:188} INFO - [2024-05-27T01:42:41.518+0000] {dag.py:3954} INFO - Setting next_dagrun for example_subdag_operator to 2022-01-01 00:00:00+00:00, run_after=2022-01-01 00:00:00+00:00
[2024-05-27T01:42:41.522+0000] {logging_mixin.py:188} INFO - [2024-05-27T01:42:41.522+0000] {dag.py:3954} INFO - Setting next_dagrun for example_subdag_operator.section-1 to None, run_after=None
[2024-05-27T01:42:41.523+0000] {logging_mixin.py:188} INFO - [2024-05-27T01:42:41.523+0000] {dag.py:3954} INFO - Setting next_dagrun for example_subdag_operator.section-2 to None, run_after=None
[2024-05-27T01:42:41.532+0000] {logging_mixin.py:188} INFO - [2024-05-27T01:42:41.532+0000] {dag.py:3096} INFO - Sync 2 DAGs
[2024-05-27T01:42:41.538+0000] {logging_mixin.py:188} INFO - [2024-05-27T01:42:41.537+0000] {dag.py:3954} INFO - Setting next_dagrun for example_subdag_operator.section-1 to None, run_after=None
[2024-05-27T01:42:41.538+0000] {logging_mixin.py:188} INFO - [2024-05-27T01:42:41.538+0000] {dag.py:3954} INFO - Setting next_dagrun for example_subdag_operator.section-2 to None, run_after=None
[2024-05-27T01:42:41.551+0000] {processor.py:183} INFO - Processing /home/airflow/.local/lib/python3.12/site-packages/airflow/example_dags/example_subdag_operator.py took 0.108 seconds
[2024-05-27T01:43:12.021+0000] {processor.py:161} INFO - Started process (PID=590) to work on /home/airflow/.local/lib/python3.12/site-packages/airflow/example_dags/example_subdag_operator.py
[2024-05-27T01:43:12.022+0000] {processor.py:830} INFO - Processing file /home/airflow/.local/lib/python3.12/site-packages/airflow/example_dags/example_subdag_operator.py for tasks to queue
[2024-05-27T01:43:12.024+0000] {logging_mixin.py:188} INFO - [2024-05-27T01:43:12.024+0000] {dagbag.py:545} INFO - Filling up the DagBag from /home/airflow/.local/lib/python3.12/site-packages/airflow/example_dags/example_subdag_operator.py
[2024-05-27T01:43:12.051+0000] {processor.py:840} INFO - DAG(s) 'example_subdag_operator.section-1', 'example_subdag_operator.section-2', 'example_subdag_operator' retrieved from /home/airflow/.local/lib/python3.12/site-packages/airflow/example_dags/example_subdag_operator.py
[2024-05-27T01:43:12.067+0000] {logging_mixin.py:188} INFO - [2024-05-27T01:43:12.067+0000] {dag.py:3096} INFO - Sync 3 DAGs
[2024-05-27T01:43:12.089+0000] {logging_mixin.py:188} INFO - [2024-05-27T01:43:12.089+0000] {dag.py:3954} INFO - Setting next_dagrun for example_subdag_operator to 2022-01-01 00:00:00+00:00, run_after=2022-01-01 00:00:00+00:00
[2024-05-27T01:43:12.096+0000] {logging_mixin.py:188} INFO - [2024-05-27T01:43:12.096+0000] {dag.py:3954} INFO - Setting next_dagrun for example_subdag_operator.section-1 to None, run_after=None
[2024-05-27T01:43:12.098+0000] {logging_mixin.py:188} INFO - [2024-05-27T01:43:12.098+0000] {dag.py:3954} INFO - Setting next_dagrun for example_subdag_operator.section-2 to None, run_after=None
[2024-05-27T01:43:12.107+0000] {logging_mixin.py:188} INFO - [2024-05-27T01:43:12.107+0000] {dag.py:3096} INFO - Sync 2 DAGs
[2024-05-27T01:43:12.117+0000] {logging_mixin.py:188} INFO - [2024-05-27T01:43:12.117+0000] {dag.py:3954} INFO - Setting next_dagrun for example_subdag_operator.section-1 to None, run_after=None
[2024-05-27T01:43:12.118+0000] {logging_mixin.py:188} INFO - [2024-05-27T01:43:12.118+0000] {dag.py:3954} INFO - Setting next_dagrun for example_subdag_operator.section-2 to None, run_after=None
[2024-05-27T01:43:12.130+0000] {processor.py:183} INFO - Processing /home/airflow/.local/lib/python3.12/site-packages/airflow/example_dags/example_subdag_operator.py took 0.114 seconds
[2024-05-27T01:43:42.545+0000] {processor.py:161} INFO - Started process (PID=648) to work on /home/airflow/.local/lib/python3.12/site-packages/airflow/example_dags/example_subdag_operator.py
[2024-05-27T01:43:42.546+0000] {processor.py:830} INFO - Processing file /home/airflow/.local/lib/python3.12/site-packages/airflow/example_dags/example_subdag_operator.py for tasks to queue
[2024-05-27T01:43:42.548+0000] {logging_mixin.py:188} INFO - [2024-05-27T01:43:42.548+0000] {dagbag.py:545} INFO - Filling up the DagBag from /home/airflow/.local/lib/python3.12/site-packages/airflow/example_dags/example_subdag_operator.py
[2024-05-27T01:43:42.569+0000] {processor.py:840} INFO - DAG(s) 'example_subdag_operator.section-1', 'example_subdag_operator.section-2', 'example_subdag_operator' retrieved from /home/airflow/.local/lib/python3.12/site-packages/airflow/example_dags/example_subdag_operator.py
[2024-05-27T01:43:42.587+0000] {logging_mixin.py:188} INFO - [2024-05-27T01:43:42.587+0000] {dag.py:3096} INFO - Sync 3 DAGs
[2024-05-27T01:43:42.611+0000] {logging_mixin.py:188} INFO - [2024-05-27T01:43:42.611+0000] {dag.py:3954} INFO - Setting next_dagrun for example_subdag_operator to 2022-01-01 00:00:00+00:00, run_after=2022-01-01 00:00:00+00:00
[2024-05-27T01:43:42.615+0000] {logging_mixin.py:188} INFO - [2024-05-27T01:43:42.615+0000] {dag.py:3954} INFO - Setting next_dagrun for example_subdag_operator.section-1 to None, run_after=None
[2024-05-27T01:43:42.617+0000] {logging_mixin.py:188} INFO - [2024-05-27T01:43:42.617+0000] {dag.py:3954} INFO - Setting next_dagrun for example_subdag_operator.section-2 to None, run_after=None
[2024-05-27T01:43:42.625+0000] {logging_mixin.py:188} INFO - [2024-05-27T01:43:42.625+0000] {dag.py:3096} INFO - Sync 2 DAGs
[2024-05-27T01:43:42.630+0000] {logging_mixin.py:188} INFO - [2024-05-27T01:43:42.630+0000] {dag.py:3954} INFO - Setting next_dagrun for example_subdag_operator.section-1 to None, run_after=None
[2024-05-27T01:43:42.630+0000] {logging_mixin.py:188} INFO - [2024-05-27T01:43:42.630+0000] {dag.py:3954} INFO - Setting next_dagrun for example_subdag_operator.section-2 to None, run_after=None
[2024-05-27T01:43:42.642+0000] {processor.py:183} INFO - Processing /home/airflow/.local/lib/python3.12/site-packages/airflow/example_dags/example_subdag_operator.py took 0.102 seconds
[2024-05-27T01:44:13.043+0000] {processor.py:161} INFO - Started process (PID=705) to work on /home/airflow/.local/lib/python3.12/site-packages/airflow/example_dags/example_subdag_operator.py
[2024-05-27T01:44:13.044+0000] {processor.py:830} INFO - Processing file /home/airflow/.local/lib/python3.12/site-packages/airflow/example_dags/example_subdag_operator.py for tasks to queue
[2024-05-27T01:44:13.046+0000] {logging_mixin.py:188} INFO - [2024-05-27T01:44:13.046+0000] {dagbag.py:545} INFO - Filling up the DagBag from /home/airflow/.local/lib/python3.12/site-packages/airflow/example_dags/example_subdag_operator.py
[2024-05-27T01:44:13.074+0000] {processor.py:840} INFO - DAG(s) 'example_subdag_operator.section-1', 'example_subdag_operator.section-2', 'example_subdag_operator' retrieved from /home/airflow/.local/lib/python3.12/site-packages/airflow/example_dags/example_subdag_operator.py
[2024-05-27T01:44:13.090+0000] {logging_mixin.py:188} INFO - [2024-05-27T01:44:13.090+0000] {dag.py:3096} INFO - Sync 3 DAGs
[2024-05-27T01:44:13.112+0000] {logging_mixin.py:188} INFO - [2024-05-27T01:44:13.112+0000] {dag.py:3954} INFO - Setting next_dagrun for example_subdag_operator to 2022-01-01 00:00:00+00:00, run_after=2022-01-01 00:00:00+00:00
[2024-05-27T01:44:13.118+0000] {logging_mixin.py:188} INFO - [2024-05-27T01:44:13.118+0000] {dag.py:3954} INFO - Setting next_dagrun for example_subdag_operator.section-1 to None, run_after=None
[2024-05-27T01:44:13.120+0000] {logging_mixin.py:188} INFO - [2024-05-27T01:44:13.119+0000] {dag.py:3954} INFO - Setting next_dagrun for example_subdag_operator.section-2 to None, run_after=None
[2024-05-27T01:44:13.126+0000] {logging_mixin.py:188} INFO - [2024-05-27T01:44:13.126+0000] {dag.py:3096} INFO - Sync 2 DAGs
[2024-05-27T01:44:13.131+0000] {logging_mixin.py:188} INFO - [2024-05-27T01:44:13.131+0000] {dag.py:3954} INFO - Setting next_dagrun for example_subdag_operator.section-1 to None, run_after=None
[2024-05-27T01:44:13.132+0000] {logging_mixin.py:188} INFO - [2024-05-27T01:44:13.132+0000] {dag.py:3954} INFO - Setting next_dagrun for example_subdag_operator.section-2 to None, run_after=None
[2024-05-27T01:44:13.142+0000] {processor.py:183} INFO - Processing /home/airflow/.local/lib/python3.12/site-packages/airflow/example_dags/example_subdag_operator.py took 0.107 seconds
[2024-05-27T01:44:43.208+0000] {processor.py:161} INFO - Started process (PID=763) to work on /home/airflow/.local/lib/python3.12/site-packages/airflow/example_dags/example_subdag_operator.py
[2024-05-27T01:44:43.208+0000] {processor.py:830} INFO - Processing file /home/airflow/.local/lib/python3.12/site-packages/airflow/example_dags/example_subdag_operator.py for tasks to queue
[2024-05-27T01:44:43.210+0000] {logging_mixin.py:188} INFO - [2024-05-27T01:44:43.210+0000] {dagbag.py:545} INFO - Filling up the DagBag from /home/airflow/.local/lib/python3.12/site-packages/airflow/example_dags/example_subdag_operator.py
[2024-05-27T01:44:43.232+0000] {processor.py:840} INFO - DAG(s) 'example_subdag_operator.section-1', 'example_subdag_operator.section-2', 'example_subdag_operator' retrieved from /home/airflow/.local/lib/python3.12/site-packages/airflow/example_dags/example_subdag_operator.py
[2024-05-27T01:44:43.249+0000] {logging_mixin.py:188} INFO - [2024-05-27T01:44:43.249+0000] {dag.py:3096} INFO - Sync 3 DAGs
[2024-05-27T01:44:43.270+0000] {logging_mixin.py:188} INFO - [2024-05-27T01:44:43.269+0000] {dag.py:3954} INFO - Setting next_dagrun for example_subdag_operator to 2022-01-01 00:00:00+00:00, run_after=2022-01-01 00:00:00+00:00
[2024-05-27T01:44:43.274+0000] {logging_mixin.py:188} INFO - [2024-05-27T01:44:43.274+0000] {dag.py:3954} INFO - Setting next_dagrun for example_subdag_operator.section-1 to None, run_after=None
[2024-05-27T01:44:43.276+0000] {logging_mixin.py:188} INFO - [2024-05-27T01:44:43.275+0000] {dag.py:3954} INFO - Setting next_dagrun for example_subdag_operator.section-2 to None, run_after=None
[2024-05-27T01:44:43.283+0000] {logging_mixin.py:188} INFO - [2024-05-27T01:44:43.283+0000] {dag.py:3096} INFO - Sync 2 DAGs
[2024-05-27T01:44:43.287+0000] {logging_mixin.py:188} INFO - [2024-05-27T01:44:43.287+0000] {dag.py:3954} INFO - Setting next_dagrun for example_subdag_operator.section-1 to None, run_after=None
[2024-05-27T01:44:43.288+0000] {logging_mixin.py:188} INFO - [2024-05-27T01:44:43.288+0000] {dag.py:3954} INFO - Setting next_dagrun for example_subdag_operator.section-2 to None, run_after=None
[2024-05-27T01:44:43.298+0000] {processor.py:183} INFO - Processing /home/airflow/.local/lib/python3.12/site-packages/airflow/example_dags/example_subdag_operator.py took 0.097 seconds
[2024-05-27T01:45:13.728+0000] {processor.py:161} INFO - Started process (PID=820) to work on /home/airflow/.local/lib/python3.12/site-packages/airflow/example_dags/example_subdag_operator.py
[2024-05-27T01:45:13.729+0000] {processor.py:830} INFO - Processing file /home/airflow/.local/lib/python3.12/site-packages/airflow/example_dags/example_subdag_operator.py for tasks to queue
[2024-05-27T01:45:13.731+0000] {logging_mixin.py:188} INFO - [2024-05-27T01:45:13.731+0000] {dagbag.py:545} INFO - Filling up the DagBag from /home/airflow/.local/lib/python3.12/site-packages/airflow/example_dags/example_subdag_operator.py
[2024-05-27T01:45:13.750+0000] {processor.py:840} INFO - DAG(s) 'example_subdag_operator.section-1', 'example_subdag_operator.section-2', 'example_subdag_operator' retrieved from /home/airflow/.local/lib/python3.12/site-packages/airflow/example_dags/example_subdag_operator.py
[2024-05-27T01:45:13.764+0000] {logging_mixin.py:188} INFO - [2024-05-27T01:45:13.764+0000] {dag.py:3096} INFO - Sync 3 DAGs
[2024-05-27T01:45:13.785+0000] {logging_mixin.py:188} INFO - [2024-05-27T01:45:13.785+0000] {dag.py:3954} INFO - Setting next_dagrun for example_subdag_operator to 2022-01-01 00:00:00+00:00, run_after=2022-01-01 00:00:00+00:00
[2024-05-27T01:45:13.790+0000] {logging_mixin.py:188} INFO - [2024-05-27T01:45:13.790+0000] {dag.py:3954} INFO - Setting next_dagrun for example_subdag_operator.section-1 to None, run_after=None
[2024-05-27T01:45:13.791+0000] {logging_mixin.py:188} INFO - [2024-05-27T01:45:13.791+0000] {dag.py:3954} INFO - Setting next_dagrun for example_subdag_operator.section-2 to None, run_after=None
[2024-05-27T01:45:13.798+0000] {logging_mixin.py:188} INFO - [2024-05-27T01:45:13.798+0000] {dag.py:3096} INFO - Sync 2 DAGs
[2024-05-27T01:45:13.803+0000] {logging_mixin.py:188} INFO - [2024-05-27T01:45:13.803+0000] {dag.py:3954} INFO - Setting next_dagrun for example_subdag_operator.section-1 to None, run_after=None
[2024-05-27T01:45:13.804+0000] {logging_mixin.py:188} INFO - [2024-05-27T01:45:13.804+0000] {dag.py:3954} INFO - Setting next_dagrun for example_subdag_operator.section-2 to None, run_after=None
[2024-05-27T01:45:13.813+0000] {processor.py:183} INFO - Processing /home/airflow/.local/lib/python3.12/site-packages/airflow/example_dags/example_subdag_operator.py took 0.092 seconds
[2024-05-27T01:45:44.246+0000] {processor.py:161} INFO - Started process (PID=878) to work on /home/airflow/.local/lib/python3.12/site-packages/airflow/example_dags/example_subdag_operator.py
[2024-05-27T01:45:44.247+0000] {processor.py:830} INFO - Processing file /home/airflow/.local/lib/python3.12/site-packages/airflow/example_dags/example_subdag_operator.py for tasks to queue
[2024-05-27T01:45:44.249+0000] {logging_mixin.py:188} INFO - [2024-05-27T01:45:44.249+0000] {dagbag.py:545} INFO - Filling up the DagBag from /home/airflow/.local/lib/python3.12/site-packages/airflow/example_dags/example_subdag_operator.py
[2024-05-27T01:45:44.270+0000] {processor.py:840} INFO - DAG(s) 'example_subdag_operator.section-1', 'example_subdag_operator.section-2', 'example_subdag_operator' retrieved from /home/airflow/.local/lib/python3.12/site-packages/airflow/example_dags/example_subdag_operator.py
[2024-05-27T01:45:44.287+0000] {logging_mixin.py:188} INFO - [2024-05-27T01:45:44.286+0000] {dag.py:3096} INFO - Sync 3 DAGs
[2024-05-27T01:45:44.308+0000] {logging_mixin.py:188} INFO - [2024-05-27T01:45:44.308+0000] {dag.py:3954} INFO - Setting next_dagrun for example_subdag_operator to 2022-01-01 00:00:00+00:00, run_after=2022-01-01 00:00:00+00:00
[2024-05-27T01:45:44.314+0000] {logging_mixin.py:188} INFO - [2024-05-27T01:45:44.313+0000] {dag.py:3954} INFO - Setting next_dagrun for example_subdag_operator.section-1 to None, run_after=None
[2024-05-27T01:45:44.315+0000] {logging_mixin.py:188} INFO - [2024-05-27T01:45:44.315+0000] {dag.py:3954} INFO - Setting next_dagrun for example_subdag_operator.section-2 to None, run_after=None
[2024-05-27T01:45:44.324+0000] {logging_mixin.py:188} INFO - [2024-05-27T01:45:44.324+0000] {dag.py:3096} INFO - Sync 2 DAGs
[2024-05-27T01:45:44.330+0000] {logging_mixin.py:188} INFO - [2024-05-27T01:45:44.330+0000] {dag.py:3954} INFO - Setting next_dagrun for example_subdag_operator.section-1 to None, run_after=None
[2024-05-27T01:45:44.331+0000] {logging_mixin.py:188} INFO - [2024-05-27T01:45:44.330+0000] {dag.py:3954} INFO - Setting next_dagrun for example_subdag_operator.section-2 to None, run_after=None
[2024-05-27T01:45:44.340+0000] {processor.py:183} INFO - Processing /home/airflow/.local/lib/python3.12/site-packages/airflow/example_dags/example_subdag_operator.py took 0.099 seconds
[2024-05-27T01:46:15.046+0000] {processor.py:161} INFO - Started process (PID=936) to work on /home/airflow/.local/lib/python3.12/site-packages/airflow/example_dags/example_subdag_operator.py
[2024-05-27T01:46:15.047+0000] {processor.py:830} INFO - Processing file /home/airflow/.local/lib/python3.12/site-packages/airflow/example_dags/example_subdag_operator.py for tasks to queue
[2024-05-27T01:46:15.048+0000] {logging_mixin.py:188} INFO - [2024-05-27T01:46:15.048+0000] {dagbag.py:545} INFO - Filling up the DagBag from /home/airflow/.local/lib/python3.12/site-packages/airflow/example_dags/example_subdag_operator.py
[2024-05-27T01:46:15.069+0000] {processor.py:840} INFO - DAG(s) 'example_subdag_operator.section-1', 'example_subdag_operator.section-2', 'example_subdag_operator' retrieved from /home/airflow/.local/lib/python3.12/site-packages/airflow/example_dags/example_subdag_operator.py
[2024-05-27T01:46:15.084+0000] {logging_mixin.py:188} INFO - [2024-05-27T01:46:15.083+0000] {dag.py:3096} INFO - Sync 3 DAGs
[2024-05-27T01:46:15.106+0000] {logging_mixin.py:188} INFO - [2024-05-27T01:46:15.105+0000] {dag.py:3954} INFO - Setting next_dagrun for example_subdag_operator to 2022-01-01 00:00:00+00:00, run_after=2022-01-01 00:00:00+00:00
[2024-05-27T01:46:15.110+0000] {logging_mixin.py:188} INFO - [2024-05-27T01:46:15.110+0000] {dag.py:3954} INFO - Setting next_dagrun for example_subdag_operator.section-1 to None, run_after=None
[2024-05-27T01:46:15.111+0000] {logging_mixin.py:188} INFO - [2024-05-27T01:46:15.111+0000] {dag.py:3954} INFO - Setting next_dagrun for example_subdag_operator.section-2 to None, run_after=None
[2024-05-27T01:46:15.118+0000] {logging_mixin.py:188} INFO - [2024-05-27T01:46:15.118+0000] {dag.py:3096} INFO - Sync 2 DAGs
[2024-05-27T01:46:15.123+0000] {logging_mixin.py:188} INFO - [2024-05-27T01:46:15.123+0000] {dag.py:3954} INFO - Setting next_dagrun for example_subdag_operator.section-1 to None, run_after=None
[2024-05-27T01:46:15.123+0000] {logging_mixin.py:188} INFO - [2024-05-27T01:46:15.123+0000] {dag.py:3954} INFO - Setting next_dagrun for example_subdag_operator.section-2 to None, run_after=None
[2024-05-27T01:46:15.133+0000] {processor.py:183} INFO - Processing /home/airflow/.local/lib/python3.12/site-packages/airflow/example_dags/example_subdag_operator.py took 0.092 seconds
[2024-05-27T01:48:44.694+0000] {processor.py:161} INFO - Started process (PID=67) to work on /home/airflow/.local/lib/python3.12/site-packages/airflow/example_dags/example_subdag_operator.py
[2024-05-27T01:48:44.695+0000] {processor.py:830} INFO - Processing file /home/airflow/.local/lib/python3.12/site-packages/airflow/example_dags/example_subdag_operator.py for tasks to queue
[2024-05-27T01:48:44.697+0000] {logging_mixin.py:188} INFO - [2024-05-27T01:48:44.697+0000] {dagbag.py:545} INFO - Filling up the DagBag from /home/airflow/.local/lib/python3.12/site-packages/airflow/example_dags/example_subdag_operator.py
[2024-05-27T01:48:44.726+0000] {processor.py:840} INFO - DAG(s) 'example_subdag_operator.section-1', 'example_subdag_operator.section-2', 'example_subdag_operator' retrieved from /home/airflow/.local/lib/python3.12/site-packages/airflow/example_dags/example_subdag_operator.py
[2024-05-27T01:48:44.731+0000] {logging_mixin.py:188} INFO - [2024-05-27T01:48:44.730+0000] {dag.py:3096} INFO - Sync 3 DAGs
[2024-05-27T01:48:44.765+0000] {logging_mixin.py:188} INFO - [2024-05-27T01:48:44.765+0000] {dag.py:3954} INFO - Setting next_dagrun for example_subdag_operator to 2022-01-01 00:00:00+00:00, run_after=2022-01-01 00:00:00+00:00
[2024-05-27T01:48:44.770+0000] {logging_mixin.py:188} INFO - [2024-05-27T01:48:44.770+0000] {dag.py:3954} INFO - Setting next_dagrun for example_subdag_operator.section-1 to None, run_after=None
[2024-05-27T01:48:44.772+0000] {logging_mixin.py:188} INFO - [2024-05-27T01:48:44.772+0000] {dag.py:3954} INFO - Setting next_dagrun for example_subdag_operator.section-2 to None, run_after=None
[2024-05-27T01:48:44.781+0000] {logging_mixin.py:188} INFO - [2024-05-27T01:48:44.781+0000] {dag.py:3096} INFO - Sync 2 DAGs
[2024-05-27T01:48:44.788+0000] {logging_mixin.py:188} INFO - [2024-05-27T01:48:44.788+0000] {dag.py:3954} INFO - Setting next_dagrun for example_subdag_operator.section-1 to None, run_after=None
[2024-05-27T01:48:44.788+0000] {logging_mixin.py:188} INFO - [2024-05-27T01:48:44.788+0000] {dag.py:3954} INFO - Setting next_dagrun for example_subdag_operator.section-2 to None, run_after=None
[2024-05-27T01:48:44.799+0000] {processor.py:183} INFO - Processing /home/airflow/.local/lib/python3.12/site-packages/airflow/example_dags/example_subdag_operator.py took 0.112 seconds
[2024-05-27T13:32:49.580+0000] {processor.py:161} INFO - Started process (PID=67) to work on /home/airflow/.local/lib/python3.12/site-packages/airflow/example_dags/example_subdag_operator.py
[2024-05-27T13:32:49.581+0000] {processor.py:830} INFO - Processing file /home/airflow/.local/lib/python3.12/site-packages/airflow/example_dags/example_subdag_operator.py for tasks to queue
[2024-05-27T13:32:49.584+0000] {logging_mixin.py:188} INFO - [2024-05-27T13:32:49.583+0000] {dagbag.py:545} INFO - Filling up the DagBag from /home/airflow/.local/lib/python3.12/site-packages/airflow/example_dags/example_subdag_operator.py
[2024-05-27T13:32:49.607+0000] {processor.py:840} INFO - DAG(s) 'example_subdag_operator.section-1', 'example_subdag_operator.section-2', 'example_subdag_operator' retrieved from /home/airflow/.local/lib/python3.12/site-packages/airflow/example_dags/example_subdag_operator.py
[2024-05-27T13:32:49.700+0000] {logging_mixin.py:188} INFO - [2024-05-27T13:32:49.700+0000] {dag.py:3096} INFO - Sync 3 DAGs
[2024-05-27T13:32:49.719+0000] {logging_mixin.py:188} INFO - [2024-05-27T13:32:49.718+0000] {dag.py:3954} INFO - Setting next_dagrun for example_subdag_operator to 2022-01-01 00:00:00+00:00, run_after=2022-01-01 00:00:00+00:00
[2024-05-27T13:32:49.723+0000] {logging_mixin.py:188} INFO - [2024-05-27T13:32:49.723+0000] {dag.py:3954} INFO - Setting next_dagrun for example_subdag_operator.section-1 to None, run_after=None
[2024-05-27T13:32:49.725+0000] {logging_mixin.py:188} INFO - [2024-05-27T13:32:49.724+0000] {dag.py:3954} INFO - Setting next_dagrun for example_subdag_operator.section-2 to None, run_after=None
[2024-05-27T13:32:49.737+0000] {logging_mixin.py:188} INFO - [2024-05-27T13:32:49.736+0000] {dag.py:3096} INFO - Sync 2 DAGs
[2024-05-27T13:32:49.742+0000] {logging_mixin.py:188} INFO - [2024-05-27T13:32:49.741+0000] {dag.py:3954} INFO - Setting next_dagrun for example_subdag_operator.section-1 to None, run_after=None
[2024-05-27T13:32:49.742+0000] {logging_mixin.py:188} INFO - [2024-05-27T13:32:49.742+0000] {dag.py:3954} INFO - Setting next_dagrun for example_subdag_operator.section-2 to None, run_after=None
[2024-05-27T13:32:49.754+0000] {processor.py:183} INFO - Processing /home/airflow/.local/lib/python3.12/site-packages/airflow/example_dags/example_subdag_operator.py took 0.179 seconds
[2024-05-27T13:33:20.498+0000] {processor.py:161} INFO - Started process (PID=124) to work on /home/airflow/.local/lib/python3.12/site-packages/airflow/example_dags/example_subdag_operator.py
[2024-05-27T13:33:20.499+0000] {processor.py:830} INFO - Processing file /home/airflow/.local/lib/python3.12/site-packages/airflow/example_dags/example_subdag_operator.py for tasks to queue
[2024-05-27T13:33:20.501+0000] {logging_mixin.py:188} INFO - [2024-05-27T13:33:20.500+0000] {dagbag.py:545} INFO - Filling up the DagBag from /home/airflow/.local/lib/python3.12/site-packages/airflow/example_dags/example_subdag_operator.py
[2024-05-27T13:33:20.520+0000] {processor.py:840} INFO - DAG(s) 'example_subdag_operator.section-1', 'example_subdag_operator.section-2', 'example_subdag_operator' retrieved from /home/airflow/.local/lib/python3.12/site-packages/airflow/example_dags/example_subdag_operator.py
[2024-05-27T13:33:20.534+0000] {logging_mixin.py:188} INFO - [2024-05-27T13:33:20.534+0000] {dag.py:3096} INFO - Sync 3 DAGs
[2024-05-27T13:33:20.555+0000] {logging_mixin.py:188} INFO - [2024-05-27T13:33:20.555+0000] {dag.py:3954} INFO - Setting next_dagrun for example_subdag_operator to 2022-01-01 00:00:00+00:00, run_after=2022-01-01 00:00:00+00:00
[2024-05-27T13:33:20.559+0000] {logging_mixin.py:188} INFO - [2024-05-27T13:33:20.559+0000] {dag.py:3954} INFO - Setting next_dagrun for example_subdag_operator.section-1 to None, run_after=None
[2024-05-27T13:33:20.560+0000] {logging_mixin.py:188} INFO - [2024-05-27T13:33:20.560+0000] {dag.py:3954} INFO - Setting next_dagrun for example_subdag_operator.section-2 to None, run_after=None
[2024-05-27T13:33:20.567+0000] {logging_mixin.py:188} INFO - [2024-05-27T13:33:20.567+0000] {dag.py:3096} INFO - Sync 2 DAGs
[2024-05-27T13:33:20.571+0000] {logging_mixin.py:188} INFO - [2024-05-27T13:33:20.571+0000] {dag.py:3954} INFO - Setting next_dagrun for example_subdag_operator.section-1 to None, run_after=None
[2024-05-27T13:33:20.572+0000] {logging_mixin.py:188} INFO - [2024-05-27T13:33:20.572+0000] {dag.py:3954} INFO - Setting next_dagrun for example_subdag_operator.section-2 to None, run_after=None
[2024-05-27T13:33:20.581+0000] {processor.py:183} INFO - Processing /home/airflow/.local/lib/python3.12/site-packages/airflow/example_dags/example_subdag_operator.py took 0.088 seconds
[2024-05-27T14:22:31.293+0000] {processor.py:161} INFO - Started process (PID=40) to work on /home/airflow/.local/lib/python3.12/site-packages/airflow/example_dags/example_subdag_operator.py
[2024-05-27T14:22:31.301+0000] {processor.py:830} INFO - Processing file /home/airflow/.local/lib/python3.12/site-packages/airflow/example_dags/example_subdag_operator.py for tasks to queue
[2024-05-27T14:22:31.306+0000] {logging_mixin.py:188} INFO - [2024-05-27T14:22:31.306+0000] {dagbag.py:545} INFO - Filling up the DagBag from /home/airflow/.local/lib/python3.12/site-packages/airflow/example_dags/example_subdag_operator.py
[2024-05-27T14:22:31.372+0000] {processor.py:840} INFO - DAG(s) 'example_subdag_operator.section-1', 'example_subdag_operator.section-2', 'example_subdag_operator' retrieved from /home/airflow/.local/lib/python3.12/site-packages/airflow/example_dags/example_subdag_operator.py
[2024-05-27T14:22:31.678+0000] {logging_mixin.py:188} INFO - [2024-05-27T14:22:31.678+0000] {override.py:1829} INFO - Created Permission View: can edit on DAG:example_subdag_operator
[2024-05-27T14:22:31.704+0000] {logging_mixin.py:188} INFO - [2024-05-27T14:22:31.704+0000] {override.py:1829} INFO - Created Permission View: can delete on DAG:example_subdag_operator
[2024-05-27T14:22:31.724+0000] {logging_mixin.py:188} INFO - [2024-05-27T14:22:31.724+0000] {override.py:1829} INFO - Created Permission View: can read on DAG:example_subdag_operator
[2024-05-27T14:22:31.728+0000] {logging_mixin.py:188} INFO - [2024-05-27T14:22:31.728+0000] {dag.py:3096} INFO - Sync 3 DAGs
[2024-05-27T14:22:31.767+0000] {logging_mixin.py:188} INFO - [2024-05-27T14:22:31.767+0000] {dag.py:3118} INFO - Creating ORM DAG for example_subdag_operator.section-2
[2024-05-27T14:22:31.774+0000] {logging_mixin.py:188} INFO - [2024-05-27T14:22:31.774+0000] {dag.py:3118} INFO - Creating ORM DAG for example_subdag_operator
[2024-05-27T14:22:31.779+0000] {logging_mixin.py:188} INFO - [2024-05-27T14:22:31.779+0000] {dag.py:3118} INFO - Creating ORM DAG for example_subdag_operator.section-1
[2024-05-27T14:22:31.820+0000] {logging_mixin.py:188} INFO - [2024-05-27T14:22:31.817+0000] {dag.py:3954} INFO - Setting next_dagrun for example_subdag_operator to 2022-01-01 00:00:00+00:00, run_after=2022-01-01 00:00:00+00:00
[2024-05-27T14:22:31.825+0000] {logging_mixin.py:188} INFO - [2024-05-27T14:22:31.825+0000] {dag.py:3954} INFO - Setting next_dagrun for example_subdag_operator.section-1 to None, run_after=None
[2024-05-27T14:22:31.826+0000] {logging_mixin.py:188} INFO - [2024-05-27T14:22:31.826+0000] {dag.py:3954} INFO - Setting next_dagrun for example_subdag_operator.section-2 to None, run_after=None
[2024-05-27T14:22:31.853+0000] {logging_mixin.py:188} INFO - [2024-05-27T14:22:31.853+0000] {dag.py:3096} INFO - Sync 2 DAGs
[2024-05-27T14:22:31.862+0000] {logging_mixin.py:188} INFO - [2024-05-27T14:22:31.862+0000] {dag.py:3954} INFO - Setting next_dagrun for example_subdag_operator.section-1 to None, run_after=None
[2024-05-27T14:22:31.869+0000] {logging_mixin.py:188} INFO - [2024-05-27T14:22:31.869+0000] {dag.py:3954} INFO - Setting next_dagrun for example_subdag_operator.section-2 to None, run_after=None
[2024-05-27T14:22:31.899+0000] {processor.py:183} INFO - Processing /home/airflow/.local/lib/python3.12/site-packages/airflow/example_dags/example_subdag_operator.py took 0.617 seconds
[2024-05-27T14:26:23.649+0000] {processor.py:161} INFO - Started process (PID=111) to work on /home/airflow/.local/lib/python3.12/site-packages/airflow/example_dags/example_subdag_operator.py
[2024-05-27T14:26:23.656+0000] {processor.py:830} INFO - Processing file /home/airflow/.local/lib/python3.12/site-packages/airflow/example_dags/example_subdag_operator.py for tasks to queue
[2024-05-27T14:26:23.661+0000] {logging_mixin.py:188} INFO - [2024-05-27T14:26:23.658+0000] {dagbag.py:545} INFO - Filling up the DagBag from /home/airflow/.local/lib/python3.12/site-packages/airflow/example_dags/example_subdag_operator.py
[2024-05-27T14:26:23.778+0000] {processor.py:840} INFO - DAG(s) 'example_subdag_operator.section-1', 'example_subdag_operator.section-2', 'example_subdag_operator' retrieved from /home/airflow/.local/lib/python3.12/site-packages/airflow/example_dags/example_subdag_operator.py
[2024-05-27T14:26:23.857+0000] {logging_mixin.py:188} INFO - [2024-05-27T14:26:23.856+0000] {dag.py:3096} INFO - Sync 3 DAGs
[2024-05-27T14:26:23.937+0000] {logging_mixin.py:188} INFO - [2024-05-27T14:26:23.937+0000] {dag.py:3954} INFO - Setting next_dagrun for example_subdag_operator to 2022-01-01 00:00:00+00:00, run_after=2022-01-01 00:00:00+00:00
[2024-05-27T14:26:23.952+0000] {logging_mixin.py:188} INFO - [2024-05-27T14:26:23.950+0000] {dag.py:3954} INFO - Setting next_dagrun for example_subdag_operator.section-1 to None, run_after=None
[2024-05-27T14:26:23.955+0000] {logging_mixin.py:188} INFO - [2024-05-27T14:26:23.955+0000] {dag.py:3954} INFO - Setting next_dagrun for example_subdag_operator.section-2 to None, run_after=None
[2024-05-27T14:26:23.977+0000] {logging_mixin.py:188} INFO - [2024-05-27T14:26:23.977+0000] {dag.py:3096} INFO - Sync 2 DAGs
[2024-05-27T14:26:23.993+0000] {logging_mixin.py:188} INFO - [2024-05-27T14:26:23.993+0000] {dag.py:3954} INFO - Setting next_dagrun for example_subdag_operator.section-1 to None, run_after=None
[2024-05-27T14:26:23.995+0000] {logging_mixin.py:188} INFO - [2024-05-27T14:26:23.995+0000] {dag.py:3954} INFO - Setting next_dagrun for example_subdag_operator.section-2 to None, run_after=None
[2024-05-27T14:26:24.033+0000] {processor.py:183} INFO - Processing /home/airflow/.local/lib/python3.12/site-packages/airflow/example_dags/example_subdag_operator.py took 0.411 seconds
[2024-05-27T14:26:54.753+0000] {processor.py:161} INFO - Started process (PID=169) to work on /home/airflow/.local/lib/python3.12/site-packages/airflow/example_dags/example_subdag_operator.py
[2024-05-27T14:26:54.754+0000] {processor.py:830} INFO - Processing file /home/airflow/.local/lib/python3.12/site-packages/airflow/example_dags/example_subdag_operator.py for tasks to queue
[2024-05-27T14:26:54.756+0000] {logging_mixin.py:188} INFO - [2024-05-27T14:26:54.756+0000] {dagbag.py:545} INFO - Filling up the DagBag from /home/airflow/.local/lib/python3.12/site-packages/airflow/example_dags/example_subdag_operator.py
[2024-05-27T14:26:54.782+0000] {processor.py:840} INFO - DAG(s) 'example_subdag_operator.section-1', 'example_subdag_operator.section-2', 'example_subdag_operator' retrieved from /home/airflow/.local/lib/python3.12/site-packages/airflow/example_dags/example_subdag_operator.py
[2024-05-27T14:26:54.798+0000] {logging_mixin.py:188} INFO - [2024-05-27T14:26:54.798+0000] {dag.py:3096} INFO - Sync 3 DAGs
[2024-05-27T14:26:54.826+0000] {logging_mixin.py:188} INFO - [2024-05-27T14:26:54.825+0000] {dag.py:3954} INFO - Setting next_dagrun for example_subdag_operator to 2022-01-01 00:00:00+00:00, run_after=2022-01-01 00:00:00+00:00
[2024-05-27T14:26:54.831+0000] {logging_mixin.py:188} INFO - [2024-05-27T14:26:54.830+0000] {dag.py:3954} INFO - Setting next_dagrun for example_subdag_operator.section-1 to None, run_after=None
[2024-05-27T14:26:54.833+0000] {logging_mixin.py:188} INFO - [2024-05-27T14:26:54.833+0000] {dag.py:3954} INFO - Setting next_dagrun for example_subdag_operator.section-2 to None, run_after=None
[2024-05-27T14:26:54.841+0000] {logging_mixin.py:188} INFO - [2024-05-27T14:26:54.840+0000] {dag.py:3096} INFO - Sync 2 DAGs
[2024-05-27T14:26:54.846+0000] {logging_mixin.py:188} INFO - [2024-05-27T14:26:54.846+0000] {dag.py:3954} INFO - Setting next_dagrun for example_subdag_operator.section-1 to None, run_after=None
[2024-05-27T14:26:54.847+0000] {logging_mixin.py:188} INFO - [2024-05-27T14:26:54.847+0000] {dag.py:3954} INFO - Setting next_dagrun for example_subdag_operator.section-2 to None, run_after=None
[2024-05-27T14:26:54.859+0000] {processor.py:183} INFO - Processing /home/airflow/.local/lib/python3.12/site-packages/airflow/example_dags/example_subdag_operator.py took 0.114 seconds
[2024-05-27T17:32:25.180+0000] {processor.py:161} INFO - Started process (PID=37) to work on /home/airflow/.local/lib/python3.12/site-packages/airflow/example_dags/example_subdag_operator.py
[2024-05-27T17:32:25.181+0000] {processor.py:830} INFO - Processing file /home/airflow/.local/lib/python3.12/site-packages/airflow/example_dags/example_subdag_operator.py for tasks to queue
[2024-05-27T17:32:25.184+0000] {logging_mixin.py:188} INFO - [2024-05-27T17:32:25.183+0000] {dagbag.py:545} INFO - Filling up the DagBag from /home/airflow/.local/lib/python3.12/site-packages/airflow/example_dags/example_subdag_operator.py
[2024-05-27T17:32:25.233+0000] {processor.py:840} INFO - DAG(s) 'example_subdag_operator.section-1', 'example_subdag_operator.section-2', 'example_subdag_operator' retrieved from /home/airflow/.local/lib/python3.12/site-packages/airflow/example_dags/example_subdag_operator.py
[2024-05-27T17:32:25.243+0000] {logging_mixin.py:188} INFO - [2024-05-27T17:32:25.243+0000] {dag.py:3096} INFO - Sync 3 DAGs
[2024-05-27T17:32:25.271+0000] {logging_mixin.py:188} INFO - [2024-05-27T17:32:25.271+0000] {dag.py:3954} INFO - Setting next_dagrun for example_subdag_operator to 2022-01-01 00:00:00+00:00, run_after=2022-01-01 00:00:00+00:00
[2024-05-27T17:32:25.276+0000] {logging_mixin.py:188} INFO - [2024-05-27T17:32:25.275+0000] {dag.py:3954} INFO - Setting next_dagrun for example_subdag_operator.section-1 to None, run_after=None
[2024-05-27T17:32:25.278+0000] {logging_mixin.py:188} INFO - [2024-05-27T17:32:25.277+0000] {dag.py:3954} INFO - Setting next_dagrun for example_subdag_operator.section-2 to None, run_after=None
[2024-05-27T17:32:25.286+0000] {logging_mixin.py:188} INFO - [2024-05-27T17:32:25.286+0000] {dag.py:3096} INFO - Sync 2 DAGs
[2024-05-27T17:32:25.292+0000] {logging_mixin.py:188} INFO - [2024-05-27T17:32:25.292+0000] {dag.py:3954} INFO - Setting next_dagrun for example_subdag_operator.section-1 to None, run_after=None
[2024-05-27T17:32:25.293+0000] {logging_mixin.py:188} INFO - [2024-05-27T17:32:25.293+0000] {dag.py:3954} INFO - Setting next_dagrun for example_subdag_operator.section-2 to None, run_after=None
[2024-05-27T17:32:25.305+0000] {processor.py:183} INFO - Processing /home/airflow/.local/lib/python3.12/site-packages/airflow/example_dags/example_subdag_operator.py took 0.132 seconds
[2024-05-27T17:32:55.828+0000] {processor.py:161} INFO - Started process (PID=95) to work on /home/airflow/.local/lib/python3.12/site-packages/airflow/example_dags/example_subdag_operator.py
[2024-05-27T17:32:55.829+0000] {processor.py:830} INFO - Processing file /home/airflow/.local/lib/python3.12/site-packages/airflow/example_dags/example_subdag_operator.py for tasks to queue
[2024-05-27T17:32:55.830+0000] {logging_mixin.py:188} INFO - [2024-05-27T17:32:55.830+0000] {dagbag.py:545} INFO - Filling up the DagBag from /home/airflow/.local/lib/python3.12/site-packages/airflow/example_dags/example_subdag_operator.py
[2024-05-27T17:32:55.850+0000] {processor.py:840} INFO - DAG(s) 'example_subdag_operator.section-1', 'example_subdag_operator.section-2', 'example_subdag_operator' retrieved from /home/airflow/.local/lib/python3.12/site-packages/airflow/example_dags/example_subdag_operator.py
[2024-05-27T17:32:55.934+0000] {logging_mixin.py:188} INFO - [2024-05-27T17:32:55.934+0000] {dag.py:3096} INFO - Sync 3 DAGs
[2024-05-27T17:32:55.951+0000] {logging_mixin.py:188} INFO - [2024-05-27T17:32:55.950+0000] {dag.py:3954} INFO - Setting next_dagrun for example_subdag_operator to 2022-01-01 00:00:00+00:00, run_after=2022-01-01 00:00:00+00:00
[2024-05-27T17:32:55.954+0000] {logging_mixin.py:188} INFO - [2024-05-27T17:32:55.953+0000] {dag.py:3954} INFO - Setting next_dagrun for example_subdag_operator.section-1 to None, run_after=None
[2024-05-27T17:32:55.955+0000] {logging_mixin.py:188} INFO - [2024-05-27T17:32:55.955+0000] {dag.py:3954} INFO - Setting next_dagrun for example_subdag_operator.section-2 to None, run_after=None
[2024-05-27T17:32:55.965+0000] {logging_mixin.py:188} INFO - [2024-05-27T17:32:55.964+0000] {dag.py:3096} INFO - Sync 2 DAGs
[2024-05-27T17:32:55.970+0000] {logging_mixin.py:188} INFO - [2024-05-27T17:32:55.969+0000] {dag.py:3954} INFO - Setting next_dagrun for example_subdag_operator.section-1 to None, run_after=None
[2024-05-27T17:32:55.970+0000] {logging_mixin.py:188} INFO - [2024-05-27T17:32:55.970+0000] {dag.py:3954} INFO - Setting next_dagrun for example_subdag_operator.section-2 to None, run_after=None
[2024-05-27T17:32:55.978+0000] {processor.py:183} INFO - Processing /home/airflow/.local/lib/python3.12/site-packages/airflow/example_dags/example_subdag_operator.py took 0.154 seconds
[2024-05-27T17:33:26.753+0000] {processor.py:161} INFO - Started process (PID=153) to work on /home/airflow/.local/lib/python3.12/site-packages/airflow/example_dags/example_subdag_operator.py
[2024-05-27T17:33:26.754+0000] {processor.py:830} INFO - Processing file /home/airflow/.local/lib/python3.12/site-packages/airflow/example_dags/example_subdag_operator.py for tasks to queue
[2024-05-27T17:33:26.756+0000] {logging_mixin.py:188} INFO - [2024-05-27T17:33:26.756+0000] {dagbag.py:545} INFO - Filling up the DagBag from /home/airflow/.local/lib/python3.12/site-packages/airflow/example_dags/example_subdag_operator.py
[2024-05-27T17:33:26.780+0000] {processor.py:840} INFO - DAG(s) 'example_subdag_operator.section-1', 'example_subdag_operator.section-2', 'example_subdag_operator' retrieved from /home/airflow/.local/lib/python3.12/site-packages/airflow/example_dags/example_subdag_operator.py
[2024-05-27T17:33:26.803+0000] {logging_mixin.py:188} INFO - [2024-05-27T17:33:26.803+0000] {dag.py:3096} INFO - Sync 3 DAGs
[2024-05-27T17:33:26.835+0000] {logging_mixin.py:188} INFO - [2024-05-27T17:33:26.835+0000] {dag.py:3954} INFO - Setting next_dagrun for example_subdag_operator to 2022-01-01 00:00:00+00:00, run_after=2022-01-01 00:00:00+00:00
[2024-05-27T17:33:26.840+0000] {logging_mixin.py:188} INFO - [2024-05-27T17:33:26.839+0000] {dag.py:3954} INFO - Setting next_dagrun for example_subdag_operator.section-1 to None, run_after=None
[2024-05-27T17:33:26.842+0000] {logging_mixin.py:188} INFO - [2024-05-27T17:33:26.842+0000] {dag.py:3954} INFO - Setting next_dagrun for example_subdag_operator.section-2 to None, run_after=None
[2024-05-27T17:33:26.854+0000] {logging_mixin.py:188} INFO - [2024-05-27T17:33:26.854+0000] {dag.py:3096} INFO - Sync 2 DAGs
[2024-05-27T17:33:26.861+0000] {logging_mixin.py:188} INFO - [2024-05-27T17:33:26.860+0000] {dag.py:3954} INFO - Setting next_dagrun for example_subdag_operator.section-1 to None, run_after=None
[2024-05-27T17:33:26.861+0000] {logging_mixin.py:188} INFO - [2024-05-27T17:33:26.861+0000] {dag.py:3954} INFO - Setting next_dagrun for example_subdag_operator.section-2 to None, run_after=None
[2024-05-27T17:33:26.874+0000] {processor.py:183} INFO - Processing /home/airflow/.local/lib/python3.12/site-packages/airflow/example_dags/example_subdag_operator.py took 0.128 seconds
[2024-05-27T17:33:56.988+0000] {processor.py:161} INFO - Started process (PID=211) to work on /home/airflow/.local/lib/python3.12/site-packages/airflow/example_dags/example_subdag_operator.py
[2024-05-27T17:33:56.989+0000] {processor.py:830} INFO - Processing file /home/airflow/.local/lib/python3.12/site-packages/airflow/example_dags/example_subdag_operator.py for tasks to queue
[2024-05-27T17:33:56.991+0000] {logging_mixin.py:188} INFO - [2024-05-27T17:33:56.991+0000] {dagbag.py:545} INFO - Filling up the DagBag from /home/airflow/.local/lib/python3.12/site-packages/airflow/example_dags/example_subdag_operator.py
[2024-05-27T17:33:57.014+0000] {processor.py:840} INFO - DAG(s) 'example_subdag_operator.section-1', 'example_subdag_operator.section-2', 'example_subdag_operator' retrieved from /home/airflow/.local/lib/python3.12/site-packages/airflow/example_dags/example_subdag_operator.py
[2024-05-27T17:33:57.033+0000] {logging_mixin.py:188} INFO - [2024-05-27T17:33:57.033+0000] {dag.py:3096} INFO - Sync 3 DAGs
[2024-05-27T17:33:57.058+0000] {logging_mixin.py:188} INFO - [2024-05-27T17:33:57.058+0000] {dag.py:3954} INFO - Setting next_dagrun for example_subdag_operator to 2022-01-01 00:00:00+00:00, run_after=2022-01-01 00:00:00+00:00
[2024-05-27T17:33:57.063+0000] {logging_mixin.py:188} INFO - [2024-05-27T17:33:57.063+0000] {dag.py:3954} INFO - Setting next_dagrun for example_subdag_operator.section-1 to None, run_after=None
[2024-05-27T17:33:57.064+0000] {logging_mixin.py:188} INFO - [2024-05-27T17:33:57.064+0000] {dag.py:3954} INFO - Setting next_dagrun for example_subdag_operator.section-2 to None, run_after=None
[2024-05-27T17:33:57.071+0000] {logging_mixin.py:188} INFO - [2024-05-27T17:33:57.071+0000] {dag.py:3096} INFO - Sync 2 DAGs
[2024-05-27T17:33:57.075+0000] {logging_mixin.py:188} INFO - [2024-05-27T17:33:57.075+0000] {dag.py:3954} INFO - Setting next_dagrun for example_subdag_operator.section-1 to None, run_after=None
[2024-05-27T17:33:57.076+0000] {logging_mixin.py:188} INFO - [2024-05-27T17:33:57.076+0000] {dag.py:3954} INFO - Setting next_dagrun for example_subdag_operator.section-2 to None, run_after=None
[2024-05-27T17:33:57.085+0000] {processor.py:183} INFO - Processing /home/airflow/.local/lib/python3.12/site-packages/airflow/example_dags/example_subdag_operator.py took 0.102 seconds
[2024-05-27T17:34:27.282+0000] {processor.py:161} INFO - Started process (PID=269) to work on /home/airflow/.local/lib/python3.12/site-packages/airflow/example_dags/example_subdag_operator.py
[2024-05-27T17:34:27.283+0000] {processor.py:830} INFO - Processing file /home/airflow/.local/lib/python3.12/site-packages/airflow/example_dags/example_subdag_operator.py for tasks to queue
[2024-05-27T17:34:27.286+0000] {logging_mixin.py:188} INFO - [2024-05-27T17:34:27.285+0000] {dagbag.py:545} INFO - Filling up the DagBag from /home/airflow/.local/lib/python3.12/site-packages/airflow/example_dags/example_subdag_operator.py
[2024-05-27T17:34:27.314+0000] {processor.py:840} INFO - DAG(s) 'example_subdag_operator.section-1', 'example_subdag_operator.section-2', 'example_subdag_operator' retrieved from /home/airflow/.local/lib/python3.12/site-packages/airflow/example_dags/example_subdag_operator.py
[2024-05-27T17:34:27.332+0000] {logging_mixin.py:188} INFO - [2024-05-27T17:34:27.332+0000] {dag.py:3096} INFO - Sync 3 DAGs
[2024-05-27T17:34:27.356+0000] {logging_mixin.py:188} INFO - [2024-05-27T17:34:27.355+0000] {dag.py:3954} INFO - Setting next_dagrun for example_subdag_operator to 2022-01-01 00:00:00+00:00, run_after=2022-01-01 00:00:00+00:00
[2024-05-27T17:34:27.362+0000] {logging_mixin.py:188} INFO - [2024-05-27T17:34:27.362+0000] {dag.py:3954} INFO - Setting next_dagrun for example_subdag_operator.section-1 to None, run_after=None
[2024-05-27T17:34:27.364+0000] {logging_mixin.py:188} INFO - [2024-05-27T17:34:27.364+0000] {dag.py:3954} INFO - Setting next_dagrun for example_subdag_operator.section-2 to None, run_after=None
[2024-05-27T17:34:27.371+0000] {logging_mixin.py:188} INFO - [2024-05-27T17:34:27.371+0000] {dag.py:3096} INFO - Sync 2 DAGs
[2024-05-27T17:34:27.380+0000] {logging_mixin.py:188} INFO - [2024-05-27T17:34:27.379+0000] {dag.py:3954} INFO - Setting next_dagrun for example_subdag_operator.section-1 to None, run_after=None
[2024-05-27T17:34:27.380+0000] {logging_mixin.py:188} INFO - [2024-05-27T17:34:27.380+0000] {dag.py:3954} INFO - Setting next_dagrun for example_subdag_operator.section-2 to None, run_after=None
[2024-05-27T17:34:27.391+0000] {processor.py:183} INFO - Processing /home/airflow/.local/lib/python3.12/site-packages/airflow/example_dags/example_subdag_operator.py took 0.117 seconds
[2024-05-27T17:34:58.250+0000] {processor.py:161} INFO - Started process (PID=327) to work on /home/airflow/.local/lib/python3.12/site-packages/airflow/example_dags/example_subdag_operator.py
[2024-05-27T17:34:58.250+0000] {processor.py:830} INFO - Processing file /home/airflow/.local/lib/python3.12/site-packages/airflow/example_dags/example_subdag_operator.py for tasks to queue
[2024-05-27T17:34:58.252+0000] {logging_mixin.py:188} INFO - [2024-05-27T17:34:58.252+0000] {dagbag.py:545} INFO - Filling up the DagBag from /home/airflow/.local/lib/python3.12/site-packages/airflow/example_dags/example_subdag_operator.py
[2024-05-27T17:34:58.272+0000] {processor.py:840} INFO - DAG(s) 'example_subdag_operator.section-1', 'example_subdag_operator.section-2', 'example_subdag_operator' retrieved from /home/airflow/.local/lib/python3.12/site-packages/airflow/example_dags/example_subdag_operator.py
[2024-05-27T17:34:58.289+0000] {logging_mixin.py:188} INFO - [2024-05-27T17:34:58.289+0000] {dag.py:3096} INFO - Sync 3 DAGs
[2024-05-27T17:34:58.310+0000] {logging_mixin.py:188} INFO - [2024-05-27T17:34:58.309+0000] {dag.py:3954} INFO - Setting next_dagrun for example_subdag_operator to 2022-01-01 00:00:00+00:00, run_after=2022-01-01 00:00:00+00:00
[2024-05-27T17:34:58.314+0000] {logging_mixin.py:188} INFO - [2024-05-27T17:34:58.314+0000] {dag.py:3954} INFO - Setting next_dagrun for example_subdag_operator.section-1 to None, run_after=None
[2024-05-27T17:34:58.315+0000] {logging_mixin.py:188} INFO - [2024-05-27T17:34:58.315+0000] {dag.py:3954} INFO - Setting next_dagrun for example_subdag_operator.section-2 to None, run_after=None
[2024-05-27T17:34:58.322+0000] {logging_mixin.py:188} INFO - [2024-05-27T17:34:58.322+0000] {dag.py:3096} INFO - Sync 2 DAGs
[2024-05-27T17:34:58.327+0000] {logging_mixin.py:188} INFO - [2024-05-27T17:34:58.327+0000] {dag.py:3954} INFO - Setting next_dagrun for example_subdag_operator.section-1 to None, run_after=None
[2024-05-27T17:34:58.328+0000] {logging_mixin.py:188} INFO - [2024-05-27T17:34:58.328+0000] {dag.py:3954} INFO - Setting next_dagrun for example_subdag_operator.section-2 to None, run_after=None
[2024-05-27T17:34:58.339+0000] {processor.py:183} INFO - Processing /home/airflow/.local/lib/python3.12/site-packages/airflow/example_dags/example_subdag_operator.py took 0.094 seconds
[2024-05-27T17:35:28.501+0000] {processor.py:161} INFO - Started process (PID=385) to work on /home/airflow/.local/lib/python3.12/site-packages/airflow/example_dags/example_subdag_operator.py
[2024-05-27T17:35:28.502+0000] {processor.py:830} INFO - Processing file /home/airflow/.local/lib/python3.12/site-packages/airflow/example_dags/example_subdag_operator.py for tasks to queue
[2024-05-27T17:35:28.506+0000] {logging_mixin.py:188} INFO - [2024-05-27T17:35:28.506+0000] {dagbag.py:545} INFO - Filling up the DagBag from /home/airflow/.local/lib/python3.12/site-packages/airflow/example_dags/example_subdag_operator.py
[2024-05-27T17:35:28.538+0000] {processor.py:840} INFO - DAG(s) 'example_subdag_operator.section-1', 'example_subdag_operator.section-2', 'example_subdag_operator' retrieved from /home/airflow/.local/lib/python3.12/site-packages/airflow/example_dags/example_subdag_operator.py
[2024-05-27T17:35:28.559+0000] {logging_mixin.py:188} INFO - [2024-05-27T17:35:28.558+0000] {dag.py:3096} INFO - Sync 3 DAGs
[2024-05-27T17:35:28.584+0000] {logging_mixin.py:188} INFO - [2024-05-27T17:35:28.583+0000] {dag.py:3954} INFO - Setting next_dagrun for example_subdag_operator to 2022-01-01 00:00:00+00:00, run_after=2022-01-01 00:00:00+00:00
[2024-05-27T17:35:28.590+0000] {logging_mixin.py:188} INFO - [2024-05-27T17:35:28.589+0000] {dag.py:3954} INFO - Setting next_dagrun for example_subdag_operator.section-1 to None, run_after=None
[2024-05-27T17:35:28.591+0000] {logging_mixin.py:188} INFO - [2024-05-27T17:35:28.591+0000] {dag.py:3954} INFO - Setting next_dagrun for example_subdag_operator.section-2 to None, run_after=None
[2024-05-27T17:35:28.598+0000] {logging_mixin.py:188} INFO - [2024-05-27T17:35:28.598+0000] {dag.py:3096} INFO - Sync 2 DAGs
[2024-05-27T17:35:28.605+0000] {logging_mixin.py:188} INFO - [2024-05-27T17:35:28.605+0000] {dag.py:3954} INFO - Setting next_dagrun for example_subdag_operator.section-1 to None, run_after=None
[2024-05-27T17:35:28.606+0000] {logging_mixin.py:188} INFO - [2024-05-27T17:35:28.606+0000] {dag.py:3954} INFO - Setting next_dagrun for example_subdag_operator.section-2 to None, run_after=None
[2024-05-27T17:35:28.620+0000] {processor.py:183} INFO - Processing /home/airflow/.local/lib/python3.12/site-packages/airflow/example_dags/example_subdag_operator.py took 0.124 seconds
[2024-05-27T17:35:59.123+0000] {processor.py:161} INFO - Started process (PID=448) to work on /home/airflow/.local/lib/python3.12/site-packages/airflow/example_dags/example_subdag_operator.py
[2024-05-27T17:35:59.124+0000] {processor.py:830} INFO - Processing file /home/airflow/.local/lib/python3.12/site-packages/airflow/example_dags/example_subdag_operator.py for tasks to queue
[2024-05-27T17:35:59.127+0000] {logging_mixin.py:188} INFO - [2024-05-27T17:35:59.126+0000] {dagbag.py:545} INFO - Filling up the DagBag from /home/airflow/.local/lib/python3.12/site-packages/airflow/example_dags/example_subdag_operator.py
[2024-05-27T17:35:59.150+0000] {processor.py:840} INFO - DAG(s) 'example_subdag_operator.section-1', 'example_subdag_operator.section-2', 'example_subdag_operator' retrieved from /home/airflow/.local/lib/python3.12/site-packages/airflow/example_dags/example_subdag_operator.py
[2024-05-27T17:35:59.167+0000] {logging_mixin.py:188} INFO - [2024-05-27T17:35:59.167+0000] {dag.py:3096} INFO - Sync 3 DAGs
[2024-05-27T17:35:59.187+0000] {logging_mixin.py:188} INFO - [2024-05-27T17:35:59.187+0000] {dag.py:3954} INFO - Setting next_dagrun for example_subdag_operator to 2022-01-01 00:00:00+00:00, run_after=2022-01-01 00:00:00+00:00
[2024-05-27T17:35:59.192+0000] {logging_mixin.py:188} INFO - [2024-05-27T17:35:59.192+0000] {dag.py:3954} INFO - Setting next_dagrun for example_subdag_operator.section-1 to None, run_after=None
[2024-05-27T17:35:59.194+0000] {logging_mixin.py:188} INFO - [2024-05-27T17:35:59.193+0000] {dag.py:3954} INFO - Setting next_dagrun for example_subdag_operator.section-2 to None, run_after=None
[2024-05-27T17:35:59.200+0000] {logging_mixin.py:188} INFO - [2024-05-27T17:35:59.200+0000] {dag.py:3096} INFO - Sync 2 DAGs
[2024-05-27T17:35:59.205+0000] {logging_mixin.py:188} INFO - [2024-05-27T17:35:59.205+0000] {dag.py:3954} INFO - Setting next_dagrun for example_subdag_operator.section-1 to None, run_after=None
[2024-05-27T17:35:59.206+0000] {logging_mixin.py:188} INFO - [2024-05-27T17:35:59.205+0000] {dag.py:3954} INFO - Setting next_dagrun for example_subdag_operator.section-2 to None, run_after=None
[2024-05-27T17:35:59.217+0000] {processor.py:183} INFO - Processing /home/airflow/.local/lib/python3.12/site-packages/airflow/example_dags/example_subdag_operator.py took 0.101 seconds
[2024-05-27T17:36:29.864+0000] {processor.py:161} INFO - Started process (PID=506) to work on /home/airflow/.local/lib/python3.12/site-packages/airflow/example_dags/example_subdag_operator.py
[2024-05-27T17:36:29.865+0000] {processor.py:830} INFO - Processing file /home/airflow/.local/lib/python3.12/site-packages/airflow/example_dags/example_subdag_operator.py for tasks to queue
[2024-05-27T17:36:29.867+0000] {logging_mixin.py:188} INFO - [2024-05-27T17:36:29.867+0000] {dagbag.py:545} INFO - Filling up the DagBag from /home/airflow/.local/lib/python3.12/site-packages/airflow/example_dags/example_subdag_operator.py
[2024-05-27T17:36:29.888+0000] {processor.py:840} INFO - DAG(s) 'example_subdag_operator.section-1', 'example_subdag_operator.section-2', 'example_subdag_operator' retrieved from /home/airflow/.local/lib/python3.12/site-packages/airflow/example_dags/example_subdag_operator.py
[2024-05-27T17:36:29.903+0000] {logging_mixin.py:188} INFO - [2024-05-27T17:36:29.903+0000] {dag.py:3096} INFO - Sync 3 DAGs
[2024-05-27T17:36:29.923+0000] {logging_mixin.py:188} INFO - [2024-05-27T17:36:29.923+0000] {dag.py:3954} INFO - Setting next_dagrun for example_subdag_operator to 2022-01-01 00:00:00+00:00, run_after=2022-01-01 00:00:00+00:00
[2024-05-27T17:36:29.927+0000] {logging_mixin.py:188} INFO - [2024-05-27T17:36:29.927+0000] {dag.py:3954} INFO - Setting next_dagrun for example_subdag_operator.section-1 to None, run_after=None
[2024-05-27T17:36:29.928+0000] {logging_mixin.py:188} INFO - [2024-05-27T17:36:29.928+0000] {dag.py:3954} INFO - Setting next_dagrun for example_subdag_operator.section-2 to None, run_after=None
[2024-05-27T17:36:29.936+0000] {logging_mixin.py:188} INFO - [2024-05-27T17:36:29.935+0000] {dag.py:3096} INFO - Sync 2 DAGs
[2024-05-27T17:36:29.940+0000] {logging_mixin.py:188} INFO - [2024-05-27T17:36:29.940+0000] {dag.py:3954} INFO - Setting next_dagrun for example_subdag_operator.section-1 to None, run_after=None
[2024-05-27T17:36:29.941+0000] {logging_mixin.py:188} INFO - [2024-05-27T17:36:29.941+0000] {dag.py:3954} INFO - Setting next_dagrun for example_subdag_operator.section-2 to None, run_after=None
[2024-05-27T17:36:29.951+0000] {processor.py:183} INFO - Processing /home/airflow/.local/lib/python3.12/site-packages/airflow/example_dags/example_subdag_operator.py took 0.093 seconds
[2024-05-27T17:37:00.764+0000] {processor.py:161} INFO - Started process (PID=563) to work on /home/airflow/.local/lib/python3.12/site-packages/airflow/example_dags/example_subdag_operator.py
[2024-05-27T17:37:00.765+0000] {processor.py:830} INFO - Processing file /home/airflow/.local/lib/python3.12/site-packages/airflow/example_dags/example_subdag_operator.py for tasks to queue
[2024-05-27T17:37:00.767+0000] {logging_mixin.py:188} INFO - [2024-05-27T17:37:00.767+0000] {dagbag.py:545} INFO - Filling up the DagBag from /home/airflow/.local/lib/python3.12/site-packages/airflow/example_dags/example_subdag_operator.py
[2024-05-27T17:37:00.792+0000] {processor.py:840} INFO - DAG(s) 'example_subdag_operator.section-1', 'example_subdag_operator.section-2', 'example_subdag_operator' retrieved from /home/airflow/.local/lib/python3.12/site-packages/airflow/example_dags/example_subdag_operator.py
[2024-05-27T17:37:00.812+0000] {logging_mixin.py:188} INFO - [2024-05-27T17:37:00.812+0000] {dag.py:3096} INFO - Sync 3 DAGs
[2024-05-27T17:37:00.838+0000] {logging_mixin.py:188} INFO - [2024-05-27T17:37:00.838+0000] {dag.py:3954} INFO - Setting next_dagrun for example_subdag_operator to 2022-01-01 00:00:00+00:00, run_after=2022-01-01 00:00:00+00:00
[2024-05-27T17:37:00.845+0000] {logging_mixin.py:188} INFO - [2024-05-27T17:37:00.844+0000] {dag.py:3954} INFO - Setting next_dagrun for example_subdag_operator.section-1 to None, run_after=None
[2024-05-27T17:37:00.847+0000] {logging_mixin.py:188} INFO - [2024-05-27T17:37:00.846+0000] {dag.py:3954} INFO - Setting next_dagrun for example_subdag_operator.section-2 to None, run_after=None
[2024-05-27T17:37:00.855+0000] {logging_mixin.py:188} INFO - [2024-05-27T17:37:00.855+0000] {dag.py:3096} INFO - Sync 2 DAGs
[2024-05-27T17:37:00.861+0000] {logging_mixin.py:188} INFO - [2024-05-27T17:37:00.861+0000] {dag.py:3954} INFO - Setting next_dagrun for example_subdag_operator.section-1 to None, run_after=None
[2024-05-27T17:37:00.863+0000] {logging_mixin.py:188} INFO - [2024-05-27T17:37:00.863+0000] {dag.py:3954} INFO - Setting next_dagrun for example_subdag_operator.section-2 to None, run_after=None
[2024-05-27T17:37:00.876+0000] {processor.py:183} INFO - Processing /home/airflow/.local/lib/python3.12/site-packages/airflow/example_dags/example_subdag_operator.py took 0.118 seconds
[2024-05-27T17:38:13.818+0000] {processor.py:161} INFO - Started process (PID=35) to work on /home/airflow/.local/lib/python3.12/site-packages/airflow/example_dags/example_subdag_operator.py
[2024-05-27T17:38:13.819+0000] {processor.py:830} INFO - Processing file /home/airflow/.local/lib/python3.12/site-packages/airflow/example_dags/example_subdag_operator.py for tasks to queue
[2024-05-27T17:38:13.822+0000] {logging_mixin.py:188} INFO - [2024-05-27T17:38:13.821+0000] {dagbag.py:545} INFO - Filling up the DagBag from /home/airflow/.local/lib/python3.12/site-packages/airflow/example_dags/example_subdag_operator.py
[2024-05-27T17:38:13.853+0000] {processor.py:840} INFO - DAG(s) 'example_subdag_operator.section-1', 'example_subdag_operator.section-2', 'example_subdag_operator' retrieved from /home/airflow/.local/lib/python3.12/site-packages/airflow/example_dags/example_subdag_operator.py
[2024-05-27T17:38:13.857+0000] {logging_mixin.py:188} INFO - [2024-05-27T17:38:13.856+0000] {dag.py:3096} INFO - Sync 3 DAGs
[2024-05-27T17:38:13.878+0000] {logging_mixin.py:188} INFO - [2024-05-27T17:38:13.878+0000] {dag.py:3954} INFO - Setting next_dagrun for example_subdag_operator to 2022-01-01 00:00:00+00:00, run_after=2022-01-01 00:00:00+00:00
[2024-05-27T17:38:13.884+0000] {logging_mixin.py:188} INFO - [2024-05-27T17:38:13.883+0000] {dag.py:3954} INFO - Setting next_dagrun for example_subdag_operator.section-1 to None, run_after=None
[2024-05-27T17:38:13.886+0000] {logging_mixin.py:188} INFO - [2024-05-27T17:38:13.885+0000] {dag.py:3954} INFO - Setting next_dagrun for example_subdag_operator.section-2 to None, run_after=None
[2024-05-27T17:38:13.904+0000] {logging_mixin.py:188} INFO - [2024-05-27T17:38:13.904+0000] {dag.py:3096} INFO - Sync 2 DAGs
[2024-05-27T17:38:13.913+0000] {logging_mixin.py:188} INFO - [2024-05-27T17:38:13.912+0000] {dag.py:3954} INFO - Setting next_dagrun for example_subdag_operator.section-1 to None, run_after=None
[2024-05-27T17:38:13.913+0000] {logging_mixin.py:188} INFO - [2024-05-27T17:38:13.913+0000] {dag.py:3954} INFO - Setting next_dagrun for example_subdag_operator.section-2 to None, run_after=None
[2024-05-27T17:38:13.928+0000] {processor.py:183} INFO - Processing /home/airflow/.local/lib/python3.12/site-packages/airflow/example_dags/example_subdag_operator.py took 0.116 seconds
[2024-05-27T17:38:44.466+0000] {processor.py:161} INFO - Started process (PID=93) to work on /home/airflow/.local/lib/python3.12/site-packages/airflow/example_dags/example_subdag_operator.py
[2024-05-27T17:38:44.467+0000] {processor.py:830} INFO - Processing file /home/airflow/.local/lib/python3.12/site-packages/airflow/example_dags/example_subdag_operator.py for tasks to queue
[2024-05-27T17:38:44.470+0000] {logging_mixin.py:188} INFO - [2024-05-27T17:38:44.470+0000] {dagbag.py:545} INFO - Filling up the DagBag from /home/airflow/.local/lib/python3.12/site-packages/airflow/example_dags/example_subdag_operator.py
[2024-05-27T17:38:44.501+0000] {processor.py:840} INFO - DAG(s) 'example_subdag_operator.section-1', 'example_subdag_operator.section-2', 'example_subdag_operator' retrieved from /home/airflow/.local/lib/python3.12/site-packages/airflow/example_dags/example_subdag_operator.py
[2024-05-27T17:38:44.613+0000] {logging_mixin.py:188} INFO - [2024-05-27T17:38:44.613+0000] {dag.py:3096} INFO - Sync 3 DAGs
[2024-05-27T17:38:44.633+0000] {logging_mixin.py:188} INFO - [2024-05-27T17:38:44.633+0000] {dag.py:3954} INFO - Setting next_dagrun for example_subdag_operator to 2022-01-01 00:00:00+00:00, run_after=2022-01-01 00:00:00+00:00
[2024-05-27T17:38:44.636+0000] {logging_mixin.py:188} INFO - [2024-05-27T17:38:44.636+0000] {dag.py:3954} INFO - Setting next_dagrun for example_subdag_operator.section-1 to None, run_after=None
[2024-05-27T17:38:44.638+0000] {logging_mixin.py:188} INFO - [2024-05-27T17:38:44.638+0000] {dag.py:3954} INFO - Setting next_dagrun for example_subdag_operator.section-2 to None, run_after=None
[2024-05-27T17:38:44.649+0000] {logging_mixin.py:188} INFO - [2024-05-27T17:38:44.649+0000] {dag.py:3096} INFO - Sync 2 DAGs
[2024-05-27T17:38:44.654+0000] {logging_mixin.py:188} INFO - [2024-05-27T17:38:44.653+0000] {dag.py:3954} INFO - Setting next_dagrun for example_subdag_operator.section-1 to None, run_after=None
[2024-05-27T17:38:44.654+0000] {logging_mixin.py:188} INFO - [2024-05-27T17:38:44.654+0000] {dag.py:3954} INFO - Setting next_dagrun for example_subdag_operator.section-2 to None, run_after=None
[2024-05-27T17:38:44.665+0000] {processor.py:183} INFO - Processing /home/airflow/.local/lib/python3.12/site-packages/airflow/example_dags/example_subdag_operator.py took 0.206 seconds
