[2024-05-27T01:38:36.573+0000] {processor.py:161} INFO - Started process (PID=53) to work on /home/airflow/.local/lib/python3.12/site-packages/airflow/example_dags/example_xcomargs.py
[2024-05-27T01:38:36.574+0000] {processor.py:830} INFO - Processing file /home/airflow/.local/lib/python3.12/site-packages/airflow/example_dags/example_xcomargs.py for tasks to queue
[2024-05-27T01:38:36.576+0000] {logging_mixin.py:188} INFO - [2024-05-27T01:38:36.576+0000] {dagbag.py:545} INFO - Filling up the DagBag from /home/airflow/.local/lib/python3.12/site-packages/airflow/example_dags/example_xcomargs.py
[2024-05-27T01:38:36.587+0000] {processor.py:840} INFO - DAG(s) 'example_xcom_args', 'example_xcom_args_with_operators' retrieved from /home/airflow/.local/lib/python3.12/site-packages/airflow/example_dags/example_xcomargs.py
[2024-05-27T01:38:36.598+0000] {logging_mixin.py:188} INFO - [2024-05-27T01:38:36.598+0000] {dag.py:3096} INFO - Sync 2 DAGs
[2024-05-27T01:38:36.615+0000] {logging_mixin.py:188} INFO - [2024-05-27T01:38:36.614+0000] {dag.py:3954} INFO - Setting next_dagrun for example_xcom_args to None, run_after=None
[2024-05-27T01:38:36.621+0000] {logging_mixin.py:188} INFO - [2024-05-27T01:38:36.621+0000] {dag.py:3954} INFO - Setting next_dagrun for example_xcom_args_with_operators to None, run_after=None
[2024-05-27T01:38:36.645+0000] {processor.py:183} INFO - Processing /home/airflow/.local/lib/python3.12/site-packages/airflow/example_dags/example_xcomargs.py took 0.078 seconds
[2024-05-27T01:39:07.421+0000] {processor.py:161} INFO - Started process (PID=111) to work on /home/airflow/.local/lib/python3.12/site-packages/airflow/example_dags/example_xcomargs.py
[2024-05-27T01:39:07.422+0000] {processor.py:830} INFO - Processing file /home/airflow/.local/lib/python3.12/site-packages/airflow/example_dags/example_xcomargs.py for tasks to queue
[2024-05-27T01:39:07.424+0000] {logging_mixin.py:188} INFO - [2024-05-27T01:39:07.423+0000] {dagbag.py:545} INFO - Filling up the DagBag from /home/airflow/.local/lib/python3.12/site-packages/airflow/example_dags/example_xcomargs.py
[2024-05-27T01:39:07.431+0000] {processor.py:840} INFO - DAG(s) 'example_xcom_args_with_operators', 'example_xcom_args' retrieved from /home/airflow/.local/lib/python3.12/site-packages/airflow/example_dags/example_xcomargs.py
[2024-05-27T01:39:07.530+0000] {logging_mixin.py:188} INFO - [2024-05-27T01:39:07.530+0000] {dag.py:3096} INFO - Sync 2 DAGs
[2024-05-27T01:39:07.541+0000] {logging_mixin.py:188} INFO - [2024-05-27T01:39:07.541+0000] {dag.py:3954} INFO - Setting next_dagrun for example_xcom_args to None, run_after=None
[2024-05-27T01:39:07.544+0000] {logging_mixin.py:188} INFO - [2024-05-27T01:39:07.544+0000] {dag.py:3954} INFO - Setting next_dagrun for example_xcom_args_with_operators to None, run_after=None
[2024-05-27T01:39:07.559+0000] {processor.py:183} INFO - Processing /home/airflow/.local/lib/python3.12/site-packages/airflow/example_dags/example_xcomargs.py took 0.143 seconds
[2024-05-27T01:39:38.322+0000] {processor.py:161} INFO - Started process (PID=169) to work on /home/airflow/.local/lib/python3.12/site-packages/airflow/example_dags/example_xcomargs.py
[2024-05-27T01:39:38.323+0000] {processor.py:830} INFO - Processing file /home/airflow/.local/lib/python3.12/site-packages/airflow/example_dags/example_xcomargs.py for tasks to queue
[2024-05-27T01:39:38.325+0000] {logging_mixin.py:188} INFO - [2024-05-27T01:39:38.324+0000] {dagbag.py:545} INFO - Filling up the DagBag from /home/airflow/.local/lib/python3.12/site-packages/airflow/example_dags/example_xcomargs.py
[2024-05-27T01:39:38.332+0000] {processor.py:840} INFO - DAG(s) 'example_xcom_args', 'example_xcom_args_with_operators' retrieved from /home/airflow/.local/lib/python3.12/site-packages/airflow/example_dags/example_xcomargs.py
[2024-05-27T01:39:38.352+0000] {logging_mixin.py:188} INFO - [2024-05-27T01:39:38.352+0000] {dag.py:3096} INFO - Sync 2 DAGs
[2024-05-27T01:39:38.365+0000] {logging_mixin.py:188} INFO - [2024-05-27T01:39:38.365+0000] {dag.py:3954} INFO - Setting next_dagrun for example_xcom_args to None, run_after=None
[2024-05-27T01:39:38.369+0000] {logging_mixin.py:188} INFO - [2024-05-27T01:39:38.369+0000] {dag.py:3954} INFO - Setting next_dagrun for example_xcom_args_with_operators to None, run_after=None
[2024-05-27T01:39:38.389+0000] {processor.py:183} INFO - Processing /home/airflow/.local/lib/python3.12/site-packages/airflow/example_dags/example_xcomargs.py took 0.072 seconds
[2024-05-27T01:40:08.444+0000] {processor.py:161} INFO - Started process (PID=226) to work on /home/airflow/.local/lib/python3.12/site-packages/airflow/example_dags/example_xcomargs.py
[2024-05-27T01:40:08.445+0000] {processor.py:830} INFO - Processing file /home/airflow/.local/lib/python3.12/site-packages/airflow/example_dags/example_xcomargs.py for tasks to queue
[2024-05-27T01:40:08.447+0000] {logging_mixin.py:188} INFO - [2024-05-27T01:40:08.447+0000] {dagbag.py:545} INFO - Filling up the DagBag from /home/airflow/.local/lib/python3.12/site-packages/airflow/example_dags/example_xcomargs.py
[2024-05-27T01:40:08.455+0000] {processor.py:840} INFO - DAG(s) 'example_xcom_args_with_operators', 'example_xcom_args' retrieved from /home/airflow/.local/lib/python3.12/site-packages/airflow/example_dags/example_xcomargs.py
[2024-05-27T01:40:08.476+0000] {logging_mixin.py:188} INFO - [2024-05-27T01:40:08.476+0000] {dag.py:3096} INFO - Sync 2 DAGs
[2024-05-27T01:40:08.489+0000] {logging_mixin.py:188} INFO - [2024-05-27T01:40:08.489+0000] {dag.py:3954} INFO - Setting next_dagrun for example_xcom_args to None, run_after=None
[2024-05-27T01:40:08.493+0000] {logging_mixin.py:188} INFO - [2024-05-27T01:40:08.492+0000] {dag.py:3954} INFO - Setting next_dagrun for example_xcom_args_with_operators to None, run_after=None
[2024-05-27T01:40:08.507+0000] {processor.py:183} INFO - Processing /home/airflow/.local/lib/python3.12/site-packages/airflow/example_dags/example_xcomargs.py took 0.068 seconds
[2024-05-27T01:40:38.667+0000] {processor.py:161} INFO - Started process (PID=284) to work on /home/airflow/.local/lib/python3.12/site-packages/airflow/example_dags/example_xcomargs.py
[2024-05-27T01:40:38.668+0000] {processor.py:830} INFO - Processing file /home/airflow/.local/lib/python3.12/site-packages/airflow/example_dags/example_xcomargs.py for tasks to queue
[2024-05-27T01:40:38.670+0000] {logging_mixin.py:188} INFO - [2024-05-27T01:40:38.669+0000] {dagbag.py:545} INFO - Filling up the DagBag from /home/airflow/.local/lib/python3.12/site-packages/airflow/example_dags/example_xcomargs.py
[2024-05-27T01:40:38.677+0000] {processor.py:840} INFO - DAG(s) 'example_xcom_args_with_operators', 'example_xcom_args' retrieved from /home/airflow/.local/lib/python3.12/site-packages/airflow/example_dags/example_xcomargs.py
[2024-05-27T01:40:38.698+0000] {logging_mixin.py:188} INFO - [2024-05-27T01:40:38.698+0000] {dag.py:3096} INFO - Sync 2 DAGs
[2024-05-27T01:40:38.711+0000] {logging_mixin.py:188} INFO - [2024-05-27T01:40:38.710+0000] {dag.py:3954} INFO - Setting next_dagrun for example_xcom_args to None, run_after=None
[2024-05-27T01:40:38.714+0000] {logging_mixin.py:188} INFO - [2024-05-27T01:40:38.714+0000] {dag.py:3954} INFO - Setting next_dagrun for example_xcom_args_with_operators to None, run_after=None
[2024-05-27T01:40:38.730+0000] {processor.py:183} INFO - Processing /home/airflow/.local/lib/python3.12/site-packages/airflow/example_dags/example_xcomargs.py took 0.069 seconds
[2024-05-27T01:41:08.857+0000] {processor.py:161} INFO - Started process (PID=342) to work on /home/airflow/.local/lib/python3.12/site-packages/airflow/example_dags/example_xcomargs.py
[2024-05-27T01:41:08.858+0000] {processor.py:830} INFO - Processing file /home/airflow/.local/lib/python3.12/site-packages/airflow/example_dags/example_xcomargs.py for tasks to queue
[2024-05-27T01:41:08.862+0000] {logging_mixin.py:188} INFO - [2024-05-27T01:41:08.862+0000] {dagbag.py:545} INFO - Filling up the DagBag from /home/airflow/.local/lib/python3.12/site-packages/airflow/example_dags/example_xcomargs.py
[2024-05-27T01:41:08.872+0000] {processor.py:840} INFO - DAG(s) 'example_xcom_args', 'example_xcom_args_with_operators' retrieved from /home/airflow/.local/lib/python3.12/site-packages/airflow/example_dags/example_xcomargs.py
[2024-05-27T01:41:08.898+0000] {logging_mixin.py:188} INFO - [2024-05-27T01:41:08.898+0000] {dag.py:3096} INFO - Sync 2 DAGs
[2024-05-27T01:41:08.912+0000] {logging_mixin.py:188} INFO - [2024-05-27T01:41:08.911+0000] {dag.py:3954} INFO - Setting next_dagrun for example_xcom_args to None, run_after=None
[2024-05-27T01:41:08.916+0000] {logging_mixin.py:188} INFO - [2024-05-27T01:41:08.916+0000] {dag.py:3954} INFO - Setting next_dagrun for example_xcom_args_with_operators to None, run_after=None
[2024-05-27T01:41:08.932+0000] {processor.py:183} INFO - Processing /home/airflow/.local/lib/python3.12/site-packages/airflow/example_dags/example_xcomargs.py took 0.081 seconds
[2024-05-27T01:41:39.284+0000] {processor.py:161} INFO - Started process (PID=400) to work on /home/airflow/.local/lib/python3.12/site-packages/airflow/example_dags/example_xcomargs.py
[2024-05-27T01:41:39.285+0000] {processor.py:830} INFO - Processing file /home/airflow/.local/lib/python3.12/site-packages/airflow/example_dags/example_xcomargs.py for tasks to queue
[2024-05-27T01:41:39.287+0000] {logging_mixin.py:188} INFO - [2024-05-27T01:41:39.286+0000] {dagbag.py:545} INFO - Filling up the DagBag from /home/airflow/.local/lib/python3.12/site-packages/airflow/example_dags/example_xcomargs.py
[2024-05-27T01:41:39.296+0000] {processor.py:840} INFO - DAG(s) 'example_xcom_args_with_operators', 'example_xcom_args' retrieved from /home/airflow/.local/lib/python3.12/site-packages/airflow/example_dags/example_xcomargs.py
[2024-05-27T01:41:39.317+0000] {logging_mixin.py:188} INFO - [2024-05-27T01:41:39.317+0000] {dag.py:3096} INFO - Sync 2 DAGs
[2024-05-27T01:41:39.332+0000] {logging_mixin.py:188} INFO - [2024-05-27T01:41:39.332+0000] {dag.py:3954} INFO - Setting next_dagrun for example_xcom_args to None, run_after=None
[2024-05-27T01:41:39.338+0000] {logging_mixin.py:188} INFO - [2024-05-27T01:41:39.337+0000] {dag.py:3954} INFO - Setting next_dagrun for example_xcom_args_with_operators to None, run_after=None
[2024-05-27T01:41:39.356+0000] {processor.py:183} INFO - Processing /home/airflow/.local/lib/python3.12/site-packages/airflow/example_dags/example_xcomargs.py took 0.077 seconds
[2024-05-27T01:42:09.689+0000] {processor.py:161} INFO - Started process (PID=458) to work on /home/airflow/.local/lib/python3.12/site-packages/airflow/example_dags/example_xcomargs.py
[2024-05-27T01:42:09.690+0000] {processor.py:830} INFO - Processing file /home/airflow/.local/lib/python3.12/site-packages/airflow/example_dags/example_xcomargs.py for tasks to queue
[2024-05-27T01:42:09.692+0000] {logging_mixin.py:188} INFO - [2024-05-27T01:42:09.691+0000] {dagbag.py:545} INFO - Filling up the DagBag from /home/airflow/.local/lib/python3.12/site-packages/airflow/example_dags/example_xcomargs.py
[2024-05-27T01:42:09.700+0000] {processor.py:840} INFO - DAG(s) 'example_xcom_args_with_operators', 'example_xcom_args' retrieved from /home/airflow/.local/lib/python3.12/site-packages/airflow/example_dags/example_xcomargs.py
[2024-05-27T01:42:09.725+0000] {logging_mixin.py:188} INFO - [2024-05-27T01:42:09.725+0000] {dag.py:3096} INFO - Sync 2 DAGs
[2024-05-27T01:42:09.740+0000] {logging_mixin.py:188} INFO - [2024-05-27T01:42:09.740+0000] {dag.py:3954} INFO - Setting next_dagrun for example_xcom_args to None, run_after=None
[2024-05-27T01:42:09.744+0000] {logging_mixin.py:188} INFO - [2024-05-27T01:42:09.744+0000] {dag.py:3954} INFO - Setting next_dagrun for example_xcom_args_with_operators to None, run_after=None
[2024-05-27T01:42:09.761+0000] {processor.py:183} INFO - Processing /home/airflow/.local/lib/python3.12/site-packages/airflow/example_dags/example_xcomargs.py took 0.078 seconds
[2024-05-27T01:42:40.456+0000] {processor.py:161} INFO - Started process (PID=516) to work on /home/airflow/.local/lib/python3.12/site-packages/airflow/example_dags/example_xcomargs.py
[2024-05-27T01:42:40.457+0000] {processor.py:830} INFO - Processing file /home/airflow/.local/lib/python3.12/site-packages/airflow/example_dags/example_xcomargs.py for tasks to queue
[2024-05-27T01:42:40.459+0000] {logging_mixin.py:188} INFO - [2024-05-27T01:42:40.459+0000] {dagbag.py:545} INFO - Filling up the DagBag from /home/airflow/.local/lib/python3.12/site-packages/airflow/example_dags/example_xcomargs.py
[2024-05-27T01:42:40.471+0000] {processor.py:840} INFO - DAG(s) 'example_xcom_args_with_operators', 'example_xcom_args' retrieved from /home/airflow/.local/lib/python3.12/site-packages/airflow/example_dags/example_xcomargs.py
[2024-05-27T01:42:40.501+0000] {logging_mixin.py:188} INFO - [2024-05-27T01:42:40.500+0000] {dag.py:3096} INFO - Sync 2 DAGs
[2024-05-27T01:42:40.518+0000] {logging_mixin.py:188} INFO - [2024-05-27T01:42:40.518+0000] {dag.py:3954} INFO - Setting next_dagrun for example_xcom_args to None, run_after=None
[2024-05-27T01:42:40.522+0000] {logging_mixin.py:188} INFO - [2024-05-27T01:42:40.522+0000] {dag.py:3954} INFO - Setting next_dagrun for example_xcom_args_with_operators to None, run_after=None
[2024-05-27T01:42:40.542+0000] {processor.py:183} INFO - Processing /home/airflow/.local/lib/python3.12/site-packages/airflow/example_dags/example_xcomargs.py took 0.093 seconds
[2024-05-27T01:43:10.705+0000] {processor.py:161} INFO - Started process (PID=574) to work on /home/airflow/.local/lib/python3.12/site-packages/airflow/example_dags/example_xcomargs.py
[2024-05-27T01:43:10.706+0000] {processor.py:830} INFO - Processing file /home/airflow/.local/lib/python3.12/site-packages/airflow/example_dags/example_xcomargs.py for tasks to queue
[2024-05-27T01:43:10.712+0000] {logging_mixin.py:188} INFO - [2024-05-27T01:43:10.711+0000] {dagbag.py:545} INFO - Filling up the DagBag from /home/airflow/.local/lib/python3.12/site-packages/airflow/example_dags/example_xcomargs.py
[2024-05-27T01:43:10.720+0000] {processor.py:840} INFO - DAG(s) 'example_xcom_args', 'example_xcom_args_with_operators' retrieved from /home/airflow/.local/lib/python3.12/site-packages/airflow/example_dags/example_xcomargs.py
[2024-05-27T01:43:10.753+0000] {logging_mixin.py:188} INFO - [2024-05-27T01:43:10.753+0000] {dag.py:3096} INFO - Sync 2 DAGs
[2024-05-27T01:43:10.776+0000] {logging_mixin.py:188} INFO - [2024-05-27T01:43:10.776+0000] {dag.py:3954} INFO - Setting next_dagrun for example_xcom_args to None, run_after=None
[2024-05-27T01:43:10.783+0000] {logging_mixin.py:188} INFO - [2024-05-27T01:43:10.783+0000] {dag.py:3954} INFO - Setting next_dagrun for example_xcom_args_with_operators to None, run_after=None
[2024-05-27T01:43:10.810+0000] {processor.py:183} INFO - Processing /home/airflow/.local/lib/python3.12/site-packages/airflow/example_dags/example_xcomargs.py took 0.111 seconds
[2024-05-27T01:43:41.568+0000] {processor.py:161} INFO - Started process (PID=632) to work on /home/airflow/.local/lib/python3.12/site-packages/airflow/example_dags/example_xcomargs.py
[2024-05-27T01:43:41.569+0000] {processor.py:830} INFO - Processing file /home/airflow/.local/lib/python3.12/site-packages/airflow/example_dags/example_xcomargs.py for tasks to queue
[2024-05-27T01:43:41.572+0000] {logging_mixin.py:188} INFO - [2024-05-27T01:43:41.571+0000] {dagbag.py:545} INFO - Filling up the DagBag from /home/airflow/.local/lib/python3.12/site-packages/airflow/example_dags/example_xcomargs.py
[2024-05-27T01:43:41.581+0000] {processor.py:840} INFO - DAG(s) 'example_xcom_args', 'example_xcom_args_with_operators' retrieved from /home/airflow/.local/lib/python3.12/site-packages/airflow/example_dags/example_xcomargs.py
[2024-05-27T01:43:41.604+0000] {logging_mixin.py:188} INFO - [2024-05-27T01:43:41.603+0000] {dag.py:3096} INFO - Sync 2 DAGs
[2024-05-27T01:43:41.618+0000] {logging_mixin.py:188} INFO - [2024-05-27T01:43:41.618+0000] {dag.py:3954} INFO - Setting next_dagrun for example_xcom_args to None, run_after=None
[2024-05-27T01:43:41.624+0000] {logging_mixin.py:188} INFO - [2024-05-27T01:43:41.623+0000] {dag.py:3954} INFO - Setting next_dagrun for example_xcom_args_with_operators to None, run_after=None
[2024-05-27T01:43:41.641+0000] {processor.py:183} INFO - Processing /home/airflow/.local/lib/python3.12/site-packages/airflow/example_dags/example_xcomargs.py took 0.079 seconds
[2024-05-27T01:44:11.981+0000] {processor.py:161} INFO - Started process (PID=689) to work on /home/airflow/.local/lib/python3.12/site-packages/airflow/example_dags/example_xcomargs.py
[2024-05-27T01:44:11.982+0000] {processor.py:830} INFO - Processing file /home/airflow/.local/lib/python3.12/site-packages/airflow/example_dags/example_xcomargs.py for tasks to queue
[2024-05-27T01:44:11.985+0000] {logging_mixin.py:188} INFO - [2024-05-27T01:44:11.984+0000] {dagbag.py:545} INFO - Filling up the DagBag from /home/airflow/.local/lib/python3.12/site-packages/airflow/example_dags/example_xcomargs.py
[2024-05-27T01:44:11.994+0000] {processor.py:840} INFO - DAG(s) 'example_xcom_args', 'example_xcom_args_with_operators' retrieved from /home/airflow/.local/lib/python3.12/site-packages/airflow/example_dags/example_xcomargs.py
[2024-05-27T01:44:12.019+0000] {logging_mixin.py:188} INFO - [2024-05-27T01:44:12.019+0000] {dag.py:3096} INFO - Sync 2 DAGs
[2024-05-27T01:44:12.036+0000] {logging_mixin.py:188} INFO - [2024-05-27T01:44:12.036+0000] {dag.py:3954} INFO - Setting next_dagrun for example_xcom_args to None, run_after=None
[2024-05-27T01:44:12.042+0000] {logging_mixin.py:188} INFO - [2024-05-27T01:44:12.041+0000] {dag.py:3954} INFO - Setting next_dagrun for example_xcom_args_with_operators to None, run_after=None
[2024-05-27T01:44:12.060+0000] {processor.py:183} INFO - Processing /home/airflow/.local/lib/python3.12/site-packages/airflow/example_dags/example_xcomargs.py took 0.084 seconds
[2024-05-27T01:44:42.158+0000] {processor.py:161} INFO - Started process (PID=747) to work on /home/airflow/.local/lib/python3.12/site-packages/airflow/example_dags/example_xcomargs.py
[2024-05-27T01:44:42.159+0000] {processor.py:830} INFO - Processing file /home/airflow/.local/lib/python3.12/site-packages/airflow/example_dags/example_xcomargs.py for tasks to queue
[2024-05-27T01:44:42.161+0000] {logging_mixin.py:188} INFO - [2024-05-27T01:44:42.160+0000] {dagbag.py:545} INFO - Filling up the DagBag from /home/airflow/.local/lib/python3.12/site-packages/airflow/example_dags/example_xcomargs.py
[2024-05-27T01:44:42.168+0000] {processor.py:840} INFO - DAG(s) 'example_xcom_args', 'example_xcom_args_with_operators' retrieved from /home/airflow/.local/lib/python3.12/site-packages/airflow/example_dags/example_xcomargs.py
[2024-05-27T01:44:42.190+0000] {logging_mixin.py:188} INFO - [2024-05-27T01:44:42.189+0000] {dag.py:3096} INFO - Sync 2 DAGs
[2024-05-27T01:44:42.203+0000] {logging_mixin.py:188} INFO - [2024-05-27T01:44:42.203+0000] {dag.py:3954} INFO - Setting next_dagrun for example_xcom_args to None, run_after=None
[2024-05-27T01:44:42.207+0000] {logging_mixin.py:188} INFO - [2024-05-27T01:44:42.207+0000] {dag.py:3954} INFO - Setting next_dagrun for example_xcom_args_with_operators to None, run_after=None
[2024-05-27T01:44:42.221+0000] {processor.py:183} INFO - Processing /home/airflow/.local/lib/python3.12/site-packages/airflow/example_dags/example_xcomargs.py took 0.068 seconds
[2024-05-27T01:45:12.886+0000] {processor.py:161} INFO - Started process (PID=804) to work on /home/airflow/.local/lib/python3.12/site-packages/airflow/example_dags/example_xcomargs.py
[2024-05-27T01:45:12.887+0000] {processor.py:830} INFO - Processing file /home/airflow/.local/lib/python3.12/site-packages/airflow/example_dags/example_xcomargs.py for tasks to queue
[2024-05-27T01:45:12.889+0000] {logging_mixin.py:188} INFO - [2024-05-27T01:45:12.888+0000] {dagbag.py:545} INFO - Filling up the DagBag from /home/airflow/.local/lib/python3.12/site-packages/airflow/example_dags/example_xcomargs.py
[2024-05-27T01:45:12.896+0000] {processor.py:840} INFO - DAG(s) 'example_xcom_args', 'example_xcom_args_with_operators' retrieved from /home/airflow/.local/lib/python3.12/site-packages/airflow/example_dags/example_xcomargs.py
[2024-05-27T01:45:12.917+0000] {logging_mixin.py:188} INFO - [2024-05-27T01:45:12.917+0000] {dag.py:3096} INFO - Sync 2 DAGs
[2024-05-27T01:45:12.931+0000] {logging_mixin.py:188} INFO - [2024-05-27T01:45:12.931+0000] {dag.py:3954} INFO - Setting next_dagrun for example_xcom_args to None, run_after=None
[2024-05-27T01:45:12.934+0000] {logging_mixin.py:188} INFO - [2024-05-27T01:45:12.934+0000] {dag.py:3954} INFO - Setting next_dagrun for example_xcom_args_with_operators to None, run_after=None
[2024-05-27T01:45:12.952+0000] {processor.py:183} INFO - Processing /home/airflow/.local/lib/python3.12/site-packages/airflow/example_dags/example_xcomargs.py took 0.071 seconds
[2024-05-27T01:45:43.371+0000] {processor.py:161} INFO - Started process (PID=862) to work on /home/airflow/.local/lib/python3.12/site-packages/airflow/example_dags/example_xcomargs.py
[2024-05-27T01:45:43.372+0000] {processor.py:830} INFO - Processing file /home/airflow/.local/lib/python3.12/site-packages/airflow/example_dags/example_xcomargs.py for tasks to queue
[2024-05-27T01:45:43.374+0000] {logging_mixin.py:188} INFO - [2024-05-27T01:45:43.374+0000] {dagbag.py:545} INFO - Filling up the DagBag from /home/airflow/.local/lib/python3.12/site-packages/airflow/example_dags/example_xcomargs.py
[2024-05-27T01:45:43.383+0000] {processor.py:840} INFO - DAG(s) 'example_xcom_args', 'example_xcom_args_with_operators' retrieved from /home/airflow/.local/lib/python3.12/site-packages/airflow/example_dags/example_xcomargs.py
[2024-05-27T01:45:43.406+0000] {logging_mixin.py:188} INFO - [2024-05-27T01:45:43.406+0000] {dag.py:3096} INFO - Sync 2 DAGs
[2024-05-27T01:45:43.421+0000] {logging_mixin.py:188} INFO - [2024-05-27T01:45:43.421+0000] {dag.py:3954} INFO - Setting next_dagrun for example_xcom_args to None, run_after=None
[2024-05-27T01:45:43.425+0000] {logging_mixin.py:188} INFO - [2024-05-27T01:45:43.425+0000] {dag.py:3954} INFO - Setting next_dagrun for example_xcom_args_with_operators to None, run_after=None
[2024-05-27T01:45:43.444+0000] {processor.py:183} INFO - Processing /home/airflow/.local/lib/python3.12/site-packages/airflow/example_dags/example_xcomargs.py took 0.080 seconds
[2024-05-27T01:46:14.214+0000] {processor.py:161} INFO - Started process (PID=921) to work on /home/airflow/.local/lib/python3.12/site-packages/airflow/example_dags/example_xcomargs.py
[2024-05-27T01:46:14.215+0000] {processor.py:830} INFO - Processing file /home/airflow/.local/lib/python3.12/site-packages/airflow/example_dags/example_xcomargs.py for tasks to queue
[2024-05-27T01:46:14.217+0000] {logging_mixin.py:188} INFO - [2024-05-27T01:46:14.216+0000] {dagbag.py:545} INFO - Filling up the DagBag from /home/airflow/.local/lib/python3.12/site-packages/airflow/example_dags/example_xcomargs.py
[2024-05-27T01:46:14.225+0000] {processor.py:840} INFO - DAG(s) 'example_xcom_args_with_operators', 'example_xcom_args' retrieved from /home/airflow/.local/lib/python3.12/site-packages/airflow/example_dags/example_xcomargs.py
[2024-05-27T01:46:14.244+0000] {logging_mixin.py:188} INFO - [2024-05-27T01:46:14.244+0000] {dag.py:3096} INFO - Sync 2 DAGs
[2024-05-27T01:46:14.257+0000] {logging_mixin.py:188} INFO - [2024-05-27T01:46:14.256+0000] {dag.py:3954} INFO - Setting next_dagrun for example_xcom_args to None, run_after=None
[2024-05-27T01:46:14.260+0000] {logging_mixin.py:188} INFO - [2024-05-27T01:46:14.260+0000] {dag.py:3954} INFO - Setting next_dagrun for example_xcom_args_with_operators to None, run_after=None
[2024-05-27T01:46:14.275+0000] {processor.py:183} INFO - Processing /home/airflow/.local/lib/python3.12/site-packages/airflow/example_dags/example_xcomargs.py took 0.069 seconds
[2024-05-27T01:48:43.824+0000] {processor.py:161} INFO - Started process (PID=52) to work on /home/airflow/.local/lib/python3.12/site-packages/airflow/example_dags/example_xcomargs.py
[2024-05-27T01:48:43.825+0000] {processor.py:830} INFO - Processing file /home/airflow/.local/lib/python3.12/site-packages/airflow/example_dags/example_xcomargs.py for tasks to queue
[2024-05-27T01:48:43.827+0000] {logging_mixin.py:188} INFO - [2024-05-27T01:48:43.827+0000] {dagbag.py:545} INFO - Filling up the DagBag from /home/airflow/.local/lib/python3.12/site-packages/airflow/example_dags/example_xcomargs.py
[2024-05-27T01:48:43.840+0000] {processor.py:840} INFO - DAG(s) 'example_xcom_args_with_operators', 'example_xcom_args' retrieved from /home/airflow/.local/lib/python3.12/site-packages/airflow/example_dags/example_xcomargs.py
[2024-05-27T01:48:43.853+0000] {logging_mixin.py:188} INFO - [2024-05-27T01:48:43.853+0000] {dag.py:3096} INFO - Sync 2 DAGs
[2024-05-27T01:48:43.872+0000] {logging_mixin.py:188} INFO - [2024-05-27T01:48:43.872+0000] {dag.py:3954} INFO - Setting next_dagrun for example_xcom_args to None, run_after=None
[2024-05-27T01:48:43.878+0000] {logging_mixin.py:188} INFO - [2024-05-27T01:48:43.878+0000] {dag.py:3954} INFO - Setting next_dagrun for example_xcom_args_with_operators to None, run_after=None
[2024-05-27T01:48:43.898+0000] {processor.py:183} INFO - Processing /home/airflow/.local/lib/python3.12/site-packages/airflow/example_dags/example_xcomargs.py took 0.082 seconds
[2024-05-27T13:32:47.998+0000] {processor.py:161} INFO - Started process (PID=52) to work on /home/airflow/.local/lib/python3.12/site-packages/airflow/example_dags/example_xcomargs.py
[2024-05-27T13:32:47.998+0000] {processor.py:830} INFO - Processing file /home/airflow/.local/lib/python3.12/site-packages/airflow/example_dags/example_xcomargs.py for tasks to queue
[2024-05-27T13:32:48.000+0000] {logging_mixin.py:188} INFO - [2024-05-27T13:32:48.000+0000] {dagbag.py:545} INFO - Filling up the DagBag from /home/airflow/.local/lib/python3.12/site-packages/airflow/example_dags/example_xcomargs.py
[2024-05-27T13:32:48.010+0000] {processor.py:840} INFO - DAG(s) 'example_xcom_args', 'example_xcom_args_with_operators' retrieved from /home/airflow/.local/lib/python3.12/site-packages/airflow/example_dags/example_xcomargs.py
[2024-05-27T13:32:48.145+0000] {logging_mixin.py:188} INFO - [2024-05-27T13:32:48.145+0000] {dag.py:3096} INFO - Sync 2 DAGs
[2024-05-27T13:32:48.160+0000] {logging_mixin.py:188} INFO - [2024-05-27T13:32:48.159+0000] {dag.py:3954} INFO - Setting next_dagrun for example_xcom_args to None, run_after=None
[2024-05-27T13:32:48.167+0000] {logging_mixin.py:188} INFO - [2024-05-27T13:32:48.167+0000] {dag.py:3954} INFO - Setting next_dagrun for example_xcom_args_with_operators to None, run_after=None
[2024-05-27T13:32:48.192+0000] {processor.py:183} INFO - Processing /home/airflow/.local/lib/python3.12/site-packages/airflow/example_dags/example_xcomargs.py took 0.199 seconds
[2024-05-27T13:33:18.742+0000] {processor.py:161} INFO - Started process (PID=109) to work on /home/airflow/.local/lib/python3.12/site-packages/airflow/example_dags/example_xcomargs.py
[2024-05-27T13:33:18.743+0000] {processor.py:830} INFO - Processing file /home/airflow/.local/lib/python3.12/site-packages/airflow/example_dags/example_xcomargs.py for tasks to queue
[2024-05-27T13:33:18.745+0000] {logging_mixin.py:188} INFO - [2024-05-27T13:33:18.744+0000] {dagbag.py:545} INFO - Filling up the DagBag from /home/airflow/.local/lib/python3.12/site-packages/airflow/example_dags/example_xcomargs.py
[2024-05-27T13:33:18.753+0000] {processor.py:840} INFO - DAG(s) 'example_xcom_args', 'example_xcom_args_with_operators' retrieved from /home/airflow/.local/lib/python3.12/site-packages/airflow/example_dags/example_xcomargs.py
[2024-05-27T13:33:18.773+0000] {logging_mixin.py:188} INFO - [2024-05-27T13:33:18.773+0000] {dag.py:3096} INFO - Sync 2 DAGs
[2024-05-27T13:33:18.785+0000] {logging_mixin.py:188} INFO - [2024-05-27T13:33:18.784+0000] {dag.py:3954} INFO - Setting next_dagrun for example_xcom_args to None, run_after=None
[2024-05-27T13:33:18.788+0000] {logging_mixin.py:188} INFO - [2024-05-27T13:33:18.788+0000] {dag.py:3954} INFO - Setting next_dagrun for example_xcom_args_with_operators to None, run_after=None
[2024-05-27T13:33:18.803+0000] {processor.py:183} INFO - Processing /home/airflow/.local/lib/python3.12/site-packages/airflow/example_dags/example_xcomargs.py took 0.066 seconds
[2024-05-27T14:22:34.962+0000] {processor.py:161} INFO - Started process (PID=53) to work on /home/airflow/.local/lib/python3.12/site-packages/airflow/example_dags/example_xcomargs.py
[2024-05-27T14:22:34.963+0000] {processor.py:830} INFO - Processing file /home/airflow/.local/lib/python3.12/site-packages/airflow/example_dags/example_xcomargs.py for tasks to queue
[2024-05-27T14:22:34.968+0000] {logging_mixin.py:188} INFO - [2024-05-27T14:22:34.967+0000] {dagbag.py:545} INFO - Filling up the DagBag from /home/airflow/.local/lib/python3.12/site-packages/airflow/example_dags/example_xcomargs.py
[2024-05-27T14:22:34.990+0000] {processor.py:840} INFO - DAG(s) 'example_xcom_args', 'example_xcom_args_with_operators' retrieved from /home/airflow/.local/lib/python3.12/site-packages/airflow/example_dags/example_xcomargs.py
[2024-05-27T14:22:35.515+0000] {logging_mixin.py:188} INFO - [2024-05-27T14:22:35.511+0000] {override.py:1829} INFO - Created Permission View: can edit on DAG:example_xcom_args
[2024-05-27T14:22:35.558+0000] {logging_mixin.py:188} INFO - [2024-05-27T14:22:35.558+0000] {override.py:1829} INFO - Created Permission View: can delete on DAG:example_xcom_args
[2024-05-27T14:22:35.589+0000] {logging_mixin.py:188} INFO - [2024-05-27T14:22:35.588+0000] {override.py:1829} INFO - Created Permission View: can read on DAG:example_xcom_args
[2024-05-27T14:22:35.612+0000] {logging_mixin.py:188} INFO - [2024-05-27T14:22:35.611+0000] {override.py:1829} INFO - Created Permission View: can edit on DAG:example_xcom_args_with_operators
[2024-05-27T14:22:35.620+0000] {logging_mixin.py:188} INFO - [2024-05-27T14:22:35.619+0000] {override.py:1829} INFO - Created Permission View: can delete on DAG:example_xcom_args_with_operators
[2024-05-27T14:22:35.630+0000] {logging_mixin.py:188} INFO - [2024-05-27T14:22:35.629+0000] {override.py:1829} INFO - Created Permission View: can read on DAG:example_xcom_args_with_operators
[2024-05-27T14:22:35.633+0000] {logging_mixin.py:188} INFO - [2024-05-27T14:22:35.631+0000] {dag.py:3096} INFO - Sync 2 DAGs
[2024-05-27T14:22:35.648+0000] {logging_mixin.py:188} INFO - [2024-05-27T14:22:35.647+0000] {dag.py:3118} INFO - Creating ORM DAG for example_xcom_args_with_operators
[2024-05-27T14:22:35.649+0000] {logging_mixin.py:188} INFO - [2024-05-27T14:22:35.649+0000] {dag.py:3118} INFO - Creating ORM DAG for example_xcom_args
[2024-05-27T14:22:35.650+0000] {logging_mixin.py:188} INFO - [2024-05-27T14:22:35.650+0000] {dag.py:3954} INFO - Setting next_dagrun for example_xcom_args to None, run_after=None
[2024-05-27T14:22:35.652+0000] {logging_mixin.py:188} INFO - [2024-05-27T14:22:35.652+0000] {dag.py:3954} INFO - Setting next_dagrun for example_xcom_args_with_operators to None, run_after=None
[2024-05-27T14:22:35.686+0000] {processor.py:183} INFO - Processing /home/airflow/.local/lib/python3.12/site-packages/airflow/example_dags/example_xcomargs.py took 0.745 seconds
[2024-05-27T14:26:26.014+0000] {processor.py:161} INFO - Started process (PID=124) to work on /home/airflow/.local/lib/python3.12/site-packages/airflow/example_dags/example_xcomargs.py
[2024-05-27T14:26:26.020+0000] {processor.py:830} INFO - Processing file /home/airflow/.local/lib/python3.12/site-packages/airflow/example_dags/example_xcomargs.py for tasks to queue
[2024-05-27T14:26:26.024+0000] {logging_mixin.py:188} INFO - [2024-05-27T14:26:26.024+0000] {dagbag.py:545} INFO - Filling up the DagBag from /home/airflow/.local/lib/python3.12/site-packages/airflow/example_dags/example_xcomargs.py
[2024-05-27T14:26:26.054+0000] {processor.py:840} INFO - DAG(s) 'example_xcom_args', 'example_xcom_args_with_operators' retrieved from /home/airflow/.local/lib/python3.12/site-packages/airflow/example_dags/example_xcomargs.py
[2024-05-27T14:26:26.164+0000] {logging_mixin.py:188} INFO - [2024-05-27T14:26:26.164+0000] {dag.py:3096} INFO - Sync 2 DAGs
[2024-05-27T14:26:26.198+0000] {logging_mixin.py:188} INFO - [2024-05-27T14:26:26.198+0000] {dag.py:3954} INFO - Setting next_dagrun for example_xcom_args to None, run_after=None
[2024-05-27T14:26:26.213+0000] {logging_mixin.py:188} INFO - [2024-05-27T14:26:26.210+0000] {dag.py:3954} INFO - Setting next_dagrun for example_xcom_args_with_operators to None, run_after=None
[2024-05-27T14:26:26.286+0000] {processor.py:183} INFO - Processing /home/airflow/.local/lib/python3.12/site-packages/airflow/example_dags/example_xcomargs.py took 0.288 seconds
[2024-05-27T14:26:56.578+0000] {processor.py:161} INFO - Started process (PID=182) to work on /home/airflow/.local/lib/python3.12/site-packages/airflow/example_dags/example_xcomargs.py
[2024-05-27T14:26:56.581+0000] {processor.py:830} INFO - Processing file /home/airflow/.local/lib/python3.12/site-packages/airflow/example_dags/example_xcomargs.py for tasks to queue
[2024-05-27T14:26:56.583+0000] {logging_mixin.py:188} INFO - [2024-05-27T14:26:56.582+0000] {dagbag.py:545} INFO - Filling up the DagBag from /home/airflow/.local/lib/python3.12/site-packages/airflow/example_dags/example_xcomargs.py
[2024-05-27T14:26:56.595+0000] {processor.py:840} INFO - DAG(s) 'example_xcom_args_with_operators', 'example_xcom_args' retrieved from /home/airflow/.local/lib/python3.12/site-packages/airflow/example_dags/example_xcomargs.py
[2024-05-27T14:26:56.617+0000] {logging_mixin.py:188} INFO - [2024-05-27T14:26:56.617+0000] {dag.py:3096} INFO - Sync 2 DAGs
[2024-05-27T14:26:56.630+0000] {logging_mixin.py:188} INFO - [2024-05-27T14:26:56.630+0000] {dag.py:3954} INFO - Setting next_dagrun for example_xcom_args to None, run_after=None
[2024-05-27T14:26:56.634+0000] {logging_mixin.py:188} INFO - [2024-05-27T14:26:56.634+0000] {dag.py:3954} INFO - Setting next_dagrun for example_xcom_args_with_operators to None, run_after=None
[2024-05-27T14:26:56.649+0000] {processor.py:183} INFO - Processing /home/airflow/.local/lib/python3.12/site-packages/airflow/example_dags/example_xcomargs.py took 0.080 seconds
[2024-05-27T17:32:26.059+0000] {processor.py:161} INFO - Started process (PID=50) to work on /home/airflow/.local/lib/python3.12/site-packages/airflow/example_dags/example_xcomargs.py
[2024-05-27T17:32:26.060+0000] {processor.py:830} INFO - Processing file /home/airflow/.local/lib/python3.12/site-packages/airflow/example_dags/example_xcomargs.py for tasks to queue
[2024-05-27T17:32:26.064+0000] {logging_mixin.py:188} INFO - [2024-05-27T17:32:26.063+0000] {dagbag.py:545} INFO - Filling up the DagBag from /home/airflow/.local/lib/python3.12/site-packages/airflow/example_dags/example_xcomargs.py
[2024-05-27T17:32:26.075+0000] {processor.py:840} INFO - DAG(s) 'example_xcom_args', 'example_xcom_args_with_operators' retrieved from /home/airflow/.local/lib/python3.12/site-packages/airflow/example_dags/example_xcomargs.py
[2024-05-27T17:32:26.087+0000] {logging_mixin.py:188} INFO - [2024-05-27T17:32:26.087+0000] {dag.py:3096} INFO - Sync 2 DAGs
[2024-05-27T17:32:26.104+0000] {logging_mixin.py:188} INFO - [2024-05-27T17:32:26.103+0000] {dag.py:3954} INFO - Setting next_dagrun for example_xcom_args to None, run_after=None
[2024-05-27T17:32:26.109+0000] {logging_mixin.py:188} INFO - [2024-05-27T17:32:26.108+0000] {dag.py:3954} INFO - Setting next_dagrun for example_xcom_args_with_operators to None, run_after=None
[2024-05-27T17:32:26.127+0000] {processor.py:183} INFO - Processing /home/airflow/.local/lib/python3.12/site-packages/airflow/example_dags/example_xcomargs.py took 0.077 seconds
[2024-05-27T17:32:56.825+0000] {processor.py:161} INFO - Started process (PID=108) to work on /home/airflow/.local/lib/python3.12/site-packages/airflow/example_dags/example_xcomargs.py
[2024-05-27T17:32:56.826+0000] {processor.py:830} INFO - Processing file /home/airflow/.local/lib/python3.12/site-packages/airflow/example_dags/example_xcomargs.py for tasks to queue
[2024-05-27T17:32:56.827+0000] {logging_mixin.py:188} INFO - [2024-05-27T17:32:56.827+0000] {dagbag.py:545} INFO - Filling up the DagBag from /home/airflow/.local/lib/python3.12/site-packages/airflow/example_dags/example_xcomargs.py
[2024-05-27T17:32:56.835+0000] {processor.py:840} INFO - DAG(s) 'example_xcom_args', 'example_xcom_args_with_operators' retrieved from /home/airflow/.local/lib/python3.12/site-packages/airflow/example_dags/example_xcomargs.py
[2024-05-27T17:32:56.937+0000] {logging_mixin.py:188} INFO - [2024-05-27T17:32:56.937+0000] {dag.py:3096} INFO - Sync 2 DAGs
[2024-05-27T17:32:56.948+0000] {logging_mixin.py:188} INFO - [2024-05-27T17:32:56.948+0000] {dag.py:3954} INFO - Setting next_dagrun for example_xcom_args to None, run_after=None
[2024-05-27T17:32:56.951+0000] {logging_mixin.py:188} INFO - [2024-05-27T17:32:56.951+0000] {dag.py:3954} INFO - Setting next_dagrun for example_xcom_args_with_operators to None, run_after=None
[2024-05-27T17:32:56.970+0000] {processor.py:183} INFO - Processing /home/airflow/.local/lib/python3.12/site-packages/airflow/example_dags/example_xcomargs.py took 0.150 seconds
[2024-05-27T17:33:27.362+0000] {processor.py:161} INFO - Started process (PID=166) to work on /home/airflow/.local/lib/python3.12/site-packages/airflow/example_dags/example_xcomargs.py
[2024-05-27T17:33:27.363+0000] {processor.py:830} INFO - Processing file /home/airflow/.local/lib/python3.12/site-packages/airflow/example_dags/example_xcomargs.py for tasks to queue
[2024-05-27T17:33:27.365+0000] {logging_mixin.py:188} INFO - [2024-05-27T17:33:27.365+0000] {dagbag.py:545} INFO - Filling up the DagBag from /home/airflow/.local/lib/python3.12/site-packages/airflow/example_dags/example_xcomargs.py
[2024-05-27T17:33:27.372+0000] {processor.py:840} INFO - DAG(s) 'example_xcom_args', 'example_xcom_args_with_operators' retrieved from /home/airflow/.local/lib/python3.12/site-packages/airflow/example_dags/example_xcomargs.py
[2024-05-27T17:33:27.396+0000] {logging_mixin.py:188} INFO - [2024-05-27T17:33:27.396+0000] {dag.py:3096} INFO - Sync 2 DAGs
[2024-05-27T17:33:27.409+0000] {logging_mixin.py:188} INFO - [2024-05-27T17:33:27.409+0000] {dag.py:3954} INFO - Setting next_dagrun for example_xcom_args to None, run_after=None
[2024-05-27T17:33:27.414+0000] {logging_mixin.py:188} INFO - [2024-05-27T17:33:27.414+0000] {dag.py:3954} INFO - Setting next_dagrun for example_xcom_args_with_operators to None, run_after=None
[2024-05-27T17:33:27.429+0000] {processor.py:183} INFO - Processing /home/airflow/.local/lib/python3.12/site-packages/airflow/example_dags/example_xcomargs.py took 0.072 seconds
[2024-05-27T17:33:57.656+0000] {processor.py:161} INFO - Started process (PID=224) to work on /home/airflow/.local/lib/python3.12/site-packages/airflow/example_dags/example_xcomargs.py
[2024-05-27T17:33:57.657+0000] {processor.py:830} INFO - Processing file /home/airflow/.local/lib/python3.12/site-packages/airflow/example_dags/example_xcomargs.py for tasks to queue
[2024-05-27T17:33:57.658+0000] {logging_mixin.py:188} INFO - [2024-05-27T17:33:57.658+0000] {dagbag.py:545} INFO - Filling up the DagBag from /home/airflow/.local/lib/python3.12/site-packages/airflow/example_dags/example_xcomargs.py
[2024-05-27T17:33:57.669+0000] {processor.py:840} INFO - DAG(s) 'example_xcom_args', 'example_xcom_args_with_operators' retrieved from /home/airflow/.local/lib/python3.12/site-packages/airflow/example_dags/example_xcomargs.py
[2024-05-27T17:33:57.690+0000] {logging_mixin.py:188} INFO - [2024-05-27T17:33:57.690+0000] {dag.py:3096} INFO - Sync 2 DAGs
[2024-05-27T17:33:57.704+0000] {logging_mixin.py:188} INFO - [2024-05-27T17:33:57.704+0000] {dag.py:3954} INFO - Setting next_dagrun for example_xcom_args to None, run_after=None
[2024-05-27T17:33:57.707+0000] {logging_mixin.py:188} INFO - [2024-05-27T17:33:57.707+0000] {dag.py:3954} INFO - Setting next_dagrun for example_xcom_args_with_operators to None, run_after=None
[2024-05-27T17:33:57.723+0000] {processor.py:183} INFO - Processing /home/airflow/.local/lib/python3.12/site-packages/airflow/example_dags/example_xcomargs.py took 0.073 seconds
[2024-05-27T17:34:28.004+0000] {processor.py:161} INFO - Started process (PID=282) to work on /home/airflow/.local/lib/python3.12/site-packages/airflow/example_dags/example_xcomargs.py
[2024-05-27T17:34:28.007+0000] {processor.py:830} INFO - Processing file /home/airflow/.local/lib/python3.12/site-packages/airflow/example_dags/example_xcomargs.py for tasks to queue
[2024-05-27T17:34:28.012+0000] {logging_mixin.py:188} INFO - [2024-05-27T17:34:28.010+0000] {dagbag.py:545} INFO - Filling up the DagBag from /home/airflow/.local/lib/python3.12/site-packages/airflow/example_dags/example_xcomargs.py
[2024-05-27T17:34:28.025+0000] {processor.py:840} INFO - DAG(s) 'example_xcom_args_with_operators', 'example_xcom_args' retrieved from /home/airflow/.local/lib/python3.12/site-packages/airflow/example_dags/example_xcomargs.py
[2024-05-27T17:34:28.046+0000] {logging_mixin.py:188} INFO - [2024-05-27T17:34:28.046+0000] {dag.py:3096} INFO - Sync 2 DAGs
[2024-05-27T17:34:28.059+0000] {logging_mixin.py:188} INFO - [2024-05-27T17:34:28.058+0000] {dag.py:3954} INFO - Setting next_dagrun for example_xcom_args to None, run_after=None
[2024-05-27T17:34:28.063+0000] {logging_mixin.py:188} INFO - [2024-05-27T17:34:28.062+0000] {dag.py:3954} INFO - Setting next_dagrun for example_xcom_args_with_operators to None, run_after=None
[2024-05-27T17:34:28.078+0000] {processor.py:183} INFO - Processing /home/airflow/.local/lib/python3.12/site-packages/airflow/example_dags/example_xcomargs.py took 0.082 seconds
[2024-05-27T17:34:58.804+0000] {processor.py:161} INFO - Started process (PID=340) to work on /home/airflow/.local/lib/python3.12/site-packages/airflow/example_dags/example_xcomargs.py
[2024-05-27T17:34:58.805+0000] {processor.py:830} INFO - Processing file /home/airflow/.local/lib/python3.12/site-packages/airflow/example_dags/example_xcomargs.py for tasks to queue
[2024-05-27T17:34:58.807+0000] {logging_mixin.py:188} INFO - [2024-05-27T17:34:58.806+0000] {dagbag.py:545} INFO - Filling up the DagBag from /home/airflow/.local/lib/python3.12/site-packages/airflow/example_dags/example_xcomargs.py
[2024-05-27T17:34:58.814+0000] {processor.py:840} INFO - DAG(s) 'example_xcom_args', 'example_xcom_args_with_operators' retrieved from /home/airflow/.local/lib/python3.12/site-packages/airflow/example_dags/example_xcomargs.py
[2024-05-27T17:34:58.834+0000] {logging_mixin.py:188} INFO - [2024-05-27T17:34:58.834+0000] {dag.py:3096} INFO - Sync 2 DAGs
[2024-05-27T17:34:58.846+0000] {logging_mixin.py:188} INFO - [2024-05-27T17:34:58.846+0000] {dag.py:3954} INFO - Setting next_dagrun for example_xcom_args to None, run_after=None
[2024-05-27T17:34:58.850+0000] {logging_mixin.py:188} INFO - [2024-05-27T17:34:58.850+0000] {dag.py:3954} INFO - Setting next_dagrun for example_xcom_args_with_operators to None, run_after=None
[2024-05-27T17:34:58.868+0000] {processor.py:183} INFO - Processing /home/airflow/.local/lib/python3.12/site-packages/airflow/example_dags/example_xcomargs.py took 0.071 seconds
[2024-05-27T17:35:29.136+0000] {processor.py:161} INFO - Started process (PID=398) to work on /home/airflow/.local/lib/python3.12/site-packages/airflow/example_dags/example_xcomargs.py
[2024-05-27T17:35:29.137+0000] {processor.py:830} INFO - Processing file /home/airflow/.local/lib/python3.12/site-packages/airflow/example_dags/example_xcomargs.py for tasks to queue
[2024-05-27T17:35:29.138+0000] {logging_mixin.py:188} INFO - [2024-05-27T17:35:29.138+0000] {dagbag.py:545} INFO - Filling up the DagBag from /home/airflow/.local/lib/python3.12/site-packages/airflow/example_dags/example_xcomargs.py
[2024-05-27T17:35:29.146+0000] {processor.py:840} INFO - DAG(s) 'example_xcom_args_with_operators', 'example_xcom_args' retrieved from /home/airflow/.local/lib/python3.12/site-packages/airflow/example_dags/example_xcomargs.py
[2024-05-27T17:35:29.166+0000] {logging_mixin.py:188} INFO - [2024-05-27T17:35:29.166+0000] {dag.py:3096} INFO - Sync 2 DAGs
[2024-05-27T17:35:29.180+0000] {logging_mixin.py:188} INFO - [2024-05-27T17:35:29.180+0000] {dag.py:3954} INFO - Setting next_dagrun for example_xcom_args to None, run_after=None
[2024-05-27T17:35:29.184+0000] {logging_mixin.py:188} INFO - [2024-05-27T17:35:29.184+0000] {dag.py:3954} INFO - Setting next_dagrun for example_xcom_args_with_operators to None, run_after=None
[2024-05-27T17:35:29.198+0000] {processor.py:183} INFO - Processing /home/airflow/.local/lib/python3.12/site-packages/airflow/example_dags/example_xcomargs.py took 0.067 seconds
[2024-05-27T17:35:59.770+0000] {processor.py:161} INFO - Started process (PID=461) to work on /home/airflow/.local/lib/python3.12/site-packages/airflow/example_dags/example_xcomargs.py
[2024-05-27T17:35:59.770+0000] {processor.py:830} INFO - Processing file /home/airflow/.local/lib/python3.12/site-packages/airflow/example_dags/example_xcomargs.py for tasks to queue
[2024-05-27T17:35:59.774+0000] {logging_mixin.py:188} INFO - [2024-05-27T17:35:59.774+0000] {dagbag.py:545} INFO - Filling up the DagBag from /home/airflow/.local/lib/python3.12/site-packages/airflow/example_dags/example_xcomargs.py
[2024-05-27T17:35:59.784+0000] {processor.py:840} INFO - DAG(s) 'example_xcom_args_with_operators', 'example_xcom_args' retrieved from /home/airflow/.local/lib/python3.12/site-packages/airflow/example_dags/example_xcomargs.py
[2024-05-27T17:35:59.807+0000] {logging_mixin.py:188} INFO - [2024-05-27T17:35:59.806+0000] {dag.py:3096} INFO - Sync 2 DAGs
[2024-05-27T17:35:59.818+0000] {logging_mixin.py:188} INFO - [2024-05-27T17:35:59.818+0000] {dag.py:3954} INFO - Setting next_dagrun for example_xcom_args to None, run_after=None
[2024-05-27T17:35:59.824+0000] {logging_mixin.py:188} INFO - [2024-05-27T17:35:59.824+0000] {dag.py:3954} INFO - Setting next_dagrun for example_xcom_args_with_operators to None, run_after=None
[2024-05-27T17:35:59.840+0000] {processor.py:183} INFO - Processing /home/airflow/.local/lib/python3.12/site-packages/airflow/example_dags/example_xcomargs.py took 0.075 seconds
[2024-05-27T17:36:30.477+0000] {processor.py:161} INFO - Started process (PID=519) to work on /home/airflow/.local/lib/python3.12/site-packages/airflow/example_dags/example_xcomargs.py
[2024-05-27T17:36:30.479+0000] {processor.py:830} INFO - Processing file /home/airflow/.local/lib/python3.12/site-packages/airflow/example_dags/example_xcomargs.py for tasks to queue
[2024-05-27T17:36:30.482+0000] {logging_mixin.py:188} INFO - [2024-05-27T17:36:30.481+0000] {dagbag.py:545} INFO - Filling up the DagBag from /home/airflow/.local/lib/python3.12/site-packages/airflow/example_dags/example_xcomargs.py
[2024-05-27T17:36:30.492+0000] {processor.py:840} INFO - DAG(s) 'example_xcom_args_with_operators', 'example_xcom_args' retrieved from /home/airflow/.local/lib/python3.12/site-packages/airflow/example_dags/example_xcomargs.py
[2024-05-27T17:36:30.521+0000] {logging_mixin.py:188} INFO - [2024-05-27T17:36:30.521+0000] {dag.py:3096} INFO - Sync 2 DAGs
[2024-05-27T17:36:30.540+0000] {logging_mixin.py:188} INFO - [2024-05-27T17:36:30.540+0000] {dag.py:3954} INFO - Setting next_dagrun for example_xcom_args to None, run_after=None
[2024-05-27T17:36:30.546+0000] {logging_mixin.py:188} INFO - [2024-05-27T17:36:30.546+0000] {dag.py:3954} INFO - Setting next_dagrun for example_xcom_args_with_operators to None, run_after=None
[2024-05-27T17:36:30.564+0000] {processor.py:183} INFO - Processing /home/airflow/.local/lib/python3.12/site-packages/airflow/example_dags/example_xcomargs.py took 0.095 seconds
[2024-05-27T17:37:01.468+0000] {processor.py:161} INFO - Started process (PID=576) to work on /home/airflow/.local/lib/python3.12/site-packages/airflow/example_dags/example_xcomargs.py
[2024-05-27T17:37:01.472+0000] {processor.py:830} INFO - Processing file /home/airflow/.local/lib/python3.12/site-packages/airflow/example_dags/example_xcomargs.py for tasks to queue
[2024-05-27T17:37:01.473+0000] {logging_mixin.py:188} INFO - [2024-05-27T17:37:01.473+0000] {dagbag.py:545} INFO - Filling up the DagBag from /home/airflow/.local/lib/python3.12/site-packages/airflow/example_dags/example_xcomargs.py
[2024-05-27T17:37:01.481+0000] {processor.py:840} INFO - DAG(s) 'example_xcom_args', 'example_xcom_args_with_operators' retrieved from /home/airflow/.local/lib/python3.12/site-packages/airflow/example_dags/example_xcomargs.py
[2024-05-27T17:37:01.501+0000] {logging_mixin.py:188} INFO - [2024-05-27T17:37:01.501+0000] {dag.py:3096} INFO - Sync 2 DAGs
[2024-05-27T17:37:01.514+0000] {logging_mixin.py:188} INFO - [2024-05-27T17:37:01.514+0000] {dag.py:3954} INFO - Setting next_dagrun for example_xcom_args to None, run_after=None
[2024-05-27T17:37:01.518+0000] {logging_mixin.py:188} INFO - [2024-05-27T17:37:01.517+0000] {dag.py:3954} INFO - Setting next_dagrun for example_xcom_args_with_operators to None, run_after=None
[2024-05-27T17:37:01.533+0000] {processor.py:183} INFO - Processing /home/airflow/.local/lib/python3.12/site-packages/airflow/example_dags/example_xcomargs.py took 0.070 seconds
[2024-05-27T17:38:14.616+0000] {processor.py:161} INFO - Started process (PID=48) to work on /home/airflow/.local/lib/python3.12/site-packages/airflow/example_dags/example_xcomargs.py
[2024-05-27T17:38:14.617+0000] {processor.py:830} INFO - Processing file /home/airflow/.local/lib/python3.12/site-packages/airflow/example_dags/example_xcomargs.py for tasks to queue
[2024-05-27T17:38:14.619+0000] {logging_mixin.py:188} INFO - [2024-05-27T17:38:14.619+0000] {dagbag.py:545} INFO - Filling up the DagBag from /home/airflow/.local/lib/python3.12/site-packages/airflow/example_dags/example_xcomargs.py
[2024-05-27T17:38:14.628+0000] {processor.py:840} INFO - DAG(s) 'example_xcom_args', 'example_xcom_args_with_operators' retrieved from /home/airflow/.local/lib/python3.12/site-packages/airflow/example_dags/example_xcomargs.py
[2024-05-27T17:38:14.641+0000] {logging_mixin.py:188} INFO - [2024-05-27T17:38:14.641+0000] {dag.py:3096} INFO - Sync 2 DAGs
[2024-05-27T17:38:14.659+0000] {logging_mixin.py:188} INFO - [2024-05-27T17:38:14.658+0000] {dag.py:3954} INFO - Setting next_dagrun for example_xcom_args to None, run_after=None
[2024-05-27T17:38:14.665+0000] {logging_mixin.py:188} INFO - [2024-05-27T17:38:14.665+0000] {dag.py:3954} INFO - Setting next_dagrun for example_xcom_args_with_operators to None, run_after=None
[2024-05-27T17:38:14.689+0000] {processor.py:183} INFO - Processing /home/airflow/.local/lib/python3.12/site-packages/airflow/example_dags/example_xcomargs.py took 0.080 seconds
[2024-05-27T17:38:45.630+0000] {processor.py:161} INFO - Started process (PID=106) to work on /home/airflow/.local/lib/python3.12/site-packages/airflow/example_dags/example_xcomargs.py
[2024-05-27T17:38:45.631+0000] {processor.py:830} INFO - Processing file /home/airflow/.local/lib/python3.12/site-packages/airflow/example_dags/example_xcomargs.py for tasks to queue
[2024-05-27T17:38:45.633+0000] {logging_mixin.py:188} INFO - [2024-05-27T17:38:45.633+0000] {dagbag.py:545} INFO - Filling up the DagBag from /home/airflow/.local/lib/python3.12/site-packages/airflow/example_dags/example_xcomargs.py
[2024-05-27T17:38:45.644+0000] {processor.py:840} INFO - DAG(s) 'example_xcom_args_with_operators', 'example_xcom_args' retrieved from /home/airflow/.local/lib/python3.12/site-packages/airflow/example_dags/example_xcomargs.py
[2024-05-27T17:38:45.765+0000] {logging_mixin.py:188} INFO - [2024-05-27T17:38:45.765+0000] {dag.py:3096} INFO - Sync 2 DAGs
[2024-05-27T17:38:45.777+0000] {logging_mixin.py:188} INFO - [2024-05-27T17:38:45.777+0000] {dag.py:3954} INFO - Setting next_dagrun for example_xcom_args to None, run_after=None
[2024-05-27T17:38:45.780+0000] {logging_mixin.py:188} INFO - [2024-05-27T17:38:45.780+0000] {dag.py:3954} INFO - Setting next_dagrun for example_xcom_args_with_operators to None, run_after=None
[2024-05-27T17:38:45.797+0000] {processor.py:183} INFO - Processing /home/airflow/.local/lib/python3.12/site-packages/airflow/example_dags/example_xcomargs.py took 0.176 seconds
