[2024-05-27T01:38:35.661+0000] {processor.py:161} INFO - Started process (PID=41) to work on /home/airflow/.local/lib/python3.12/site-packages/airflow/example_dags/example_latest_only.py
[2024-05-27T01:38:35.662+0000] {processor.py:830} INFO - Processing file /home/airflow/.local/lib/python3.12/site-packages/airflow/example_dags/example_latest_only.py for tasks to queue
[2024-05-27T01:38:35.666+0000] {logging_mixin.py:188} INFO - [2024-05-27T01:38:35.666+0000] {dagbag.py:545} INFO - Filling up the DagBag from /home/airflow/.local/lib/python3.12/site-packages/airflow/example_dags/example_latest_only.py
[2024-05-27T01:38:35.677+0000] {processor.py:840} INFO - DAG(s) 'latest_only' retrieved from /home/airflow/.local/lib/python3.12/site-packages/airflow/example_dags/example_latest_only.py
[2024-05-27T01:38:35.694+0000] {logging_mixin.py:188} INFO - [2024-05-27T01:38:35.693+0000] {dag.py:3096} INFO - Sync 1 DAGs
[2024-05-27T01:38:35.724+0000] {logging_mixin.py:188} INFO - [2024-05-27T01:38:35.723+0000] {dag.py:3954} INFO - Setting next_dagrun for latest_only to 2024-05-26 20:00:00+00:00, run_after=2024-05-27 00:00:00+00:00
[2024-05-27T01:38:35.746+0000] {processor.py:183} INFO - Processing /home/airflow/.local/lib/python3.12/site-packages/airflow/example_dags/example_latest_only.py took 0.092 seconds
[2024-05-27T01:39:06.459+0000] {processor.py:161} INFO - Started process (PID=99) to work on /home/airflow/.local/lib/python3.12/site-packages/airflow/example_dags/example_latest_only.py
[2024-05-27T01:39:06.460+0000] {processor.py:830} INFO - Processing file /home/airflow/.local/lib/python3.12/site-packages/airflow/example_dags/example_latest_only.py for tasks to queue
[2024-05-27T01:39:06.461+0000] {logging_mixin.py:188} INFO - [2024-05-27T01:39:06.461+0000] {dagbag.py:545} INFO - Filling up the DagBag from /home/airflow/.local/lib/python3.12/site-packages/airflow/example_dags/example_latest_only.py
[2024-05-27T01:39:06.466+0000] {processor.py:840} INFO - DAG(s) 'latest_only' retrieved from /home/airflow/.local/lib/python3.12/site-packages/airflow/example_dags/example_latest_only.py
[2024-05-27T01:39:06.556+0000] {logging_mixin.py:188} INFO - [2024-05-27T01:39:06.556+0000] {dag.py:3096} INFO - Sync 1 DAGs
[2024-05-27T01:39:06.574+0000] {logging_mixin.py:188} INFO - [2024-05-27T01:39:06.574+0000] {dag.py:3954} INFO - Setting next_dagrun for latest_only to 2024-05-26 20:00:00+00:00, run_after=2024-05-27 00:00:00+00:00
[2024-05-27T01:39:06.591+0000] {processor.py:183} INFO - Processing /home/airflow/.local/lib/python3.12/site-packages/airflow/example_dags/example_latest_only.py took 0.138 seconds
[2024-05-27T01:39:36.677+0000] {processor.py:161} INFO - Started process (PID=157) to work on /home/airflow/.local/lib/python3.12/site-packages/airflow/example_dags/example_latest_only.py
[2024-05-27T01:39:36.678+0000] {processor.py:830} INFO - Processing file /home/airflow/.local/lib/python3.12/site-packages/airflow/example_dags/example_latest_only.py for tasks to queue
[2024-05-27T01:39:36.679+0000] {logging_mixin.py:188} INFO - [2024-05-27T01:39:36.679+0000] {dagbag.py:545} INFO - Filling up the DagBag from /home/airflow/.local/lib/python3.12/site-packages/airflow/example_dags/example_latest_only.py
[2024-05-27T01:39:36.684+0000] {processor.py:840} INFO - DAG(s) 'latest_only' retrieved from /home/airflow/.local/lib/python3.12/site-packages/airflow/example_dags/example_latest_only.py
[2024-05-27T01:39:36.700+0000] {logging_mixin.py:188} INFO - [2024-05-27T01:39:36.700+0000] {dag.py:3096} INFO - Sync 1 DAGs
[2024-05-27T01:39:36.719+0000] {logging_mixin.py:188} INFO - [2024-05-27T01:39:36.719+0000] {dag.py:3954} INFO - Setting next_dagrun for latest_only to 2024-05-26 20:00:00+00:00, run_after=2024-05-27 00:00:00+00:00
[2024-05-27T01:39:36.734+0000] {processor.py:183} INFO - Processing /home/airflow/.local/lib/python3.12/site-packages/airflow/example_dags/example_latest_only.py took 0.062 seconds
[2024-05-27T01:40:06.776+0000] {processor.py:161} INFO - Started process (PID=215) to work on /home/airflow/.local/lib/python3.12/site-packages/airflow/example_dags/example_latest_only.py
[2024-05-27T01:40:06.777+0000] {processor.py:830} INFO - Processing file /home/airflow/.local/lib/python3.12/site-packages/airflow/example_dags/example_latest_only.py for tasks to queue
[2024-05-27T01:40:06.779+0000] {logging_mixin.py:188} INFO - [2024-05-27T01:40:06.779+0000] {dagbag.py:545} INFO - Filling up the DagBag from /home/airflow/.local/lib/python3.12/site-packages/airflow/example_dags/example_latest_only.py
[2024-05-27T01:40:06.784+0000] {processor.py:840} INFO - DAG(s) 'latest_only' retrieved from /home/airflow/.local/lib/python3.12/site-packages/airflow/example_dags/example_latest_only.py
[2024-05-27T01:40:06.801+0000] {logging_mixin.py:188} INFO - [2024-05-27T01:40:06.801+0000] {dag.py:3096} INFO - Sync 1 DAGs
[2024-05-27T01:40:06.825+0000] {logging_mixin.py:188} INFO - [2024-05-27T01:40:06.824+0000] {dag.py:3954} INFO - Setting next_dagrun for latest_only to 2024-05-26 20:00:00+00:00, run_after=2024-05-27 00:00:00+00:00
[2024-05-27T01:40:06.843+0000] {processor.py:183} INFO - Processing /home/airflow/.local/lib/python3.12/site-packages/airflow/example_dags/example_latest_only.py took 0.072 seconds
[2024-05-27T01:40:37.120+0000] {processor.py:161} INFO - Started process (PID=273) to work on /home/airflow/.local/lib/python3.12/site-packages/airflow/example_dags/example_latest_only.py
[2024-05-27T01:40:37.121+0000] {processor.py:830} INFO - Processing file /home/airflow/.local/lib/python3.12/site-packages/airflow/example_dags/example_latest_only.py for tasks to queue
[2024-05-27T01:40:37.123+0000] {logging_mixin.py:188} INFO - [2024-05-27T01:40:37.123+0000] {dagbag.py:545} INFO - Filling up the DagBag from /home/airflow/.local/lib/python3.12/site-packages/airflow/example_dags/example_latest_only.py
[2024-05-27T01:40:37.128+0000] {processor.py:840} INFO - DAG(s) 'latest_only' retrieved from /home/airflow/.local/lib/python3.12/site-packages/airflow/example_dags/example_latest_only.py
[2024-05-27T01:40:37.152+0000] {logging_mixin.py:188} INFO - [2024-05-27T01:40:37.152+0000] {dag.py:3096} INFO - Sync 1 DAGs
[2024-05-27T01:40:37.181+0000] {logging_mixin.py:188} INFO - [2024-05-27T01:40:37.180+0000] {dag.py:3954} INFO - Setting next_dagrun for latest_only to 2024-05-26 20:00:00+00:00, run_after=2024-05-27 00:00:00+00:00
[2024-05-27T01:40:37.205+0000] {processor.py:183} INFO - Processing /home/airflow/.local/lib/python3.12/site-packages/airflow/example_dags/example_latest_only.py took 0.092 seconds
[2024-05-27T01:41:07.305+0000] {processor.py:161} INFO - Started process (PID=331) to work on /home/airflow/.local/lib/python3.12/site-packages/airflow/example_dags/example_latest_only.py
[2024-05-27T01:41:07.306+0000] {processor.py:830} INFO - Processing file /home/airflow/.local/lib/python3.12/site-packages/airflow/example_dags/example_latest_only.py for tasks to queue
[2024-05-27T01:41:07.308+0000] {logging_mixin.py:188} INFO - [2024-05-27T01:41:07.307+0000] {dagbag.py:545} INFO - Filling up the DagBag from /home/airflow/.local/lib/python3.12/site-packages/airflow/example_dags/example_latest_only.py
[2024-05-27T01:41:07.313+0000] {processor.py:840} INFO - DAG(s) 'latest_only' retrieved from /home/airflow/.local/lib/python3.12/site-packages/airflow/example_dags/example_latest_only.py
[2024-05-27T01:41:07.332+0000] {logging_mixin.py:188} INFO - [2024-05-27T01:41:07.332+0000] {dag.py:3096} INFO - Sync 1 DAGs
[2024-05-27T01:41:07.359+0000] {logging_mixin.py:188} INFO - [2024-05-27T01:41:07.359+0000] {dag.py:3954} INFO - Setting next_dagrun for latest_only to 2024-05-26 20:00:00+00:00, run_after=2024-05-27 00:00:00+00:00
[2024-05-27T01:41:07.381+0000] {processor.py:183} INFO - Processing /home/airflow/.local/lib/python3.12/site-packages/airflow/example_dags/example_latest_only.py took 0.082 seconds
[2024-05-27T01:41:37.750+0000] {processor.py:161} INFO - Started process (PID=389) to work on /home/airflow/.local/lib/python3.12/site-packages/airflow/example_dags/example_latest_only.py
[2024-05-27T01:41:37.751+0000] {processor.py:830} INFO - Processing file /home/airflow/.local/lib/python3.12/site-packages/airflow/example_dags/example_latest_only.py for tasks to queue
[2024-05-27T01:41:37.753+0000] {logging_mixin.py:188} INFO - [2024-05-27T01:41:37.753+0000] {dagbag.py:545} INFO - Filling up the DagBag from /home/airflow/.local/lib/python3.12/site-packages/airflow/example_dags/example_latest_only.py
[2024-05-27T01:41:37.760+0000] {processor.py:840} INFO - DAG(s) 'latest_only' retrieved from /home/airflow/.local/lib/python3.12/site-packages/airflow/example_dags/example_latest_only.py
[2024-05-27T01:41:37.781+0000] {logging_mixin.py:188} INFO - [2024-05-27T01:41:37.781+0000] {dag.py:3096} INFO - Sync 1 DAGs
[2024-05-27T01:41:37.803+0000] {logging_mixin.py:188} INFO - [2024-05-27T01:41:37.803+0000] {dag.py:3954} INFO - Setting next_dagrun for latest_only to 2024-05-26 20:00:00+00:00, run_after=2024-05-27 00:00:00+00:00
[2024-05-27T01:41:37.823+0000] {processor.py:183} INFO - Processing /home/airflow/.local/lib/python3.12/site-packages/airflow/example_dags/example_latest_only.py took 0.078 seconds
[2024-05-27T01:42:08.128+0000] {processor.py:161} INFO - Started process (PID=447) to work on /home/airflow/.local/lib/python3.12/site-packages/airflow/example_dags/example_latest_only.py
[2024-05-27T01:42:08.129+0000] {processor.py:830} INFO - Processing file /home/airflow/.local/lib/python3.12/site-packages/airflow/example_dags/example_latest_only.py for tasks to queue
[2024-05-27T01:42:08.130+0000] {logging_mixin.py:188} INFO - [2024-05-27T01:42:08.130+0000] {dagbag.py:545} INFO - Filling up the DagBag from /home/airflow/.local/lib/python3.12/site-packages/airflow/example_dags/example_latest_only.py
[2024-05-27T01:42:08.136+0000] {processor.py:840} INFO - DAG(s) 'latest_only' retrieved from /home/airflow/.local/lib/python3.12/site-packages/airflow/example_dags/example_latest_only.py
[2024-05-27T01:42:08.155+0000] {logging_mixin.py:188} INFO - [2024-05-27T01:42:08.155+0000] {dag.py:3096} INFO - Sync 1 DAGs
[2024-05-27T01:42:08.178+0000] {logging_mixin.py:188} INFO - [2024-05-27T01:42:08.178+0000] {dag.py:3954} INFO - Setting next_dagrun for latest_only to 2024-05-26 20:00:00+00:00, run_after=2024-05-27 00:00:00+00:00
[2024-05-27T01:42:08.197+0000] {processor.py:183} INFO - Processing /home/airflow/.local/lib/python3.12/site-packages/airflow/example_dags/example_latest_only.py took 0.075 seconds
[2024-05-27T01:42:38.825+0000] {processor.py:161} INFO - Started process (PID=505) to work on /home/airflow/.local/lib/python3.12/site-packages/airflow/example_dags/example_latest_only.py
[2024-05-27T01:42:38.826+0000] {processor.py:830} INFO - Processing file /home/airflow/.local/lib/python3.12/site-packages/airflow/example_dags/example_latest_only.py for tasks to queue
[2024-05-27T01:42:38.827+0000] {logging_mixin.py:188} INFO - [2024-05-27T01:42:38.827+0000] {dagbag.py:545} INFO - Filling up the DagBag from /home/airflow/.local/lib/python3.12/site-packages/airflow/example_dags/example_latest_only.py
[2024-05-27T01:42:38.834+0000] {processor.py:840} INFO - DAG(s) 'latest_only' retrieved from /home/airflow/.local/lib/python3.12/site-packages/airflow/example_dags/example_latest_only.py
[2024-05-27T01:42:38.854+0000] {logging_mixin.py:188} INFO - [2024-05-27T01:42:38.853+0000] {dag.py:3096} INFO - Sync 1 DAGs
[2024-05-27T01:42:38.884+0000] {logging_mixin.py:188} INFO - [2024-05-27T01:42:38.883+0000] {dag.py:3954} INFO - Setting next_dagrun for latest_only to 2024-05-26 20:00:00+00:00, run_after=2024-05-27 00:00:00+00:00
[2024-05-27T01:42:38.920+0000] {processor.py:183} INFO - Processing /home/airflow/.local/lib/python3.12/site-packages/airflow/example_dags/example_latest_only.py took 0.103 seconds
[2024-05-27T01:43:09.019+0000] {processor.py:161} INFO - Started process (PID=563) to work on /home/airflow/.local/lib/python3.12/site-packages/airflow/example_dags/example_latest_only.py
[2024-05-27T01:43:09.020+0000] {processor.py:830} INFO - Processing file /home/airflow/.local/lib/python3.12/site-packages/airflow/example_dags/example_latest_only.py for tasks to queue
[2024-05-27T01:43:09.021+0000] {logging_mixin.py:188} INFO - [2024-05-27T01:43:09.021+0000] {dagbag.py:545} INFO - Filling up the DagBag from /home/airflow/.local/lib/python3.12/site-packages/airflow/example_dags/example_latest_only.py
[2024-05-27T01:43:09.027+0000] {processor.py:840} INFO - DAG(s) 'latest_only' retrieved from /home/airflow/.local/lib/python3.12/site-packages/airflow/example_dags/example_latest_only.py
[2024-05-27T01:43:09.047+0000] {logging_mixin.py:188} INFO - [2024-05-27T01:43:09.047+0000] {dag.py:3096} INFO - Sync 1 DAGs
[2024-05-27T01:43:09.072+0000] {logging_mixin.py:188} INFO - [2024-05-27T01:43:09.071+0000] {dag.py:3954} INFO - Setting next_dagrun for latest_only to 2024-05-26 20:00:00+00:00, run_after=2024-05-27 00:00:00+00:00
[2024-05-27T01:43:09.095+0000] {processor.py:183} INFO - Processing /home/airflow/.local/lib/python3.12/site-packages/airflow/example_dags/example_latest_only.py took 0.081 seconds
[2024-05-27T01:43:40.030+0000] {processor.py:161} INFO - Started process (PID=621) to work on /home/airflow/.local/lib/python3.12/site-packages/airflow/example_dags/example_latest_only.py
[2024-05-27T01:43:40.031+0000] {processor.py:830} INFO - Processing file /home/airflow/.local/lib/python3.12/site-packages/airflow/example_dags/example_latest_only.py for tasks to queue
[2024-05-27T01:43:40.033+0000] {logging_mixin.py:188} INFO - [2024-05-27T01:43:40.033+0000] {dagbag.py:545} INFO - Filling up the DagBag from /home/airflow/.local/lib/python3.12/site-packages/airflow/example_dags/example_latest_only.py
[2024-05-27T01:43:40.039+0000] {processor.py:840} INFO - DAG(s) 'latest_only' retrieved from /home/airflow/.local/lib/python3.12/site-packages/airflow/example_dags/example_latest_only.py
[2024-05-27T01:43:40.059+0000] {logging_mixin.py:188} INFO - [2024-05-27T01:43:40.059+0000] {dag.py:3096} INFO - Sync 1 DAGs
[2024-05-27T01:43:40.081+0000] {logging_mixin.py:188} INFO - [2024-05-27T01:43:40.081+0000] {dag.py:3954} INFO - Setting next_dagrun for latest_only to 2024-05-26 20:00:00+00:00, run_after=2024-05-27 00:00:00+00:00
[2024-05-27T01:43:40.102+0000] {processor.py:183} INFO - Processing /home/airflow/.local/lib/python3.12/site-packages/airflow/example_dags/example_latest_only.py took 0.077 seconds
[2024-05-27T01:44:10.469+0000] {processor.py:161} INFO - Started process (PID=678) to work on /home/airflow/.local/lib/python3.12/site-packages/airflow/example_dags/example_latest_only.py
[2024-05-27T01:44:10.470+0000] {processor.py:830} INFO - Processing file /home/airflow/.local/lib/python3.12/site-packages/airflow/example_dags/example_latest_only.py for tasks to queue
[2024-05-27T01:44:10.472+0000] {logging_mixin.py:188} INFO - [2024-05-27T01:44:10.472+0000] {dagbag.py:545} INFO - Filling up the DagBag from /home/airflow/.local/lib/python3.12/site-packages/airflow/example_dags/example_latest_only.py
[2024-05-27T01:44:10.478+0000] {processor.py:840} INFO - DAG(s) 'latest_only' retrieved from /home/airflow/.local/lib/python3.12/site-packages/airflow/example_dags/example_latest_only.py
[2024-05-27T01:44:10.496+0000] {logging_mixin.py:188} INFO - [2024-05-27T01:44:10.496+0000] {dag.py:3096} INFO - Sync 1 DAGs
[2024-05-27T01:44:10.522+0000] {logging_mixin.py:188} INFO - [2024-05-27T01:44:10.522+0000] {dag.py:3954} INFO - Setting next_dagrun for latest_only to 2024-05-26 20:00:00+00:00, run_after=2024-05-27 00:00:00+00:00
[2024-05-27T01:44:10.542+0000] {processor.py:183} INFO - Processing /home/airflow/.local/lib/python3.12/site-packages/airflow/example_dags/example_latest_only.py took 0.080 seconds
[2024-05-27T01:44:40.679+0000] {processor.py:161} INFO - Started process (PID=736) to work on /home/airflow/.local/lib/python3.12/site-packages/airflow/example_dags/example_latest_only.py
[2024-05-27T01:44:40.680+0000] {processor.py:830} INFO - Processing file /home/airflow/.local/lib/python3.12/site-packages/airflow/example_dags/example_latest_only.py for tasks to queue
[2024-05-27T01:44:40.682+0000] {logging_mixin.py:188} INFO - [2024-05-27T01:44:40.682+0000] {dagbag.py:545} INFO - Filling up the DagBag from /home/airflow/.local/lib/python3.12/site-packages/airflow/example_dags/example_latest_only.py
[2024-05-27T01:44:40.687+0000] {processor.py:840} INFO - DAG(s) 'latest_only' retrieved from /home/airflow/.local/lib/python3.12/site-packages/airflow/example_dags/example_latest_only.py
[2024-05-27T01:44:40.705+0000] {logging_mixin.py:188} INFO - [2024-05-27T01:44:40.705+0000] {dag.py:3096} INFO - Sync 1 DAGs
[2024-05-27T01:44:40.729+0000] {logging_mixin.py:188} INFO - [2024-05-27T01:44:40.729+0000] {dag.py:3954} INFO - Setting next_dagrun for latest_only to 2024-05-26 20:00:00+00:00, run_after=2024-05-27 00:00:00+00:00
[2024-05-27T01:44:40.747+0000] {processor.py:183} INFO - Processing /home/airflow/.local/lib/python3.12/site-packages/airflow/example_dags/example_latest_only.py took 0.073 seconds
[2024-05-27T01:45:11.381+0000] {processor.py:161} INFO - Started process (PID=793) to work on /home/airflow/.local/lib/python3.12/site-packages/airflow/example_dags/example_latest_only.py
[2024-05-27T01:45:11.382+0000] {processor.py:830} INFO - Processing file /home/airflow/.local/lib/python3.12/site-packages/airflow/example_dags/example_latest_only.py for tasks to queue
[2024-05-27T01:45:11.384+0000] {logging_mixin.py:188} INFO - [2024-05-27T01:45:11.384+0000] {dagbag.py:545} INFO - Filling up the DagBag from /home/airflow/.local/lib/python3.12/site-packages/airflow/example_dags/example_latest_only.py
[2024-05-27T01:45:11.389+0000] {processor.py:840} INFO - DAG(s) 'latest_only' retrieved from /home/airflow/.local/lib/python3.12/site-packages/airflow/example_dags/example_latest_only.py
[2024-05-27T01:45:11.407+0000] {logging_mixin.py:188} INFO - [2024-05-27T01:45:11.407+0000] {dag.py:3096} INFO - Sync 1 DAGs
[2024-05-27T01:45:11.431+0000] {logging_mixin.py:188} INFO - [2024-05-27T01:45:11.431+0000] {dag.py:3954} INFO - Setting next_dagrun for latest_only to 2024-05-26 20:00:00+00:00, run_after=2024-05-27 00:00:00+00:00
[2024-05-27T01:45:11.448+0000] {processor.py:183} INFO - Processing /home/airflow/.local/lib/python3.12/site-packages/airflow/example_dags/example_latest_only.py took 0.071 seconds
[2024-05-27T01:45:41.874+0000] {processor.py:161} INFO - Started process (PID=851) to work on /home/airflow/.local/lib/python3.12/site-packages/airflow/example_dags/example_latest_only.py
[2024-05-27T01:45:41.875+0000] {processor.py:830} INFO - Processing file /home/airflow/.local/lib/python3.12/site-packages/airflow/example_dags/example_latest_only.py for tasks to queue
[2024-05-27T01:45:41.878+0000] {logging_mixin.py:188} INFO - [2024-05-27T01:45:41.877+0000] {dagbag.py:545} INFO - Filling up the DagBag from /home/airflow/.local/lib/python3.12/site-packages/airflow/example_dags/example_latest_only.py
[2024-05-27T01:45:41.883+0000] {processor.py:840} INFO - DAG(s) 'latest_only' retrieved from /home/airflow/.local/lib/python3.12/site-packages/airflow/example_dags/example_latest_only.py
[2024-05-27T01:45:41.903+0000] {logging_mixin.py:188} INFO - [2024-05-27T01:45:41.903+0000] {dag.py:3096} INFO - Sync 1 DAGs
[2024-05-27T01:45:41.925+0000] {logging_mixin.py:188} INFO - [2024-05-27T01:45:41.925+0000] {dag.py:3954} INFO - Setting next_dagrun for latest_only to 2024-05-26 20:00:00+00:00, run_after=2024-05-27 00:00:00+00:00
[2024-05-27T01:45:41.942+0000] {processor.py:183} INFO - Processing /home/airflow/.local/lib/python3.12/site-packages/airflow/example_dags/example_latest_only.py took 0.073 seconds
[2024-05-27T01:46:12.611+0000] {processor.py:161} INFO - Started process (PID=909) to work on /home/airflow/.local/lib/python3.12/site-packages/airflow/example_dags/example_latest_only.py
[2024-05-27T01:46:12.612+0000] {processor.py:830} INFO - Processing file /home/airflow/.local/lib/python3.12/site-packages/airflow/example_dags/example_latest_only.py for tasks to queue
[2024-05-27T01:46:12.614+0000] {logging_mixin.py:188} INFO - [2024-05-27T01:46:12.613+0000] {dagbag.py:545} INFO - Filling up the DagBag from /home/airflow/.local/lib/python3.12/site-packages/airflow/example_dags/example_latest_only.py
[2024-05-27T01:46:12.618+0000] {processor.py:840} INFO - DAG(s) 'latest_only' retrieved from /home/airflow/.local/lib/python3.12/site-packages/airflow/example_dags/example_latest_only.py
[2024-05-27T01:46:12.637+0000] {logging_mixin.py:188} INFO - [2024-05-27T01:46:12.637+0000] {dag.py:3096} INFO - Sync 1 DAGs
[2024-05-27T01:46:12.658+0000] {logging_mixin.py:188} INFO - [2024-05-27T01:46:12.657+0000] {dag.py:3954} INFO - Setting next_dagrun for latest_only to 2024-05-26 20:00:00+00:00, run_after=2024-05-27 00:00:00+00:00
[2024-05-27T01:46:12.674+0000] {processor.py:183} INFO - Processing /home/airflow/.local/lib/python3.12/site-packages/airflow/example_dags/example_latest_only.py took 0.068 seconds
[2024-05-27T01:48:43.117+0000] {processor.py:161} INFO - Started process (PID=40) to work on /home/airflow/.local/lib/python3.12/site-packages/airflow/example_dags/example_latest_only.py
[2024-05-27T01:48:43.118+0000] {processor.py:830} INFO - Processing file /home/airflow/.local/lib/python3.12/site-packages/airflow/example_dags/example_latest_only.py for tasks to queue
[2024-05-27T01:48:43.120+0000] {logging_mixin.py:188} INFO - [2024-05-27T01:48:43.119+0000] {dagbag.py:545} INFO - Filling up the DagBag from /home/airflow/.local/lib/python3.12/site-packages/airflow/example_dags/example_latest_only.py
[2024-05-27T01:48:43.127+0000] {processor.py:840} INFO - DAG(s) 'latest_only' retrieved from /home/airflow/.local/lib/python3.12/site-packages/airflow/example_dags/example_latest_only.py
[2024-05-27T01:48:43.141+0000] {logging_mixin.py:188} INFO - [2024-05-27T01:48:43.141+0000] {dag.py:3096} INFO - Sync 1 DAGs
[2024-05-27T01:48:43.191+0000] {logging_mixin.py:188} INFO - [2024-05-27T01:48:43.191+0000] {dag.py:3954} INFO - Setting next_dagrun for latest_only to 2024-05-26 20:00:00+00:00, run_after=2024-05-27 00:00:00+00:00
[2024-05-27T01:48:43.219+0000] {processor.py:183} INFO - Processing /home/airflow/.local/lib/python3.12/site-packages/airflow/example_dags/example_latest_only.py took 0.107 seconds
[2024-05-27T01:49:13.748+0000] {processor.py:161} INFO - Started process (PID=98) to work on /home/airflow/.local/lib/python3.12/site-packages/airflow/example_dags/example_latest_only.py
[2024-05-27T01:49:13.752+0000] {processor.py:830} INFO - Processing file /home/airflow/.local/lib/python3.12/site-packages/airflow/example_dags/example_latest_only.py for tasks to queue
[2024-05-27T01:49:13.756+0000] {logging_mixin.py:188} INFO - [2024-05-27T01:49:13.755+0000] {dagbag.py:545} INFO - Filling up the DagBag from /home/airflow/.local/lib/python3.12/site-packages/airflow/example_dags/example_latest_only.py
[2024-05-27T01:49:13.764+0000] {processor.py:840} INFO - DAG(s) 'latest_only' retrieved from /home/airflow/.local/lib/python3.12/site-packages/airflow/example_dags/example_latest_only.py
[2024-05-27T01:49:13.949+0000] {logging_mixin.py:188} INFO - [2024-05-27T01:49:13.949+0000] {dag.py:3096} INFO - Sync 1 DAGs
[2024-05-27T01:49:13.984+0000] {logging_mixin.py:188} INFO - [2024-05-27T01:49:13.984+0000] {dag.py:3954} INFO - Setting next_dagrun for latest_only to 2024-05-26 20:00:00+00:00, run_after=2024-05-27 00:00:00+00:00
[2024-05-27T01:49:14.028+0000] {processor.py:183} INFO - Processing /home/airflow/.local/lib/python3.12/site-packages/airflow/example_dags/example_latest_only.py took 0.293 seconds
[2024-05-27T13:32:46.845+0000] {processor.py:161} INFO - Started process (PID=40) to work on /home/airflow/.local/lib/python3.12/site-packages/airflow/example_dags/example_latest_only.py
[2024-05-27T13:32:46.846+0000] {processor.py:830} INFO - Processing file /home/airflow/.local/lib/python3.12/site-packages/airflow/example_dags/example_latest_only.py for tasks to queue
[2024-05-27T13:32:46.848+0000] {logging_mixin.py:188} INFO - [2024-05-27T13:32:46.847+0000] {dagbag.py:545} INFO - Filling up the DagBag from /home/airflow/.local/lib/python3.12/site-packages/airflow/example_dags/example_latest_only.py
[2024-05-27T13:32:46.857+0000] {processor.py:840} INFO - DAG(s) 'latest_only' retrieved from /home/airflow/.local/lib/python3.12/site-packages/airflow/example_dags/example_latest_only.py
[2024-05-27T13:32:46.882+0000] {logging_mixin.py:188} INFO - [2024-05-27T13:32:46.882+0000] {dag.py:3096} INFO - Sync 1 DAGs
[2024-05-27T13:32:46.912+0000] {logging_mixin.py:188} INFO - [2024-05-27T13:32:46.912+0000] {dag.py:3954} INFO - Setting next_dagrun for latest_only to 2024-05-27 08:00:00+00:00, run_after=2024-05-27 12:00:00+00:00
[2024-05-27T13:32:46.934+0000] {processor.py:183} INFO - Processing /home/airflow/.local/lib/python3.12/site-packages/airflow/example_dags/example_latest_only.py took 0.094 seconds
[2024-05-27T13:33:17.132+0000] {processor.py:161} INFO - Started process (PID=97) to work on /home/airflow/.local/lib/python3.12/site-packages/airflow/example_dags/example_latest_only.py
[2024-05-27T13:33:17.133+0000] {processor.py:830} INFO - Processing file /home/airflow/.local/lib/python3.12/site-packages/airflow/example_dags/example_latest_only.py for tasks to queue
[2024-05-27T13:33:17.136+0000] {logging_mixin.py:188} INFO - [2024-05-27T13:33:17.135+0000] {dagbag.py:545} INFO - Filling up the DagBag from /home/airflow/.local/lib/python3.12/site-packages/airflow/example_dags/example_latest_only.py
[2024-05-27T13:33:17.140+0000] {processor.py:840} INFO - DAG(s) 'latest_only' retrieved from /home/airflow/.local/lib/python3.12/site-packages/airflow/example_dags/example_latest_only.py
[2024-05-27T13:33:17.160+0000] {logging_mixin.py:188} INFO - [2024-05-27T13:33:17.160+0000] {dag.py:3096} INFO - Sync 1 DAGs
[2024-05-27T13:33:17.186+0000] {logging_mixin.py:188} INFO - [2024-05-27T13:33:17.186+0000] {dag.py:3954} INFO - Setting next_dagrun for latest_only to 2024-05-27 08:00:00+00:00, run_after=2024-05-27 12:00:00+00:00
[2024-05-27T13:33:17.205+0000] {processor.py:183} INFO - Processing /home/airflow/.local/lib/python3.12/site-packages/airflow/example_dags/example_latest_only.py took 0.079 seconds
[2024-05-27T14:22:26.679+0000] {processor.py:161} INFO - Started process (PID=31) to work on /home/airflow/.local/lib/python3.12/site-packages/airflow/example_dags/example_latest_only.py
[2024-05-27T14:22:26.692+0000] {processor.py:830} INFO - Processing file /home/airflow/.local/lib/python3.12/site-packages/airflow/example_dags/example_latest_only.py for tasks to queue
[2024-05-27T14:22:26.705+0000] {logging_mixin.py:188} INFO - [2024-05-27T14:22:26.705+0000] {dagbag.py:545} INFO - Filling up the DagBag from /home/airflow/.local/lib/python3.12/site-packages/airflow/example_dags/example_latest_only.py
[2024-05-27T14:22:26.749+0000] {processor.py:840} INFO - DAG(s) 'latest_only' retrieved from /home/airflow/.local/lib/python3.12/site-packages/airflow/example_dags/example_latest_only.py
[2024-05-27T14:22:27.971+0000] {logging_mixin.py:188} INFO - [2024-05-27T14:22:27.968+0000] {override.py:1829} INFO - Created Permission View: can edit on DAG:latest_only
[2024-05-27T14:22:28.022+0000] {logging_mixin.py:188} INFO - [2024-05-27T14:22:28.022+0000] {override.py:1829} INFO - Created Permission View: can delete on DAG:latest_only
[2024-05-27T14:22:28.060+0000] {logging_mixin.py:188} INFO - [2024-05-27T14:22:28.060+0000] {override.py:1829} INFO - Created Permission View: can read on DAG:latest_only
[2024-05-27T14:22:28.066+0000] {logging_mixin.py:188} INFO - [2024-05-27T14:22:28.064+0000] {dag.py:3096} INFO - Sync 1 DAGs
[2024-05-27T14:22:28.132+0000] {logging_mixin.py:188} INFO - [2024-05-27T14:22:28.130+0000] {dag.py:3118} INFO - Creating ORM DAG for latest_only
[2024-05-27T14:22:28.218+0000] {logging_mixin.py:188} INFO - [2024-05-27T14:22:28.218+0000] {dag.py:3954} INFO - Setting next_dagrun for latest_only to 2024-05-27 08:00:00+00:00, run_after=2024-05-27 12:00:00+00:00
[2024-05-27T14:22:28.316+0000] {processor.py:183} INFO - Processing /home/airflow/.local/lib/python3.12/site-packages/airflow/example_dags/example_latest_only.py took 1.699 seconds
[2024-05-27T14:23:02.803+0000] {processor.py:161} INFO - Started process (PID=89) to work on /home/airflow/.local/lib/python3.12/site-packages/airflow/example_dags/example_latest_only.py
[2024-05-27T14:23:02.913+0000] {processor.py:830} INFO - Processing file /home/airflow/.local/lib/python3.12/site-packages/airflow/example_dags/example_latest_only.py for tasks to queue
[2024-05-27T14:23:27.519+0000] {logging_mixin.py:188} INFO - [2024-05-27T14:23:12.384+0000] {dagbag.py:545} INFO - Filling up the DagBag from /home/airflow/.local/lib/python3.12/site-packages/airflow/example_dags/example_latest_only.py
[2024-05-27T14:23:44.069+0000] {processor.py:840} INFO - DAG(s) 'latest_only' retrieved from /home/airflow/.local/lib/python3.12/site-packages/airflow/example_dags/example_latest_only.py
[2024-05-27T14:25:49.335+0000] {processor.py:161} INFO - Started process (PID=98) to work on /home/airflow/.local/lib/python3.12/site-packages/airflow/example_dags/example_latest_only.py
[2024-05-27T14:25:49.508+0000] {processor.py:830} INFO - Processing file /home/airflow/.local/lib/python3.12/site-packages/airflow/example_dags/example_latest_only.py for tasks to queue
[2024-05-27T14:25:49.800+0000] {logging_mixin.py:188} INFO - [2024-05-27T14:25:49.644+0000] {dagbag.py:545} INFO - Filling up the DagBag from /home/airflow/.local/lib/python3.12/site-packages/airflow/example_dags/example_latest_only.py
[2024-05-27T14:26:04.554+0000] {processor.py:840} INFO - DAG(s) 'latest_only' retrieved from /home/airflow/.local/lib/python3.12/site-packages/airflow/example_dags/example_latest_only.py
[2024-05-27T14:26:51.976+0000] {processor.py:161} INFO - Started process (PID=161) to work on /home/airflow/.local/lib/python3.12/site-packages/airflow/example_dags/example_latest_only.py
[2024-05-27T14:26:51.977+0000] {processor.py:830} INFO - Processing file /home/airflow/.local/lib/python3.12/site-packages/airflow/example_dags/example_latest_only.py for tasks to queue
[2024-05-27T14:26:51.978+0000] {logging_mixin.py:188} INFO - [2024-05-27T14:26:51.978+0000] {dagbag.py:545} INFO - Filling up the DagBag from /home/airflow/.local/lib/python3.12/site-packages/airflow/example_dags/example_latest_only.py
[2024-05-27T14:26:51.986+0000] {processor.py:840} INFO - DAG(s) 'latest_only' retrieved from /home/airflow/.local/lib/python3.12/site-packages/airflow/example_dags/example_latest_only.py
[2024-05-27T14:26:52.182+0000] {logging_mixin.py:188} INFO - [2024-05-27T14:26:52.182+0000] {dag.py:3096} INFO - Sync 1 DAGs
[2024-05-27T14:26:52.208+0000] {logging_mixin.py:188} INFO - [2024-05-27T14:26:52.208+0000] {dag.py:3954} INFO - Setting next_dagrun for latest_only to 2024-05-27 08:00:00+00:00, run_after=2024-05-27 12:00:00+00:00
[2024-05-27T14:26:52.228+0000] {processor.py:183} INFO - Processing /home/airflow/.local/lib/python3.12/site-packages/airflow/example_dags/example_latest_only.py took 0.262 seconds
[2024-05-27T17:32:24.395+0000] {processor.py:161} INFO - Started process (PID=28) to work on /home/airflow/.local/lib/python3.12/site-packages/airflow/example_dags/example_latest_only.py
[2024-05-27T17:32:24.395+0000] {processor.py:830} INFO - Processing file /home/airflow/.local/lib/python3.12/site-packages/airflow/example_dags/example_latest_only.py for tasks to queue
[2024-05-27T17:32:24.400+0000] {logging_mixin.py:188} INFO - [2024-05-27T17:32:24.400+0000] {dagbag.py:545} INFO - Filling up the DagBag from /home/airflow/.local/lib/python3.12/site-packages/airflow/example_dags/example_latest_only.py
[2024-05-27T17:32:24.409+0000] {processor.py:840} INFO - DAG(s) 'latest_only' retrieved from /home/airflow/.local/lib/python3.12/site-packages/airflow/example_dags/example_latest_only.py
[2024-05-27T17:32:24.439+0000] {logging_mixin.py:188} INFO - [2024-05-27T17:32:24.438+0000] {dag.py:3096} INFO - Sync 1 DAGs
[2024-05-27T17:32:24.465+0000] {logging_mixin.py:188} INFO - [2024-05-27T17:32:24.465+0000] {dag.py:3954} INFO - Setting next_dagrun for latest_only to 2024-05-27 12:00:00+00:00, run_after=2024-05-27 16:00:00+00:00
[2024-05-27T17:32:24.484+0000] {processor.py:183} INFO - Processing /home/airflow/.local/lib/python3.12/site-packages/airflow/example_dags/example_latest_only.py took 0.100 seconds
[2024-05-27T17:32:54.874+0000] {processor.py:161} INFO - Started process (PID=86) to work on /home/airflow/.local/lib/python3.12/site-packages/airflow/example_dags/example_latest_only.py
[2024-05-27T17:32:54.875+0000] {processor.py:830} INFO - Processing file /home/airflow/.local/lib/python3.12/site-packages/airflow/example_dags/example_latest_only.py for tasks to queue
[2024-05-27T17:32:54.877+0000] {logging_mixin.py:188} INFO - [2024-05-27T17:32:54.876+0000] {dagbag.py:545} INFO - Filling up the DagBag from /home/airflow/.local/lib/python3.12/site-packages/airflow/example_dags/example_latest_only.py
[2024-05-27T17:32:54.882+0000] {processor.py:840} INFO - DAG(s) 'latest_only' retrieved from /home/airflow/.local/lib/python3.12/site-packages/airflow/example_dags/example_latest_only.py
[2024-05-27T17:32:55.069+0000] {logging_mixin.py:188} INFO - [2024-05-27T17:32:55.069+0000] {dag.py:3096} INFO - Sync 1 DAGs
[2024-05-27T17:32:55.085+0000] {logging_mixin.py:188} INFO - [2024-05-27T17:32:55.085+0000] {dag.py:3954} INFO - Setting next_dagrun for latest_only to 2024-05-27 12:00:00+00:00, run_after=2024-05-27 16:00:00+00:00
[2024-05-27T17:32:55.101+0000] {processor.py:183} INFO - Processing /home/airflow/.local/lib/python3.12/site-packages/airflow/example_dags/example_latest_only.py took 0.234 seconds
[2024-05-27T17:33:25.188+0000] {processor.py:161} INFO - Started process (PID=144) to work on /home/airflow/.local/lib/python3.12/site-packages/airflow/example_dags/example_latest_only.py
[2024-05-27T17:33:25.189+0000] {processor.py:830} INFO - Processing file /home/airflow/.local/lib/python3.12/site-packages/airflow/example_dags/example_latest_only.py for tasks to queue
[2024-05-27T17:33:25.191+0000] {logging_mixin.py:188} INFO - [2024-05-27T17:33:25.190+0000] {dagbag.py:545} INFO - Filling up the DagBag from /home/airflow/.local/lib/python3.12/site-packages/airflow/example_dags/example_latest_only.py
[2024-05-27T17:33:25.195+0000] {processor.py:840} INFO - DAG(s) 'latest_only' retrieved from /home/airflow/.local/lib/python3.12/site-packages/airflow/example_dags/example_latest_only.py
[2024-05-27T17:33:25.244+0000] {logging_mixin.py:188} INFO - [2024-05-27T17:33:25.243+0000] {dag.py:3096} INFO - Sync 1 DAGs
[2024-05-27T17:33:25.279+0000] {logging_mixin.py:188} INFO - [2024-05-27T17:33:25.278+0000] {dag.py:3954} INFO - Setting next_dagrun for latest_only to 2024-05-27 12:00:00+00:00, run_after=2024-05-27 16:00:00+00:00
[2024-05-27T17:33:25.307+0000] {processor.py:183} INFO - Processing /home/airflow/.local/lib/python3.12/site-packages/airflow/example_dags/example_latest_only.py took 0.128 seconds
[2024-05-27T17:33:55.419+0000] {processor.py:161} INFO - Started process (PID=202) to work on /home/airflow/.local/lib/python3.12/site-packages/airflow/example_dags/example_latest_only.py
[2024-05-27T17:33:55.420+0000] {processor.py:830} INFO - Processing file /home/airflow/.local/lib/python3.12/site-packages/airflow/example_dags/example_latest_only.py for tasks to queue
[2024-05-27T17:33:55.421+0000] {logging_mixin.py:188} INFO - [2024-05-27T17:33:55.421+0000] {dagbag.py:545} INFO - Filling up the DagBag from /home/airflow/.local/lib/python3.12/site-packages/airflow/example_dags/example_latest_only.py
[2024-05-27T17:33:55.426+0000] {processor.py:840} INFO - DAG(s) 'latest_only' retrieved from /home/airflow/.local/lib/python3.12/site-packages/airflow/example_dags/example_latest_only.py
[2024-05-27T17:33:55.452+0000] {logging_mixin.py:188} INFO - [2024-05-27T17:33:55.452+0000] {dag.py:3096} INFO - Sync 1 DAGs
[2024-05-27T17:33:55.476+0000] {logging_mixin.py:188} INFO - [2024-05-27T17:33:55.476+0000] {dag.py:3954} INFO - Setting next_dagrun for latest_only to 2024-05-27 12:00:00+00:00, run_after=2024-05-27 16:00:00+00:00
[2024-05-27T17:33:55.497+0000] {processor.py:183} INFO - Processing /home/airflow/.local/lib/python3.12/site-packages/airflow/example_dags/example_latest_only.py took 0.083 seconds
[2024-05-27T17:34:25.559+0000] {processor.py:161} INFO - Started process (PID=260) to work on /home/airflow/.local/lib/python3.12/site-packages/airflow/example_dags/example_latest_only.py
[2024-05-27T17:34:25.560+0000] {processor.py:830} INFO - Processing file /home/airflow/.local/lib/python3.12/site-packages/airflow/example_dags/example_latest_only.py for tasks to queue
[2024-05-27T17:34:25.563+0000] {logging_mixin.py:188} INFO - [2024-05-27T17:34:25.562+0000] {dagbag.py:545} INFO - Filling up the DagBag from /home/airflow/.local/lib/python3.12/site-packages/airflow/example_dags/example_latest_only.py
[2024-05-27T17:34:25.569+0000] {processor.py:840} INFO - DAG(s) 'latest_only' retrieved from /home/airflow/.local/lib/python3.12/site-packages/airflow/example_dags/example_latest_only.py
[2024-05-27T17:34:25.586+0000] {logging_mixin.py:188} INFO - [2024-05-27T17:34:25.586+0000] {dag.py:3096} INFO - Sync 1 DAGs
[2024-05-27T17:34:25.609+0000] {logging_mixin.py:188} INFO - [2024-05-27T17:34:25.608+0000] {dag.py:3954} INFO - Setting next_dagrun for latest_only to 2024-05-27 12:00:00+00:00, run_after=2024-05-27 16:00:00+00:00
[2024-05-27T17:34:25.629+0000] {processor.py:183} INFO - Processing /home/airflow/.local/lib/python3.12/site-packages/airflow/example_dags/example_latest_only.py took 0.083 seconds
[2024-05-27T17:34:55.686+0000] {processor.py:161} INFO - Started process (PID=318) to work on /home/airflow/.local/lib/python3.12/site-packages/airflow/example_dags/example_latest_only.py
[2024-05-27T17:34:55.689+0000] {processor.py:830} INFO - Processing file /home/airflow/.local/lib/python3.12/site-packages/airflow/example_dags/example_latest_only.py for tasks to queue
[2024-05-27T17:34:55.691+0000] {logging_mixin.py:188} INFO - [2024-05-27T17:34:55.691+0000] {dagbag.py:545} INFO - Filling up the DagBag from /home/airflow/.local/lib/python3.12/site-packages/airflow/example_dags/example_latest_only.py
[2024-05-27T17:34:55.696+0000] {processor.py:840} INFO - DAG(s) 'latest_only' retrieved from /home/airflow/.local/lib/python3.12/site-packages/airflow/example_dags/example_latest_only.py
[2024-05-27T17:34:55.713+0000] {logging_mixin.py:188} INFO - [2024-05-27T17:34:55.712+0000] {dag.py:3096} INFO - Sync 1 DAGs
[2024-05-27T17:34:55.738+0000] {logging_mixin.py:188} INFO - [2024-05-27T17:34:55.737+0000] {dag.py:3954} INFO - Setting next_dagrun for latest_only to 2024-05-27 12:00:00+00:00, run_after=2024-05-27 16:00:00+00:00
[2024-05-27T17:34:55.756+0000] {processor.py:183} INFO - Processing /home/airflow/.local/lib/python3.12/site-packages/airflow/example_dags/example_latest_only.py took 0.078 seconds
[2024-05-27T17:35:25.841+0000] {processor.py:161} INFO - Started process (PID=376) to work on /home/airflow/.local/lib/python3.12/site-packages/airflow/example_dags/example_latest_only.py
[2024-05-27T17:35:25.843+0000] {processor.py:830} INFO - Processing file /home/airflow/.local/lib/python3.12/site-packages/airflow/example_dags/example_latest_only.py for tasks to queue
[2024-05-27T17:35:25.845+0000] {logging_mixin.py:188} INFO - [2024-05-27T17:35:25.845+0000] {dagbag.py:545} INFO - Filling up the DagBag from /home/airflow/.local/lib/python3.12/site-packages/airflow/example_dags/example_latest_only.py
[2024-05-27T17:35:25.851+0000] {processor.py:840} INFO - DAG(s) 'latest_only' retrieved from /home/airflow/.local/lib/python3.12/site-packages/airflow/example_dags/example_latest_only.py
[2024-05-27T17:35:25.869+0000] {logging_mixin.py:188} INFO - [2024-05-27T17:35:25.868+0000] {dag.py:3096} INFO - Sync 1 DAGs
[2024-05-27T17:35:25.889+0000] {logging_mixin.py:188} INFO - [2024-05-27T17:35:25.888+0000] {dag.py:3954} INFO - Setting next_dagrun for latest_only to 2024-05-27 12:00:00+00:00, run_after=2024-05-27 16:00:00+00:00
[2024-05-27T17:35:25.908+0000] {processor.py:183} INFO - Processing /home/airflow/.local/lib/python3.12/site-packages/airflow/example_dags/example_latest_only.py took 0.077 seconds
[2024-05-27T17:35:56.553+0000] {processor.py:161} INFO - Started process (PID=439) to work on /home/airflow/.local/lib/python3.12/site-packages/airflow/example_dags/example_latest_only.py
[2024-05-27T17:35:56.554+0000] {processor.py:830} INFO - Processing file /home/airflow/.local/lib/python3.12/site-packages/airflow/example_dags/example_latest_only.py for tasks to queue
[2024-05-27T17:35:56.556+0000] {logging_mixin.py:188} INFO - [2024-05-27T17:35:56.555+0000] {dagbag.py:545} INFO - Filling up the DagBag from /home/airflow/.local/lib/python3.12/site-packages/airflow/example_dags/example_latest_only.py
[2024-05-27T17:35:56.561+0000] {processor.py:840} INFO - DAG(s) 'latest_only' retrieved from /home/airflow/.local/lib/python3.12/site-packages/airflow/example_dags/example_latest_only.py
[2024-05-27T17:35:56.584+0000] {logging_mixin.py:188} INFO - [2024-05-27T17:35:56.584+0000] {dag.py:3096} INFO - Sync 1 DAGs
[2024-05-27T17:35:56.607+0000] {logging_mixin.py:188} INFO - [2024-05-27T17:35:56.607+0000] {dag.py:3954} INFO - Setting next_dagrun for latest_only to 2024-05-27 12:00:00+00:00, run_after=2024-05-27 16:00:00+00:00
[2024-05-27T17:35:56.625+0000] {processor.py:183} INFO - Processing /home/airflow/.local/lib/python3.12/site-packages/airflow/example_dags/example_latest_only.py took 0.079 seconds
[2024-05-27T17:36:27.344+0000] {processor.py:161} INFO - Started process (PID=497) to work on /home/airflow/.local/lib/python3.12/site-packages/airflow/example_dags/example_latest_only.py
[2024-05-27T17:36:27.345+0000] {processor.py:830} INFO - Processing file /home/airflow/.local/lib/python3.12/site-packages/airflow/example_dags/example_latest_only.py for tasks to queue
[2024-05-27T17:36:27.347+0000] {logging_mixin.py:188} INFO - [2024-05-27T17:36:27.347+0000] {dagbag.py:545} INFO - Filling up the DagBag from /home/airflow/.local/lib/python3.12/site-packages/airflow/example_dags/example_latest_only.py
[2024-05-27T17:36:27.352+0000] {processor.py:840} INFO - DAG(s) 'latest_only' retrieved from /home/airflow/.local/lib/python3.12/site-packages/airflow/example_dags/example_latest_only.py
[2024-05-27T17:36:27.369+0000] {logging_mixin.py:188} INFO - [2024-05-27T17:36:27.369+0000] {dag.py:3096} INFO - Sync 1 DAGs
[2024-05-27T17:36:27.390+0000] {logging_mixin.py:188} INFO - [2024-05-27T17:36:27.390+0000] {dag.py:3954} INFO - Setting next_dagrun for latest_only to 2024-05-27 12:00:00+00:00, run_after=2024-05-27 16:00:00+00:00
[2024-05-27T17:36:27.410+0000] {processor.py:183} INFO - Processing /home/airflow/.local/lib/python3.12/site-packages/airflow/example_dags/example_latest_only.py took 0.073 seconds
[2024-05-27T17:36:58.165+0000] {processor.py:161} INFO - Started process (PID=554) to work on /home/airflow/.local/lib/python3.12/site-packages/airflow/example_dags/example_latest_only.py
[2024-05-27T17:36:58.166+0000] {processor.py:830} INFO - Processing file /home/airflow/.local/lib/python3.12/site-packages/airflow/example_dags/example_latest_only.py for tasks to queue
[2024-05-27T17:36:58.167+0000] {logging_mixin.py:188} INFO - [2024-05-27T17:36:58.167+0000] {dagbag.py:545} INFO - Filling up the DagBag from /home/airflow/.local/lib/python3.12/site-packages/airflow/example_dags/example_latest_only.py
[2024-05-27T17:36:58.172+0000] {processor.py:840} INFO - DAG(s) 'latest_only' retrieved from /home/airflow/.local/lib/python3.12/site-packages/airflow/example_dags/example_latest_only.py
[2024-05-27T17:36:58.196+0000] {logging_mixin.py:188} INFO - [2024-05-27T17:36:58.196+0000] {dag.py:3096} INFO - Sync 1 DAGs
[2024-05-27T17:36:58.224+0000] {logging_mixin.py:188} INFO - [2024-05-27T17:36:58.223+0000] {dag.py:3954} INFO - Setting next_dagrun for latest_only to 2024-05-27 12:00:00+00:00, run_after=2024-05-27 16:00:00+00:00
[2024-05-27T17:36:58.250+0000] {processor.py:183} INFO - Processing /home/airflow/.local/lib/python3.12/site-packages/airflow/example_dags/example_latest_only.py took 0.092 seconds
[2024-05-27T17:38:13.092+0000] {processor.py:161} INFO - Started process (PID=26) to work on /home/airflow/.local/lib/python3.12/site-packages/airflow/example_dags/example_latest_only.py
[2024-05-27T17:38:13.094+0000] {processor.py:830} INFO - Processing file /home/airflow/.local/lib/python3.12/site-packages/airflow/example_dags/example_latest_only.py for tasks to queue
[2024-05-27T17:38:13.096+0000] {logging_mixin.py:188} INFO - [2024-05-27T17:38:13.096+0000] {dagbag.py:545} INFO - Filling up the DagBag from /home/airflow/.local/lib/python3.12/site-packages/airflow/example_dags/example_latest_only.py
[2024-05-27T17:38:13.112+0000] {processor.py:840} INFO - DAG(s) 'latest_only' retrieved from /home/airflow/.local/lib/python3.12/site-packages/airflow/example_dags/example_latest_only.py
[2024-05-27T17:38:13.137+0000] {logging_mixin.py:188} INFO - [2024-05-27T17:38:13.137+0000] {dag.py:3096} INFO - Sync 1 DAGs
[2024-05-27T17:38:13.161+0000] {logging_mixin.py:188} INFO - [2024-05-27T17:38:13.161+0000] {dag.py:3954} INFO - Setting next_dagrun for latest_only to 2024-05-27 12:00:00+00:00, run_after=2024-05-27 16:00:00+00:00
[2024-05-27T17:38:13.183+0000] {processor.py:183} INFO - Processing /home/airflow/.local/lib/python3.12/site-packages/airflow/example_dags/example_latest_only.py took 0.097 seconds
[2024-05-27T17:38:43.435+0000] {processor.py:161} INFO - Started process (PID=84) to work on /home/airflow/.local/lib/python3.12/site-packages/airflow/example_dags/example_latest_only.py
[2024-05-27T17:38:43.436+0000] {processor.py:830} INFO - Processing file /home/airflow/.local/lib/python3.12/site-packages/airflow/example_dags/example_latest_only.py for tasks to queue
[2024-05-27T17:38:43.439+0000] {logging_mixin.py:188} INFO - [2024-05-27T17:38:43.438+0000] {dagbag.py:545} INFO - Filling up the DagBag from /home/airflow/.local/lib/python3.12/site-packages/airflow/example_dags/example_latest_only.py
[2024-05-27T17:38:43.445+0000] {processor.py:840} INFO - DAG(s) 'latest_only' retrieved from /home/airflow/.local/lib/python3.12/site-packages/airflow/example_dags/example_latest_only.py
[2024-05-27T17:38:43.540+0000] {logging_mixin.py:188} INFO - [2024-05-27T17:38:43.540+0000] {dag.py:3096} INFO - Sync 1 DAGs
[2024-05-27T17:38:43.560+0000] {logging_mixin.py:188} INFO - [2024-05-27T17:38:43.560+0000] {dag.py:3954} INFO - Setting next_dagrun for latest_only to 2024-05-27 12:00:00+00:00, run_after=2024-05-27 16:00:00+00:00
[2024-05-27T17:38:43.581+0000] {processor.py:183} INFO - Processing /home/airflow/.local/lib/python3.12/site-packages/airflow/example_dags/example_latest_only.py took 0.156 seconds
