[2024-05-27T01:38:36.471+0000] {processor.py:161} INFO - Started process (PID=51) to work on /home/airflow/.local/lib/python3.12/site-packages/airflow/example_dags/example_complex.py
[2024-05-27T01:38:36.472+0000] {processor.py:830} INFO - Processing file /home/airflow/.local/lib/python3.12/site-packages/airflow/example_dags/example_complex.py for tasks to queue
[2024-05-27T01:38:36.475+0000] {logging_mixin.py:188} INFO - [2024-05-27T01:38:36.475+0000] {dagbag.py:545} INFO - Filling up the DagBag from /home/airflow/.local/lib/python3.12/site-packages/airflow/example_dags/example_complex.py
[2024-05-27T01:38:36.492+0000] {processor.py:840} INFO - DAG(s) 'example_complex' retrieved from /home/airflow/.local/lib/python3.12/site-packages/airflow/example_dags/example_complex.py
[2024-05-27T01:38:36.508+0000] {logging_mixin.py:188} INFO - [2024-05-27T01:38:36.507+0000] {dag.py:3096} INFO - Sync 1 DAGs
[2024-05-27T01:38:36.526+0000] {logging_mixin.py:188} INFO - [2024-05-27T01:38:36.526+0000] {dag.py:3954} INFO - Setting next_dagrun for example_complex to None, run_after=None
[2024-05-27T01:38:36.549+0000] {processor.py:183} INFO - Processing /home/airflow/.local/lib/python3.12/site-packages/airflow/example_dags/example_complex.py took 0.086 seconds
[2024-05-27T01:39:07.257+0000] {processor.py:161} INFO - Started process (PID=109) to work on /home/airflow/.local/lib/python3.12/site-packages/airflow/example_dags/example_complex.py
[2024-05-27T01:39:07.258+0000] {processor.py:830} INFO - Processing file /home/airflow/.local/lib/python3.12/site-packages/airflow/example_dags/example_complex.py for tasks to queue
[2024-05-27T01:39:07.260+0000] {logging_mixin.py:188} INFO - [2024-05-27T01:39:07.259+0000] {dagbag.py:545} INFO - Filling up the DagBag from /home/airflow/.local/lib/python3.12/site-packages/airflow/example_dags/example_complex.py
[2024-05-27T01:39:07.269+0000] {processor.py:840} INFO - DAG(s) 'example_complex' retrieved from /home/airflow/.local/lib/python3.12/site-packages/airflow/example_dags/example_complex.py
[2024-05-27T01:39:07.373+0000] {logging_mixin.py:188} INFO - [2024-05-27T01:39:07.372+0000] {dag.py:3096} INFO - Sync 1 DAGs
[2024-05-27T01:39:07.385+0000] {logging_mixin.py:188} INFO - [2024-05-27T01:39:07.385+0000] {dag.py:3954} INFO - Setting next_dagrun for example_complex to None, run_after=None
[2024-05-27T01:39:07.403+0000] {processor.py:183} INFO - Processing /home/airflow/.local/lib/python3.12/site-packages/airflow/example_dags/example_complex.py took 0.150 seconds
[2024-05-27T01:39:38.226+0000] {processor.py:161} INFO - Started process (PID=167) to work on /home/airflow/.local/lib/python3.12/site-packages/airflow/example_dags/example_complex.py
[2024-05-27T01:39:38.227+0000] {processor.py:830} INFO - Processing file /home/airflow/.local/lib/python3.12/site-packages/airflow/example_dags/example_complex.py for tasks to queue
[2024-05-27T01:39:38.229+0000] {logging_mixin.py:188} INFO - [2024-05-27T01:39:38.229+0000] {dagbag.py:545} INFO - Filling up the DagBag from /home/airflow/.local/lib/python3.12/site-packages/airflow/example_dags/example_complex.py
[2024-05-27T01:39:38.239+0000] {processor.py:840} INFO - DAG(s) 'example_complex' retrieved from /home/airflow/.local/lib/python3.12/site-packages/airflow/example_dags/example_complex.py
[2024-05-27T01:39:38.267+0000] {logging_mixin.py:188} INFO - [2024-05-27T01:39:38.267+0000] {dag.py:3096} INFO - Sync 1 DAGs
[2024-05-27T01:39:38.281+0000] {logging_mixin.py:188} INFO - [2024-05-27T01:39:38.281+0000] {dag.py:3954} INFO - Setting next_dagrun for example_complex to None, run_after=None
[2024-05-27T01:39:38.301+0000] {processor.py:183} INFO - Processing /home/airflow/.local/lib/python3.12/site-packages/airflow/example_dags/example_complex.py took 0.082 seconds
[2024-05-27T01:40:08.390+0000] {processor.py:161} INFO - Started process (PID=225) to work on /home/airflow/.local/lib/python3.12/site-packages/airflow/example_dags/example_complex.py
[2024-05-27T01:40:08.391+0000] {processor.py:830} INFO - Processing file /home/airflow/.local/lib/python3.12/site-packages/airflow/example_dags/example_complex.py for tasks to queue
[2024-05-27T01:40:08.393+0000] {logging_mixin.py:188} INFO - [2024-05-27T01:40:08.392+0000] {dagbag.py:545} INFO - Filling up the DagBag from /home/airflow/.local/lib/python3.12/site-packages/airflow/example_dags/example_complex.py
[2024-05-27T01:40:08.403+0000] {processor.py:840} INFO - DAG(s) 'example_complex' retrieved from /home/airflow/.local/lib/python3.12/site-packages/airflow/example_dags/example_complex.py
[2024-05-27T01:40:08.434+0000] {logging_mixin.py:188} INFO - [2024-05-27T01:40:08.433+0000] {dag.py:3096} INFO - Sync 1 DAGs
[2024-05-27T01:40:08.447+0000] {logging_mixin.py:188} INFO - [2024-05-27T01:40:08.446+0000] {dag.py:3954} INFO - Setting next_dagrun for example_complex to None, run_after=None
[2024-05-27T01:40:08.464+0000] {processor.py:183} INFO - Processing /home/airflow/.local/lib/python3.12/site-packages/airflow/example_dags/example_complex.py took 0.080 seconds
[2024-05-27T01:40:38.599+0000] {processor.py:161} INFO - Started process (PID=283) to work on /home/airflow/.local/lib/python3.12/site-packages/airflow/example_dags/example_complex.py
[2024-05-27T01:40:38.600+0000] {processor.py:830} INFO - Processing file /home/airflow/.local/lib/python3.12/site-packages/airflow/example_dags/example_complex.py for tasks to queue
[2024-05-27T01:40:38.602+0000] {logging_mixin.py:188} INFO - [2024-05-27T01:40:38.601+0000] {dagbag.py:545} INFO - Filling up the DagBag from /home/airflow/.local/lib/python3.12/site-packages/airflow/example_dags/example_complex.py
[2024-05-27T01:40:38.611+0000] {processor.py:840} INFO - DAG(s) 'example_complex' retrieved from /home/airflow/.local/lib/python3.12/site-packages/airflow/example_dags/example_complex.py
[2024-05-27T01:40:38.641+0000] {logging_mixin.py:188} INFO - [2024-05-27T01:40:38.641+0000] {dag.py:3096} INFO - Sync 1 DAGs
[2024-05-27T01:40:38.654+0000] {logging_mixin.py:188} INFO - [2024-05-27T01:40:38.653+0000] {dag.py:3954} INFO - Setting next_dagrun for example_complex to None, run_after=None
[2024-05-27T01:40:38.672+0000] {processor.py:183} INFO - Processing /home/airflow/.local/lib/python3.12/site-packages/airflow/example_dags/example_complex.py took 0.078 seconds
[2024-05-27T01:41:08.772+0000] {processor.py:161} INFO - Started process (PID=341) to work on /home/airflow/.local/lib/python3.12/site-packages/airflow/example_dags/example_complex.py
[2024-05-27T01:41:08.773+0000] {processor.py:830} INFO - Processing file /home/airflow/.local/lib/python3.12/site-packages/airflow/example_dags/example_complex.py for tasks to queue
[2024-05-27T01:41:08.775+0000] {logging_mixin.py:188} INFO - [2024-05-27T01:41:08.775+0000] {dagbag.py:545} INFO - Filling up the DagBag from /home/airflow/.local/lib/python3.12/site-packages/airflow/example_dags/example_complex.py
[2024-05-27T01:41:08.786+0000] {processor.py:840} INFO - DAG(s) 'example_complex' retrieved from /home/airflow/.local/lib/python3.12/site-packages/airflow/example_dags/example_complex.py
[2024-05-27T01:41:08.816+0000] {logging_mixin.py:188} INFO - [2024-05-27T01:41:08.816+0000] {dag.py:3096} INFO - Sync 1 DAGs
[2024-05-27T01:41:08.829+0000] {logging_mixin.py:188} INFO - [2024-05-27T01:41:08.829+0000] {dag.py:3954} INFO - Setting next_dagrun for example_complex to None, run_after=None
[2024-05-27T01:41:08.849+0000] {processor.py:183} INFO - Processing /home/airflow/.local/lib/python3.12/site-packages/airflow/example_dags/example_complex.py took 0.082 seconds
[2024-05-27T01:41:39.228+0000] {processor.py:161} INFO - Started process (PID=399) to work on /home/airflow/.local/lib/python3.12/site-packages/airflow/example_dags/example_complex.py
[2024-05-27T01:41:39.229+0000] {processor.py:830} INFO - Processing file /home/airflow/.local/lib/python3.12/site-packages/airflow/example_dags/example_complex.py for tasks to queue
[2024-05-27T01:41:39.231+0000] {logging_mixin.py:188} INFO - [2024-05-27T01:41:39.230+0000] {dagbag.py:545} INFO - Filling up the DagBag from /home/airflow/.local/lib/python3.12/site-packages/airflow/example_dags/example_complex.py
[2024-05-27T01:41:39.241+0000] {processor.py:840} INFO - DAG(s) 'example_complex' retrieved from /home/airflow/.local/lib/python3.12/site-packages/airflow/example_dags/example_complex.py
[2024-05-27T01:41:39.274+0000] {logging_mixin.py:188} INFO - [2024-05-27T01:41:39.274+0000] {dag.py:3096} INFO - Sync 1 DAGs
[2024-05-27T01:41:39.288+0000] {logging_mixin.py:188} INFO - [2024-05-27T01:41:39.287+0000] {dag.py:3954} INFO - Setting next_dagrun for example_complex to None, run_after=None
[2024-05-27T01:41:39.319+0000] {processor.py:183} INFO - Processing /home/airflow/.local/lib/python3.12/site-packages/airflow/example_dags/example_complex.py took 0.098 seconds
[2024-05-27T01:42:09.629+0000] {processor.py:161} INFO - Started process (PID=457) to work on /home/airflow/.local/lib/python3.12/site-packages/airflow/example_dags/example_complex.py
[2024-05-27T01:42:09.630+0000] {processor.py:830} INFO - Processing file /home/airflow/.local/lib/python3.12/site-packages/airflow/example_dags/example_complex.py for tasks to queue
[2024-05-27T01:42:09.632+0000] {logging_mixin.py:188} INFO - [2024-05-27T01:42:09.631+0000] {dagbag.py:545} INFO - Filling up the DagBag from /home/airflow/.local/lib/python3.12/site-packages/airflow/example_dags/example_complex.py
[2024-05-27T01:42:09.643+0000] {processor.py:840} INFO - DAG(s) 'example_complex' retrieved from /home/airflow/.local/lib/python3.12/site-packages/airflow/example_dags/example_complex.py
[2024-05-27T01:42:09.677+0000] {logging_mixin.py:188} INFO - [2024-05-27T01:42:09.676+0000] {dag.py:3096} INFO - Sync 1 DAGs
[2024-05-27T01:42:09.691+0000] {logging_mixin.py:188} INFO - [2024-05-27T01:42:09.690+0000] {dag.py:3954} INFO - Setting next_dagrun for example_complex to None, run_after=None
[2024-05-27T01:42:09.711+0000] {processor.py:183} INFO - Processing /home/airflow/.local/lib/python3.12/site-packages/airflow/example_dags/example_complex.py took 0.088 seconds
[2024-05-27T01:42:40.426+0000] {processor.py:161} INFO - Started process (PID=515) to work on /home/airflow/.local/lib/python3.12/site-packages/airflow/example_dags/example_complex.py
[2024-05-27T01:42:40.429+0000] {processor.py:830} INFO - Processing file /home/airflow/.local/lib/python3.12/site-packages/airflow/example_dags/example_complex.py for tasks to queue
[2024-05-27T01:42:40.433+0000] {logging_mixin.py:188} INFO - [2024-05-27T01:42:40.432+0000] {dagbag.py:545} INFO - Filling up the DagBag from /home/airflow/.local/lib/python3.12/site-packages/airflow/example_dags/example_complex.py
[2024-05-27T01:42:40.446+0000] {processor.py:840} INFO - DAG(s) 'example_complex' retrieved from /home/airflow/.local/lib/python3.12/site-packages/airflow/example_dags/example_complex.py
[2024-05-27T01:42:40.489+0000] {logging_mixin.py:188} INFO - [2024-05-27T01:42:40.489+0000] {dag.py:3096} INFO - Sync 1 DAGs
[2024-05-27T01:42:40.506+0000] {logging_mixin.py:188} INFO - [2024-05-27T01:42:40.506+0000] {dag.py:3954} INFO - Setting next_dagrun for example_complex to None, run_after=None
[2024-05-27T01:42:40.529+0000] {processor.py:183} INFO - Processing /home/airflow/.local/lib/python3.12/site-packages/airflow/example_dags/example_complex.py took 0.108 seconds
[2024-05-27T01:43:10.671+0000] {processor.py:161} INFO - Started process (PID=573) to work on /home/airflow/.local/lib/python3.12/site-packages/airflow/example_dags/example_complex.py
[2024-05-27T01:43:10.672+0000] {processor.py:830} INFO - Processing file /home/airflow/.local/lib/python3.12/site-packages/airflow/example_dags/example_complex.py for tasks to queue
[2024-05-27T01:43:10.674+0000] {logging_mixin.py:188} INFO - [2024-05-27T01:43:10.673+0000] {dagbag.py:545} INFO - Filling up the DagBag from /home/airflow/.local/lib/python3.12/site-packages/airflow/example_dags/example_complex.py
[2024-05-27T01:43:10.693+0000] {processor.py:840} INFO - DAG(s) 'example_complex' retrieved from /home/airflow/.local/lib/python3.12/site-packages/airflow/example_dags/example_complex.py
[2024-05-27T01:43:10.735+0000] {logging_mixin.py:188} INFO - [2024-05-27T01:43:10.734+0000] {dag.py:3096} INFO - Sync 1 DAGs
[2024-05-27T01:43:10.752+0000] {logging_mixin.py:188} INFO - [2024-05-27T01:43:10.751+0000] {dag.py:3954} INFO - Setting next_dagrun for example_complex to None, run_after=None
[2024-05-27T01:43:10.787+0000] {processor.py:183} INFO - Processing /home/airflow/.local/lib/python3.12/site-packages/airflow/example_dags/example_complex.py took 0.126 seconds
[2024-05-27T01:43:41.469+0000] {processor.py:161} INFO - Started process (PID=631) to work on /home/airflow/.local/lib/python3.12/site-packages/airflow/example_dags/example_complex.py
[2024-05-27T01:43:41.470+0000] {processor.py:830} INFO - Processing file /home/airflow/.local/lib/python3.12/site-packages/airflow/example_dags/example_complex.py for tasks to queue
[2024-05-27T01:43:41.475+0000] {logging_mixin.py:188} INFO - [2024-05-27T01:43:41.474+0000] {dagbag.py:545} INFO - Filling up the DagBag from /home/airflow/.local/lib/python3.12/site-packages/airflow/example_dags/example_complex.py
[2024-05-27T01:43:41.490+0000] {processor.py:840} INFO - DAG(s) 'example_complex' retrieved from /home/airflow/.local/lib/python3.12/site-packages/airflow/example_dags/example_complex.py
[2024-05-27T01:43:41.531+0000] {logging_mixin.py:188} INFO - [2024-05-27T01:43:41.531+0000] {dag.py:3096} INFO - Sync 1 DAGs
[2024-05-27T01:43:41.548+0000] {logging_mixin.py:188} INFO - [2024-05-27T01:43:41.547+0000] {dag.py:3954} INFO - Setting next_dagrun for example_complex to None, run_after=None
[2024-05-27T01:43:41.568+0000] {processor.py:183} INFO - Processing /home/airflow/.local/lib/python3.12/site-packages/airflow/example_dags/example_complex.py took 0.105 seconds
[2024-05-27T01:44:11.921+0000] {processor.py:161} INFO - Started process (PID=688) to work on /home/airflow/.local/lib/python3.12/site-packages/airflow/example_dags/example_complex.py
[2024-05-27T01:44:11.922+0000] {processor.py:830} INFO - Processing file /home/airflow/.local/lib/python3.12/site-packages/airflow/example_dags/example_complex.py for tasks to queue
[2024-05-27T01:44:11.924+0000] {logging_mixin.py:188} INFO - [2024-05-27T01:44:11.923+0000] {dagbag.py:545} INFO - Filling up the DagBag from /home/airflow/.local/lib/python3.12/site-packages/airflow/example_dags/example_complex.py
[2024-05-27T01:44:11.934+0000] {processor.py:840} INFO - DAG(s) 'example_complex' retrieved from /home/airflow/.local/lib/python3.12/site-packages/airflow/example_dags/example_complex.py
[2024-05-27T01:44:11.970+0000] {logging_mixin.py:188} INFO - [2024-05-27T01:44:11.970+0000] {dag.py:3096} INFO - Sync 1 DAGs
[2024-05-27T01:44:11.986+0000] {logging_mixin.py:188} INFO - [2024-05-27T01:44:11.986+0000] {dag.py:3954} INFO - Setting next_dagrun for example_complex to None, run_after=None
[2024-05-27T01:44:12.008+0000] {processor.py:183} INFO - Processing /home/airflow/.local/lib/python3.12/site-packages/airflow/example_dags/example_complex.py took 0.093 seconds
[2024-05-27T01:44:42.104+0000] {processor.py:161} INFO - Started process (PID=746) to work on /home/airflow/.local/lib/python3.12/site-packages/airflow/example_dags/example_complex.py
[2024-05-27T01:44:42.104+0000] {processor.py:830} INFO - Processing file /home/airflow/.local/lib/python3.12/site-packages/airflow/example_dags/example_complex.py for tasks to queue
[2024-05-27T01:44:42.106+0000] {logging_mixin.py:188} INFO - [2024-05-27T01:44:42.106+0000] {dagbag.py:545} INFO - Filling up the DagBag from /home/airflow/.local/lib/python3.12/site-packages/airflow/example_dags/example_complex.py
[2024-05-27T01:44:42.116+0000] {processor.py:840} INFO - DAG(s) 'example_complex' retrieved from /home/airflow/.local/lib/python3.12/site-packages/airflow/example_dags/example_complex.py
[2024-05-27T01:44:42.146+0000] {logging_mixin.py:188} INFO - [2024-05-27T01:44:42.145+0000] {dag.py:3096} INFO - Sync 1 DAGs
[2024-05-27T01:44:42.158+0000] {logging_mixin.py:188} INFO - [2024-05-27T01:44:42.158+0000] {dag.py:3954} INFO - Setting next_dagrun for example_complex to None, run_after=None
[2024-05-27T01:44:42.176+0000] {processor.py:183} INFO - Processing /home/airflow/.local/lib/python3.12/site-packages/airflow/example_dags/example_complex.py took 0.077 seconds
[2024-05-27T01:45:12.832+0000] {processor.py:161} INFO - Started process (PID=803) to work on /home/airflow/.local/lib/python3.12/site-packages/airflow/example_dags/example_complex.py
[2024-05-27T01:45:12.833+0000] {processor.py:830} INFO - Processing file /home/airflow/.local/lib/python3.12/site-packages/airflow/example_dags/example_complex.py for tasks to queue
[2024-05-27T01:45:12.834+0000] {logging_mixin.py:188} INFO - [2024-05-27T01:45:12.834+0000] {dagbag.py:545} INFO - Filling up the DagBag from /home/airflow/.local/lib/python3.12/site-packages/airflow/example_dags/example_complex.py
[2024-05-27T01:45:12.844+0000] {processor.py:840} INFO - DAG(s) 'example_complex' retrieved from /home/airflow/.local/lib/python3.12/site-packages/airflow/example_dags/example_complex.py
[2024-05-27T01:45:12.872+0000] {logging_mixin.py:188} INFO - [2024-05-27T01:45:12.872+0000] {dag.py:3096} INFO - Sync 1 DAGs
[2024-05-27T01:45:12.885+0000] {logging_mixin.py:188} INFO - [2024-05-27T01:45:12.884+0000] {dag.py:3954} INFO - Setting next_dagrun for example_complex to None, run_after=None
[2024-05-27T01:45:12.903+0000] {processor.py:183} INFO - Processing /home/airflow/.local/lib/python3.12/site-packages/airflow/example_dags/example_complex.py took 0.076 seconds
[2024-05-27T01:45:43.313+0000] {processor.py:161} INFO - Started process (PID=861) to work on /home/airflow/.local/lib/python3.12/site-packages/airflow/example_dags/example_complex.py
[2024-05-27T01:45:43.314+0000] {processor.py:830} INFO - Processing file /home/airflow/.local/lib/python3.12/site-packages/airflow/example_dags/example_complex.py for tasks to queue
[2024-05-27T01:45:43.315+0000] {logging_mixin.py:188} INFO - [2024-05-27T01:45:43.315+0000] {dagbag.py:545} INFO - Filling up the DagBag from /home/airflow/.local/lib/python3.12/site-packages/airflow/example_dags/example_complex.py
[2024-05-27T01:45:43.325+0000] {processor.py:840} INFO - DAG(s) 'example_complex' retrieved from /home/airflow/.local/lib/python3.12/site-packages/airflow/example_dags/example_complex.py
[2024-05-27T01:45:43.361+0000] {logging_mixin.py:188} INFO - [2024-05-27T01:45:43.360+0000] {dag.py:3096} INFO - Sync 1 DAGs
[2024-05-27T01:45:43.380+0000] {logging_mixin.py:188} INFO - [2024-05-27T01:45:43.379+0000] {dag.py:3954} INFO - Setting next_dagrun for example_complex to None, run_after=None
[2024-05-27T01:45:43.403+0000] {processor.py:183} INFO - Processing /home/airflow/.local/lib/python3.12/site-packages/airflow/example_dags/example_complex.py took 0.096 seconds
[2024-05-27T01:46:14.110+0000] {processor.py:161} INFO - Started process (PID=919) to work on /home/airflow/.local/lib/python3.12/site-packages/airflow/example_dags/example_complex.py
[2024-05-27T01:46:14.111+0000] {processor.py:830} INFO - Processing file /home/airflow/.local/lib/python3.12/site-packages/airflow/example_dags/example_complex.py for tasks to queue
[2024-05-27T01:46:14.113+0000] {logging_mixin.py:188} INFO - [2024-05-27T01:46:14.112+0000] {dagbag.py:545} INFO - Filling up the DagBag from /home/airflow/.local/lib/python3.12/site-packages/airflow/example_dags/example_complex.py
[2024-05-27T01:46:14.123+0000] {processor.py:840} INFO - DAG(s) 'example_complex' retrieved from /home/airflow/.local/lib/python3.12/site-packages/airflow/example_dags/example_complex.py
[2024-05-27T01:46:14.155+0000] {logging_mixin.py:188} INFO - [2024-05-27T01:46:14.154+0000] {dag.py:3096} INFO - Sync 1 DAGs
[2024-05-27T01:46:14.168+0000] {logging_mixin.py:188} INFO - [2024-05-27T01:46:14.167+0000] {dag.py:3954} INFO - Setting next_dagrun for example_complex to None, run_after=None
[2024-05-27T01:46:14.190+0000] {processor.py:183} INFO - Processing /home/airflow/.local/lib/python3.12/site-packages/airflow/example_dags/example_complex.py took 0.086 seconds
[2024-05-27T01:48:43.744+0000] {processor.py:161} INFO - Started process (PID=50) to work on /home/airflow/.local/lib/python3.12/site-packages/airflow/example_dags/example_complex.py
[2024-05-27T01:48:43.745+0000] {processor.py:830} INFO - Processing file /home/airflow/.local/lib/python3.12/site-packages/airflow/example_dags/example_complex.py for tasks to queue
[2024-05-27T01:48:43.748+0000] {logging_mixin.py:188} INFO - [2024-05-27T01:48:43.747+0000] {dagbag.py:545} INFO - Filling up the DagBag from /home/airflow/.local/lib/python3.12/site-packages/airflow/example_dags/example_complex.py
[2024-05-27T01:48:43.760+0000] {processor.py:840} INFO - DAG(s) 'example_complex' retrieved from /home/airflow/.local/lib/python3.12/site-packages/airflow/example_dags/example_complex.py
[2024-05-27T01:48:43.769+0000] {logging_mixin.py:188} INFO - [2024-05-27T01:48:43.769+0000] {dag.py:3096} INFO - Sync 1 DAGs
[2024-05-27T01:48:43.783+0000] {logging_mixin.py:188} INFO - [2024-05-27T01:48:43.783+0000] {dag.py:3954} INFO - Setting next_dagrun for example_complex to None, run_after=None
[2024-05-27T01:48:43.802+0000] {processor.py:183} INFO - Processing /home/airflow/.local/lib/python3.12/site-packages/airflow/example_dags/example_complex.py took 0.064 seconds
[2024-05-27T13:32:47.805+0000] {processor.py:161} INFO - Started process (PID=50) to work on /home/airflow/.local/lib/python3.12/site-packages/airflow/example_dags/example_complex.py
[2024-05-27T13:32:47.806+0000] {processor.py:830} INFO - Processing file /home/airflow/.local/lib/python3.12/site-packages/airflow/example_dags/example_complex.py for tasks to queue
[2024-05-27T13:32:47.808+0000] {logging_mixin.py:188} INFO - [2024-05-27T13:32:47.808+0000] {dagbag.py:545} INFO - Filling up the DagBag from /home/airflow/.local/lib/python3.12/site-packages/airflow/example_dags/example_complex.py
[2024-05-27T13:32:47.819+0000] {processor.py:840} INFO - DAG(s) 'example_complex' retrieved from /home/airflow/.local/lib/python3.12/site-packages/airflow/example_dags/example_complex.py
[2024-05-27T13:32:47.942+0000] {logging_mixin.py:188} INFO - [2024-05-27T13:32:47.941+0000] {dag.py:3096} INFO - Sync 1 DAGs
[2024-05-27T13:32:47.954+0000] {logging_mixin.py:188} INFO - [2024-05-27T13:32:47.954+0000] {dag.py:3954} INFO - Setting next_dagrun for example_complex to None, run_after=None
[2024-05-27T13:32:47.978+0000] {processor.py:183} INFO - Processing /home/airflow/.local/lib/python3.12/site-packages/airflow/example_dags/example_complex.py took 0.178 seconds
[2024-05-27T13:33:18.652+0000] {processor.py:161} INFO - Started process (PID=107) to work on /home/airflow/.local/lib/python3.12/site-packages/airflow/example_dags/example_complex.py
[2024-05-27T13:33:18.653+0000] {processor.py:830} INFO - Processing file /home/airflow/.local/lib/python3.12/site-packages/airflow/example_dags/example_complex.py for tasks to queue
[2024-05-27T13:33:18.655+0000] {logging_mixin.py:188} INFO - [2024-05-27T13:33:18.655+0000] {dagbag.py:545} INFO - Filling up the DagBag from /home/airflow/.local/lib/python3.12/site-packages/airflow/example_dags/example_complex.py
[2024-05-27T13:33:18.665+0000] {processor.py:840} INFO - DAG(s) 'example_complex' retrieved from /home/airflow/.local/lib/python3.12/site-packages/airflow/example_dags/example_complex.py
[2024-05-27T13:33:18.694+0000] {logging_mixin.py:188} INFO - [2024-05-27T13:33:18.694+0000] {dag.py:3096} INFO - Sync 1 DAGs
[2024-05-27T13:33:18.709+0000] {logging_mixin.py:188} INFO - [2024-05-27T13:33:18.708+0000] {dag.py:3954} INFO - Setting next_dagrun for example_complex to None, run_after=None
[2024-05-27T13:33:18.724+0000] {processor.py:183} INFO - Processing /home/airflow/.local/lib/python3.12/site-packages/airflow/example_dags/example_complex.py took 0.078 seconds
[2024-05-27T14:22:36.787+0000] {processor.py:161} INFO - Started process (PID=64) to work on /home/airflow/.local/lib/python3.12/site-packages/airflow/example_dags/example_complex.py
[2024-05-27T14:22:36.788+0000] {processor.py:830} INFO - Processing file /home/airflow/.local/lib/python3.12/site-packages/airflow/example_dags/example_complex.py for tasks to queue
[2024-05-27T14:22:36.790+0000] {logging_mixin.py:188} INFO - [2024-05-27T14:22:36.790+0000] {dagbag.py:545} INFO - Filling up the DagBag from /home/airflow/.local/lib/python3.12/site-packages/airflow/example_dags/example_complex.py
[2024-05-27T14:22:36.813+0000] {processor.py:840} INFO - DAG(s) 'example_complex' retrieved from /home/airflow/.local/lib/python3.12/site-packages/airflow/example_dags/example_complex.py
[2024-05-27T14:22:36.955+0000] {logging_mixin.py:188} INFO - [2024-05-27T14:22:36.955+0000] {override.py:1829} INFO - Created Permission View: can edit on DAG:example_complex
[2024-05-27T14:22:36.976+0000] {logging_mixin.py:188} INFO - [2024-05-27T14:22:36.975+0000] {override.py:1829} INFO - Created Permission View: can delete on DAG:example_complex
[2024-05-27T14:22:36.987+0000] {logging_mixin.py:188} INFO - [2024-05-27T14:22:36.986+0000] {override.py:1829} INFO - Created Permission View: can read on DAG:example_complex
[2024-05-27T14:22:36.988+0000] {logging_mixin.py:188} INFO - [2024-05-27T14:22:36.987+0000] {dag.py:3096} INFO - Sync 1 DAGs
[2024-05-27T14:22:37.014+0000] {logging_mixin.py:188} INFO - [2024-05-27T14:22:37.014+0000] {dag.py:3118} INFO - Creating ORM DAG for example_complex
[2024-05-27T14:22:37.017+0000] {logging_mixin.py:188} INFO - [2024-05-27T14:22:37.017+0000] {dag.py:3954} INFO - Setting next_dagrun for example_complex to None, run_after=None
[2024-05-27T14:22:37.055+0000] {processor.py:183} INFO - Processing /home/airflow/.local/lib/python3.12/site-packages/airflow/example_dags/example_complex.py took 0.274 seconds
[2024-05-27T14:26:27.208+0000] {processor.py:161} INFO - Started process (PID=129) to work on /home/airflow/.local/lib/python3.12/site-packages/airflow/example_dags/example_complex.py
[2024-05-27T14:26:27.210+0000] {processor.py:830} INFO - Processing file /home/airflow/.local/lib/python3.12/site-packages/airflow/example_dags/example_complex.py for tasks to queue
[2024-05-27T14:26:27.213+0000] {logging_mixin.py:188} INFO - [2024-05-27T14:26:27.213+0000] {dagbag.py:545} INFO - Filling up the DagBag from /home/airflow/.local/lib/python3.12/site-packages/airflow/example_dags/example_complex.py
[2024-05-27T14:26:27.267+0000] {processor.py:840} INFO - DAG(s) 'example_complex' retrieved from /home/airflow/.local/lib/python3.12/site-packages/airflow/example_dags/example_complex.py
[2024-05-27T14:26:27.401+0000] {logging_mixin.py:188} INFO - [2024-05-27T14:26:27.400+0000] {dag.py:3096} INFO - Sync 1 DAGs
[2024-05-27T14:26:27.450+0000] {logging_mixin.py:188} INFO - [2024-05-27T14:26:27.450+0000] {dag.py:3954} INFO - Setting next_dagrun for example_complex to None, run_after=None
[2024-05-27T14:26:27.521+0000] {processor.py:183} INFO - Processing /home/airflow/.local/lib/python3.12/site-packages/airflow/example_dags/example_complex.py took 0.334 seconds
[2024-05-27T14:26:57.947+0000] {processor.py:161} INFO - Started process (PID=187) to work on /home/airflow/.local/lib/python3.12/site-packages/airflow/example_dags/example_complex.py
[2024-05-27T14:26:57.948+0000] {processor.py:830} INFO - Processing file /home/airflow/.local/lib/python3.12/site-packages/airflow/example_dags/example_complex.py for tasks to queue
[2024-05-27T14:26:57.949+0000] {logging_mixin.py:188} INFO - [2024-05-27T14:26:57.949+0000] {dagbag.py:545} INFO - Filling up the DagBag from /home/airflow/.local/lib/python3.12/site-packages/airflow/example_dags/example_complex.py
[2024-05-27T14:26:57.960+0000] {processor.py:840} INFO - DAG(s) 'example_complex' retrieved from /home/airflow/.local/lib/python3.12/site-packages/airflow/example_dags/example_complex.py
[2024-05-27T14:26:57.993+0000] {logging_mixin.py:188} INFO - [2024-05-27T14:26:57.993+0000] {dag.py:3096} INFO - Sync 1 DAGs
[2024-05-27T14:26:58.008+0000] {logging_mixin.py:188} INFO - [2024-05-27T14:26:58.007+0000] {dag.py:3954} INFO - Setting next_dagrun for example_complex to None, run_after=None
[2024-05-27T14:26:58.027+0000] {processor.py:183} INFO - Processing /home/airflow/.local/lib/python3.12/site-packages/airflow/example_dags/example_complex.py took 0.086 seconds
[2024-05-27T17:32:26.321+0000] {processor.py:161} INFO - Started process (PID=55) to work on /home/airflow/.local/lib/python3.12/site-packages/airflow/example_dags/example_complex.py
[2024-05-27T17:32:26.322+0000] {processor.py:830} INFO - Processing file /home/airflow/.local/lib/python3.12/site-packages/airflow/example_dags/example_complex.py for tasks to queue
[2024-05-27T17:32:26.327+0000] {logging_mixin.py:188} INFO - [2024-05-27T17:32:26.326+0000] {dagbag.py:545} INFO - Filling up the DagBag from /home/airflow/.local/lib/python3.12/site-packages/airflow/example_dags/example_complex.py
[2024-05-27T17:32:26.339+0000] {processor.py:840} INFO - DAG(s) 'example_complex' retrieved from /home/airflow/.local/lib/python3.12/site-packages/airflow/example_dags/example_complex.py
[2024-05-27T17:32:26.365+0000] {logging_mixin.py:188} INFO - [2024-05-27T17:32:26.365+0000] {dag.py:3096} INFO - Sync 1 DAGs
[2024-05-27T17:32:26.392+0000] {logging_mixin.py:188} INFO - [2024-05-27T17:32:26.392+0000] {dag.py:3954} INFO - Setting next_dagrun for example_complex to None, run_after=None
[2024-05-27T17:32:26.412+0000] {processor.py:183} INFO - Processing /home/airflow/.local/lib/python3.12/site-packages/airflow/example_dags/example_complex.py took 0.097 seconds
[2024-05-27T17:32:57.267+0000] {processor.py:161} INFO - Started process (PID=113) to work on /home/airflow/.local/lib/python3.12/site-packages/airflow/example_dags/example_complex.py
[2024-05-27T17:32:57.268+0000] {processor.py:830} INFO - Processing file /home/airflow/.local/lib/python3.12/site-packages/airflow/example_dags/example_complex.py for tasks to queue
[2024-05-27T17:32:57.270+0000] {logging_mixin.py:188} INFO - [2024-05-27T17:32:57.269+0000] {dagbag.py:545} INFO - Filling up the DagBag from /home/airflow/.local/lib/python3.12/site-packages/airflow/example_dags/example_complex.py
[2024-05-27T17:32:57.284+0000] {processor.py:840} INFO - DAG(s) 'example_complex' retrieved from /home/airflow/.local/lib/python3.12/site-packages/airflow/example_dags/example_complex.py
[2024-05-27T17:32:57.388+0000] {logging_mixin.py:188} INFO - [2024-05-27T17:32:57.388+0000] {dag.py:3096} INFO - Sync 1 DAGs
[2024-05-27T17:32:57.398+0000] {logging_mixin.py:188} INFO - [2024-05-27T17:32:57.398+0000] {dag.py:3954} INFO - Setting next_dagrun for example_complex to None, run_after=None
[2024-05-27T17:32:57.415+0000] {processor.py:183} INFO - Processing /home/airflow/.local/lib/python3.12/site-packages/airflow/example_dags/example_complex.py took 0.153 seconds
[2024-05-27T17:33:27.653+0000] {processor.py:161} INFO - Started process (PID=171) to work on /home/airflow/.local/lib/python3.12/site-packages/airflow/example_dags/example_complex.py
[2024-05-27T17:33:27.654+0000] {processor.py:830} INFO - Processing file /home/airflow/.local/lib/python3.12/site-packages/airflow/example_dags/example_complex.py for tasks to queue
[2024-05-27T17:33:27.656+0000] {logging_mixin.py:188} INFO - [2024-05-27T17:33:27.655+0000] {dagbag.py:545} INFO - Filling up the DagBag from /home/airflow/.local/lib/python3.12/site-packages/airflow/example_dags/example_complex.py
[2024-05-27T17:33:27.665+0000] {processor.py:840} INFO - DAG(s) 'example_complex' retrieved from /home/airflow/.local/lib/python3.12/site-packages/airflow/example_dags/example_complex.py
[2024-05-27T17:33:27.691+0000] {logging_mixin.py:188} INFO - [2024-05-27T17:33:27.691+0000] {dag.py:3096} INFO - Sync 1 DAGs
[2024-05-27T17:33:27.703+0000] {logging_mixin.py:188} INFO - [2024-05-27T17:33:27.702+0000] {dag.py:3954} INFO - Setting next_dagrun for example_complex to None, run_after=None
[2024-05-27T17:33:27.721+0000] {processor.py:183} INFO - Processing /home/airflow/.local/lib/python3.12/site-packages/airflow/example_dags/example_complex.py took 0.073 seconds
[2024-05-27T17:33:57.936+0000] {processor.py:161} INFO - Started process (PID=229) to work on /home/airflow/.local/lib/python3.12/site-packages/airflow/example_dags/example_complex.py
[2024-05-27T17:33:57.938+0000] {processor.py:830} INFO - Processing file /home/airflow/.local/lib/python3.12/site-packages/airflow/example_dags/example_complex.py for tasks to queue
[2024-05-27T17:33:57.940+0000] {logging_mixin.py:188} INFO - [2024-05-27T17:33:57.940+0000] {dagbag.py:545} INFO - Filling up the DagBag from /home/airflow/.local/lib/python3.12/site-packages/airflow/example_dags/example_complex.py
[2024-05-27T17:33:57.954+0000] {processor.py:840} INFO - DAG(s) 'example_complex' retrieved from /home/airflow/.local/lib/python3.12/site-packages/airflow/example_dags/example_complex.py
[2024-05-27T17:33:57.984+0000] {logging_mixin.py:188} INFO - [2024-05-27T17:33:57.983+0000] {dag.py:3096} INFO - Sync 1 DAGs
[2024-05-27T17:33:57.998+0000] {logging_mixin.py:188} INFO - [2024-05-27T17:33:57.997+0000] {dag.py:3954} INFO - Setting next_dagrun for example_complex to None, run_after=None
[2024-05-27T17:33:58.018+0000] {processor.py:183} INFO - Processing /home/airflow/.local/lib/python3.12/site-packages/airflow/example_dags/example_complex.py took 0.091 seconds
[2024-05-27T17:34:28.268+0000] {processor.py:161} INFO - Started process (PID=287) to work on /home/airflow/.local/lib/python3.12/site-packages/airflow/example_dags/example_complex.py
[2024-05-27T17:34:28.269+0000] {processor.py:830} INFO - Processing file /home/airflow/.local/lib/python3.12/site-packages/airflow/example_dags/example_complex.py for tasks to queue
[2024-05-27T17:34:28.271+0000] {logging_mixin.py:188} INFO - [2024-05-27T17:34:28.270+0000] {dagbag.py:545} INFO - Filling up the DagBag from /home/airflow/.local/lib/python3.12/site-packages/airflow/example_dags/example_complex.py
[2024-05-27T17:34:28.281+0000] {processor.py:840} INFO - DAG(s) 'example_complex' retrieved from /home/airflow/.local/lib/python3.12/site-packages/airflow/example_dags/example_complex.py
[2024-05-27T17:34:28.310+0000] {logging_mixin.py:188} INFO - [2024-05-27T17:34:28.310+0000] {dag.py:3096} INFO - Sync 1 DAGs
[2024-05-27T17:34:28.322+0000] {logging_mixin.py:188} INFO - [2024-05-27T17:34:28.322+0000] {dag.py:3954} INFO - Setting next_dagrun for example_complex to None, run_after=None
[2024-05-27T17:34:28.342+0000] {processor.py:183} INFO - Processing /home/airflow/.local/lib/python3.12/site-packages/airflow/example_dags/example_complex.py took 0.080 seconds
[2024-05-27T17:34:59.086+0000] {processor.py:161} INFO - Started process (PID=345) to work on /home/airflow/.local/lib/python3.12/site-packages/airflow/example_dags/example_complex.py
[2024-05-27T17:34:59.087+0000] {processor.py:830} INFO - Processing file /home/airflow/.local/lib/python3.12/site-packages/airflow/example_dags/example_complex.py for tasks to queue
[2024-05-27T17:34:59.089+0000] {logging_mixin.py:188} INFO - [2024-05-27T17:34:59.089+0000] {dagbag.py:545} INFO - Filling up the DagBag from /home/airflow/.local/lib/python3.12/site-packages/airflow/example_dags/example_complex.py
[2024-05-27T17:34:59.103+0000] {processor.py:840} INFO - DAG(s) 'example_complex' retrieved from /home/airflow/.local/lib/python3.12/site-packages/airflow/example_dags/example_complex.py
[2024-05-27T17:34:59.131+0000] {logging_mixin.py:188} INFO - [2024-05-27T17:34:59.131+0000] {dag.py:3096} INFO - Sync 1 DAGs
[2024-05-27T17:34:59.143+0000] {logging_mixin.py:188} INFO - [2024-05-27T17:34:59.143+0000] {dag.py:3954} INFO - Setting next_dagrun for example_complex to None, run_after=None
[2024-05-27T17:34:59.159+0000] {processor.py:183} INFO - Processing /home/airflow/.local/lib/python3.12/site-packages/airflow/example_dags/example_complex.py took 0.078 seconds
[2024-05-27T17:35:29.394+0000] {processor.py:161} INFO - Started process (PID=403) to work on /home/airflow/.local/lib/python3.12/site-packages/airflow/example_dags/example_complex.py
[2024-05-27T17:35:29.395+0000] {processor.py:830} INFO - Processing file /home/airflow/.local/lib/python3.12/site-packages/airflow/example_dags/example_complex.py for tasks to queue
[2024-05-27T17:35:29.397+0000] {logging_mixin.py:188} INFO - [2024-05-27T17:35:29.396+0000] {dagbag.py:545} INFO - Filling up the DagBag from /home/airflow/.local/lib/python3.12/site-packages/airflow/example_dags/example_complex.py
[2024-05-27T17:35:29.407+0000] {processor.py:840} INFO - DAG(s) 'example_complex' retrieved from /home/airflow/.local/lib/python3.12/site-packages/airflow/example_dags/example_complex.py
[2024-05-27T17:35:29.445+0000] {logging_mixin.py:188} INFO - [2024-05-27T17:35:29.444+0000] {dag.py:3096} INFO - Sync 1 DAGs
[2024-05-27T17:35:29.461+0000] {logging_mixin.py:188} INFO - [2024-05-27T17:35:29.461+0000] {dag.py:3954} INFO - Setting next_dagrun for example_complex to None, run_after=None
[2024-05-27T17:35:29.477+0000] {processor.py:183} INFO - Processing /home/airflow/.local/lib/python3.12/site-packages/airflow/example_dags/example_complex.py took 0.088 seconds
[2024-05-27T17:36:00.010+0000] {processor.py:161} INFO - Started process (PID=466) to work on /home/airflow/.local/lib/python3.12/site-packages/airflow/example_dags/example_complex.py
[2024-05-27T17:36:00.011+0000] {processor.py:830} INFO - Processing file /home/airflow/.local/lib/python3.12/site-packages/airflow/example_dags/example_complex.py for tasks to queue
[2024-05-27T17:36:00.015+0000] {logging_mixin.py:188} INFO - [2024-05-27T17:36:00.015+0000] {dagbag.py:545} INFO - Filling up the DagBag from /home/airflow/.local/lib/python3.12/site-packages/airflow/example_dags/example_complex.py
[2024-05-27T17:36:00.025+0000] {processor.py:840} INFO - DAG(s) 'example_complex' retrieved from /home/airflow/.local/lib/python3.12/site-packages/airflow/example_dags/example_complex.py
[2024-05-27T17:36:00.056+0000] {logging_mixin.py:188} INFO - [2024-05-27T17:36:00.055+0000] {dag.py:3096} INFO - Sync 1 DAGs
[2024-05-27T17:36:00.068+0000] {logging_mixin.py:188} INFO - [2024-05-27T17:36:00.068+0000] {dag.py:3954} INFO - Setting next_dagrun for example_complex to None, run_after=None
[2024-05-27T17:36:00.088+0000] {processor.py:183} INFO - Processing /home/airflow/.local/lib/python3.12/site-packages/airflow/example_dags/example_complex.py took 0.084 seconds
[2024-05-27T17:36:30.753+0000] {processor.py:161} INFO - Started process (PID=524) to work on /home/airflow/.local/lib/python3.12/site-packages/airflow/example_dags/example_complex.py
[2024-05-27T17:36:30.754+0000] {processor.py:830} INFO - Processing file /home/airflow/.local/lib/python3.12/site-packages/airflow/example_dags/example_complex.py for tasks to queue
[2024-05-27T17:36:30.756+0000] {logging_mixin.py:188} INFO - [2024-05-27T17:36:30.755+0000] {dagbag.py:545} INFO - Filling up the DagBag from /home/airflow/.local/lib/python3.12/site-packages/airflow/example_dags/example_complex.py
[2024-05-27T17:36:30.765+0000] {processor.py:840} INFO - DAG(s) 'example_complex' retrieved from /home/airflow/.local/lib/python3.12/site-packages/airflow/example_dags/example_complex.py
[2024-05-27T17:36:30.795+0000] {logging_mixin.py:188} INFO - [2024-05-27T17:36:30.794+0000] {dag.py:3096} INFO - Sync 1 DAGs
[2024-05-27T17:36:30.808+0000] {logging_mixin.py:188} INFO - [2024-05-27T17:36:30.808+0000] {dag.py:3954} INFO - Setting next_dagrun for example_complex to None, run_after=None
[2024-05-27T17:36:30.828+0000] {processor.py:183} INFO - Processing /home/airflow/.local/lib/python3.12/site-packages/airflow/example_dags/example_complex.py took 0.081 seconds
[2024-05-27T17:37:01.712+0000] {processor.py:161} INFO - Started process (PID=581) to work on /home/airflow/.local/lib/python3.12/site-packages/airflow/example_dags/example_complex.py
[2024-05-27T17:37:01.713+0000] {processor.py:830} INFO - Processing file /home/airflow/.local/lib/python3.12/site-packages/airflow/example_dags/example_complex.py for tasks to queue
[2024-05-27T17:37:01.715+0000] {logging_mixin.py:188} INFO - [2024-05-27T17:37:01.715+0000] {dagbag.py:545} INFO - Filling up the DagBag from /home/airflow/.local/lib/python3.12/site-packages/airflow/example_dags/example_complex.py
[2024-05-27T17:37:01.727+0000] {processor.py:840} INFO - DAG(s) 'example_complex' retrieved from /home/airflow/.local/lib/python3.12/site-packages/airflow/example_dags/example_complex.py
[2024-05-27T17:37:01.761+0000] {logging_mixin.py:188} INFO - [2024-05-27T17:37:01.761+0000] {dag.py:3096} INFO - Sync 1 DAGs
[2024-05-27T17:37:01.776+0000] {logging_mixin.py:188} INFO - [2024-05-27T17:37:01.776+0000] {dag.py:3954} INFO - Setting next_dagrun for example_complex to None, run_after=None
[2024-05-27T17:37:01.796+0000] {processor.py:183} INFO - Processing /home/airflow/.local/lib/python3.12/site-packages/airflow/example_dags/example_complex.py took 0.091 seconds
[2024-05-27T17:38:14.858+0000] {processor.py:161} INFO - Started process (PID=53) to work on /home/airflow/.local/lib/python3.12/site-packages/airflow/example_dags/example_complex.py
[2024-05-27T17:38:14.858+0000] {processor.py:830} INFO - Processing file /home/airflow/.local/lib/python3.12/site-packages/airflow/example_dags/example_complex.py for tasks to queue
[2024-05-27T17:38:14.863+0000] {logging_mixin.py:188} INFO - [2024-05-27T17:38:14.863+0000] {dagbag.py:545} INFO - Filling up the DagBag from /home/airflow/.local/lib/python3.12/site-packages/airflow/example_dags/example_complex.py
[2024-05-27T17:38:14.878+0000] {processor.py:840} INFO - DAG(s) 'example_complex' retrieved from /home/airflow/.local/lib/python3.12/site-packages/airflow/example_dags/example_complex.py
[2024-05-27T17:38:14.888+0000] {logging_mixin.py:188} INFO - [2024-05-27T17:38:14.888+0000] {dag.py:3096} INFO - Sync 1 DAGs
[2024-05-27T17:38:14.901+0000] {logging_mixin.py:188} INFO - [2024-05-27T17:38:14.901+0000] {dag.py:3954} INFO - Setting next_dagrun for example_complex to None, run_after=None
[2024-05-27T17:38:14.919+0000] {processor.py:183} INFO - Processing /home/airflow/.local/lib/python3.12/site-packages/airflow/example_dags/example_complex.py took 0.066 seconds
[2024-05-27T17:38:46.169+0000] {processor.py:161} INFO - Started process (PID=111) to work on /home/airflow/.local/lib/python3.12/site-packages/airflow/example_dags/example_complex.py
[2024-05-27T17:38:46.169+0000] {processor.py:830} INFO - Processing file /home/airflow/.local/lib/python3.12/site-packages/airflow/example_dags/example_complex.py for tasks to queue
[2024-05-27T17:38:46.172+0000] {logging_mixin.py:188} INFO - [2024-05-27T17:38:46.171+0000] {dagbag.py:545} INFO - Filling up the DagBag from /home/airflow/.local/lib/python3.12/site-packages/airflow/example_dags/example_complex.py
[2024-05-27T17:38:46.184+0000] {processor.py:840} INFO - DAG(s) 'example_complex' retrieved from /home/airflow/.local/lib/python3.12/site-packages/airflow/example_dags/example_complex.py
[2024-05-27T17:38:46.307+0000] {logging_mixin.py:188} INFO - [2024-05-27T17:38:46.307+0000] {dag.py:3096} INFO - Sync 1 DAGs
[2024-05-27T17:38:46.319+0000] {logging_mixin.py:188} INFO - [2024-05-27T17:38:46.319+0000] {dag.py:3954} INFO - Setting next_dagrun for example_complex to None, run_after=None
[2024-05-27T17:38:46.338+0000] {processor.py:183} INFO - Processing /home/airflow/.local/lib/python3.12/site-packages/airflow/example_dags/example_complex.py took 0.175 seconds
