[2024-05-27T01:38:35.465+0000] {processor.py:161} INFO - Started process (PID=38) to work on /home/airflow/.local/lib/python3.12/site-packages/airflow/example_dags/example_python_operator.py
[2024-05-27T01:38:35.466+0000] {processor.py:830} INFO - Processing file /home/airflow/.local/lib/python3.12/site-packages/airflow/example_dags/example_python_operator.py for tasks to queue
[2024-05-27T01:38:35.469+0000] {logging_mixin.py:188} INFO - [2024-05-27T01:38:35.469+0000] {dagbag.py:545} INFO - Filling up the DagBag from /home/airflow/.local/lib/python3.12/site-packages/airflow/example_dags/example_python_operator.py
[2024-05-27T01:38:35.495+0000] {processor.py:840} INFO - DAG(s) 'example_python_operator' retrieved from /home/airflow/.local/lib/python3.12/site-packages/airflow/example_dags/example_python_operator.py
[2024-05-27T01:38:35.507+0000] {logging_mixin.py:188} INFO - [2024-05-27T01:38:35.507+0000] {dag.py:3096} INFO - Sync 1 DAGs
[2024-05-27T01:38:35.525+0000] {logging_mixin.py:188} INFO - [2024-05-27T01:38:35.525+0000] {dag.py:3954} INFO - Setting next_dagrun for example_python_operator to None, run_after=None
[2024-05-27T01:38:35.551+0000] {processor.py:183} INFO - Processing /home/airflow/.local/lib/python3.12/site-packages/airflow/example_dags/example_python_operator.py took 0.094 seconds
[2024-05-27T01:39:06.241+0000] {processor.py:161} INFO - Started process (PID=96) to work on /home/airflow/.local/lib/python3.12/site-packages/airflow/example_dags/example_python_operator.py
[2024-05-27T01:39:06.242+0000] {processor.py:830} INFO - Processing file /home/airflow/.local/lib/python3.12/site-packages/airflow/example_dags/example_python_operator.py for tasks to queue
[2024-05-27T01:39:06.244+0000] {logging_mixin.py:188} INFO - [2024-05-27T01:39:06.244+0000] {dagbag.py:545} INFO - Filling up the DagBag from /home/airflow/.local/lib/python3.12/site-packages/airflow/example_dags/example_python_operator.py
[2024-05-27T01:39:06.257+0000] {processor.py:840} INFO - DAG(s) 'example_python_operator' retrieved from /home/airflow/.local/lib/python3.12/site-packages/airflow/example_dags/example_python_operator.py
[2024-05-27T01:39:06.364+0000] {logging_mixin.py:188} INFO - [2024-05-27T01:39:06.363+0000] {dag.py:3096} INFO - Sync 1 DAGs
[2024-05-27T01:39:06.373+0000] {logging_mixin.py:188} INFO - [2024-05-27T01:39:06.373+0000] {dag.py:3954} INFO - Setting next_dagrun for example_python_operator to None, run_after=None
[2024-05-27T01:39:06.389+0000] {processor.py:183} INFO - Processing /home/airflow/.local/lib/python3.12/site-packages/airflow/example_dags/example_python_operator.py took 0.154 seconds
[2024-05-27T01:39:36.439+0000] {processor.py:161} INFO - Started process (PID=154) to work on /home/airflow/.local/lib/python3.12/site-packages/airflow/example_dags/example_python_operator.py
[2024-05-27T01:39:36.440+0000] {processor.py:830} INFO - Processing file /home/airflow/.local/lib/python3.12/site-packages/airflow/example_dags/example_python_operator.py for tasks to queue
[2024-05-27T01:39:36.442+0000] {logging_mixin.py:188} INFO - [2024-05-27T01:39:36.441+0000] {dagbag.py:545} INFO - Filling up the DagBag from /home/airflow/.local/lib/python3.12/site-packages/airflow/example_dags/example_python_operator.py
[2024-05-27T01:39:36.451+0000] {processor.py:840} INFO - DAG(s) 'example_python_operator' retrieved from /home/airflow/.local/lib/python3.12/site-packages/airflow/example_dags/example_python_operator.py
[2024-05-27T01:39:36.472+0000] {logging_mixin.py:188} INFO - [2024-05-27T01:39:36.472+0000] {dag.py:3096} INFO - Sync 1 DAGs
[2024-05-27T01:39:36.484+0000] {logging_mixin.py:188} INFO - [2024-05-27T01:39:36.484+0000] {dag.py:3954} INFO - Setting next_dagrun for example_python_operator to None, run_after=None
[2024-05-27T01:39:36.499+0000] {processor.py:183} INFO - Processing /home/airflow/.local/lib/python3.12/site-packages/airflow/example_dags/example_python_operator.py took 0.066 seconds
[2024-05-27T01:40:06.664+0000] {processor.py:161} INFO - Started process (PID=212) to work on /home/airflow/.local/lib/python3.12/site-packages/airflow/example_dags/example_python_operator.py
[2024-05-27T01:40:06.665+0000] {processor.py:830} INFO - Processing file /home/airflow/.local/lib/python3.12/site-packages/airflow/example_dags/example_python_operator.py for tasks to queue
[2024-05-27T01:40:06.667+0000] {logging_mixin.py:188} INFO - [2024-05-27T01:40:06.667+0000] {dagbag.py:545} INFO - Filling up the DagBag from /home/airflow/.local/lib/python3.12/site-packages/airflow/example_dags/example_python_operator.py
[2024-05-27T01:40:06.678+0000] {processor.py:840} INFO - DAG(s) 'example_python_operator' retrieved from /home/airflow/.local/lib/python3.12/site-packages/airflow/example_dags/example_python_operator.py
[2024-05-27T01:40:06.698+0000] {logging_mixin.py:188} INFO - [2024-05-27T01:40:06.698+0000] {dag.py:3096} INFO - Sync 1 DAGs
[2024-05-27T01:40:06.713+0000] {logging_mixin.py:188} INFO - [2024-05-27T01:40:06.713+0000] {dag.py:3954} INFO - Setting next_dagrun for example_python_operator to None, run_after=None
[2024-05-27T01:40:06.730+0000] {processor.py:183} INFO - Processing /home/airflow/.local/lib/python3.12/site-packages/airflow/example_dags/example_python_operator.py took 0.071 seconds
[2024-05-27T01:40:36.955+0000] {processor.py:161} INFO - Started process (PID=270) to work on /home/airflow/.local/lib/python3.12/site-packages/airflow/example_dags/example_python_operator.py
[2024-05-27T01:40:36.956+0000] {processor.py:830} INFO - Processing file /home/airflow/.local/lib/python3.12/site-packages/airflow/example_dags/example_python_operator.py for tasks to queue
[2024-05-27T01:40:36.958+0000] {logging_mixin.py:188} INFO - [2024-05-27T01:40:36.957+0000] {dagbag.py:545} INFO - Filling up the DagBag from /home/airflow/.local/lib/python3.12/site-packages/airflow/example_dags/example_python_operator.py
[2024-05-27T01:40:36.969+0000] {processor.py:840} INFO - DAG(s) 'example_python_operator' retrieved from /home/airflow/.local/lib/python3.12/site-packages/airflow/example_dags/example_python_operator.py
[2024-05-27T01:40:36.991+0000] {logging_mixin.py:188} INFO - [2024-05-27T01:40:36.991+0000] {dag.py:3096} INFO - Sync 1 DAGs
[2024-05-27T01:40:37.009+0000] {logging_mixin.py:188} INFO - [2024-05-27T01:40:37.008+0000] {dag.py:3954} INFO - Setting next_dagrun for example_python_operator to None, run_after=None
[2024-05-27T01:40:37.035+0000] {processor.py:183} INFO - Processing /home/airflow/.local/lib/python3.12/site-packages/airflow/example_dags/example_python_operator.py took 0.087 seconds
[2024-05-27T01:41:07.133+0000] {processor.py:161} INFO - Started process (PID=328) to work on /home/airflow/.local/lib/python3.12/site-packages/airflow/example_dags/example_python_operator.py
[2024-05-27T01:41:07.134+0000] {processor.py:830} INFO - Processing file /home/airflow/.local/lib/python3.12/site-packages/airflow/example_dags/example_python_operator.py for tasks to queue
[2024-05-27T01:41:07.136+0000] {logging_mixin.py:188} INFO - [2024-05-27T01:41:07.135+0000] {dagbag.py:545} INFO - Filling up the DagBag from /home/airflow/.local/lib/python3.12/site-packages/airflow/example_dags/example_python_operator.py
[2024-05-27T01:41:07.149+0000] {processor.py:840} INFO - DAG(s) 'example_python_operator' retrieved from /home/airflow/.local/lib/python3.12/site-packages/airflow/example_dags/example_python_operator.py
[2024-05-27T01:41:07.176+0000] {logging_mixin.py:188} INFO - [2024-05-27T01:41:07.176+0000] {dag.py:3096} INFO - Sync 1 DAGs
[2024-05-27T01:41:07.189+0000] {logging_mixin.py:188} INFO - [2024-05-27T01:41:07.189+0000] {dag.py:3954} INFO - Setting next_dagrun for example_python_operator to None, run_after=None
[2024-05-27T01:41:07.211+0000] {processor.py:183} INFO - Processing /home/airflow/.local/lib/python3.12/site-packages/airflow/example_dags/example_python_operator.py took 0.085 seconds
[2024-05-27T01:41:37.553+0000] {processor.py:161} INFO - Started process (PID=386) to work on /home/airflow/.local/lib/python3.12/site-packages/airflow/example_dags/example_python_operator.py
[2024-05-27T01:41:37.554+0000] {processor.py:830} INFO - Processing file /home/airflow/.local/lib/python3.12/site-packages/airflow/example_dags/example_python_operator.py for tasks to queue
[2024-05-27T01:41:37.557+0000] {logging_mixin.py:188} INFO - [2024-05-27T01:41:37.557+0000] {dagbag.py:545} INFO - Filling up the DagBag from /home/airflow/.local/lib/python3.12/site-packages/airflow/example_dags/example_python_operator.py
[2024-05-27T01:41:37.568+0000] {processor.py:840} INFO - DAG(s) 'example_python_operator' retrieved from /home/airflow/.local/lib/python3.12/site-packages/airflow/example_dags/example_python_operator.py
[2024-05-27T01:41:37.590+0000] {logging_mixin.py:188} INFO - [2024-05-27T01:41:37.589+0000] {dag.py:3096} INFO - Sync 1 DAGs
[2024-05-27T01:41:37.608+0000] {logging_mixin.py:188} INFO - [2024-05-27T01:41:37.608+0000] {dag.py:3954} INFO - Setting next_dagrun for example_python_operator to None, run_after=None
[2024-05-27T01:41:37.626+0000] {processor.py:183} INFO - Processing /home/airflow/.local/lib/python3.12/site-packages/airflow/example_dags/example_python_operator.py took 0.079 seconds
[2024-05-27T01:42:08.003+0000] {processor.py:161} INFO - Started process (PID=444) to work on /home/airflow/.local/lib/python3.12/site-packages/airflow/example_dags/example_python_operator.py
[2024-05-27T01:42:08.004+0000] {processor.py:830} INFO - Processing file /home/airflow/.local/lib/python3.12/site-packages/airflow/example_dags/example_python_operator.py for tasks to queue
[2024-05-27T01:42:08.006+0000] {logging_mixin.py:188} INFO - [2024-05-27T01:42:08.006+0000] {dagbag.py:545} INFO - Filling up the DagBag from /home/airflow/.local/lib/python3.12/site-packages/airflow/example_dags/example_python_operator.py
[2024-05-27T01:42:08.017+0000] {processor.py:840} INFO - DAG(s) 'example_python_operator' retrieved from /home/airflow/.local/lib/python3.12/site-packages/airflow/example_dags/example_python_operator.py
[2024-05-27T01:42:08.040+0000] {logging_mixin.py:188} INFO - [2024-05-27T01:42:08.040+0000] {dag.py:3096} INFO - Sync 1 DAGs
[2024-05-27T01:42:08.054+0000] {logging_mixin.py:188} INFO - [2024-05-27T01:42:08.054+0000] {dag.py:3954} INFO - Setting next_dagrun for example_python_operator to None, run_after=None
[2024-05-27T01:42:08.086+0000] {processor.py:183} INFO - Processing /home/airflow/.local/lib/python3.12/site-packages/airflow/example_dags/example_python_operator.py took 0.089 seconds
[2024-05-27T01:42:38.708+0000] {processor.py:161} INFO - Started process (PID=502) to work on /home/airflow/.local/lib/python3.12/site-packages/airflow/example_dags/example_python_operator.py
[2024-05-27T01:42:38.709+0000] {processor.py:830} INFO - Processing file /home/airflow/.local/lib/python3.12/site-packages/airflow/example_dags/example_python_operator.py for tasks to queue
[2024-05-27T01:42:38.711+0000] {logging_mixin.py:188} INFO - [2024-05-27T01:42:38.711+0000] {dagbag.py:545} INFO - Filling up the DagBag from /home/airflow/.local/lib/python3.12/site-packages/airflow/example_dags/example_python_operator.py
[2024-05-27T01:42:38.724+0000] {processor.py:840} INFO - DAG(s) 'example_python_operator' retrieved from /home/airflow/.local/lib/python3.12/site-packages/airflow/example_dags/example_python_operator.py
[2024-05-27T01:42:38.755+0000] {logging_mixin.py:188} INFO - [2024-05-27T01:42:38.755+0000] {dag.py:3096} INFO - Sync 1 DAGs
[2024-05-27T01:42:38.769+0000] {logging_mixin.py:188} INFO - [2024-05-27T01:42:38.769+0000] {dag.py:3954} INFO - Setting next_dagrun for example_python_operator to None, run_after=None
[2024-05-27T01:42:38.788+0000] {processor.py:183} INFO - Processing /home/airflow/.local/lib/python3.12/site-packages/airflow/example_dags/example_python_operator.py took 0.086 seconds
[2024-05-27T01:43:08.886+0000] {processor.py:161} INFO - Started process (PID=560) to work on /home/airflow/.local/lib/python3.12/site-packages/airflow/example_dags/example_python_operator.py
[2024-05-27T01:43:08.887+0000] {processor.py:830} INFO - Processing file /home/airflow/.local/lib/python3.12/site-packages/airflow/example_dags/example_python_operator.py for tasks to queue
[2024-05-27T01:43:08.889+0000] {logging_mixin.py:188} INFO - [2024-05-27T01:43:08.888+0000] {dagbag.py:545} INFO - Filling up the DagBag from /home/airflow/.local/lib/python3.12/site-packages/airflow/example_dags/example_python_operator.py
[2024-05-27T01:43:08.901+0000] {processor.py:840} INFO - DAG(s) 'example_python_operator' retrieved from /home/airflow/.local/lib/python3.12/site-packages/airflow/example_dags/example_python_operator.py
[2024-05-27T01:43:08.923+0000] {logging_mixin.py:188} INFO - [2024-05-27T01:43:08.923+0000] {dag.py:3096} INFO - Sync 1 DAGs
[2024-05-27T01:43:08.937+0000] {logging_mixin.py:188} INFO - [2024-05-27T01:43:08.937+0000] {dag.py:3954} INFO - Setting next_dagrun for example_python_operator to None, run_after=None
[2024-05-27T01:43:08.960+0000] {processor.py:183} INFO - Processing /home/airflow/.local/lib/python3.12/site-packages/airflow/example_dags/example_python_operator.py took 0.079 seconds
[2024-05-27T01:43:39.880+0000] {processor.py:161} INFO - Started process (PID=618) to work on /home/airflow/.local/lib/python3.12/site-packages/airflow/example_dags/example_python_operator.py
[2024-05-27T01:43:39.881+0000] {processor.py:830} INFO - Processing file /home/airflow/.local/lib/python3.12/site-packages/airflow/example_dags/example_python_operator.py for tasks to queue
[2024-05-27T01:43:39.882+0000] {logging_mixin.py:188} INFO - [2024-05-27T01:43:39.882+0000] {dagbag.py:545} INFO - Filling up the DagBag from /home/airflow/.local/lib/python3.12/site-packages/airflow/example_dags/example_python_operator.py
[2024-05-27T01:43:39.894+0000] {processor.py:840} INFO - DAG(s) 'example_python_operator' retrieved from /home/airflow/.local/lib/python3.12/site-packages/airflow/example_dags/example_python_operator.py
[2024-05-27T01:43:39.916+0000] {logging_mixin.py:188} INFO - [2024-05-27T01:43:39.916+0000] {dag.py:3096} INFO - Sync 1 DAGs
[2024-05-27T01:43:39.933+0000] {logging_mixin.py:188} INFO - [2024-05-27T01:43:39.932+0000] {dag.py:3954} INFO - Setting next_dagrun for example_python_operator to None, run_after=None
[2024-05-27T01:43:39.951+0000] {processor.py:183} INFO - Processing /home/airflow/.local/lib/python3.12/site-packages/airflow/example_dags/example_python_operator.py took 0.077 seconds
[2024-05-27T01:44:10.301+0000] {processor.py:161} INFO - Started process (PID=675) to work on /home/airflow/.local/lib/python3.12/site-packages/airflow/example_dags/example_python_operator.py
[2024-05-27T01:44:10.302+0000] {processor.py:830} INFO - Processing file /home/airflow/.local/lib/python3.12/site-packages/airflow/example_dags/example_python_operator.py for tasks to queue
[2024-05-27T01:44:10.305+0000] {logging_mixin.py:188} INFO - [2024-05-27T01:44:10.304+0000] {dagbag.py:545} INFO - Filling up the DagBag from /home/airflow/.local/lib/python3.12/site-packages/airflow/example_dags/example_python_operator.py
[2024-05-27T01:44:10.315+0000] {processor.py:840} INFO - DAG(s) 'example_python_operator' retrieved from /home/airflow/.local/lib/python3.12/site-packages/airflow/example_dags/example_python_operator.py
[2024-05-27T01:44:10.336+0000] {logging_mixin.py:188} INFO - [2024-05-27T01:44:10.336+0000] {dag.py:3096} INFO - Sync 1 DAGs
[2024-05-27T01:44:10.350+0000] {logging_mixin.py:188} INFO - [2024-05-27T01:44:10.350+0000] {dag.py:3954} INFO - Setting next_dagrun for example_python_operator to None, run_after=None
[2024-05-27T01:44:10.380+0000] {processor.py:183} INFO - Processing /home/airflow/.local/lib/python3.12/site-packages/airflow/example_dags/example_python_operator.py took 0.085 seconds
[2024-05-27T01:44:40.530+0000] {processor.py:161} INFO - Started process (PID=733) to work on /home/airflow/.local/lib/python3.12/site-packages/airflow/example_dags/example_python_operator.py
[2024-05-27T01:44:40.531+0000] {processor.py:830} INFO - Processing file /home/airflow/.local/lib/python3.12/site-packages/airflow/example_dags/example_python_operator.py for tasks to queue
[2024-05-27T01:44:40.533+0000] {logging_mixin.py:188} INFO - [2024-05-27T01:44:40.533+0000] {dagbag.py:545} INFO - Filling up the DagBag from /home/airflow/.local/lib/python3.12/site-packages/airflow/example_dags/example_python_operator.py
[2024-05-27T01:44:40.546+0000] {processor.py:840} INFO - DAG(s) 'example_python_operator' retrieved from /home/airflow/.local/lib/python3.12/site-packages/airflow/example_dags/example_python_operator.py
[2024-05-27T01:44:40.571+0000] {logging_mixin.py:188} INFO - [2024-05-27T01:44:40.570+0000] {dag.py:3096} INFO - Sync 1 DAGs
[2024-05-27T01:44:40.585+0000] {logging_mixin.py:188} INFO - [2024-05-27T01:44:40.585+0000] {dag.py:3954} INFO - Setting next_dagrun for example_python_operator to None, run_after=None
[2024-05-27T01:44:40.608+0000] {processor.py:183} INFO - Processing /home/airflow/.local/lib/python3.12/site-packages/airflow/example_dags/example_python_operator.py took 0.085 seconds
[2024-05-27T01:45:11.250+0000] {processor.py:161} INFO - Started process (PID=790) to work on /home/airflow/.local/lib/python3.12/site-packages/airflow/example_dags/example_python_operator.py
[2024-05-27T01:45:11.251+0000] {processor.py:830} INFO - Processing file /home/airflow/.local/lib/python3.12/site-packages/airflow/example_dags/example_python_operator.py for tasks to queue
[2024-05-27T01:45:11.253+0000] {logging_mixin.py:188} INFO - [2024-05-27T01:45:11.252+0000] {dagbag.py:545} INFO - Filling up the DagBag from /home/airflow/.local/lib/python3.12/site-packages/airflow/example_dags/example_python_operator.py
[2024-05-27T01:45:11.262+0000] {processor.py:840} INFO - DAG(s) 'example_python_operator' retrieved from /home/airflow/.local/lib/python3.12/site-packages/airflow/example_dags/example_python_operator.py
[2024-05-27T01:45:11.282+0000] {logging_mixin.py:188} INFO - [2024-05-27T01:45:11.282+0000] {dag.py:3096} INFO - Sync 1 DAGs
[2024-05-27T01:45:11.294+0000] {logging_mixin.py:188} INFO - [2024-05-27T01:45:11.294+0000] {dag.py:3954} INFO - Setting next_dagrun for example_python_operator to None, run_after=None
[2024-05-27T01:45:11.312+0000] {processor.py:183} INFO - Processing /home/airflow/.local/lib/python3.12/site-packages/airflow/example_dags/example_python_operator.py took 0.068 seconds
[2024-05-27T01:45:41.720+0000] {processor.py:161} INFO - Started process (PID=848) to work on /home/airflow/.local/lib/python3.12/site-packages/airflow/example_dags/example_python_operator.py
[2024-05-27T01:45:41.720+0000] {processor.py:830} INFO - Processing file /home/airflow/.local/lib/python3.12/site-packages/airflow/example_dags/example_python_operator.py for tasks to queue
[2024-05-27T01:45:41.722+0000] {logging_mixin.py:188} INFO - [2024-05-27T01:45:41.722+0000] {dagbag.py:545} INFO - Filling up the DagBag from /home/airflow/.local/lib/python3.12/site-packages/airflow/example_dags/example_python_operator.py
[2024-05-27T01:45:41.737+0000] {processor.py:840} INFO - DAG(s) 'example_python_operator' retrieved from /home/airflow/.local/lib/python3.12/site-packages/airflow/example_dags/example_python_operator.py
[2024-05-27T01:45:41.762+0000] {logging_mixin.py:188} INFO - [2024-05-27T01:45:41.762+0000] {dag.py:3096} INFO - Sync 1 DAGs
[2024-05-27T01:45:41.775+0000] {logging_mixin.py:188} INFO - [2024-05-27T01:45:41.775+0000] {dag.py:3954} INFO - Setting next_dagrun for example_python_operator to None, run_after=None
[2024-05-27T01:45:41.796+0000] {processor.py:183} INFO - Processing /home/airflow/.local/lib/python3.12/site-packages/airflow/example_dags/example_python_operator.py took 0.082 seconds
[2024-05-27T01:46:12.443+0000] {processor.py:161} INFO - Started process (PID=906) to work on /home/airflow/.local/lib/python3.12/site-packages/airflow/example_dags/example_python_operator.py
[2024-05-27T01:46:12.444+0000] {processor.py:830} INFO - Processing file /home/airflow/.local/lib/python3.12/site-packages/airflow/example_dags/example_python_operator.py for tasks to queue
[2024-05-27T01:46:12.445+0000] {logging_mixin.py:188} INFO - [2024-05-27T01:46:12.445+0000] {dagbag.py:545} INFO - Filling up the DagBag from /home/airflow/.local/lib/python3.12/site-packages/airflow/example_dags/example_python_operator.py
[2024-05-27T01:46:12.454+0000] {processor.py:840} INFO - DAG(s) 'example_python_operator' retrieved from /home/airflow/.local/lib/python3.12/site-packages/airflow/example_dags/example_python_operator.py
[2024-05-27T01:46:12.477+0000] {logging_mixin.py:188} INFO - [2024-05-27T01:46:12.477+0000] {dag.py:3096} INFO - Sync 1 DAGs
[2024-05-27T01:46:12.489+0000] {logging_mixin.py:188} INFO - [2024-05-27T01:46:12.489+0000] {dag.py:3954} INFO - Setting next_dagrun for example_python_operator to None, run_after=None
[2024-05-27T01:46:12.508+0000] {processor.py:183} INFO - Processing /home/airflow/.local/lib/python3.12/site-packages/airflow/example_dags/example_python_operator.py took 0.070 seconds
[2024-05-27T01:48:42.981+0000] {processor.py:161} INFO - Started process (PID=37) to work on /home/airflow/.local/lib/python3.12/site-packages/airflow/example_dags/example_python_operator.py
[2024-05-27T01:48:42.982+0000] {processor.py:830} INFO - Processing file /home/airflow/.local/lib/python3.12/site-packages/airflow/example_dags/example_python_operator.py for tasks to queue
[2024-05-27T01:48:42.985+0000] {logging_mixin.py:188} INFO - [2024-05-27T01:48:42.984+0000] {dagbag.py:545} INFO - Filling up the DagBag from /home/airflow/.local/lib/python3.12/site-packages/airflow/example_dags/example_python_operator.py
[2024-05-27T01:48:42.997+0000] {processor.py:840} INFO - DAG(s) 'example_python_operator' retrieved from /home/airflow/.local/lib/python3.12/site-packages/airflow/example_dags/example_python_operator.py
[2024-05-27T01:48:43.009+0000] {logging_mixin.py:188} INFO - [2024-05-27T01:48:43.009+0000] {dag.py:3096} INFO - Sync 1 DAGs
[2024-05-27T01:48:43.027+0000] {logging_mixin.py:188} INFO - [2024-05-27T01:48:43.027+0000] {dag.py:3954} INFO - Setting next_dagrun for example_python_operator to None, run_after=None
[2024-05-27T01:48:43.052+0000] {processor.py:183} INFO - Processing /home/airflow/.local/lib/python3.12/site-packages/airflow/example_dags/example_python_operator.py took 0.076 seconds
[2024-05-27T01:49:13.434+0000] {processor.py:161} INFO - Started process (PID=95) to work on /home/airflow/.local/lib/python3.12/site-packages/airflow/example_dags/example_python_operator.py
[2024-05-27T01:49:13.435+0000] {processor.py:830} INFO - Processing file /home/airflow/.local/lib/python3.12/site-packages/airflow/example_dags/example_python_operator.py for tasks to queue
[2024-05-27T01:49:13.437+0000] {logging_mixin.py:188} INFO - [2024-05-27T01:49:13.436+0000] {dagbag.py:545} INFO - Filling up the DagBag from /home/airflow/.local/lib/python3.12/site-packages/airflow/example_dags/example_python_operator.py
[2024-05-27T01:49:13.446+0000] {processor.py:840} INFO - DAG(s) 'example_python_operator' retrieved from /home/airflow/.local/lib/python3.12/site-packages/airflow/example_dags/example_python_operator.py
[2024-05-27T01:49:13.541+0000] {logging_mixin.py:188} INFO - [2024-05-27T01:49:13.541+0000] {dag.py:3096} INFO - Sync 1 DAGs
[2024-05-27T01:49:13.552+0000] {logging_mixin.py:188} INFO - [2024-05-27T01:49:13.552+0000] {dag.py:3954} INFO - Setting next_dagrun for example_python_operator to None, run_after=None
[2024-05-27T01:49:13.569+0000] {processor.py:183} INFO - Processing /home/airflow/.local/lib/python3.12/site-packages/airflow/example_dags/example_python_operator.py took 0.141 seconds
[2024-05-27T13:32:46.588+0000] {processor.py:161} INFO - Started process (PID=37) to work on /home/airflow/.local/lib/python3.12/site-packages/airflow/example_dags/example_python_operator.py
[2024-05-27T13:32:46.589+0000] {processor.py:830} INFO - Processing file /home/airflow/.local/lib/python3.12/site-packages/airflow/example_dags/example_python_operator.py for tasks to queue
[2024-05-27T13:32:46.593+0000] {logging_mixin.py:188} INFO - [2024-05-27T13:32:46.592+0000] {dagbag.py:545} INFO - Filling up the DagBag from /home/airflow/.local/lib/python3.12/site-packages/airflow/example_dags/example_python_operator.py
[2024-05-27T13:32:46.616+0000] {processor.py:840} INFO - DAG(s) 'example_python_operator' retrieved from /home/airflow/.local/lib/python3.12/site-packages/airflow/example_dags/example_python_operator.py
[2024-05-27T13:32:46.786+0000] {logging_mixin.py:188} INFO - [2024-05-27T13:32:46.786+0000] {dag.py:3096} INFO - Sync 1 DAGs
[2024-05-27T13:32:46.803+0000] {logging_mixin.py:188} INFO - [2024-05-27T13:32:46.803+0000] {dag.py:3954} INFO - Setting next_dagrun for example_python_operator to None, run_after=None
[2024-05-27T13:32:46.824+0000] {processor.py:183} INFO - Processing /home/airflow/.local/lib/python3.12/site-packages/airflow/example_dags/example_python_operator.py took 0.246 seconds
[2024-05-27T13:33:17.017+0000] {processor.py:161} INFO - Started process (PID=94) to work on /home/airflow/.local/lib/python3.12/site-packages/airflow/example_dags/example_python_operator.py
[2024-05-27T13:33:17.018+0000] {processor.py:830} INFO - Processing file /home/airflow/.local/lib/python3.12/site-packages/airflow/example_dags/example_python_operator.py for tasks to queue
[2024-05-27T13:33:17.022+0000] {logging_mixin.py:188} INFO - [2024-05-27T13:33:17.022+0000] {dagbag.py:545} INFO - Filling up the DagBag from /home/airflow/.local/lib/python3.12/site-packages/airflow/example_dags/example_python_operator.py
[2024-05-27T13:33:17.032+0000] {processor.py:840} INFO - DAG(s) 'example_python_operator' retrieved from /home/airflow/.local/lib/python3.12/site-packages/airflow/example_dags/example_python_operator.py
[2024-05-27T13:33:17.054+0000] {logging_mixin.py:188} INFO - [2024-05-27T13:33:17.054+0000] {dag.py:3096} INFO - Sync 1 DAGs
[2024-05-27T13:33:17.067+0000] {logging_mixin.py:188} INFO - [2024-05-27T13:33:17.066+0000] {dag.py:3954} INFO - Setting next_dagrun for example_python_operator to None, run_after=None
[2024-05-27T13:33:17.086+0000] {processor.py:183} INFO - Processing /home/airflow/.local/lib/python3.12/site-packages/airflow/example_dags/example_python_operator.py took 0.076 seconds
[2024-05-27T14:22:30.972+0000] {processor.py:161} INFO - Started process (PID=39) to work on /home/airflow/.local/lib/python3.12/site-packages/airflow/example_dags/example_python_operator.py
[2024-05-27T14:22:30.974+0000] {processor.py:830} INFO - Processing file /home/airflow/.local/lib/python3.12/site-packages/airflow/example_dags/example_python_operator.py for tasks to queue
[2024-05-27T14:22:30.977+0000] {logging_mixin.py:188} INFO - [2024-05-27T14:22:30.976+0000] {dagbag.py:545} INFO - Filling up the DagBag from /home/airflow/.local/lib/python3.12/site-packages/airflow/example_dags/example_python_operator.py
[2024-05-27T14:22:30.997+0000] {processor.py:840} INFO - DAG(s) 'example_python_operator' retrieved from /home/airflow/.local/lib/python3.12/site-packages/airflow/example_dags/example_python_operator.py
[2024-05-27T14:22:31.158+0000] {logging_mixin.py:188} INFO - [2024-05-27T14:22:31.158+0000] {override.py:1829} INFO - Created Permission View: can edit on DAG:example_python_operator
[2024-05-27T14:22:31.176+0000] {logging_mixin.py:188} INFO - [2024-05-27T14:22:31.176+0000] {override.py:1829} INFO - Created Permission View: can delete on DAG:example_python_operator
[2024-05-27T14:22:31.189+0000] {logging_mixin.py:188} INFO - [2024-05-27T14:22:31.188+0000] {override.py:1829} INFO - Created Permission View: can read on DAG:example_python_operator
[2024-05-27T14:22:31.190+0000] {logging_mixin.py:188} INFO - [2024-05-27T14:22:31.189+0000] {dag.py:3096} INFO - Sync 1 DAGs
[2024-05-27T14:22:31.211+0000] {logging_mixin.py:188} INFO - [2024-05-27T14:22:31.211+0000] {dag.py:3118} INFO - Creating ORM DAG for example_python_operator
[2024-05-27T14:22:31.212+0000] {logging_mixin.py:188} INFO - [2024-05-27T14:22:31.212+0000] {dag.py:3954} INFO - Setting next_dagrun for example_python_operator to None, run_after=None
[2024-05-27T14:22:31.247+0000] {processor.py:183} INFO - Processing /home/airflow/.local/lib/python3.12/site-packages/airflow/example_dags/example_python_operator.py took 0.284 seconds
[2024-05-27T14:26:23.420+0000] {processor.py:161} INFO - Started process (PID=110) to work on /home/airflow/.local/lib/python3.12/site-packages/airflow/example_dags/example_python_operator.py
[2024-05-27T14:26:23.424+0000] {processor.py:830} INFO - Processing file /home/airflow/.local/lib/python3.12/site-packages/airflow/example_dags/example_python_operator.py for tasks to queue
[2024-05-27T14:26:23.435+0000] {logging_mixin.py:188} INFO - [2024-05-27T14:26:23.429+0000] {dagbag.py:545} INFO - Filling up the DagBag from /home/airflow/.local/lib/python3.12/site-packages/airflow/example_dags/example_python_operator.py
[2024-05-27T14:26:23.496+0000] {processor.py:840} INFO - DAG(s) 'example_python_operator' retrieved from /home/airflow/.local/lib/python3.12/site-packages/airflow/example_dags/example_python_operator.py
[2024-05-27T14:26:23.614+0000] {logging_mixin.py:188} INFO - [2024-05-27T14:26:23.613+0000] {dag.py:3096} INFO - Sync 1 DAGs
[2024-05-27T14:26:23.670+0000] {logging_mixin.py:188} INFO - [2024-05-27T14:26:23.666+0000] {dag.py:3954} INFO - Setting next_dagrun for example_python_operator to None, run_after=None
[2024-05-27T14:26:23.749+0000] {processor.py:183} INFO - Processing /home/airflow/.local/lib/python3.12/site-packages/airflow/example_dags/example_python_operator.py took 0.361 seconds
[2024-05-27T14:26:54.741+0000] {processor.py:161} INFO - Started process (PID=168) to work on /home/airflow/.local/lib/python3.12/site-packages/airflow/example_dags/example_python_operator.py
[2024-05-27T14:26:54.743+0000] {processor.py:830} INFO - Processing file /home/airflow/.local/lib/python3.12/site-packages/airflow/example_dags/example_python_operator.py for tasks to queue
[2024-05-27T14:26:54.745+0000] {logging_mixin.py:188} INFO - [2024-05-27T14:26:54.743+0000] {dagbag.py:545} INFO - Filling up the DagBag from /home/airflow/.local/lib/python3.12/site-packages/airflow/example_dags/example_python_operator.py
[2024-05-27T14:26:54.762+0000] {processor.py:840} INFO - DAG(s) 'example_python_operator' retrieved from /home/airflow/.local/lib/python3.12/site-packages/airflow/example_dags/example_python_operator.py
[2024-05-27T14:26:54.787+0000] {logging_mixin.py:188} INFO - [2024-05-27T14:26:54.787+0000] {dag.py:3096} INFO - Sync 1 DAGs
[2024-05-27T14:26:54.801+0000] {logging_mixin.py:188} INFO - [2024-05-27T14:26:54.801+0000] {dag.py:3954} INFO - Setting next_dagrun for example_python_operator to None, run_after=None
[2024-05-27T14:26:54.827+0000] {processor.py:183} INFO - Processing /home/airflow/.local/lib/python3.12/site-packages/airflow/example_dags/example_python_operator.py took 0.100 seconds
[2024-05-27T17:32:25.169+0000] {processor.py:161} INFO - Started process (PID=36) to work on /home/airflow/.local/lib/python3.12/site-packages/airflow/example_dags/example_python_operator.py
[2024-05-27T17:32:25.174+0000] {processor.py:830} INFO - Processing file /home/airflow/.local/lib/python3.12/site-packages/airflow/example_dags/example_python_operator.py for tasks to queue
[2024-05-27T17:32:25.177+0000] {logging_mixin.py:188} INFO - [2024-05-27T17:32:25.176+0000] {dagbag.py:545} INFO - Filling up the DagBag from /home/airflow/.local/lib/python3.12/site-packages/airflow/example_dags/example_python_operator.py
[2024-05-27T17:32:25.206+0000] {processor.py:840} INFO - DAG(s) 'example_python_operator' retrieved from /home/airflow/.local/lib/python3.12/site-packages/airflow/example_dags/example_python_operator.py
[2024-05-27T17:32:25.235+0000] {logging_mixin.py:188} INFO - [2024-05-27T17:32:25.235+0000] {dag.py:3096} INFO - Sync 1 DAGs
[2024-05-27T17:32:25.263+0000] {logging_mixin.py:188} INFO - [2024-05-27T17:32:25.263+0000] {dag.py:3954} INFO - Setting next_dagrun for example_python_operator to None, run_after=None
[2024-05-27T17:32:25.288+0000] {processor.py:183} INFO - Processing /home/airflow/.local/lib/python3.12/site-packages/airflow/example_dags/example_python_operator.py took 0.124 seconds
[2024-05-27T17:32:55.745+0000] {processor.py:161} INFO - Started process (PID=94) to work on /home/airflow/.local/lib/python3.12/site-packages/airflow/example_dags/example_python_operator.py
[2024-05-27T17:32:55.745+0000] {processor.py:830} INFO - Processing file /home/airflow/.local/lib/python3.12/site-packages/airflow/example_dags/example_python_operator.py for tasks to queue
[2024-05-27T17:32:55.748+0000] {logging_mixin.py:188} INFO - [2024-05-27T17:32:55.747+0000] {dagbag.py:545} INFO - Filling up the DagBag from /home/airflow/.local/lib/python3.12/site-packages/airflow/example_dags/example_python_operator.py
[2024-05-27T17:32:55.756+0000] {processor.py:840} INFO - DAG(s) 'example_python_operator' retrieved from /home/airflow/.local/lib/python3.12/site-packages/airflow/example_dags/example_python_operator.py
[2024-05-27T17:32:55.847+0000] {logging_mixin.py:188} INFO - [2024-05-27T17:32:55.846+0000] {dag.py:3096} INFO - Sync 1 DAGs
[2024-05-27T17:32:55.856+0000] {logging_mixin.py:188} INFO - [2024-05-27T17:32:55.856+0000] {dag.py:3954} INFO - Setting next_dagrun for example_python_operator to None, run_after=None
[2024-05-27T17:32:55.873+0000] {processor.py:183} INFO - Processing /home/airflow/.local/lib/python3.12/site-packages/airflow/example_dags/example_python_operator.py took 0.133 seconds
[2024-05-27T17:33:26.707+0000] {processor.py:161} INFO - Started process (PID=152) to work on /home/airflow/.local/lib/python3.12/site-packages/airflow/example_dags/example_python_operator.py
[2024-05-27T17:33:26.708+0000] {processor.py:830} INFO - Processing file /home/airflow/.local/lib/python3.12/site-packages/airflow/example_dags/example_python_operator.py for tasks to queue
[2024-05-27T17:33:26.710+0000] {logging_mixin.py:188} INFO - [2024-05-27T17:33:26.709+0000] {dagbag.py:545} INFO - Filling up the DagBag from /home/airflow/.local/lib/python3.12/site-packages/airflow/example_dags/example_python_operator.py
[2024-05-27T17:33:26.720+0000] {processor.py:840} INFO - DAG(s) 'example_python_operator' retrieved from /home/airflow/.local/lib/python3.12/site-packages/airflow/example_dags/example_python_operator.py
[2024-05-27T17:33:26.746+0000] {logging_mixin.py:188} INFO - [2024-05-27T17:33:26.746+0000] {dag.py:3096} INFO - Sync 1 DAGs
[2024-05-27T17:33:26.768+0000] {logging_mixin.py:188} INFO - [2024-05-27T17:33:26.768+0000] {dag.py:3954} INFO - Setting next_dagrun for example_python_operator to None, run_after=None
[2024-05-27T17:33:26.792+0000] {processor.py:183} INFO - Processing /home/airflow/.local/lib/python3.12/site-packages/airflow/example_dags/example_python_operator.py took 0.090 seconds
[2024-05-27T17:33:56.935+0000] {processor.py:161} INFO - Started process (PID=210) to work on /home/airflow/.local/lib/python3.12/site-packages/airflow/example_dags/example_python_operator.py
[2024-05-27T17:33:56.935+0000] {processor.py:830} INFO - Processing file /home/airflow/.local/lib/python3.12/site-packages/airflow/example_dags/example_python_operator.py for tasks to queue
[2024-05-27T17:33:56.937+0000] {logging_mixin.py:188} INFO - [2024-05-27T17:33:56.937+0000] {dagbag.py:545} INFO - Filling up the DagBag from /home/airflow/.local/lib/python3.12/site-packages/airflow/example_dags/example_python_operator.py
[2024-05-27T17:33:56.947+0000] {processor.py:840} INFO - DAG(s) 'example_python_operator' retrieved from /home/airflow/.local/lib/python3.12/site-packages/airflow/example_dags/example_python_operator.py
[2024-05-27T17:33:56.969+0000] {logging_mixin.py:188} INFO - [2024-05-27T17:33:56.968+0000] {dag.py:3096} INFO - Sync 1 DAGs
[2024-05-27T17:33:56.981+0000] {logging_mixin.py:188} INFO - [2024-05-27T17:33:56.981+0000] {dag.py:3954} INFO - Setting next_dagrun for example_python_operator to None, run_after=None
[2024-05-27T17:33:57.001+0000] {processor.py:183} INFO - Processing /home/airflow/.local/lib/python3.12/site-packages/airflow/example_dags/example_python_operator.py took 0.072 seconds
[2024-05-27T17:34:27.203+0000] {processor.py:161} INFO - Started process (PID=268) to work on /home/airflow/.local/lib/python3.12/site-packages/airflow/example_dags/example_python_operator.py
[2024-05-27T17:34:27.204+0000] {processor.py:830} INFO - Processing file /home/airflow/.local/lib/python3.12/site-packages/airflow/example_dags/example_python_operator.py for tasks to queue
[2024-05-27T17:34:27.207+0000] {logging_mixin.py:188} INFO - [2024-05-27T17:34:27.206+0000] {dagbag.py:545} INFO - Filling up the DagBag from /home/airflow/.local/lib/python3.12/site-packages/airflow/example_dags/example_python_operator.py
[2024-05-27T17:34:27.221+0000] {processor.py:840} INFO - DAG(s) 'example_python_operator' retrieved from /home/airflow/.local/lib/python3.12/site-packages/airflow/example_dags/example_python_operator.py
[2024-05-27T17:34:27.249+0000] {logging_mixin.py:188} INFO - [2024-05-27T17:34:27.248+0000] {dag.py:3096} INFO - Sync 1 DAGs
[2024-05-27T17:34:27.267+0000] {logging_mixin.py:188} INFO - [2024-05-27T17:34:27.267+0000] {dag.py:3954} INFO - Setting next_dagrun for example_python_operator to None, run_after=None
[2024-05-27T17:34:27.290+0000] {processor.py:183} INFO - Processing /home/airflow/.local/lib/python3.12/site-packages/airflow/example_dags/example_python_operator.py took 0.093 seconds
[2024-05-27T17:34:58.205+0000] {processor.py:161} INFO - Started process (PID=326) to work on /home/airflow/.local/lib/python3.12/site-packages/airflow/example_dags/example_python_operator.py
[2024-05-27T17:34:58.206+0000] {processor.py:830} INFO - Processing file /home/airflow/.local/lib/python3.12/site-packages/airflow/example_dags/example_python_operator.py for tasks to queue
[2024-05-27T17:34:58.208+0000] {logging_mixin.py:188} INFO - [2024-05-27T17:34:58.207+0000] {dagbag.py:545} INFO - Filling up the DagBag from /home/airflow/.local/lib/python3.12/site-packages/airflow/example_dags/example_python_operator.py
[2024-05-27T17:34:58.217+0000] {processor.py:840} INFO - DAG(s) 'example_python_operator' retrieved from /home/airflow/.local/lib/python3.12/site-packages/airflow/example_dags/example_python_operator.py
[2024-05-27T17:34:58.238+0000] {logging_mixin.py:188} INFO - [2024-05-27T17:34:58.237+0000] {dag.py:3096} INFO - Sync 1 DAGs
[2024-05-27T17:34:58.250+0000] {logging_mixin.py:188} INFO - [2024-05-27T17:34:58.250+0000] {dag.py:3954} INFO - Setting next_dagrun for example_python_operator to None, run_after=None
[2024-05-27T17:34:58.267+0000] {processor.py:183} INFO - Processing /home/airflow/.local/lib/python3.12/site-packages/airflow/example_dags/example_python_operator.py took 0.068 seconds
[2024-05-27T17:35:28.410+0000] {processor.py:161} INFO - Started process (PID=384) to work on /home/airflow/.local/lib/python3.12/site-packages/airflow/example_dags/example_python_operator.py
[2024-05-27T17:35:28.411+0000] {processor.py:830} INFO - Processing file /home/airflow/.local/lib/python3.12/site-packages/airflow/example_dags/example_python_operator.py for tasks to queue
[2024-05-27T17:35:28.413+0000] {logging_mixin.py:188} INFO - [2024-05-27T17:35:28.413+0000] {dagbag.py:545} INFO - Filling up the DagBag from /home/airflow/.local/lib/python3.12/site-packages/airflow/example_dags/example_python_operator.py
[2024-05-27T17:35:28.424+0000] {processor.py:840} INFO - DAG(s) 'example_python_operator' retrieved from /home/airflow/.local/lib/python3.12/site-packages/airflow/example_dags/example_python_operator.py
[2024-05-27T17:35:28.444+0000] {logging_mixin.py:188} INFO - [2024-05-27T17:35:28.444+0000] {dag.py:3096} INFO - Sync 1 DAGs
[2024-05-27T17:35:28.459+0000] {logging_mixin.py:188} INFO - [2024-05-27T17:35:28.458+0000] {dag.py:3954} INFO - Setting next_dagrun for example_python_operator to None, run_after=None
[2024-05-27T17:35:28.479+0000] {processor.py:183} INFO - Processing /home/airflow/.local/lib/python3.12/site-packages/airflow/example_dags/example_python_operator.py took 0.076 seconds
[2024-05-27T17:35:59.046+0000] {processor.py:161} INFO - Started process (PID=447) to work on /home/airflow/.local/lib/python3.12/site-packages/airflow/example_dags/example_python_operator.py
[2024-05-27T17:35:59.047+0000] {processor.py:830} INFO - Processing file /home/airflow/.local/lib/python3.12/site-packages/airflow/example_dags/example_python_operator.py for tasks to queue
[2024-05-27T17:35:59.050+0000] {logging_mixin.py:188} INFO - [2024-05-27T17:35:59.049+0000] {dagbag.py:545} INFO - Filling up the DagBag from /home/airflow/.local/lib/python3.12/site-packages/airflow/example_dags/example_python_operator.py
[2024-05-27T17:35:59.061+0000] {processor.py:840} INFO - DAG(s) 'example_python_operator' retrieved from /home/airflow/.local/lib/python3.12/site-packages/airflow/example_dags/example_python_operator.py
[2024-05-27T17:35:59.089+0000] {logging_mixin.py:188} INFO - [2024-05-27T17:35:59.089+0000] {dag.py:3096} INFO - Sync 1 DAGs
[2024-05-27T17:35:59.102+0000] {logging_mixin.py:188} INFO - [2024-05-27T17:35:59.102+0000] {dag.py:3954} INFO - Setting next_dagrun for example_python_operator to None, run_after=None
[2024-05-27T17:35:59.120+0000] {processor.py:183} INFO - Processing /home/airflow/.local/lib/python3.12/site-packages/airflow/example_dags/example_python_operator.py took 0.080 seconds
[2024-05-27T17:36:29.794+0000] {processor.py:161} INFO - Started process (PID=505) to work on /home/airflow/.local/lib/python3.12/site-packages/airflow/example_dags/example_python_operator.py
[2024-05-27T17:36:29.795+0000] {processor.py:830} INFO - Processing file /home/airflow/.local/lib/python3.12/site-packages/airflow/example_dags/example_python_operator.py for tasks to queue
[2024-05-27T17:36:29.797+0000] {logging_mixin.py:188} INFO - [2024-05-27T17:36:29.796+0000] {dagbag.py:545} INFO - Filling up the DagBag from /home/airflow/.local/lib/python3.12/site-packages/airflow/example_dags/example_python_operator.py
[2024-05-27T17:36:29.806+0000] {processor.py:840} INFO - DAG(s) 'example_python_operator' retrieved from /home/airflow/.local/lib/python3.12/site-packages/airflow/example_dags/example_python_operator.py
[2024-05-27T17:36:29.827+0000] {logging_mixin.py:188} INFO - [2024-05-27T17:36:29.826+0000] {dag.py:3096} INFO - Sync 1 DAGs
[2024-05-27T17:36:29.839+0000] {logging_mixin.py:188} INFO - [2024-05-27T17:36:29.839+0000] {dag.py:3954} INFO - Setting next_dagrun for example_python_operator to None, run_after=None
[2024-05-27T17:36:29.857+0000] {processor.py:183} INFO - Processing /home/airflow/.local/lib/python3.12/site-packages/airflow/example_dags/example_python_operator.py took 0.069 seconds
[2024-05-27T17:37:00.692+0000] {processor.py:161} INFO - Started process (PID=562) to work on /home/airflow/.local/lib/python3.12/site-packages/airflow/example_dags/example_python_operator.py
[2024-05-27T17:37:00.693+0000] {processor.py:830} INFO - Processing file /home/airflow/.local/lib/python3.12/site-packages/airflow/example_dags/example_python_operator.py for tasks to queue
[2024-05-27T17:37:00.695+0000] {logging_mixin.py:188} INFO - [2024-05-27T17:37:00.695+0000] {dagbag.py:545} INFO - Filling up the DagBag from /home/airflow/.local/lib/python3.12/site-packages/airflow/example_dags/example_python_operator.py
[2024-05-27T17:37:00.705+0000] {processor.py:840} INFO - DAG(s) 'example_python_operator' retrieved from /home/airflow/.local/lib/python3.12/site-packages/airflow/example_dags/example_python_operator.py
[2024-05-27T17:37:00.730+0000] {logging_mixin.py:188} INFO - [2024-05-27T17:37:00.730+0000] {dag.py:3096} INFO - Sync 1 DAGs
[2024-05-27T17:37:00.744+0000] {logging_mixin.py:188} INFO - [2024-05-27T17:37:00.744+0000] {dag.py:3954} INFO - Setting next_dagrun for example_python_operator to None, run_after=None
[2024-05-27T17:37:00.765+0000] {processor.py:183} INFO - Processing /home/airflow/.local/lib/python3.12/site-packages/airflow/example_dags/example_python_operator.py took 0.080 seconds
[2024-05-27T17:38:13.803+0000] {processor.py:161} INFO - Started process (PID=34) to work on /home/airflow/.local/lib/python3.12/site-packages/airflow/example_dags/example_python_operator.py
[2024-05-27T17:38:13.804+0000] {processor.py:830} INFO - Processing file /home/airflow/.local/lib/python3.12/site-packages/airflow/example_dags/example_python_operator.py for tasks to queue
[2024-05-27T17:38:13.806+0000] {logging_mixin.py:188} INFO - [2024-05-27T17:38:13.806+0000] {dagbag.py:545} INFO - Filling up the DagBag from /home/airflow/.local/lib/python3.12/site-packages/airflow/example_dags/example_python_operator.py
[2024-05-27T17:38:13.817+0000] {processor.py:840} INFO - DAG(s) 'example_python_operator' retrieved from /home/airflow/.local/lib/python3.12/site-packages/airflow/example_dags/example_python_operator.py
[2024-05-27T17:38:13.831+0000] {logging_mixin.py:188} INFO - [2024-05-27T17:38:13.831+0000] {dag.py:3096} INFO - Sync 1 DAGs
[2024-05-27T17:38:13.850+0000] {logging_mixin.py:188} INFO - [2024-05-27T17:38:13.850+0000] {dag.py:3954} INFO - Setting next_dagrun for example_python_operator to None, run_after=None
[2024-05-27T17:38:13.874+0000] {processor.py:183} INFO - Processing /home/airflow/.local/lib/python3.12/site-packages/airflow/example_dags/example_python_operator.py took 0.076 seconds
[2024-05-27T17:38:44.379+0000] {processor.py:161} INFO - Started process (PID=92) to work on /home/airflow/.local/lib/python3.12/site-packages/airflow/example_dags/example_python_operator.py
[2024-05-27T17:38:44.380+0000] {processor.py:830} INFO - Processing file /home/airflow/.local/lib/python3.12/site-packages/airflow/example_dags/example_python_operator.py for tasks to queue
[2024-05-27T17:38:44.383+0000] {logging_mixin.py:188} INFO - [2024-05-27T17:38:44.382+0000] {dagbag.py:545} INFO - Filling up the DagBag from /home/airflow/.local/lib/python3.12/site-packages/airflow/example_dags/example_python_operator.py
[2024-05-27T17:38:44.397+0000] {processor.py:840} INFO - DAG(s) 'example_python_operator' retrieved from /home/airflow/.local/lib/python3.12/site-packages/airflow/example_dags/example_python_operator.py
[2024-05-27T17:38:44.536+0000] {logging_mixin.py:188} INFO - [2024-05-27T17:38:44.536+0000] {dag.py:3096} INFO - Sync 1 DAGs
[2024-05-27T17:38:44.551+0000] {logging_mixin.py:188} INFO - [2024-05-27T17:38:44.551+0000] {dag.py:3954} INFO - Setting next_dagrun for example_python_operator to None, run_after=None
[2024-05-27T17:38:44.579+0000] {processor.py:183} INFO - Processing /home/airflow/.local/lib/python3.12/site-packages/airflow/example_dags/example_python_operator.py took 0.208 seconds
