[2024-05-27T01:38:35.573+0000] {processor.py:161} INFO - Started process (PID=40) to work on /home/airflow/.local/lib/python3.12/site-packages/airflow/example_dags/example_short_circuit_operator.py
[2024-05-27T01:38:35.574+0000] {processor.py:830} INFO - Processing file /home/airflow/.local/lib/python3.12/site-packages/airflow/example_dags/example_short_circuit_operator.py for tasks to queue
[2024-05-27T01:38:35.576+0000] {logging_mixin.py:188} INFO - [2024-05-27T01:38:35.575+0000] {dagbag.py:545} INFO - Filling up the DagBag from /home/airflow/.local/lib/python3.12/site-packages/airflow/example_dags/example_short_circuit_operator.py
[2024-05-27T01:38:35.589+0000] {processor.py:840} INFO - DAG(s) 'example_short_circuit_operator' retrieved from /home/airflow/.local/lib/python3.12/site-packages/airflow/example_dags/example_short_circuit_operator.py
[2024-05-27T01:38:35.599+0000] {logging_mixin.py:188} INFO - [2024-05-27T01:38:35.599+0000] {dag.py:3096} INFO - Sync 1 DAGs
[2024-05-27T01:38:35.622+0000] {logging_mixin.py:188} INFO - [2024-05-27T01:38:35.621+0000] {dag.py:3954} INFO - Setting next_dagrun for example_short_circuit_operator to 2024-05-26 00:00:00+00:00, run_after=2024-05-27 00:00:00+00:00
[2024-05-27T01:38:35.639+0000] {processor.py:183} INFO - Processing /home/airflow/.local/lib/python3.12/site-packages/airflow/example_dags/example_short_circuit_operator.py took 0.074 seconds
[2024-05-27T01:39:06.408+0000] {processor.py:161} INFO - Started process (PID=98) to work on /home/airflow/.local/lib/python3.12/site-packages/airflow/example_dags/example_short_circuit_operator.py
[2024-05-27T01:39:06.409+0000] {processor.py:830} INFO - Processing file /home/airflow/.local/lib/python3.12/site-packages/airflow/example_dags/example_short_circuit_operator.py for tasks to queue
[2024-05-27T01:39:06.411+0000] {logging_mixin.py:188} INFO - [2024-05-27T01:39:06.410+0000] {dagbag.py:545} INFO - Filling up the DagBag from /home/airflow/.local/lib/python3.12/site-packages/airflow/example_dags/example_short_circuit_operator.py
[2024-05-27T01:39:06.418+0000] {processor.py:840} INFO - DAG(s) 'example_short_circuit_operator' retrieved from /home/airflow/.local/lib/python3.12/site-packages/airflow/example_dags/example_short_circuit_operator.py
[2024-05-27T01:39:06.512+0000] {logging_mixin.py:188} INFO - [2024-05-27T01:39:06.512+0000] {dag.py:3096} INFO - Sync 1 DAGs
[2024-05-27T01:39:06.530+0000] {logging_mixin.py:188} INFO - [2024-05-27T01:39:06.530+0000] {dag.py:3954} INFO - Setting next_dagrun for example_short_circuit_operator to 2024-05-26 00:00:00+00:00, run_after=2024-05-27 00:00:00+00:00
[2024-05-27T01:39:06.547+0000] {processor.py:183} INFO - Processing /home/airflow/.local/lib/python3.12/site-packages/airflow/example_dags/example_short_circuit_operator.py took 0.144 seconds
[2024-05-27T01:39:36.595+0000] {processor.py:161} INFO - Started process (PID=156) to work on /home/airflow/.local/lib/python3.12/site-packages/airflow/example_dags/example_short_circuit_operator.py
[2024-05-27T01:39:36.595+0000] {processor.py:830} INFO - Processing file /home/airflow/.local/lib/python3.12/site-packages/airflow/example_dags/example_short_circuit_operator.py for tasks to queue
[2024-05-27T01:39:36.597+0000] {logging_mixin.py:188} INFO - [2024-05-27T01:39:36.597+0000] {dagbag.py:545} INFO - Filling up the DagBag from /home/airflow/.local/lib/python3.12/site-packages/airflow/example_dags/example_short_circuit_operator.py
[2024-05-27T01:39:36.604+0000] {processor.py:840} INFO - DAG(s) 'example_short_circuit_operator' retrieved from /home/airflow/.local/lib/python3.12/site-packages/airflow/example_dags/example_short_circuit_operator.py
[2024-05-27T01:39:36.623+0000] {logging_mixin.py:188} INFO - [2024-05-27T01:39:36.623+0000] {dag.py:3096} INFO - Sync 1 DAGs
[2024-05-27T01:39:36.643+0000] {logging_mixin.py:188} INFO - [2024-05-27T01:39:36.643+0000] {dag.py:3954} INFO - Setting next_dagrun for example_short_circuit_operator to 2024-05-26 00:00:00+00:00, run_after=2024-05-27 00:00:00+00:00
[2024-05-27T01:39:36.659+0000] {processor.py:183} INFO - Processing /home/airflow/.local/lib/python3.12/site-packages/airflow/example_dags/example_short_circuit_operator.py took 0.070 seconds
[2024-05-27T01:40:06.749+0000] {processor.py:161} INFO - Started process (PID=214) to work on /home/airflow/.local/lib/python3.12/site-packages/airflow/example_dags/example_short_circuit_operator.py
[2024-05-27T01:40:06.750+0000] {processor.py:830} INFO - Processing file /home/airflow/.local/lib/python3.12/site-packages/airflow/example_dags/example_short_circuit_operator.py for tasks to queue
[2024-05-27T01:40:06.751+0000] {logging_mixin.py:188} INFO - [2024-05-27T01:40:06.751+0000] {dagbag.py:545} INFO - Filling up the DagBag from /home/airflow/.local/lib/python3.12/site-packages/airflow/example_dags/example_short_circuit_operator.py
[2024-05-27T01:40:06.758+0000] {processor.py:840} INFO - DAG(s) 'example_short_circuit_operator' retrieved from /home/airflow/.local/lib/python3.12/site-packages/airflow/example_dags/example_short_circuit_operator.py
[2024-05-27T01:40:06.783+0000] {logging_mixin.py:188} INFO - [2024-05-27T01:40:06.782+0000] {dag.py:3096} INFO - Sync 1 DAGs
[2024-05-27T01:40:06.804+0000] {logging_mixin.py:188} INFO - [2024-05-27T01:40:06.804+0000] {dag.py:3954} INFO - Setting next_dagrun for example_short_circuit_operator to 2024-05-26 00:00:00+00:00, run_after=2024-05-27 00:00:00+00:00
[2024-05-27T01:40:06.824+0000] {processor.py:183} INFO - Processing /home/airflow/.local/lib/python3.12/site-packages/airflow/example_dags/example_short_circuit_operator.py took 0.080 seconds
[2024-05-27T01:40:37.058+0000] {processor.py:161} INFO - Started process (PID=272) to work on /home/airflow/.local/lib/python3.12/site-packages/airflow/example_dags/example_short_circuit_operator.py
[2024-05-27T01:40:37.059+0000] {processor.py:830} INFO - Processing file /home/airflow/.local/lib/python3.12/site-packages/airflow/example_dags/example_short_circuit_operator.py for tasks to queue
[2024-05-27T01:40:37.061+0000] {logging_mixin.py:188} INFO - [2024-05-27T01:40:37.060+0000] {dagbag.py:545} INFO - Filling up the DagBag from /home/airflow/.local/lib/python3.12/site-packages/airflow/example_dags/example_short_circuit_operator.py
[2024-05-27T01:40:37.069+0000] {processor.py:840} INFO - DAG(s) 'example_short_circuit_operator' retrieved from /home/airflow/.local/lib/python3.12/site-packages/airflow/example_dags/example_short_circuit_operator.py
[2024-05-27T01:40:37.093+0000] {logging_mixin.py:188} INFO - [2024-05-27T01:40:37.093+0000] {dag.py:3096} INFO - Sync 1 DAGs
[2024-05-27T01:40:37.122+0000] {logging_mixin.py:188} INFO - [2024-05-27T01:40:37.122+0000] {dag.py:3954} INFO - Setting next_dagrun for example_short_circuit_operator to 2024-05-26 00:00:00+00:00, run_after=2024-05-27 00:00:00+00:00
[2024-05-27T01:40:37.144+0000] {processor.py:183} INFO - Processing /home/airflow/.local/lib/python3.12/site-packages/airflow/example_dags/example_short_circuit_operator.py took 0.091 seconds
[2024-05-27T01:41:07.233+0000] {processor.py:161} INFO - Started process (PID=330) to work on /home/airflow/.local/lib/python3.12/site-packages/airflow/example_dags/example_short_circuit_operator.py
[2024-05-27T01:41:07.234+0000] {processor.py:830} INFO - Processing file /home/airflow/.local/lib/python3.12/site-packages/airflow/example_dags/example_short_circuit_operator.py for tasks to queue
[2024-05-27T01:41:07.236+0000] {logging_mixin.py:188} INFO - [2024-05-27T01:41:07.235+0000] {dagbag.py:545} INFO - Filling up the DagBag from /home/airflow/.local/lib/python3.12/site-packages/airflow/example_dags/example_short_circuit_operator.py
[2024-05-27T01:41:07.242+0000] {processor.py:840} INFO - DAG(s) 'example_short_circuit_operator' retrieved from /home/airflow/.local/lib/python3.12/site-packages/airflow/example_dags/example_short_circuit_operator.py
[2024-05-27T01:41:07.266+0000] {logging_mixin.py:188} INFO - [2024-05-27T01:41:07.266+0000] {dag.py:3096} INFO - Sync 1 DAGs
[2024-05-27T01:41:07.292+0000] {logging_mixin.py:188} INFO - [2024-05-27T01:41:07.291+0000] {dag.py:3954} INFO - Setting next_dagrun for example_short_circuit_operator to 2024-05-26 00:00:00+00:00, run_after=2024-05-27 00:00:00+00:00
[2024-05-27T01:41:07.314+0000] {processor.py:183} INFO - Processing /home/airflow/.local/lib/python3.12/site-packages/airflow/example_dags/example_short_circuit_operator.py took 0.086 seconds
[2024-05-27T01:41:37.664+0000] {processor.py:161} INFO - Started process (PID=388) to work on /home/airflow/.local/lib/python3.12/site-packages/airflow/example_dags/example_short_circuit_operator.py
[2024-05-27T01:41:37.665+0000] {processor.py:830} INFO - Processing file /home/airflow/.local/lib/python3.12/site-packages/airflow/example_dags/example_short_circuit_operator.py for tasks to queue
[2024-05-27T01:41:37.667+0000] {logging_mixin.py:188} INFO - [2024-05-27T01:41:37.666+0000] {dagbag.py:545} INFO - Filling up the DagBag from /home/airflow/.local/lib/python3.12/site-packages/airflow/example_dags/example_short_circuit_operator.py
[2024-05-27T01:41:37.674+0000] {processor.py:840} INFO - DAG(s) 'example_short_circuit_operator' retrieved from /home/airflow/.local/lib/python3.12/site-packages/airflow/example_dags/example_short_circuit_operator.py
[2024-05-27T01:41:37.696+0000] {logging_mixin.py:188} INFO - [2024-05-27T01:41:37.696+0000] {dag.py:3096} INFO - Sync 1 DAGs
[2024-05-27T01:41:37.717+0000] {logging_mixin.py:188} INFO - [2024-05-27T01:41:37.717+0000] {dag.py:3954} INFO - Setting next_dagrun for example_short_circuit_operator to 2024-05-26 00:00:00+00:00, run_after=2024-05-27 00:00:00+00:00
[2024-05-27T01:41:37.737+0000] {processor.py:183} INFO - Processing /home/airflow/.local/lib/python3.12/site-packages/airflow/example_dags/example_short_circuit_operator.py took 0.079 seconds
[2024-05-27T01:42:08.105+0000] {processor.py:161} INFO - Started process (PID=446) to work on /home/airflow/.local/lib/python3.12/site-packages/airflow/example_dags/example_short_circuit_operator.py
[2024-05-27T01:42:08.106+0000] {processor.py:830} INFO - Processing file /home/airflow/.local/lib/python3.12/site-packages/airflow/example_dags/example_short_circuit_operator.py for tasks to queue
[2024-05-27T01:42:08.108+0000] {logging_mixin.py:188} INFO - [2024-05-27T01:42:08.108+0000] {dagbag.py:545} INFO - Filling up the DagBag from /home/airflow/.local/lib/python3.12/site-packages/airflow/example_dags/example_short_circuit_operator.py
[2024-05-27T01:42:08.115+0000] {processor.py:840} INFO - DAG(s) 'example_short_circuit_operator' retrieved from /home/airflow/.local/lib/python3.12/site-packages/airflow/example_dags/example_short_circuit_operator.py
[2024-05-27T01:42:08.138+0000] {logging_mixin.py:188} INFO - [2024-05-27T01:42:08.138+0000] {dag.py:3096} INFO - Sync 1 DAGs
[2024-05-27T01:42:08.162+0000] {logging_mixin.py:188} INFO - [2024-05-27T01:42:08.162+0000] {dag.py:3954} INFO - Setting next_dagrun for example_short_circuit_operator to 2024-05-26 00:00:00+00:00, run_after=2024-05-27 00:00:00+00:00
[2024-05-27T01:42:08.180+0000] {processor.py:183} INFO - Processing /home/airflow/.local/lib/python3.12/site-packages/airflow/example_dags/example_short_circuit_operator.py took 0.081 seconds
[2024-05-27T01:42:38.821+0000] {processor.py:161} INFO - Started process (PID=504) to work on /home/airflow/.local/lib/python3.12/site-packages/airflow/example_dags/example_short_circuit_operator.py
[2024-05-27T01:42:38.822+0000] {processor.py:830} INFO - Processing file /home/airflow/.local/lib/python3.12/site-packages/airflow/example_dags/example_short_circuit_operator.py for tasks to queue
[2024-05-27T01:42:38.825+0000] {logging_mixin.py:188} INFO - [2024-05-27T01:42:38.824+0000] {dagbag.py:545} INFO - Filling up the DagBag from /home/airflow/.local/lib/python3.12/site-packages/airflow/example_dags/example_short_circuit_operator.py
[2024-05-27T01:42:38.835+0000] {processor.py:840} INFO - DAG(s) 'example_short_circuit_operator' retrieved from /home/airflow/.local/lib/python3.12/site-packages/airflow/example_dags/example_short_circuit_operator.py
[2024-05-27T01:42:38.860+0000] {logging_mixin.py:188} INFO - [2024-05-27T01:42:38.859+0000] {dag.py:3096} INFO - Sync 1 DAGs
[2024-05-27T01:42:38.888+0000] {logging_mixin.py:188} INFO - [2024-05-27T01:42:38.888+0000] {dag.py:3954} INFO - Setting next_dagrun for example_short_circuit_operator to 2024-05-26 00:00:00+00:00, run_after=2024-05-27 00:00:00+00:00
[2024-05-27T01:42:38.920+0000] {processor.py:183} INFO - Processing /home/airflow/.local/lib/python3.12/site-packages/airflow/example_dags/example_short_circuit_operator.py took 0.108 seconds
[2024-05-27T01:43:08.983+0000] {processor.py:161} INFO - Started process (PID=562) to work on /home/airflow/.local/lib/python3.12/site-packages/airflow/example_dags/example_short_circuit_operator.py
[2024-05-27T01:43:08.983+0000] {processor.py:830} INFO - Processing file /home/airflow/.local/lib/python3.12/site-packages/airflow/example_dags/example_short_circuit_operator.py for tasks to queue
[2024-05-27T01:43:08.985+0000] {logging_mixin.py:188} INFO - [2024-05-27T01:43:08.985+0000] {dagbag.py:545} INFO - Filling up the DagBag from /home/airflow/.local/lib/python3.12/site-packages/airflow/example_dags/example_short_circuit_operator.py
[2024-05-27T01:43:08.995+0000] {processor.py:840} INFO - DAG(s) 'example_short_circuit_operator' retrieved from /home/airflow/.local/lib/python3.12/site-packages/airflow/example_dags/example_short_circuit_operator.py
[2024-05-27T01:43:09.018+0000] {logging_mixin.py:188} INFO - [2024-05-27T01:43:09.018+0000] {dag.py:3096} INFO - Sync 1 DAGs
[2024-05-27T01:43:09.042+0000] {logging_mixin.py:188} INFO - [2024-05-27T01:43:09.041+0000] {dag.py:3954} INFO - Setting next_dagrun for example_short_circuit_operator to 2024-05-26 00:00:00+00:00, run_after=2024-05-27 00:00:00+00:00
[2024-05-27T01:43:09.064+0000] {processor.py:183} INFO - Processing /home/airflow/.local/lib/python3.12/site-packages/airflow/example_dags/example_short_circuit_operator.py took 0.088 seconds
[2024-05-27T01:43:39.973+0000] {processor.py:161} INFO - Started process (PID=620) to work on /home/airflow/.local/lib/python3.12/site-packages/airflow/example_dags/example_short_circuit_operator.py
[2024-05-27T01:43:39.974+0000] {processor.py:830} INFO - Processing file /home/airflow/.local/lib/python3.12/site-packages/airflow/example_dags/example_short_circuit_operator.py for tasks to queue
[2024-05-27T01:43:39.976+0000] {logging_mixin.py:188} INFO - [2024-05-27T01:43:39.976+0000] {dagbag.py:545} INFO - Filling up the DagBag from /home/airflow/.local/lib/python3.12/site-packages/airflow/example_dags/example_short_circuit_operator.py
[2024-05-27T01:43:39.983+0000] {processor.py:840} INFO - DAG(s) 'example_short_circuit_operator' retrieved from /home/airflow/.local/lib/python3.12/site-packages/airflow/example_dags/example_short_circuit_operator.py
[2024-05-27T01:43:40.008+0000] {logging_mixin.py:188} INFO - [2024-05-27T01:43:40.007+0000] {dag.py:3096} INFO - Sync 1 DAGs
[2024-05-27T01:43:40.032+0000] {logging_mixin.py:188} INFO - [2024-05-27T01:43:40.032+0000] {dag.py:3954} INFO - Setting next_dagrun for example_short_circuit_operator to 2024-05-26 00:00:00+00:00, run_after=2024-05-27 00:00:00+00:00
[2024-05-27T01:43:40.061+0000] {processor.py:183} INFO - Processing /home/airflow/.local/lib/python3.12/site-packages/airflow/example_dags/example_short_circuit_operator.py took 0.094 seconds
[2024-05-27T01:44:10.404+0000] {processor.py:161} INFO - Started process (PID=677) to work on /home/airflow/.local/lib/python3.12/site-packages/airflow/example_dags/example_short_circuit_operator.py
[2024-05-27T01:44:10.405+0000] {processor.py:830} INFO - Processing file /home/airflow/.local/lib/python3.12/site-packages/airflow/example_dags/example_short_circuit_operator.py for tasks to queue
[2024-05-27T01:44:10.407+0000] {logging_mixin.py:188} INFO - [2024-05-27T01:44:10.407+0000] {dagbag.py:545} INFO - Filling up the DagBag from /home/airflow/.local/lib/python3.12/site-packages/airflow/example_dags/example_short_circuit_operator.py
[2024-05-27T01:44:10.416+0000] {processor.py:840} INFO - DAG(s) 'example_short_circuit_operator' retrieved from /home/airflow/.local/lib/python3.12/site-packages/airflow/example_dags/example_short_circuit_operator.py
[2024-05-27T01:44:10.440+0000] {logging_mixin.py:188} INFO - [2024-05-27T01:44:10.439+0000] {dag.py:3096} INFO - Sync 1 DAGs
[2024-05-27T01:44:10.466+0000] {logging_mixin.py:188} INFO - [2024-05-27T01:44:10.466+0000] {dag.py:3954} INFO - Setting next_dagrun for example_short_circuit_operator to 2024-05-26 00:00:00+00:00, run_after=2024-05-27 00:00:00+00:00
[2024-05-27T01:44:10.488+0000] {processor.py:183} INFO - Processing /home/airflow/.local/lib/python3.12/site-packages/airflow/example_dags/example_short_circuit_operator.py took 0.092 seconds
[2024-05-27T01:44:40.632+0000] {processor.py:161} INFO - Started process (PID=735) to work on /home/airflow/.local/lib/python3.12/site-packages/airflow/example_dags/example_short_circuit_operator.py
[2024-05-27T01:44:40.633+0000] {processor.py:830} INFO - Processing file /home/airflow/.local/lib/python3.12/site-packages/airflow/example_dags/example_short_circuit_operator.py for tasks to queue
[2024-05-27T01:44:40.634+0000] {logging_mixin.py:188} INFO - [2024-05-27T01:44:40.634+0000] {dagbag.py:545} INFO - Filling up the DagBag from /home/airflow/.local/lib/python3.12/site-packages/airflow/example_dags/example_short_circuit_operator.py
[2024-05-27T01:44:40.641+0000] {processor.py:840} INFO - DAG(s) 'example_short_circuit_operator' retrieved from /home/airflow/.local/lib/python3.12/site-packages/airflow/example_dags/example_short_circuit_operator.py
[2024-05-27T01:44:40.663+0000] {logging_mixin.py:188} INFO - [2024-05-27T01:44:40.663+0000] {dag.py:3096} INFO - Sync 1 DAGs
[2024-05-27T01:44:40.685+0000] {logging_mixin.py:188} INFO - [2024-05-27T01:44:40.685+0000] {dag.py:3954} INFO - Setting next_dagrun for example_short_circuit_operator to 2024-05-26 00:00:00+00:00, run_after=2024-05-27 00:00:00+00:00
[2024-05-27T01:44:40.705+0000] {processor.py:183} INFO - Processing /home/airflow/.local/lib/python3.12/site-packages/airflow/example_dags/example_short_circuit_operator.py took 0.080 seconds
[2024-05-27T01:45:11.330+0000] {processor.py:161} INFO - Started process (PID=792) to work on /home/airflow/.local/lib/python3.12/site-packages/airflow/example_dags/example_short_circuit_operator.py
[2024-05-27T01:45:11.331+0000] {processor.py:830} INFO - Processing file /home/airflow/.local/lib/python3.12/site-packages/airflow/example_dags/example_short_circuit_operator.py for tasks to queue
[2024-05-27T01:45:11.333+0000] {logging_mixin.py:188} INFO - [2024-05-27T01:45:11.333+0000] {dagbag.py:545} INFO - Filling up the DagBag from /home/airflow/.local/lib/python3.12/site-packages/airflow/example_dags/example_short_circuit_operator.py
[2024-05-27T01:45:11.339+0000] {processor.py:840} INFO - DAG(s) 'example_short_circuit_operator' retrieved from /home/airflow/.local/lib/python3.12/site-packages/airflow/example_dags/example_short_circuit_operator.py
[2024-05-27T01:45:11.360+0000] {logging_mixin.py:188} INFO - [2024-05-27T01:45:11.360+0000] {dag.py:3096} INFO - Sync 1 DAGs
[2024-05-27T01:45:11.381+0000] {logging_mixin.py:188} INFO - [2024-05-27T01:45:11.381+0000] {dag.py:3954} INFO - Setting next_dagrun for example_short_circuit_operator to 2024-05-26 00:00:00+00:00, run_after=2024-05-27 00:00:00+00:00
[2024-05-27T01:45:11.404+0000] {processor.py:183} INFO - Processing /home/airflow/.local/lib/python3.12/site-packages/airflow/example_dags/example_short_circuit_operator.py took 0.078 seconds
[2024-05-27T01:45:41.818+0000] {processor.py:161} INFO - Started process (PID=850) to work on /home/airflow/.local/lib/python3.12/site-packages/airflow/example_dags/example_short_circuit_operator.py
[2024-05-27T01:45:41.819+0000] {processor.py:830} INFO - Processing file /home/airflow/.local/lib/python3.12/site-packages/airflow/example_dags/example_short_circuit_operator.py for tasks to queue
[2024-05-27T01:45:41.822+0000] {logging_mixin.py:188} INFO - [2024-05-27T01:45:41.822+0000] {dagbag.py:545} INFO - Filling up the DagBag from /home/airflow/.local/lib/python3.12/site-packages/airflow/example_dags/example_short_circuit_operator.py
[2024-05-27T01:45:41.829+0000] {processor.py:840} INFO - DAG(s) 'example_short_circuit_operator' retrieved from /home/airflow/.local/lib/python3.12/site-packages/airflow/example_dags/example_short_circuit_operator.py
[2024-05-27T01:45:41.849+0000] {logging_mixin.py:188} INFO - [2024-05-27T01:45:41.849+0000] {dag.py:3096} INFO - Sync 1 DAGs
[2024-05-27T01:45:41.871+0000] {logging_mixin.py:188} INFO - [2024-05-27T01:45:41.871+0000] {dag.py:3954} INFO - Setting next_dagrun for example_short_circuit_operator to 2024-05-26 00:00:00+00:00, run_after=2024-05-27 00:00:00+00:00
[2024-05-27T01:45:41.894+0000] {processor.py:183} INFO - Processing /home/airflow/.local/lib/python3.12/site-packages/airflow/example_dags/example_short_circuit_operator.py took 0.082 seconds
[2024-05-27T01:46:12.529+0000] {processor.py:161} INFO - Started process (PID=908) to work on /home/airflow/.local/lib/python3.12/site-packages/airflow/example_dags/example_short_circuit_operator.py
[2024-05-27T01:46:12.529+0000] {processor.py:830} INFO - Processing file /home/airflow/.local/lib/python3.12/site-packages/airflow/example_dags/example_short_circuit_operator.py for tasks to queue
[2024-05-27T01:46:12.531+0000] {logging_mixin.py:188} INFO - [2024-05-27T01:46:12.531+0000] {dagbag.py:545} INFO - Filling up the DagBag from /home/airflow/.local/lib/python3.12/site-packages/airflow/example_dags/example_short_circuit_operator.py
[2024-05-27T01:46:12.538+0000] {processor.py:840} INFO - DAG(s) 'example_short_circuit_operator' retrieved from /home/airflow/.local/lib/python3.12/site-packages/airflow/example_dags/example_short_circuit_operator.py
[2024-05-27T01:46:12.559+0000] {logging_mixin.py:188} INFO - [2024-05-27T01:46:12.559+0000] {dag.py:3096} INFO - Sync 1 DAGs
[2024-05-27T01:46:12.580+0000] {logging_mixin.py:188} INFO - [2024-05-27T01:46:12.579+0000] {dag.py:3954} INFO - Setting next_dagrun for example_short_circuit_operator to 2024-05-26 00:00:00+00:00, run_after=2024-05-27 00:00:00+00:00
[2024-05-27T01:46:12.597+0000] {processor.py:183} INFO - Processing /home/airflow/.local/lib/python3.12/site-packages/airflow/example_dags/example_short_circuit_operator.py took 0.074 seconds
[2024-05-27T01:48:43.080+0000] {processor.py:161} INFO - Started process (PID=39) to work on /home/airflow/.local/lib/python3.12/site-packages/airflow/example_dags/example_short_circuit_operator.py
[2024-05-27T01:48:43.082+0000] {processor.py:830} INFO - Processing file /home/airflow/.local/lib/python3.12/site-packages/airflow/example_dags/example_short_circuit_operator.py for tasks to queue
[2024-05-27T01:48:43.084+0000] {logging_mixin.py:188} INFO - [2024-05-27T01:48:43.083+0000] {dagbag.py:545} INFO - Filling up the DagBag from /home/airflow/.local/lib/python3.12/site-packages/airflow/example_dags/example_short_circuit_operator.py
[2024-05-27T01:48:43.096+0000] {processor.py:840} INFO - DAG(s) 'example_short_circuit_operator' retrieved from /home/airflow/.local/lib/python3.12/site-packages/airflow/example_dags/example_short_circuit_operator.py
[2024-05-27T01:48:43.108+0000] {logging_mixin.py:188} INFO - [2024-05-27T01:48:43.107+0000] {dag.py:3096} INFO - Sync 1 DAGs
[2024-05-27T01:48:43.146+0000] {logging_mixin.py:188} INFO - [2024-05-27T01:48:43.146+0000] {dag.py:3954} INFO - Setting next_dagrun for example_short_circuit_operator to 2024-05-26 00:00:00+00:00, run_after=2024-05-27 00:00:00+00:00
[2024-05-27T01:48:43.191+0000] {processor.py:183} INFO - Processing /home/airflow/.local/lib/python3.12/site-packages/airflow/example_dags/example_short_circuit_operator.py took 0.119 seconds
[2024-05-27T01:49:13.592+0000] {processor.py:161} INFO - Started process (PID=97) to work on /home/airflow/.local/lib/python3.12/site-packages/airflow/example_dags/example_short_circuit_operator.py
[2024-05-27T01:49:13.593+0000] {processor.py:830} INFO - Processing file /home/airflow/.local/lib/python3.12/site-packages/airflow/example_dags/example_short_circuit_operator.py for tasks to queue
[2024-05-27T01:49:13.597+0000] {logging_mixin.py:188} INFO - [2024-05-27T01:49:13.596+0000] {dagbag.py:545} INFO - Filling up the DagBag from /home/airflow/.local/lib/python3.12/site-packages/airflow/example_dags/example_short_circuit_operator.py
[2024-05-27T01:49:13.608+0000] {processor.py:840} INFO - DAG(s) 'example_short_circuit_operator' retrieved from /home/airflow/.local/lib/python3.12/site-packages/airflow/example_dags/example_short_circuit_operator.py
[2024-05-27T01:49:13.839+0000] {logging_mixin.py:188} INFO - [2024-05-27T01:49:13.838+0000] {dag.py:3096} INFO - Sync 1 DAGs
[2024-05-27T01:49:13.893+0000] {logging_mixin.py:188} INFO - [2024-05-27T01:49:13.893+0000] {dag.py:3954} INFO - Setting next_dagrun for example_short_circuit_operator to 2024-05-26 00:00:00+00:00, run_after=2024-05-27 00:00:00+00:00
[2024-05-27T01:49:13.946+0000] {processor.py:183} INFO - Processing /home/airflow/.local/lib/python3.12/site-packages/airflow/example_dags/example_short_circuit_operator.py took 0.361 seconds
[2024-05-27T13:32:46.774+0000] {processor.py:161} INFO - Started process (PID=39) to work on /home/airflow/.local/lib/python3.12/site-packages/airflow/example_dags/example_short_circuit_operator.py
[2024-05-27T13:32:46.777+0000] {processor.py:830} INFO - Processing file /home/airflow/.local/lib/python3.12/site-packages/airflow/example_dags/example_short_circuit_operator.py for tasks to queue
[2024-05-27T13:32:46.781+0000] {logging_mixin.py:188} INFO - [2024-05-27T13:32:46.781+0000] {dagbag.py:545} INFO - Filling up the DagBag from /home/airflow/.local/lib/python3.12/site-packages/airflow/example_dags/example_short_circuit_operator.py
[2024-05-27T13:32:46.797+0000] {processor.py:840} INFO - DAG(s) 'example_short_circuit_operator' retrieved from /home/airflow/.local/lib/python3.12/site-packages/airflow/example_dags/example_short_circuit_operator.py
[2024-05-27T13:32:46.841+0000] {logging_mixin.py:188} INFO - [2024-05-27T13:32:46.840+0000] {dag.py:3096} INFO - Sync 1 DAGs
[2024-05-27T13:32:46.869+0000] {logging_mixin.py:188} INFO - [2024-05-27T13:32:46.869+0000] {dag.py:3954} INFO - Setting next_dagrun for example_short_circuit_operator to 2024-05-26 00:00:00+00:00, run_after=2024-05-27 00:00:00+00:00
[2024-05-27T13:32:46.891+0000] {processor.py:183} INFO - Processing /home/airflow/.local/lib/python3.12/site-packages/airflow/example_dags/example_short_circuit_operator.py took 0.125 seconds
[2024-05-27T13:33:17.107+0000] {processor.py:161} INFO - Started process (PID=96) to work on /home/airflow/.local/lib/python3.12/site-packages/airflow/example_dags/example_short_circuit_operator.py
[2024-05-27T13:33:17.108+0000] {processor.py:830} INFO - Processing file /home/airflow/.local/lib/python3.12/site-packages/airflow/example_dags/example_short_circuit_operator.py for tasks to queue
[2024-05-27T13:33:17.110+0000] {logging_mixin.py:188} INFO - [2024-05-27T13:33:17.110+0000] {dagbag.py:545} INFO - Filling up the DagBag from /home/airflow/.local/lib/python3.12/site-packages/airflow/example_dags/example_short_circuit_operator.py
[2024-05-27T13:33:17.119+0000] {processor.py:840} INFO - DAG(s) 'example_short_circuit_operator' retrieved from /home/airflow/.local/lib/python3.12/site-packages/airflow/example_dags/example_short_circuit_operator.py
[2024-05-27T13:33:17.141+0000] {logging_mixin.py:188} INFO - [2024-05-27T13:33:17.140+0000] {dag.py:3096} INFO - Sync 1 DAGs
[2024-05-27T13:33:17.164+0000] {logging_mixin.py:188} INFO - [2024-05-27T13:33:17.163+0000] {dag.py:3954} INFO - Setting next_dagrun for example_short_circuit_operator to 2024-05-26 00:00:00+00:00, run_after=2024-05-27 00:00:00+00:00
[2024-05-27T13:33:17.185+0000] {processor.py:183} INFO - Processing /home/airflow/.local/lib/python3.12/site-packages/airflow/example_dags/example_short_circuit_operator.py took 0.083 seconds
[2024-05-27T14:22:34.391+0000] {processor.py:161} INFO - Started process (PID=50) to work on /home/airflow/.local/lib/python3.12/site-packages/airflow/example_dags/example_short_circuit_operator.py
[2024-05-27T14:22:34.396+0000] {processor.py:830} INFO - Processing file /home/airflow/.local/lib/python3.12/site-packages/airflow/example_dags/example_short_circuit_operator.py for tasks to queue
[2024-05-27T14:22:34.402+0000] {logging_mixin.py:188} INFO - [2024-05-27T14:22:34.402+0000] {dagbag.py:545} INFO - Filling up the DagBag from /home/airflow/.local/lib/python3.12/site-packages/airflow/example_dags/example_short_circuit_operator.py
[2024-05-27T14:22:34.427+0000] {processor.py:840} INFO - DAG(s) 'example_short_circuit_operator' retrieved from /home/airflow/.local/lib/python3.12/site-packages/airflow/example_dags/example_short_circuit_operator.py
[2024-05-27T14:22:34.664+0000] {logging_mixin.py:188} INFO - [2024-05-27T14:22:34.663+0000] {override.py:1829} INFO - Created Permission View: can edit on DAG:example_short_circuit_operator
[2024-05-27T14:22:34.693+0000] {logging_mixin.py:188} INFO - [2024-05-27T14:22:34.693+0000] {override.py:1829} INFO - Created Permission View: can delete on DAG:example_short_circuit_operator
[2024-05-27T14:22:34.714+0000] {logging_mixin.py:188} INFO - [2024-05-27T14:22:34.714+0000] {override.py:1829} INFO - Created Permission View: can read on DAG:example_short_circuit_operator
[2024-05-27T14:22:34.715+0000] {logging_mixin.py:188} INFO - [2024-05-27T14:22:34.715+0000] {dag.py:3096} INFO - Sync 1 DAGs
[2024-05-27T14:22:34.748+0000] {logging_mixin.py:188} INFO - [2024-05-27T14:22:34.748+0000] {dag.py:3118} INFO - Creating ORM DAG for example_short_circuit_operator
[2024-05-27T14:22:34.785+0000] {logging_mixin.py:188} INFO - [2024-05-27T14:22:34.785+0000] {dag.py:3954} INFO - Setting next_dagrun for example_short_circuit_operator to 2024-05-26 00:00:00+00:00, run_after=2024-05-27 00:00:00+00:00
[2024-05-27T14:22:34.879+0000] {processor.py:183} INFO - Processing /home/airflow/.local/lib/python3.12/site-packages/airflow/example_dags/example_short_circuit_operator.py took 0.499 seconds
[2024-05-27T14:26:25.511+0000] {processor.py:161} INFO - Started process (PID=121) to work on /home/airflow/.local/lib/python3.12/site-packages/airflow/example_dags/example_short_circuit_operator.py
[2024-05-27T14:26:25.513+0000] {processor.py:830} INFO - Processing file /home/airflow/.local/lib/python3.12/site-packages/airflow/example_dags/example_short_circuit_operator.py for tasks to queue
[2024-05-27T14:26:25.515+0000] {logging_mixin.py:188} INFO - [2024-05-27T14:26:25.515+0000] {dagbag.py:545} INFO - Filling up the DagBag from /home/airflow/.local/lib/python3.12/site-packages/airflow/example_dags/example_short_circuit_operator.py
[2024-05-27T14:26:25.543+0000] {processor.py:840} INFO - DAG(s) 'example_short_circuit_operator' retrieved from /home/airflow/.local/lib/python3.12/site-packages/airflow/example_dags/example_short_circuit_operator.py
[2024-05-27T14:26:25.603+0000] {logging_mixin.py:188} INFO - [2024-05-27T14:26:25.603+0000] {dag.py:3096} INFO - Sync 1 DAGs
[2024-05-27T14:26:25.672+0000] {logging_mixin.py:188} INFO - [2024-05-27T14:26:25.672+0000] {dag.py:3954} INFO - Setting next_dagrun for example_short_circuit_operator to 2024-05-26 00:00:00+00:00, run_after=2024-05-27 00:00:00+00:00
[2024-05-27T14:26:25.741+0000] {processor.py:183} INFO - Processing /home/airflow/.local/lib/python3.12/site-packages/airflow/example_dags/example_short_circuit_operator.py took 0.247 seconds
[2024-05-27T14:26:56.456+0000] {processor.py:161} INFO - Started process (PID=179) to work on /home/airflow/.local/lib/python3.12/site-packages/airflow/example_dags/example_short_circuit_operator.py
[2024-05-27T14:26:56.457+0000] {processor.py:830} INFO - Processing file /home/airflow/.local/lib/python3.12/site-packages/airflow/example_dags/example_short_circuit_operator.py for tasks to queue
[2024-05-27T14:26:56.458+0000] {logging_mixin.py:188} INFO - [2024-05-27T14:26:56.457+0000] {dagbag.py:545} INFO - Filling up the DagBag from /home/airflow/.local/lib/python3.12/site-packages/airflow/example_dags/example_short_circuit_operator.py
[2024-05-27T14:26:56.470+0000] {processor.py:840} INFO - DAG(s) 'example_short_circuit_operator' retrieved from /home/airflow/.local/lib/python3.12/site-packages/airflow/example_dags/example_short_circuit_operator.py
[2024-05-27T14:26:56.501+0000] {logging_mixin.py:188} INFO - [2024-05-27T14:26:56.500+0000] {dag.py:3096} INFO - Sync 1 DAGs
[2024-05-27T14:26:56.523+0000] {logging_mixin.py:188} INFO - [2024-05-27T14:26:56.522+0000] {dag.py:3954} INFO - Setting next_dagrun for example_short_circuit_operator to 2024-05-26 00:00:00+00:00, run_after=2024-05-27 00:00:00+00:00
[2024-05-27T14:26:56.539+0000] {processor.py:183} INFO - Processing /home/airflow/.local/lib/python3.12/site-packages/airflow/example_dags/example_short_circuit_operator.py took 0.091 seconds
[2024-05-27T17:32:25.909+0000] {processor.py:161} INFO - Started process (PID=47) to work on /home/airflow/.local/lib/python3.12/site-packages/airflow/example_dags/example_short_circuit_operator.py
[2024-05-27T17:32:25.910+0000] {processor.py:830} INFO - Processing file /home/airflow/.local/lib/python3.12/site-packages/airflow/example_dags/example_short_circuit_operator.py for tasks to queue
[2024-05-27T17:32:25.913+0000] {logging_mixin.py:188} INFO - [2024-05-27T17:32:25.913+0000] {dagbag.py:545} INFO - Filling up the DagBag from /home/airflow/.local/lib/python3.12/site-packages/airflow/example_dags/example_short_circuit_operator.py
[2024-05-27T17:32:25.924+0000] {processor.py:840} INFO - DAG(s) 'example_short_circuit_operator' retrieved from /home/airflow/.local/lib/python3.12/site-packages/airflow/example_dags/example_short_circuit_operator.py
[2024-05-27T17:32:25.934+0000] {logging_mixin.py:188} INFO - [2024-05-27T17:32:25.934+0000] {dag.py:3096} INFO - Sync 1 DAGs
[2024-05-27T17:32:25.958+0000] {logging_mixin.py:188} INFO - [2024-05-27T17:32:25.958+0000] {dag.py:3954} INFO - Setting next_dagrun for example_short_circuit_operator to 2024-05-26 00:00:00+00:00, run_after=2024-05-27 00:00:00+00:00
[2024-05-27T17:32:25.978+0000] {processor.py:183} INFO - Processing /home/airflow/.local/lib/python3.12/site-packages/airflow/example_dags/example_short_circuit_operator.py took 0.075 seconds
[2024-05-27T17:32:56.613+0000] {processor.py:161} INFO - Started process (PID=105) to work on /home/airflow/.local/lib/python3.12/site-packages/airflow/example_dags/example_short_circuit_operator.py
[2024-05-27T17:32:56.614+0000] {processor.py:830} INFO - Processing file /home/airflow/.local/lib/python3.12/site-packages/airflow/example_dags/example_short_circuit_operator.py for tasks to queue
[2024-05-27T17:32:56.615+0000] {logging_mixin.py:188} INFO - [2024-05-27T17:32:56.615+0000] {dagbag.py:545} INFO - Filling up the DagBag from /home/airflow/.local/lib/python3.12/site-packages/airflow/example_dags/example_short_circuit_operator.py
[2024-05-27T17:32:56.622+0000] {processor.py:840} INFO - DAG(s) 'example_short_circuit_operator' retrieved from /home/airflow/.local/lib/python3.12/site-packages/airflow/example_dags/example_short_circuit_operator.py
[2024-05-27T17:32:56.715+0000] {logging_mixin.py:188} INFO - [2024-05-27T17:32:56.715+0000] {dag.py:3096} INFO - Sync 1 DAGs
[2024-05-27T17:32:56.732+0000] {logging_mixin.py:188} INFO - [2024-05-27T17:32:56.731+0000] {dag.py:3954} INFO - Setting next_dagrun for example_short_circuit_operator to 2024-05-26 00:00:00+00:00, run_after=2024-05-27 00:00:00+00:00
[2024-05-27T17:32:56.750+0000] {processor.py:183} INFO - Processing /home/airflow/.local/lib/python3.12/site-packages/airflow/example_dags/example_short_circuit_operator.py took 0.142 seconds
[2024-05-27T17:33:27.262+0000] {processor.py:161} INFO - Started process (PID=163) to work on /home/airflow/.local/lib/python3.12/site-packages/airflow/example_dags/example_short_circuit_operator.py
[2024-05-27T17:33:27.262+0000] {processor.py:830} INFO - Processing file /home/airflow/.local/lib/python3.12/site-packages/airflow/example_dags/example_short_circuit_operator.py for tasks to queue
[2024-05-27T17:33:27.264+0000] {logging_mixin.py:188} INFO - [2024-05-27T17:33:27.264+0000] {dagbag.py:545} INFO - Filling up the DagBag from /home/airflow/.local/lib/python3.12/site-packages/airflow/example_dags/example_short_circuit_operator.py
[2024-05-27T17:33:27.271+0000] {processor.py:840} INFO - DAG(s) 'example_short_circuit_operator' retrieved from /home/airflow/.local/lib/python3.12/site-packages/airflow/example_dags/example_short_circuit_operator.py
[2024-05-27T17:33:27.293+0000] {logging_mixin.py:188} INFO - [2024-05-27T17:33:27.292+0000] {dag.py:3096} INFO - Sync 1 DAGs
[2024-05-27T17:33:27.314+0000] {logging_mixin.py:188} INFO - [2024-05-27T17:33:27.313+0000] {dag.py:3954} INFO - Setting next_dagrun for example_short_circuit_operator to 2024-05-26 00:00:00+00:00, run_after=2024-05-27 00:00:00+00:00
[2024-05-27T17:33:27.330+0000] {processor.py:183} INFO - Processing /home/airflow/.local/lib/python3.12/site-packages/airflow/example_dags/example_short_circuit_operator.py took 0.074 seconds
[2024-05-27T17:33:57.465+0000] {processor.py:161} INFO - Started process (PID=221) to work on /home/airflow/.local/lib/python3.12/site-packages/airflow/example_dags/example_short_circuit_operator.py
[2024-05-27T17:33:57.466+0000] {processor.py:830} INFO - Processing file /home/airflow/.local/lib/python3.12/site-packages/airflow/example_dags/example_short_circuit_operator.py for tasks to queue
[2024-05-27T17:33:57.469+0000] {logging_mixin.py:188} INFO - [2024-05-27T17:33:57.469+0000] {dagbag.py:545} INFO - Filling up the DagBag from /home/airflow/.local/lib/python3.12/site-packages/airflow/example_dags/example_short_circuit_operator.py
[2024-05-27T17:33:57.476+0000] {processor.py:840} INFO - DAG(s) 'example_short_circuit_operator' retrieved from /home/airflow/.local/lib/python3.12/site-packages/airflow/example_dags/example_short_circuit_operator.py
[2024-05-27T17:33:57.499+0000] {logging_mixin.py:188} INFO - [2024-05-27T17:33:57.499+0000] {dag.py:3096} INFO - Sync 1 DAGs
[2024-05-27T17:33:57.522+0000] {logging_mixin.py:188} INFO - [2024-05-27T17:33:57.522+0000] {dag.py:3954} INFO - Setting next_dagrun for example_short_circuit_operator to 2024-05-26 00:00:00+00:00, run_after=2024-05-27 00:00:00+00:00
[2024-05-27T17:33:57.541+0000] {processor.py:183} INFO - Processing /home/airflow/.local/lib/python3.12/site-packages/airflow/example_dags/example_short_circuit_operator.py took 0.082 seconds
[2024-05-27T17:34:27.836+0000] {processor.py:161} INFO - Started process (PID=279) to work on /home/airflow/.local/lib/python3.12/site-packages/airflow/example_dags/example_short_circuit_operator.py
[2024-05-27T17:34:27.837+0000] {processor.py:830} INFO - Processing file /home/airflow/.local/lib/python3.12/site-packages/airflow/example_dags/example_short_circuit_operator.py for tasks to queue
[2024-05-27T17:34:27.839+0000] {logging_mixin.py:188} INFO - [2024-05-27T17:34:27.838+0000] {dagbag.py:545} INFO - Filling up the DagBag from /home/airflow/.local/lib/python3.12/site-packages/airflow/example_dags/example_short_circuit_operator.py
[2024-05-27T17:34:27.845+0000] {processor.py:840} INFO - DAG(s) 'example_short_circuit_operator' retrieved from /home/airflow/.local/lib/python3.12/site-packages/airflow/example_dags/example_short_circuit_operator.py
[2024-05-27T17:34:27.865+0000] {logging_mixin.py:188} INFO - [2024-05-27T17:34:27.864+0000] {dag.py:3096} INFO - Sync 1 DAGs
[2024-05-27T17:34:27.890+0000] {logging_mixin.py:188} INFO - [2024-05-27T17:34:27.889+0000] {dag.py:3954} INFO - Setting next_dagrun for example_short_circuit_operator to 2024-05-26 00:00:00+00:00, run_after=2024-05-27 00:00:00+00:00
[2024-05-27T17:34:27.909+0000] {processor.py:183} INFO - Processing /home/airflow/.local/lib/python3.12/site-packages/airflow/example_dags/example_short_circuit_operator.py took 0.078 seconds
[2024-05-27T17:34:58.699+0000] {processor.py:161} INFO - Started process (PID=337) to work on /home/airflow/.local/lib/python3.12/site-packages/airflow/example_dags/example_short_circuit_operator.py
[2024-05-27T17:34:58.700+0000] {processor.py:830} INFO - Processing file /home/airflow/.local/lib/python3.12/site-packages/airflow/example_dags/example_short_circuit_operator.py for tasks to queue
[2024-05-27T17:34:58.702+0000] {logging_mixin.py:188} INFO - [2024-05-27T17:34:58.702+0000] {dagbag.py:545} INFO - Filling up the DagBag from /home/airflow/.local/lib/python3.12/site-packages/airflow/example_dags/example_short_circuit_operator.py
[2024-05-27T17:34:58.710+0000] {processor.py:840} INFO - DAG(s) 'example_short_circuit_operator' retrieved from /home/airflow/.local/lib/python3.12/site-packages/airflow/example_dags/example_short_circuit_operator.py
[2024-05-27T17:34:58.733+0000] {logging_mixin.py:188} INFO - [2024-05-27T17:34:58.733+0000] {dag.py:3096} INFO - Sync 1 DAGs
[2024-05-27T17:34:58.754+0000] {logging_mixin.py:188} INFO - [2024-05-27T17:34:58.754+0000] {dag.py:3954} INFO - Setting next_dagrun for example_short_circuit_operator to 2024-05-26 00:00:00+00:00, run_after=2024-05-27 00:00:00+00:00
[2024-05-27T17:34:58.772+0000] {processor.py:183} INFO - Processing /home/airflow/.local/lib/python3.12/site-packages/airflow/example_dags/example_short_circuit_operator.py took 0.080 seconds
[2024-05-27T17:35:28.991+0000] {processor.py:161} INFO - Started process (PID=395) to work on /home/airflow/.local/lib/python3.12/site-packages/airflow/example_dags/example_short_circuit_operator.py
[2024-05-27T17:35:28.991+0000] {processor.py:830} INFO - Processing file /home/airflow/.local/lib/python3.12/site-packages/airflow/example_dags/example_short_circuit_operator.py for tasks to queue
[2024-05-27T17:35:28.993+0000] {logging_mixin.py:188} INFO - [2024-05-27T17:35:28.993+0000] {dagbag.py:545} INFO - Filling up the DagBag from /home/airflow/.local/lib/python3.12/site-packages/airflow/example_dags/example_short_circuit_operator.py
[2024-05-27T17:35:29.000+0000] {processor.py:840} INFO - DAG(s) 'example_short_circuit_operator' retrieved from /home/airflow/.local/lib/python3.12/site-packages/airflow/example_dags/example_short_circuit_operator.py
[2024-05-27T17:35:29.022+0000] {logging_mixin.py:188} INFO - [2024-05-27T17:35:29.022+0000] {dag.py:3096} INFO - Sync 1 DAGs
[2024-05-27T17:35:29.045+0000] {logging_mixin.py:188} INFO - [2024-05-27T17:35:29.045+0000] {dag.py:3954} INFO - Setting next_dagrun for example_short_circuit_operator to 2024-05-26 00:00:00+00:00, run_after=2024-05-27 00:00:00+00:00
[2024-05-27T17:35:29.064+0000] {processor.py:183} INFO - Processing /home/airflow/.local/lib/python3.12/site-packages/airflow/example_dags/example_short_circuit_operator.py took 0.079 seconds
[2024-05-27T17:35:59.601+0000] {processor.py:161} INFO - Started process (PID=458) to work on /home/airflow/.local/lib/python3.12/site-packages/airflow/example_dags/example_short_circuit_operator.py
[2024-05-27T17:35:59.602+0000] {processor.py:830} INFO - Processing file /home/airflow/.local/lib/python3.12/site-packages/airflow/example_dags/example_short_circuit_operator.py for tasks to queue
[2024-05-27T17:35:59.605+0000] {logging_mixin.py:188} INFO - [2024-05-27T17:35:59.604+0000] {dagbag.py:545} INFO - Filling up the DagBag from /home/airflow/.local/lib/python3.12/site-packages/airflow/example_dags/example_short_circuit_operator.py
[2024-05-27T17:35:59.612+0000] {processor.py:840} INFO - DAG(s) 'example_short_circuit_operator' retrieved from /home/airflow/.local/lib/python3.12/site-packages/airflow/example_dags/example_short_circuit_operator.py
[2024-05-27T17:35:59.632+0000] {logging_mixin.py:188} INFO - [2024-05-27T17:35:59.632+0000] {dag.py:3096} INFO - Sync 1 DAGs
[2024-05-27T17:35:59.652+0000] {logging_mixin.py:188} INFO - [2024-05-27T17:35:59.652+0000] {dag.py:3954} INFO - Setting next_dagrun for example_short_circuit_operator to 2024-05-26 00:00:00+00:00, run_after=2024-05-27 00:00:00+00:00
[2024-05-27T17:35:59.669+0000] {processor.py:183} INFO - Processing /home/airflow/.local/lib/python3.12/site-packages/airflow/example_dags/example_short_circuit_operator.py took 0.074 seconds
[2024-05-27T17:36:30.316+0000] {processor.py:161} INFO - Started process (PID=516) to work on /home/airflow/.local/lib/python3.12/site-packages/airflow/example_dags/example_short_circuit_operator.py
[2024-05-27T17:36:30.317+0000] {processor.py:830} INFO - Processing file /home/airflow/.local/lib/python3.12/site-packages/airflow/example_dags/example_short_circuit_operator.py for tasks to queue
[2024-05-27T17:36:30.319+0000] {logging_mixin.py:188} INFO - [2024-05-27T17:36:30.318+0000] {dagbag.py:545} INFO - Filling up the DagBag from /home/airflow/.local/lib/python3.12/site-packages/airflow/example_dags/example_short_circuit_operator.py
[2024-05-27T17:36:30.326+0000] {processor.py:840} INFO - DAG(s) 'example_short_circuit_operator' retrieved from /home/airflow/.local/lib/python3.12/site-packages/airflow/example_dags/example_short_circuit_operator.py
[2024-05-27T17:36:30.347+0000] {logging_mixin.py:188} INFO - [2024-05-27T17:36:30.347+0000] {dag.py:3096} INFO - Sync 1 DAGs
[2024-05-27T17:36:30.372+0000] {logging_mixin.py:188} INFO - [2024-05-27T17:36:30.372+0000] {dag.py:3954} INFO - Setting next_dagrun for example_short_circuit_operator to 2024-05-26 00:00:00+00:00, run_after=2024-05-27 00:00:00+00:00
[2024-05-27T17:36:30.390+0000] {processor.py:183} INFO - Processing /home/airflow/.local/lib/python3.12/site-packages/airflow/example_dags/example_short_circuit_operator.py took 0.080 seconds
[2024-05-27T17:37:01.279+0000] {processor.py:161} INFO - Started process (PID=573) to work on /home/airflow/.local/lib/python3.12/site-packages/airflow/example_dags/example_short_circuit_operator.py
[2024-05-27T17:37:01.280+0000] {processor.py:830} INFO - Processing file /home/airflow/.local/lib/python3.12/site-packages/airflow/example_dags/example_short_circuit_operator.py for tasks to queue
[2024-05-27T17:37:01.283+0000] {logging_mixin.py:188} INFO - [2024-05-27T17:37:01.282+0000] {dagbag.py:545} INFO - Filling up the DagBag from /home/airflow/.local/lib/python3.12/site-packages/airflow/example_dags/example_short_circuit_operator.py
[2024-05-27T17:37:01.290+0000] {processor.py:840} INFO - DAG(s) 'example_short_circuit_operator' retrieved from /home/airflow/.local/lib/python3.12/site-packages/airflow/example_dags/example_short_circuit_operator.py
[2024-05-27T17:37:01.316+0000] {logging_mixin.py:188} INFO - [2024-05-27T17:37:01.316+0000] {dag.py:3096} INFO - Sync 1 DAGs
[2024-05-27T17:37:01.337+0000] {logging_mixin.py:188} INFO - [2024-05-27T17:37:01.337+0000] {dag.py:3954} INFO - Setting next_dagrun for example_short_circuit_operator to 2024-05-26 00:00:00+00:00, run_after=2024-05-27 00:00:00+00:00
[2024-05-27T17:37:01.359+0000] {processor.py:183} INFO - Processing /home/airflow/.local/lib/python3.12/site-packages/airflow/example_dags/example_short_circuit_operator.py took 0.085 seconds
[2024-05-27T17:38:14.469+0000] {processor.py:161} INFO - Started process (PID=45) to work on /home/airflow/.local/lib/python3.12/site-packages/airflow/example_dags/example_short_circuit_operator.py
[2024-05-27T17:38:14.470+0000] {processor.py:830} INFO - Processing file /home/airflow/.local/lib/python3.12/site-packages/airflow/example_dags/example_short_circuit_operator.py for tasks to queue
[2024-05-27T17:38:14.471+0000] {logging_mixin.py:188} INFO - [2024-05-27T17:38:14.471+0000] {dagbag.py:545} INFO - Filling up the DagBag from /home/airflow/.local/lib/python3.12/site-packages/airflow/example_dags/example_short_circuit_operator.py
[2024-05-27T17:38:14.478+0000] {processor.py:840} INFO - DAG(s) 'example_short_circuit_operator' retrieved from /home/airflow/.local/lib/python3.12/site-packages/airflow/example_dags/example_short_circuit_operator.py
[2024-05-27T17:38:14.490+0000] {logging_mixin.py:188} INFO - [2024-05-27T17:38:14.490+0000] {dag.py:3096} INFO - Sync 1 DAGs
[2024-05-27T17:38:14.516+0000] {logging_mixin.py:188} INFO - [2024-05-27T17:38:14.515+0000] {dag.py:3954} INFO - Setting next_dagrun for example_short_circuit_operator to 2024-05-26 00:00:00+00:00, run_after=2024-05-27 00:00:00+00:00
[2024-05-27T17:38:14.536+0000] {processor.py:183} INFO - Processing /home/airflow/.local/lib/python3.12/site-packages/airflow/example_dags/example_short_circuit_operator.py took 0.073 seconds
[2024-05-27T17:38:45.363+0000] {processor.py:161} INFO - Started process (PID=103) to work on /home/airflow/.local/lib/python3.12/site-packages/airflow/example_dags/example_short_circuit_operator.py
[2024-05-27T17:38:45.364+0000] {processor.py:830} INFO - Processing file /home/airflow/.local/lib/python3.12/site-packages/airflow/example_dags/example_short_circuit_operator.py for tasks to queue
[2024-05-27T17:38:45.366+0000] {logging_mixin.py:188} INFO - [2024-05-27T17:38:45.365+0000] {dagbag.py:545} INFO - Filling up the DagBag from /home/airflow/.local/lib/python3.12/site-packages/airflow/example_dags/example_short_circuit_operator.py
[2024-05-27T17:38:45.373+0000] {processor.py:840} INFO - DAG(s) 'example_short_circuit_operator' retrieved from /home/airflow/.local/lib/python3.12/site-packages/airflow/example_dags/example_short_circuit_operator.py
[2024-05-27T17:38:45.480+0000] {logging_mixin.py:188} INFO - [2024-05-27T17:38:45.480+0000] {dag.py:3096} INFO - Sync 1 DAGs
[2024-05-27T17:38:45.500+0000] {logging_mixin.py:188} INFO - [2024-05-27T17:38:45.499+0000] {dag.py:3954} INFO - Setting next_dagrun for example_short_circuit_operator to 2024-05-26 00:00:00+00:00, run_after=2024-05-27 00:00:00+00:00
[2024-05-27T17:38:45.524+0000] {processor.py:183} INFO - Processing /home/airflow/.local/lib/python3.12/site-packages/airflow/example_dags/example_short_circuit_operator.py took 0.168 seconds
