[2024-05-27T01:38:37.365+0000] {processor.py:161} INFO - Started process (PID=64) to work on /home/airflow/.local/lib/python3.12/site-packages/airflow/example_dags/example_setup_teardown.py
[2024-05-27T01:38:37.366+0000] {processor.py:830} INFO - Processing file /home/airflow/.local/lib/python3.12/site-packages/airflow/example_dags/example_setup_teardown.py for tasks to queue
[2024-05-27T01:38:37.368+0000] {logging_mixin.py:188} INFO - [2024-05-27T01:38:37.368+0000] {dagbag.py:545} INFO - Filling up the DagBag from /home/airflow/.local/lib/python3.12/site-packages/airflow/example_dags/example_setup_teardown.py
[2024-05-27T01:38:37.380+0000] {processor.py:840} INFO - DAG(s) 'example_setup_teardown' retrieved from /home/airflow/.local/lib/python3.12/site-packages/airflow/example_dags/example_setup_teardown.py
[2024-05-27T01:38:37.396+0000] {logging_mixin.py:188} INFO - [2024-05-27T01:38:37.395+0000] {dag.py:3096} INFO - Sync 1 DAGs
[2024-05-27T01:38:37.432+0000] {logging_mixin.py:188} INFO - [2024-05-27T01:38:37.432+0000] {dag.py:3954} INFO - Setting next_dagrun for example_setup_teardown to 2024-05-26 00:00:00+00:00, run_after=2024-05-27 00:00:00+00:00
[2024-05-27T01:38:37.460+0000] {processor.py:183} INFO - Processing /home/airflow/.local/lib/python3.12/site-packages/airflow/example_dags/example_setup_teardown.py took 0.103 seconds
[2024-05-27T01:39:08.418+0000] {processor.py:161} INFO - Started process (PID=122) to work on /home/airflow/.local/lib/python3.12/site-packages/airflow/example_dags/example_setup_teardown.py
[2024-05-27T01:39:08.419+0000] {processor.py:830} INFO - Processing file /home/airflow/.local/lib/python3.12/site-packages/airflow/example_dags/example_setup_teardown.py for tasks to queue
[2024-05-27T01:39:08.421+0000] {logging_mixin.py:188} INFO - [2024-05-27T01:39:08.420+0000] {dagbag.py:545} INFO - Filling up the DagBag from /home/airflow/.local/lib/python3.12/site-packages/airflow/example_dags/example_setup_teardown.py
[2024-05-27T01:39:08.426+0000] {processor.py:840} INFO - DAG(s) 'example_setup_teardown' retrieved from /home/airflow/.local/lib/python3.12/site-packages/airflow/example_dags/example_setup_teardown.py
[2024-05-27T01:39:08.524+0000] {logging_mixin.py:188} INFO - [2024-05-27T01:39:08.524+0000] {dag.py:3096} INFO - Sync 1 DAGs
[2024-05-27T01:39:08.542+0000] {logging_mixin.py:188} INFO - [2024-05-27T01:39:08.542+0000] {dag.py:3954} INFO - Setting next_dagrun for example_setup_teardown to 2024-05-26 00:00:00+00:00, run_after=2024-05-27 00:00:00+00:00
[2024-05-27T01:39:08.560+0000] {processor.py:183} INFO - Processing /home/airflow/.local/lib/python3.12/site-packages/airflow/example_dags/example_setup_teardown.py took 0.147 seconds
[2024-05-27T01:39:38.989+0000] {processor.py:161} INFO - Started process (PID=180) to work on /home/airflow/.local/lib/python3.12/site-packages/airflow/example_dags/example_setup_teardown.py
[2024-05-27T01:39:38.990+0000] {processor.py:830} INFO - Processing file /home/airflow/.local/lib/python3.12/site-packages/airflow/example_dags/example_setup_teardown.py for tasks to queue
[2024-05-27T01:39:38.992+0000] {logging_mixin.py:188} INFO - [2024-05-27T01:39:38.992+0000] {dagbag.py:545} INFO - Filling up the DagBag from /home/airflow/.local/lib/python3.12/site-packages/airflow/example_dags/example_setup_teardown.py
[2024-05-27T01:39:39.002+0000] {processor.py:840} INFO - DAG(s) 'example_setup_teardown' retrieved from /home/airflow/.local/lib/python3.12/site-packages/airflow/example_dags/example_setup_teardown.py
[2024-05-27T01:39:39.022+0000] {logging_mixin.py:188} INFO - [2024-05-27T01:39:39.021+0000] {dag.py:3096} INFO - Sync 1 DAGs
[2024-05-27T01:39:39.044+0000] {logging_mixin.py:188} INFO - [2024-05-27T01:39:39.044+0000] {dag.py:3954} INFO - Setting next_dagrun for example_setup_teardown to 2024-05-26 00:00:00+00:00, run_after=2024-05-27 00:00:00+00:00
[2024-05-27T01:39:39.061+0000] {processor.py:183} INFO - Processing /home/airflow/.local/lib/python3.12/site-packages/airflow/example_dags/example_setup_teardown.py took 0.078 seconds
[2024-05-27T01:40:09.160+0000] {processor.py:161} INFO - Started process (PID=238) to work on /home/airflow/.local/lib/python3.12/site-packages/airflow/example_dags/example_setup_teardown.py
[2024-05-27T01:40:09.161+0000] {processor.py:830} INFO - Processing file /home/airflow/.local/lib/python3.12/site-packages/airflow/example_dags/example_setup_teardown.py for tasks to queue
[2024-05-27T01:40:09.163+0000] {logging_mixin.py:188} INFO - [2024-05-27T01:40:09.163+0000] {dagbag.py:545} INFO - Filling up the DagBag from /home/airflow/.local/lib/python3.12/site-packages/airflow/example_dags/example_setup_teardown.py
[2024-05-27T01:40:09.169+0000] {processor.py:840} INFO - DAG(s) 'example_setup_teardown' retrieved from /home/airflow/.local/lib/python3.12/site-packages/airflow/example_dags/example_setup_teardown.py
[2024-05-27T01:40:09.187+0000] {logging_mixin.py:188} INFO - [2024-05-27T01:40:09.187+0000] {dag.py:3096} INFO - Sync 1 DAGs
[2024-05-27T01:40:09.208+0000] {logging_mixin.py:188} INFO - [2024-05-27T01:40:09.208+0000] {dag.py:3954} INFO - Setting next_dagrun for example_setup_teardown to 2024-05-26 00:00:00+00:00, run_after=2024-05-27 00:00:00+00:00
[2024-05-27T01:40:09.225+0000] {processor.py:183} INFO - Processing /home/airflow/.local/lib/python3.12/site-packages/airflow/example_dags/example_setup_teardown.py took 0.070 seconds
[2024-05-27T01:40:39.424+0000] {processor.py:161} INFO - Started process (PID=296) to work on /home/airflow/.local/lib/python3.12/site-packages/airflow/example_dags/example_setup_teardown.py
[2024-05-27T01:40:39.425+0000] {processor.py:830} INFO - Processing file /home/airflow/.local/lib/python3.12/site-packages/airflow/example_dags/example_setup_teardown.py for tasks to queue
[2024-05-27T01:40:39.427+0000] {logging_mixin.py:188} INFO - [2024-05-27T01:40:39.426+0000] {dagbag.py:545} INFO - Filling up the DagBag from /home/airflow/.local/lib/python3.12/site-packages/airflow/example_dags/example_setup_teardown.py
[2024-05-27T01:40:39.434+0000] {processor.py:840} INFO - DAG(s) 'example_setup_teardown' retrieved from /home/airflow/.local/lib/python3.12/site-packages/airflow/example_dags/example_setup_teardown.py
[2024-05-27T01:40:39.455+0000] {logging_mixin.py:188} INFO - [2024-05-27T01:40:39.454+0000] {dag.py:3096} INFO - Sync 1 DAGs
[2024-05-27T01:40:39.479+0000] {logging_mixin.py:188} INFO - [2024-05-27T01:40:39.479+0000] {dag.py:3954} INFO - Setting next_dagrun for example_setup_teardown to 2024-05-26 00:00:00+00:00, run_after=2024-05-27 00:00:00+00:00
[2024-05-27T01:40:39.500+0000] {processor.py:183} INFO - Processing /home/airflow/.local/lib/python3.12/site-packages/airflow/example_dags/example_setup_teardown.py took 0.083 seconds
[2024-05-27T01:41:09.636+0000] {processor.py:161} INFO - Started process (PID=354) to work on /home/airflow/.local/lib/python3.12/site-packages/airflow/example_dags/example_setup_teardown.py
[2024-05-27T01:41:09.637+0000] {processor.py:830} INFO - Processing file /home/airflow/.local/lib/python3.12/site-packages/airflow/example_dags/example_setup_teardown.py for tasks to queue
[2024-05-27T01:41:09.639+0000] {logging_mixin.py:188} INFO - [2024-05-27T01:41:09.639+0000] {dagbag.py:545} INFO - Filling up the DagBag from /home/airflow/.local/lib/python3.12/site-packages/airflow/example_dags/example_setup_teardown.py
[2024-05-27T01:41:09.648+0000] {processor.py:840} INFO - DAG(s) 'example_setup_teardown' retrieved from /home/airflow/.local/lib/python3.12/site-packages/airflow/example_dags/example_setup_teardown.py
[2024-05-27T01:41:09.669+0000] {logging_mixin.py:188} INFO - [2024-05-27T01:41:09.669+0000] {dag.py:3096} INFO - Sync 1 DAGs
[2024-05-27T01:41:09.690+0000] {logging_mixin.py:188} INFO - [2024-05-27T01:41:09.689+0000] {dag.py:3954} INFO - Setting next_dagrun for example_setup_teardown to 2024-05-26 00:00:00+00:00, run_after=2024-05-27 00:00:00+00:00
[2024-05-27T01:41:09.710+0000] {processor.py:183} INFO - Processing /home/airflow/.local/lib/python3.12/site-packages/airflow/example_dags/example_setup_teardown.py took 0.079 seconds
[2024-05-27T01:41:40.065+0000] {processor.py:161} INFO - Started process (PID=412) to work on /home/airflow/.local/lib/python3.12/site-packages/airflow/example_dags/example_setup_teardown.py
[2024-05-27T01:41:40.067+0000] {processor.py:830} INFO - Processing file /home/airflow/.local/lib/python3.12/site-packages/airflow/example_dags/example_setup_teardown.py for tasks to queue
[2024-05-27T01:41:40.069+0000] {logging_mixin.py:188} INFO - [2024-05-27T01:41:40.068+0000] {dagbag.py:545} INFO - Filling up the DagBag from /home/airflow/.local/lib/python3.12/site-packages/airflow/example_dags/example_setup_teardown.py
[2024-05-27T01:41:40.079+0000] {processor.py:840} INFO - DAG(s) 'example_setup_teardown' retrieved from /home/airflow/.local/lib/python3.12/site-packages/airflow/example_dags/example_setup_teardown.py
[2024-05-27T01:41:40.103+0000] {logging_mixin.py:188} INFO - [2024-05-27T01:41:40.103+0000] {dag.py:3096} INFO - Sync 1 DAGs
[2024-05-27T01:41:40.136+0000] {logging_mixin.py:188} INFO - [2024-05-27T01:41:40.136+0000] {dag.py:3954} INFO - Setting next_dagrun for example_setup_teardown to 2024-05-26 00:00:00+00:00, run_after=2024-05-27 00:00:00+00:00
[2024-05-27T01:41:40.158+0000] {processor.py:183} INFO - Processing /home/airflow/.local/lib/python3.12/site-packages/airflow/example_dags/example_setup_teardown.py took 0.099 seconds
[2024-05-27T01:42:10.504+0000] {processor.py:161} INFO - Started process (PID=470) to work on /home/airflow/.local/lib/python3.12/site-packages/airflow/example_dags/example_setup_teardown.py
[2024-05-27T01:42:10.504+0000] {processor.py:830} INFO - Processing file /home/airflow/.local/lib/python3.12/site-packages/airflow/example_dags/example_setup_teardown.py for tasks to queue
[2024-05-27T01:42:10.506+0000] {logging_mixin.py:188} INFO - [2024-05-27T01:42:10.506+0000] {dagbag.py:545} INFO - Filling up the DagBag from /home/airflow/.local/lib/python3.12/site-packages/airflow/example_dags/example_setup_teardown.py
[2024-05-27T01:42:10.513+0000] {processor.py:840} INFO - DAG(s) 'example_setup_teardown' retrieved from /home/airflow/.local/lib/python3.12/site-packages/airflow/example_dags/example_setup_teardown.py
[2024-05-27T01:42:10.533+0000] {logging_mixin.py:188} INFO - [2024-05-27T01:42:10.532+0000] {dag.py:3096} INFO - Sync 1 DAGs
[2024-05-27T01:42:10.556+0000] {logging_mixin.py:188} INFO - [2024-05-27T01:42:10.556+0000] {dag.py:3954} INFO - Setting next_dagrun for example_setup_teardown to 2024-05-26 00:00:00+00:00, run_after=2024-05-27 00:00:00+00:00
[2024-05-27T01:42:10.578+0000] {processor.py:183} INFO - Processing /home/airflow/.local/lib/python3.12/site-packages/airflow/example_dags/example_setup_teardown.py took 0.080 seconds
[2024-05-27T01:42:41.257+0000] {processor.py:161} INFO - Started process (PID=528) to work on /home/airflow/.local/lib/python3.12/site-packages/airflow/example_dags/example_setup_teardown.py
[2024-05-27T01:42:41.258+0000] {processor.py:830} INFO - Processing file /home/airflow/.local/lib/python3.12/site-packages/airflow/example_dags/example_setup_teardown.py for tasks to queue
[2024-05-27T01:42:41.259+0000] {logging_mixin.py:188} INFO - [2024-05-27T01:42:41.259+0000] {dagbag.py:545} INFO - Filling up the DagBag from /home/airflow/.local/lib/python3.12/site-packages/airflow/example_dags/example_setup_teardown.py
[2024-05-27T01:42:41.268+0000] {processor.py:840} INFO - DAG(s) 'example_setup_teardown' retrieved from /home/airflow/.local/lib/python3.12/site-packages/airflow/example_dags/example_setup_teardown.py
[2024-05-27T01:42:41.290+0000] {logging_mixin.py:188} INFO - [2024-05-27T01:42:41.289+0000] {dag.py:3096} INFO - Sync 1 DAGs
[2024-05-27T01:42:41.312+0000] {logging_mixin.py:188} INFO - [2024-05-27T01:42:41.311+0000] {dag.py:3954} INFO - Setting next_dagrun for example_setup_teardown to 2024-05-26 00:00:00+00:00, run_after=2024-05-27 00:00:00+00:00
[2024-05-27T01:42:41.330+0000] {processor.py:183} INFO - Processing /home/airflow/.local/lib/python3.12/site-packages/airflow/example_dags/example_setup_teardown.py took 0.078 seconds
[2024-05-27T01:43:11.643+0000] {processor.py:161} INFO - Started process (PID=586) to work on /home/airflow/.local/lib/python3.12/site-packages/airflow/example_dags/example_setup_teardown.py
[2024-05-27T01:43:11.645+0000] {processor.py:830} INFO - Processing file /home/airflow/.local/lib/python3.12/site-packages/airflow/example_dags/example_setup_teardown.py for tasks to queue
[2024-05-27T01:43:11.647+0000] {logging_mixin.py:188} INFO - [2024-05-27T01:43:11.647+0000] {dagbag.py:545} INFO - Filling up the DagBag from /home/airflow/.local/lib/python3.12/site-packages/airflow/example_dags/example_setup_teardown.py
[2024-05-27T01:43:11.653+0000] {processor.py:840} INFO - DAG(s) 'example_setup_teardown' retrieved from /home/airflow/.local/lib/python3.12/site-packages/airflow/example_dags/example_setup_teardown.py
[2024-05-27T01:43:11.678+0000] {logging_mixin.py:188} INFO - [2024-05-27T01:43:11.677+0000] {dag.py:3096} INFO - Sync 1 DAGs
[2024-05-27T01:43:11.706+0000] {logging_mixin.py:188} INFO - [2024-05-27T01:43:11.706+0000] {dag.py:3954} INFO - Setting next_dagrun for example_setup_teardown to 2024-05-26 00:00:00+00:00, run_after=2024-05-27 00:00:00+00:00
[2024-05-27T01:43:11.748+0000] {processor.py:183} INFO - Processing /home/airflow/.local/lib/python3.12/site-packages/airflow/example_dags/example_setup_teardown.py took 0.112 seconds
[2024-05-27T01:43:42.324+0000] {processor.py:161} INFO - Started process (PID=644) to work on /home/airflow/.local/lib/python3.12/site-packages/airflow/example_dags/example_setup_teardown.py
[2024-05-27T01:43:42.325+0000] {processor.py:830} INFO - Processing file /home/airflow/.local/lib/python3.12/site-packages/airflow/example_dags/example_setup_teardown.py for tasks to queue
[2024-05-27T01:43:42.327+0000] {logging_mixin.py:188} INFO - [2024-05-27T01:43:42.326+0000] {dagbag.py:545} INFO - Filling up the DagBag from /home/airflow/.local/lib/python3.12/site-packages/airflow/example_dags/example_setup_teardown.py
[2024-05-27T01:43:42.334+0000] {processor.py:840} INFO - DAG(s) 'example_setup_teardown' retrieved from /home/airflow/.local/lib/python3.12/site-packages/airflow/example_dags/example_setup_teardown.py
[2024-05-27T01:43:42.356+0000] {logging_mixin.py:188} INFO - [2024-05-27T01:43:42.356+0000] {dag.py:3096} INFO - Sync 1 DAGs
[2024-05-27T01:43:42.379+0000] {logging_mixin.py:188} INFO - [2024-05-27T01:43:42.379+0000] {dag.py:3954} INFO - Setting next_dagrun for example_setup_teardown to 2024-05-26 00:00:00+00:00, run_after=2024-05-27 00:00:00+00:00
[2024-05-27T01:43:42.399+0000] {processor.py:183} INFO - Processing /home/airflow/.local/lib/python3.12/site-packages/airflow/example_dags/example_setup_teardown.py took 0.084 seconds
[2024-05-27T01:44:12.696+0000] {processor.py:161} INFO - Started process (PID=701) to work on /home/airflow/.local/lib/python3.12/site-packages/airflow/example_dags/example_setup_teardown.py
[2024-05-27T01:44:12.697+0000] {processor.py:830} INFO - Processing file /home/airflow/.local/lib/python3.12/site-packages/airflow/example_dags/example_setup_teardown.py for tasks to queue
[2024-05-27T01:44:12.699+0000] {logging_mixin.py:188} INFO - [2024-05-27T01:44:12.699+0000] {dagbag.py:545} INFO - Filling up the DagBag from /home/airflow/.local/lib/python3.12/site-packages/airflow/example_dags/example_setup_teardown.py
[2024-05-27T01:44:12.705+0000] {processor.py:840} INFO - DAG(s) 'example_setup_teardown' retrieved from /home/airflow/.local/lib/python3.12/site-packages/airflow/example_dags/example_setup_teardown.py
[2024-05-27T01:44:12.721+0000] {logging_mixin.py:188} INFO - [2024-05-27T01:44:12.721+0000] {dag.py:3096} INFO - Sync 1 DAGs
[2024-05-27T01:44:12.744+0000] {logging_mixin.py:188} INFO - [2024-05-27T01:44:12.743+0000] {dag.py:3954} INFO - Setting next_dagrun for example_setup_teardown to 2024-05-26 00:00:00+00:00, run_after=2024-05-27 00:00:00+00:00
[2024-05-27T01:44:12.809+0000] {processor.py:183} INFO - Processing /home/airflow/.local/lib/python3.12/site-packages/airflow/example_dags/example_setup_teardown.py took 0.117 seconds
[2024-05-27T01:44:42.945+0000] {processor.py:161} INFO - Started process (PID=759) to work on /home/airflow/.local/lib/python3.12/site-packages/airflow/example_dags/example_setup_teardown.py
[2024-05-27T01:44:42.946+0000] {processor.py:830} INFO - Processing file /home/airflow/.local/lib/python3.12/site-packages/airflow/example_dags/example_setup_teardown.py for tasks to queue
[2024-05-27T01:44:42.948+0000] {logging_mixin.py:188} INFO - [2024-05-27T01:44:42.948+0000] {dagbag.py:545} INFO - Filling up the DagBag from /home/airflow/.local/lib/python3.12/site-packages/airflow/example_dags/example_setup_teardown.py
[2024-05-27T01:44:42.954+0000] {processor.py:840} INFO - DAG(s) 'example_setup_teardown' retrieved from /home/airflow/.local/lib/python3.12/site-packages/airflow/example_dags/example_setup_teardown.py
[2024-05-27T01:44:42.972+0000] {logging_mixin.py:188} INFO - [2024-05-27T01:44:42.972+0000] {dag.py:3096} INFO - Sync 1 DAGs
[2024-05-27T01:44:42.994+0000] {logging_mixin.py:188} INFO - [2024-05-27T01:44:42.993+0000] {dag.py:3954} INFO - Setting next_dagrun for example_setup_teardown to 2024-05-26 00:00:00+00:00, run_after=2024-05-27 00:00:00+00:00
[2024-05-27T01:44:43.011+0000] {processor.py:183} INFO - Processing /home/airflow/.local/lib/python3.12/site-packages/airflow/example_dags/example_setup_teardown.py took 0.073 seconds
[2024-05-27T01:45:13.543+0000] {processor.py:161} INFO - Started process (PID=816) to work on /home/airflow/.local/lib/python3.12/site-packages/airflow/example_dags/example_setup_teardown.py
[2024-05-27T01:45:13.544+0000] {processor.py:830} INFO - Processing file /home/airflow/.local/lib/python3.12/site-packages/airflow/example_dags/example_setup_teardown.py for tasks to queue
[2024-05-27T01:45:13.546+0000] {logging_mixin.py:188} INFO - [2024-05-27T01:45:13.545+0000] {dagbag.py:545} INFO - Filling up the DagBag from /home/airflow/.local/lib/python3.12/site-packages/airflow/example_dags/example_setup_teardown.py
[2024-05-27T01:45:13.552+0000] {processor.py:840} INFO - DAG(s) 'example_setup_teardown' retrieved from /home/airflow/.local/lib/python3.12/site-packages/airflow/example_dags/example_setup_teardown.py
[2024-05-27T01:45:13.570+0000] {logging_mixin.py:188} INFO - [2024-05-27T01:45:13.570+0000] {dag.py:3096} INFO - Sync 1 DAGs
[2024-05-27T01:45:13.594+0000] {logging_mixin.py:188} INFO - [2024-05-27T01:45:13.593+0000] {dag.py:3954} INFO - Setting next_dagrun for example_setup_teardown to 2024-05-26 00:00:00+00:00, run_after=2024-05-27 00:00:00+00:00
[2024-05-27T01:45:13.612+0000] {processor.py:183} INFO - Processing /home/airflow/.local/lib/python3.12/site-packages/airflow/example_dags/example_setup_teardown.py took 0.075 seconds
[2024-05-27T01:45:44.075+0000] {processor.py:161} INFO - Started process (PID=874) to work on /home/airflow/.local/lib/python3.12/site-packages/airflow/example_dags/example_setup_teardown.py
[2024-05-27T01:45:44.076+0000] {processor.py:830} INFO - Processing file /home/airflow/.local/lib/python3.12/site-packages/airflow/example_dags/example_setup_teardown.py for tasks to queue
[2024-05-27T01:45:44.078+0000] {logging_mixin.py:188} INFO - [2024-05-27T01:45:44.077+0000] {dagbag.py:545} INFO - Filling up the DagBag from /home/airflow/.local/lib/python3.12/site-packages/airflow/example_dags/example_setup_teardown.py
[2024-05-27T01:45:44.084+0000] {processor.py:840} INFO - DAG(s) 'example_setup_teardown' retrieved from /home/airflow/.local/lib/python3.12/site-packages/airflow/example_dags/example_setup_teardown.py
[2024-05-27T01:45:44.103+0000] {logging_mixin.py:188} INFO - [2024-05-27T01:45:44.102+0000] {dag.py:3096} INFO - Sync 1 DAGs
[2024-05-27T01:45:44.125+0000] {logging_mixin.py:188} INFO - [2024-05-27T01:45:44.125+0000] {dag.py:3954} INFO - Setting next_dagrun for example_setup_teardown to 2024-05-26 00:00:00+00:00, run_after=2024-05-27 00:00:00+00:00
[2024-05-27T01:45:44.141+0000] {processor.py:183} INFO - Processing /home/airflow/.local/lib/python3.12/site-packages/airflow/example_dags/example_setup_teardown.py took 0.072 seconds
[2024-05-27T01:46:14.874+0000] {processor.py:161} INFO - Started process (PID=932) to work on /home/airflow/.local/lib/python3.12/site-packages/airflow/example_dags/example_setup_teardown.py
[2024-05-27T01:46:14.875+0000] {processor.py:830} INFO - Processing file /home/airflow/.local/lib/python3.12/site-packages/airflow/example_dags/example_setup_teardown.py for tasks to queue
[2024-05-27T01:46:14.877+0000] {logging_mixin.py:188} INFO - [2024-05-27T01:46:14.876+0000] {dagbag.py:545} INFO - Filling up the DagBag from /home/airflow/.local/lib/python3.12/site-packages/airflow/example_dags/example_setup_teardown.py
[2024-05-27T01:46:14.883+0000] {processor.py:840} INFO - DAG(s) 'example_setup_teardown' retrieved from /home/airflow/.local/lib/python3.12/site-packages/airflow/example_dags/example_setup_teardown.py
[2024-05-27T01:46:14.905+0000] {logging_mixin.py:188} INFO - [2024-05-27T01:46:14.905+0000] {dag.py:3096} INFO - Sync 1 DAGs
[2024-05-27T01:46:14.927+0000] {logging_mixin.py:188} INFO - [2024-05-27T01:46:14.927+0000] {dag.py:3954} INFO - Setting next_dagrun for example_setup_teardown to 2024-05-26 00:00:00+00:00, run_after=2024-05-27 00:00:00+00:00
[2024-05-27T01:46:14.943+0000] {processor.py:183} INFO - Processing /home/airflow/.local/lib/python3.12/site-packages/airflow/example_dags/example_setup_teardown.py took 0.075 seconds
[2024-05-27T01:48:44.457+0000] {processor.py:161} INFO - Started process (PID=63) to work on /home/airflow/.local/lib/python3.12/site-packages/airflow/example_dags/example_setup_teardown.py
[2024-05-27T01:48:44.458+0000] {processor.py:830} INFO - Processing file /home/airflow/.local/lib/python3.12/site-packages/airflow/example_dags/example_setup_teardown.py for tasks to queue
[2024-05-27T01:48:44.460+0000] {logging_mixin.py:188} INFO - [2024-05-27T01:48:44.459+0000] {dagbag.py:545} INFO - Filling up the DagBag from /home/airflow/.local/lib/python3.12/site-packages/airflow/example_dags/example_setup_teardown.py
[2024-05-27T01:48:44.468+0000] {processor.py:840} INFO - DAG(s) 'example_setup_teardown' retrieved from /home/airflow/.local/lib/python3.12/site-packages/airflow/example_dags/example_setup_teardown.py
[2024-05-27T01:48:44.479+0000] {logging_mixin.py:188} INFO - [2024-05-27T01:48:44.479+0000] {dag.py:3096} INFO - Sync 1 DAGs
[2024-05-27T01:48:44.511+0000] {logging_mixin.py:188} INFO - [2024-05-27T01:48:44.510+0000] {dag.py:3954} INFO - Setting next_dagrun for example_setup_teardown to 2024-05-26 00:00:00+00:00, run_after=2024-05-27 00:00:00+00:00
[2024-05-27T01:48:44.545+0000] {processor.py:183} INFO - Processing /home/airflow/.local/lib/python3.12/site-packages/airflow/example_dags/example_setup_teardown.py took 0.094 seconds
[2024-05-27T13:32:49.205+0000] {processor.py:161} INFO - Started process (PID=63) to work on /home/airflow/.local/lib/python3.12/site-packages/airflow/example_dags/example_setup_teardown.py
[2024-05-27T13:32:49.206+0000] {processor.py:830} INFO - Processing file /home/airflow/.local/lib/python3.12/site-packages/airflow/example_dags/example_setup_teardown.py for tasks to queue
[2024-05-27T13:32:49.207+0000] {logging_mixin.py:188} INFO - [2024-05-27T13:32:49.207+0000] {dagbag.py:545} INFO - Filling up the DagBag from /home/airflow/.local/lib/python3.12/site-packages/airflow/example_dags/example_setup_teardown.py
[2024-05-27T13:32:49.216+0000] {processor.py:840} INFO - DAG(s) 'example_setup_teardown' retrieved from /home/airflow/.local/lib/python3.12/site-packages/airflow/example_dags/example_setup_teardown.py
[2024-05-27T13:32:49.323+0000] {logging_mixin.py:188} INFO - [2024-05-27T13:32:49.323+0000] {dag.py:3096} INFO - Sync 1 DAGs
[2024-05-27T13:32:49.345+0000] {logging_mixin.py:188} INFO - [2024-05-27T13:32:49.345+0000] {dag.py:3954} INFO - Setting next_dagrun for example_setup_teardown to 2024-05-26 00:00:00+00:00, run_after=2024-05-27 00:00:00+00:00
[2024-05-27T13:32:49.370+0000] {processor.py:183} INFO - Processing /home/airflow/.local/lib/python3.12/site-packages/airflow/example_dags/example_setup_teardown.py took 0.172 seconds
[2024-05-27T13:33:20.342+0000] {processor.py:161} INFO - Started process (PID=120) to work on /home/airflow/.local/lib/python3.12/site-packages/airflow/example_dags/example_setup_teardown.py
[2024-05-27T13:33:20.343+0000] {processor.py:830} INFO - Processing file /home/airflow/.local/lib/python3.12/site-packages/airflow/example_dags/example_setup_teardown.py for tasks to queue
[2024-05-27T13:33:20.345+0000] {logging_mixin.py:188} INFO - [2024-05-27T13:33:20.345+0000] {dagbag.py:545} INFO - Filling up the DagBag from /home/airflow/.local/lib/python3.12/site-packages/airflow/example_dags/example_setup_teardown.py
[2024-05-27T13:33:20.351+0000] {processor.py:840} INFO - DAG(s) 'example_setup_teardown' retrieved from /home/airflow/.local/lib/python3.12/site-packages/airflow/example_dags/example_setup_teardown.py
[2024-05-27T13:33:20.368+0000] {logging_mixin.py:188} INFO - [2024-05-27T13:33:20.368+0000] {dag.py:3096} INFO - Sync 1 DAGs
[2024-05-27T13:33:20.388+0000] {logging_mixin.py:188} INFO - [2024-05-27T13:33:20.388+0000] {dag.py:3954} INFO - Setting next_dagrun for example_setup_teardown to 2024-05-26 00:00:00+00:00, run_after=2024-05-27 00:00:00+00:00
[2024-05-27T13:33:20.406+0000] {processor.py:183} INFO - Processing /home/airflow/.local/lib/python3.12/site-packages/airflow/example_dags/example_setup_teardown.py took 0.069 seconds
[2024-05-27T14:22:33.359+0000] {processor.py:161} INFO - Started process (PID=47) to work on /home/airflow/.local/lib/python3.12/site-packages/airflow/example_dags/example_setup_teardown.py
[2024-05-27T14:22:33.365+0000] {processor.py:830} INFO - Processing file /home/airflow/.local/lib/python3.12/site-packages/airflow/example_dags/example_setup_teardown.py for tasks to queue
[2024-05-27T14:22:33.377+0000] {logging_mixin.py:188} INFO - [2024-05-27T14:22:33.377+0000] {dagbag.py:545} INFO - Filling up the DagBag from /home/airflow/.local/lib/python3.12/site-packages/airflow/example_dags/example_setup_teardown.py
[2024-05-27T14:22:33.410+0000] {processor.py:840} INFO - DAG(s) 'example_setup_teardown' retrieved from /home/airflow/.local/lib/python3.12/site-packages/airflow/example_dags/example_setup_teardown.py
[2024-05-27T14:22:33.672+0000] {logging_mixin.py:188} INFO - [2024-05-27T14:22:33.671+0000] {override.py:1829} INFO - Created Permission View: can edit on DAG:example_setup_teardown
[2024-05-27T14:22:33.700+0000] {logging_mixin.py:188} INFO - [2024-05-27T14:22:33.700+0000] {override.py:1829} INFO - Created Permission View: can delete on DAG:example_setup_teardown
[2024-05-27T14:22:33.721+0000] {logging_mixin.py:188} INFO - [2024-05-27T14:22:33.720+0000] {override.py:1829} INFO - Created Permission View: can read on DAG:example_setup_teardown
[2024-05-27T14:22:33.721+0000] {logging_mixin.py:188} INFO - [2024-05-27T14:22:33.721+0000] {dag.py:3096} INFO - Sync 1 DAGs
[2024-05-27T14:22:33.747+0000] {logging_mixin.py:188} INFO - [2024-05-27T14:22:33.746+0000] {dag.py:3118} INFO - Creating ORM DAG for example_setup_teardown
[2024-05-27T14:22:33.781+0000] {logging_mixin.py:188} INFO - [2024-05-27T14:22:33.780+0000] {dag.py:3954} INFO - Setting next_dagrun for example_setup_teardown to 2024-05-26 00:00:00+00:00, run_after=2024-05-27 00:00:00+00:00
[2024-05-27T14:22:33.831+0000] {processor.py:183} INFO - Processing /home/airflow/.local/lib/python3.12/site-packages/airflow/example_dags/example_setup_teardown.py took 0.499 seconds
[2024-05-27T14:26:24.991+0000] {processor.py:161} INFO - Started process (PID=118) to work on /home/airflow/.local/lib/python3.12/site-packages/airflow/example_dags/example_setup_teardown.py
[2024-05-27T14:26:24.996+0000] {processor.py:830} INFO - Processing file /home/airflow/.local/lib/python3.12/site-packages/airflow/example_dags/example_setup_teardown.py for tasks to queue
[2024-05-27T14:26:25.000+0000] {logging_mixin.py:188} INFO - [2024-05-27T14:26:25.000+0000] {dagbag.py:545} INFO - Filling up the DagBag from /home/airflow/.local/lib/python3.12/site-packages/airflow/example_dags/example_setup_teardown.py
[2024-05-27T14:26:25.040+0000] {processor.py:840} INFO - DAG(s) 'example_setup_teardown' retrieved from /home/airflow/.local/lib/python3.12/site-packages/airflow/example_dags/example_setup_teardown.py
[2024-05-27T14:26:25.111+0000] {logging_mixin.py:188} INFO - [2024-05-27T14:26:25.105+0000] {dag.py:3096} INFO - Sync 1 DAGs
[2024-05-27T14:26:25.200+0000] {logging_mixin.py:188} INFO - [2024-05-27T14:26:25.199+0000] {dag.py:3954} INFO - Setting next_dagrun for example_setup_teardown to 2024-05-26 00:00:00+00:00, run_after=2024-05-27 00:00:00+00:00
[2024-05-27T14:26:25.296+0000] {processor.py:183} INFO - Processing /home/airflow/.local/lib/python3.12/site-packages/airflow/example_dags/example_setup_teardown.py took 0.329 seconds
[2024-05-27T14:26:56.230+0000] {processor.py:161} INFO - Started process (PID=176) to work on /home/airflow/.local/lib/python3.12/site-packages/airflow/example_dags/example_setup_teardown.py
[2024-05-27T14:26:56.232+0000] {processor.py:830} INFO - Processing file /home/airflow/.local/lib/python3.12/site-packages/airflow/example_dags/example_setup_teardown.py for tasks to queue
[2024-05-27T14:26:56.235+0000] {logging_mixin.py:188} INFO - [2024-05-27T14:26:56.234+0000] {dagbag.py:545} INFO - Filling up the DagBag from /home/airflow/.local/lib/python3.12/site-packages/airflow/example_dags/example_setup_teardown.py
[2024-05-27T14:26:56.252+0000] {processor.py:840} INFO - DAG(s) 'example_setup_teardown' retrieved from /home/airflow/.local/lib/python3.12/site-packages/airflow/example_dags/example_setup_teardown.py
[2024-05-27T14:26:56.288+0000] {logging_mixin.py:188} INFO - [2024-05-27T14:26:56.288+0000] {dag.py:3096} INFO - Sync 1 DAGs
[2024-05-27T14:26:56.324+0000] {logging_mixin.py:188} INFO - [2024-05-27T14:26:56.324+0000] {dag.py:3954} INFO - Setting next_dagrun for example_setup_teardown to 2024-05-26 00:00:00+00:00, run_after=2024-05-27 00:00:00+00:00
[2024-05-27T14:26:56.347+0000] {processor.py:183} INFO - Processing /home/airflow/.local/lib/python3.12/site-packages/airflow/example_dags/example_setup_teardown.py took 0.133 seconds
[2024-05-27T17:32:25.675+0000] {processor.py:161} INFO - Started process (PID=44) to work on /home/airflow/.local/lib/python3.12/site-packages/airflow/example_dags/example_setup_teardown.py
[2024-05-27T17:32:25.678+0000] {processor.py:830} INFO - Processing file /home/airflow/.local/lib/python3.12/site-packages/airflow/example_dags/example_setup_teardown.py for tasks to queue
[2024-05-27T17:32:25.688+0000] {logging_mixin.py:188} INFO - [2024-05-27T17:32:25.687+0000] {dagbag.py:545} INFO - Filling up the DagBag from /home/airflow/.local/lib/python3.12/site-packages/airflow/example_dags/example_setup_teardown.py
[2024-05-27T17:32:25.717+0000] {processor.py:840} INFO - DAG(s) 'example_setup_teardown' retrieved from /home/airflow/.local/lib/python3.12/site-packages/airflow/example_dags/example_setup_teardown.py
[2024-05-27T17:32:25.737+0000] {logging_mixin.py:188} INFO - [2024-05-27T17:32:25.737+0000] {dag.py:3096} INFO - Sync 1 DAGs
[2024-05-27T17:32:25.765+0000] {logging_mixin.py:188} INFO - [2024-05-27T17:32:25.764+0000] {dag.py:3954} INFO - Setting next_dagrun for example_setup_teardown to 2024-05-26 00:00:00+00:00, run_after=2024-05-27 00:00:00+00:00
[2024-05-27T17:32:25.782+0000] {processor.py:183} INFO - Processing /home/airflow/.local/lib/python3.12/site-packages/airflow/example_dags/example_setup_teardown.py took 0.119 seconds
[2024-05-27T17:32:56.342+0000] {processor.py:161} INFO - Started process (PID=102) to work on /home/airflow/.local/lib/python3.12/site-packages/airflow/example_dags/example_setup_teardown.py
[2024-05-27T17:32:56.343+0000] {processor.py:830} INFO - Processing file /home/airflow/.local/lib/python3.12/site-packages/airflow/example_dags/example_setup_teardown.py for tasks to queue
[2024-05-27T17:32:56.345+0000] {logging_mixin.py:188} INFO - [2024-05-27T17:32:56.344+0000] {dagbag.py:545} INFO - Filling up the DagBag from /home/airflow/.local/lib/python3.12/site-packages/airflow/example_dags/example_setup_teardown.py
[2024-05-27T17:32:56.351+0000] {processor.py:840} INFO - DAG(s) 'example_setup_teardown' retrieved from /home/airflow/.local/lib/python3.12/site-packages/airflow/example_dags/example_setup_teardown.py
[2024-05-27T17:32:56.451+0000] {logging_mixin.py:188} INFO - [2024-05-27T17:32:56.451+0000] {dag.py:3096} INFO - Sync 1 DAGs
[2024-05-27T17:32:56.469+0000] {logging_mixin.py:188} INFO - [2024-05-27T17:32:56.469+0000] {dag.py:3954} INFO - Setting next_dagrun for example_setup_teardown to 2024-05-26 00:00:00+00:00, run_after=2024-05-27 00:00:00+00:00
[2024-05-27T17:32:56.487+0000] {processor.py:183} INFO - Processing /home/airflow/.local/lib/python3.12/site-packages/airflow/example_dags/example_setup_teardown.py took 0.150 seconds
[2024-05-27T17:33:27.111+0000] {processor.py:161} INFO - Started process (PID=160) to work on /home/airflow/.local/lib/python3.12/site-packages/airflow/example_dags/example_setup_teardown.py
[2024-05-27T17:33:27.111+0000] {processor.py:830} INFO - Processing file /home/airflow/.local/lib/python3.12/site-packages/airflow/example_dags/example_setup_teardown.py for tasks to queue
[2024-05-27T17:33:27.113+0000] {logging_mixin.py:188} INFO - [2024-05-27T17:33:27.113+0000] {dagbag.py:545} INFO - Filling up the DagBag from /home/airflow/.local/lib/python3.12/site-packages/airflow/example_dags/example_setup_teardown.py
[2024-05-27T17:33:27.119+0000] {processor.py:840} INFO - DAG(s) 'example_setup_teardown' retrieved from /home/airflow/.local/lib/python3.12/site-packages/airflow/example_dags/example_setup_teardown.py
[2024-05-27T17:33:27.135+0000] {logging_mixin.py:188} INFO - [2024-05-27T17:33:27.135+0000] {dag.py:3096} INFO - Sync 1 DAGs
[2024-05-27T17:33:27.155+0000] {logging_mixin.py:188} INFO - [2024-05-27T17:33:27.155+0000] {dag.py:3954} INFO - Setting next_dagrun for example_setup_teardown to 2024-05-26 00:00:00+00:00, run_after=2024-05-27 00:00:00+00:00
[2024-05-27T17:33:27.174+0000] {processor.py:183} INFO - Processing /home/airflow/.local/lib/python3.12/site-packages/airflow/example_dags/example_setup_teardown.py took 0.069 seconds
[2024-05-27T17:33:57.278+0000] {processor.py:161} INFO - Started process (PID=218) to work on /home/airflow/.local/lib/python3.12/site-packages/airflow/example_dags/example_setup_teardown.py
[2024-05-27T17:33:57.279+0000] {processor.py:830} INFO - Processing file /home/airflow/.local/lib/python3.12/site-packages/airflow/example_dags/example_setup_teardown.py for tasks to queue
[2024-05-27T17:33:57.280+0000] {logging_mixin.py:188} INFO - [2024-05-27T17:33:57.280+0000] {dagbag.py:545} INFO - Filling up the DagBag from /home/airflow/.local/lib/python3.12/site-packages/airflow/example_dags/example_setup_teardown.py
[2024-05-27T17:33:57.287+0000] {processor.py:840} INFO - DAG(s) 'example_setup_teardown' retrieved from /home/airflow/.local/lib/python3.12/site-packages/airflow/example_dags/example_setup_teardown.py
[2024-05-27T17:33:57.304+0000] {logging_mixin.py:188} INFO - [2024-05-27T17:33:57.303+0000] {dag.py:3096} INFO - Sync 1 DAGs
[2024-05-27T17:33:57.323+0000] {logging_mixin.py:188} INFO - [2024-05-27T17:33:57.322+0000] {dag.py:3954} INFO - Setting next_dagrun for example_setup_teardown to 2024-05-26 00:00:00+00:00, run_after=2024-05-27 00:00:00+00:00
[2024-05-27T17:33:57.340+0000] {processor.py:183} INFO - Processing /home/airflow/.local/lib/python3.12/site-packages/airflow/example_dags/example_setup_teardown.py took 0.068 seconds
[2024-05-27T17:34:27.717+0000] {processor.py:161} INFO - Started process (PID=276) to work on /home/airflow/.local/lib/python3.12/site-packages/airflow/example_dags/example_setup_teardown.py
[2024-05-27T17:34:27.717+0000] {processor.py:830} INFO - Processing file /home/airflow/.local/lib/python3.12/site-packages/airflow/example_dags/example_setup_teardown.py for tasks to queue
[2024-05-27T17:34:27.720+0000] {logging_mixin.py:188} INFO - [2024-05-27T17:34:27.719+0000] {dagbag.py:545} INFO - Filling up the DagBag from /home/airflow/.local/lib/python3.12/site-packages/airflow/example_dags/example_setup_teardown.py
[2024-05-27T17:34:27.727+0000] {processor.py:840} INFO - DAG(s) 'example_setup_teardown' retrieved from /home/airflow/.local/lib/python3.12/site-packages/airflow/example_dags/example_setup_teardown.py
[2024-05-27T17:34:27.746+0000] {logging_mixin.py:188} INFO - [2024-05-27T17:34:27.745+0000] {dag.py:3096} INFO - Sync 1 DAGs
[2024-05-27T17:34:27.767+0000] {logging_mixin.py:188} INFO - [2024-05-27T17:34:27.766+0000] {dag.py:3954} INFO - Setting next_dagrun for example_setup_teardown to 2024-05-26 00:00:00+00:00, run_after=2024-05-27 00:00:00+00:00
[2024-05-27T17:34:27.787+0000] {processor.py:183} INFO - Processing /home/airflow/.local/lib/python3.12/site-packages/airflow/example_dags/example_setup_teardown.py took 0.075 seconds
[2024-05-27T17:34:58.542+0000] {processor.py:161} INFO - Started process (PID=334) to work on /home/airflow/.local/lib/python3.12/site-packages/airflow/example_dags/example_setup_teardown.py
[2024-05-27T17:34:58.542+0000] {processor.py:830} INFO - Processing file /home/airflow/.local/lib/python3.12/site-packages/airflow/example_dags/example_setup_teardown.py for tasks to queue
[2024-05-27T17:34:58.544+0000] {logging_mixin.py:188} INFO - [2024-05-27T17:34:58.544+0000] {dagbag.py:545} INFO - Filling up the DagBag from /home/airflow/.local/lib/python3.12/site-packages/airflow/example_dags/example_setup_teardown.py
[2024-05-27T17:34:58.550+0000] {processor.py:840} INFO - DAG(s) 'example_setup_teardown' retrieved from /home/airflow/.local/lib/python3.12/site-packages/airflow/example_dags/example_setup_teardown.py
[2024-05-27T17:34:58.568+0000] {logging_mixin.py:188} INFO - [2024-05-27T17:34:58.568+0000] {dag.py:3096} INFO - Sync 1 DAGs
[2024-05-27T17:34:58.590+0000] {logging_mixin.py:188} INFO - [2024-05-27T17:34:58.589+0000] {dag.py:3954} INFO - Setting next_dagrun for example_setup_teardown to 2024-05-26 00:00:00+00:00, run_after=2024-05-27 00:00:00+00:00
[2024-05-27T17:34:58.608+0000] {processor.py:183} INFO - Processing /home/airflow/.local/lib/python3.12/site-packages/airflow/example_dags/example_setup_teardown.py took 0.071 seconds
[2024-05-27T17:35:28.860+0000] {processor.py:161} INFO - Started process (PID=392) to work on /home/airflow/.local/lib/python3.12/site-packages/airflow/example_dags/example_setup_teardown.py
[2024-05-27T17:35:28.861+0000] {processor.py:830} INFO - Processing file /home/airflow/.local/lib/python3.12/site-packages/airflow/example_dags/example_setup_teardown.py for tasks to queue
[2024-05-27T17:35:28.863+0000] {logging_mixin.py:188} INFO - [2024-05-27T17:35:28.862+0000] {dagbag.py:545} INFO - Filling up the DagBag from /home/airflow/.local/lib/python3.12/site-packages/airflow/example_dags/example_setup_teardown.py
[2024-05-27T17:35:28.869+0000] {processor.py:840} INFO - DAG(s) 'example_setup_teardown' retrieved from /home/airflow/.local/lib/python3.12/site-packages/airflow/example_dags/example_setup_teardown.py
[2024-05-27T17:35:28.888+0000] {logging_mixin.py:188} INFO - [2024-05-27T17:35:28.888+0000] {dag.py:3096} INFO - Sync 1 DAGs
[2024-05-27T17:35:28.909+0000] {logging_mixin.py:188} INFO - [2024-05-27T17:35:28.909+0000] {dag.py:3954} INFO - Setting next_dagrun for example_setup_teardown to 2024-05-26 00:00:00+00:00, run_after=2024-05-27 00:00:00+00:00
[2024-05-27T17:35:28.928+0000] {processor.py:183} INFO - Processing /home/airflow/.local/lib/python3.12/site-packages/airflow/example_dags/example_setup_teardown.py took 0.074 seconds
[2024-05-27T17:35:59.436+0000] {processor.py:161} INFO - Started process (PID=455) to work on /home/airflow/.local/lib/python3.12/site-packages/airflow/example_dags/example_setup_teardown.py
[2024-05-27T17:35:59.437+0000] {processor.py:830} INFO - Processing file /home/airflow/.local/lib/python3.12/site-packages/airflow/example_dags/example_setup_teardown.py for tasks to queue
[2024-05-27T17:35:59.439+0000] {logging_mixin.py:188} INFO - [2024-05-27T17:35:59.438+0000] {dagbag.py:545} INFO - Filling up the DagBag from /home/airflow/.local/lib/python3.12/site-packages/airflow/example_dags/example_setup_teardown.py
[2024-05-27T17:35:59.445+0000] {processor.py:840} INFO - DAG(s) 'example_setup_teardown' retrieved from /home/airflow/.local/lib/python3.12/site-packages/airflow/example_dags/example_setup_teardown.py
[2024-05-27T17:35:59.464+0000] {logging_mixin.py:188} INFO - [2024-05-27T17:35:59.463+0000] {dag.py:3096} INFO - Sync 1 DAGs
[2024-05-27T17:35:59.485+0000] {logging_mixin.py:188} INFO - [2024-05-27T17:35:59.484+0000] {dag.py:3954} INFO - Setting next_dagrun for example_setup_teardown to 2024-05-26 00:00:00+00:00, run_after=2024-05-27 00:00:00+00:00
[2024-05-27T17:35:59.503+0000] {processor.py:183} INFO - Processing /home/airflow/.local/lib/python3.12/site-packages/airflow/example_dags/example_setup_teardown.py took 0.072 seconds
[2024-05-27T17:36:30.213+0000] {processor.py:161} INFO - Started process (PID=513) to work on /home/airflow/.local/lib/python3.12/site-packages/airflow/example_dags/example_setup_teardown.py
[2024-05-27T17:36:30.214+0000] {processor.py:830} INFO - Processing file /home/airflow/.local/lib/python3.12/site-packages/airflow/example_dags/example_setup_teardown.py for tasks to queue
[2024-05-27T17:36:30.216+0000] {logging_mixin.py:188} INFO - [2024-05-27T17:36:30.216+0000] {dagbag.py:545} INFO - Filling up the DagBag from /home/airflow/.local/lib/python3.12/site-packages/airflow/example_dags/example_setup_teardown.py
[2024-05-27T17:36:30.222+0000] {processor.py:840} INFO - DAG(s) 'example_setup_teardown' retrieved from /home/airflow/.local/lib/python3.12/site-packages/airflow/example_dags/example_setup_teardown.py
[2024-05-27T17:36:30.239+0000] {logging_mixin.py:188} INFO - [2024-05-27T17:36:30.239+0000] {dag.py:3096} INFO - Sync 1 DAGs
[2024-05-27T17:36:30.261+0000] {logging_mixin.py:188} INFO - [2024-05-27T17:36:30.261+0000] {dag.py:3954} INFO - Setting next_dagrun for example_setup_teardown to 2024-05-26 00:00:00+00:00, run_after=2024-05-27 00:00:00+00:00
[2024-05-27T17:36:30.278+0000] {processor.py:183} INFO - Processing /home/airflow/.local/lib/python3.12/site-packages/airflow/example_dags/example_setup_teardown.py took 0.070 seconds
[2024-05-27T17:37:01.170+0000] {processor.py:161} INFO - Started process (PID=570) to work on /home/airflow/.local/lib/python3.12/site-packages/airflow/example_dags/example_setup_teardown.py
[2024-05-27T17:37:01.171+0000] {processor.py:830} INFO - Processing file /home/airflow/.local/lib/python3.12/site-packages/airflow/example_dags/example_setup_teardown.py for tasks to queue
[2024-05-27T17:37:01.173+0000] {logging_mixin.py:188} INFO - [2024-05-27T17:37:01.172+0000] {dagbag.py:545} INFO - Filling up the DagBag from /home/airflow/.local/lib/python3.12/site-packages/airflow/example_dags/example_setup_teardown.py
[2024-05-27T17:37:01.181+0000] {processor.py:840} INFO - DAG(s) 'example_setup_teardown' retrieved from /home/airflow/.local/lib/python3.12/site-packages/airflow/example_dags/example_setup_teardown.py
[2024-05-27T17:37:01.202+0000] {logging_mixin.py:188} INFO - [2024-05-27T17:37:01.201+0000] {dag.py:3096} INFO - Sync 1 DAGs
[2024-05-27T17:37:01.227+0000] {logging_mixin.py:188} INFO - [2024-05-27T17:37:01.226+0000] {dag.py:3954} INFO - Setting next_dagrun for example_setup_teardown to 2024-05-26 00:00:00+00:00, run_after=2024-05-27 00:00:00+00:00
[2024-05-27T17:37:01.247+0000] {processor.py:183} INFO - Processing /home/airflow/.local/lib/python3.12/site-packages/airflow/example_dags/example_setup_teardown.py took 0.083 seconds
[2024-05-27T17:38:14.253+0000] {processor.py:161} INFO - Started process (PID=42) to work on /home/airflow/.local/lib/python3.12/site-packages/airflow/example_dags/example_setup_teardown.py
[2024-05-27T17:38:14.255+0000] {processor.py:830} INFO - Processing file /home/airflow/.local/lib/python3.12/site-packages/airflow/example_dags/example_setup_teardown.py for tasks to queue
[2024-05-27T17:38:14.262+0000] {logging_mixin.py:188} INFO - [2024-05-27T17:38:14.261+0000] {dagbag.py:545} INFO - Filling up the DagBag from /home/airflow/.local/lib/python3.12/site-packages/airflow/example_dags/example_setup_teardown.py
[2024-05-27T17:38:14.280+0000] {processor.py:840} INFO - DAG(s) 'example_setup_teardown' retrieved from /home/airflow/.local/lib/python3.12/site-packages/airflow/example_dags/example_setup_teardown.py
[2024-05-27T17:38:14.308+0000] {logging_mixin.py:188} INFO - [2024-05-27T17:38:14.308+0000] {dag.py:3096} INFO - Sync 1 DAGs
[2024-05-27T17:38:14.351+0000] {logging_mixin.py:188} INFO - [2024-05-27T17:38:14.351+0000] {dag.py:3954} INFO - Setting next_dagrun for example_setup_teardown to 2024-05-26 00:00:00+00:00, run_after=2024-05-27 00:00:00+00:00
[2024-05-27T17:38:14.374+0000] {processor.py:183} INFO - Processing /home/airflow/.local/lib/python3.12/site-packages/airflow/example_dags/example_setup_teardown.py took 0.129 seconds
[2024-05-27T17:38:45.081+0000] {processor.py:161} INFO - Started process (PID=100) to work on /home/airflow/.local/lib/python3.12/site-packages/airflow/example_dags/example_setup_teardown.py
[2024-05-27T17:38:45.082+0000] {processor.py:830} INFO - Processing file /home/airflow/.local/lib/python3.12/site-packages/airflow/example_dags/example_setup_teardown.py for tasks to queue
[2024-05-27T17:38:45.084+0000] {logging_mixin.py:188} INFO - [2024-05-27T17:38:45.084+0000] {dagbag.py:545} INFO - Filling up the DagBag from /home/airflow/.local/lib/python3.12/site-packages/airflow/example_dags/example_setup_teardown.py
[2024-05-27T17:38:45.090+0000] {processor.py:840} INFO - DAG(s) 'example_setup_teardown' retrieved from /home/airflow/.local/lib/python3.12/site-packages/airflow/example_dags/example_setup_teardown.py
[2024-05-27T17:38:45.196+0000] {logging_mixin.py:188} INFO - [2024-05-27T17:38:45.196+0000] {dag.py:3096} INFO - Sync 1 DAGs
[2024-05-27T17:38:45.214+0000] {logging_mixin.py:188} INFO - [2024-05-27T17:38:45.214+0000] {dag.py:3954} INFO - Setting next_dagrun for example_setup_teardown to 2024-05-26 00:00:00+00:00, run_after=2024-05-27 00:00:00+00:00
[2024-05-27T17:38:45.237+0000] {processor.py:183} INFO - Processing /home/airflow/.local/lib/python3.12/site-packages/airflow/example_dags/example_setup_teardown.py took 0.163 seconds
