[2024-05-27T01:38:36.017+0000] {processor.py:161} INFO - Started process (PID=45) to work on /home/airflow/.local/lib/python3.12/site-packages/airflow/example_dags/example_display_name.py
[2024-05-27T01:38:36.019+0000] {processor.py:830} INFO - Processing file /home/airflow/.local/lib/python3.12/site-packages/airflow/example_dags/example_display_name.py for tasks to queue
[2024-05-27T01:38:36.023+0000] {logging_mixin.py:188} INFO - [2024-05-27T01:38:36.022+0000] {dagbag.py:545} INFO - Filling up the DagBag from /home/airflow/.local/lib/python3.12/site-packages/airflow/example_dags/example_display_name.py
[2024-05-27T01:38:36.039+0000] {processor.py:840} INFO - DAG(s) 'example_display_name' retrieved from /home/airflow/.local/lib/python3.12/site-packages/airflow/example_dags/example_display_name.py
[2024-05-27T01:38:36.058+0000] {logging_mixin.py:188} INFO - [2024-05-27T01:38:36.057+0000] {dag.py:3096} INFO - Sync 1 DAGs
[2024-05-27T01:38:36.074+0000] {logging_mixin.py:188} INFO - [2024-05-27T01:38:36.074+0000] {dag.py:3954} INFO - Setting next_dagrun for example_display_name to None, run_after=None
[2024-05-27T01:38:36.096+0000] {processor.py:183} INFO - Processing /home/airflow/.local/lib/python3.12/site-packages/airflow/example_dags/example_display_name.py took 0.088 seconds
[2024-05-27T01:39:06.761+0000] {processor.py:161} INFO - Started process (PID=103) to work on /home/airflow/.local/lib/python3.12/site-packages/airflow/example_dags/example_display_name.py
[2024-05-27T01:39:06.762+0000] {processor.py:830} INFO - Processing file /home/airflow/.local/lib/python3.12/site-packages/airflow/example_dags/example_display_name.py for tasks to queue
[2024-05-27T01:39:06.764+0000] {logging_mixin.py:188} INFO - [2024-05-27T01:39:06.764+0000] {dagbag.py:545} INFO - Filling up the DagBag from /home/airflow/.local/lib/python3.12/site-packages/airflow/example_dags/example_display_name.py
[2024-05-27T01:39:06.771+0000] {processor.py:840} INFO - DAG(s) 'example_display_name' retrieved from /home/airflow/.local/lib/python3.12/site-packages/airflow/example_dags/example_display_name.py
[2024-05-27T01:39:06.872+0000] {logging_mixin.py:188} INFO - [2024-05-27T01:39:06.871+0000] {dag.py:3096} INFO - Sync 1 DAGs
[2024-05-27T01:39:06.882+0000] {logging_mixin.py:188} INFO - [2024-05-27T01:39:06.882+0000] {dag.py:3954} INFO - Setting next_dagrun for example_display_name to None, run_after=None
[2024-05-27T01:39:06.900+0000] {processor.py:183} INFO - Processing /home/airflow/.local/lib/python3.12/site-packages/airflow/example_dags/example_display_name.py took 0.146 seconds
[2024-05-27T01:39:36.970+0000] {processor.py:161} INFO - Started process (PID=161) to work on /home/airflow/.local/lib/python3.12/site-packages/airflow/example_dags/example_display_name.py
[2024-05-27T01:39:36.971+0000] {processor.py:830} INFO - Processing file /home/airflow/.local/lib/python3.12/site-packages/airflow/example_dags/example_display_name.py for tasks to queue
[2024-05-27T01:39:36.972+0000] {logging_mixin.py:188} INFO - [2024-05-27T01:39:36.972+0000] {dagbag.py:545} INFO - Filling up the DagBag from /home/airflow/.local/lib/python3.12/site-packages/airflow/example_dags/example_display_name.py
[2024-05-27T01:39:36.977+0000] {processor.py:840} INFO - DAG(s) 'example_display_name' retrieved from /home/airflow/.local/lib/python3.12/site-packages/airflow/example_dags/example_display_name.py
[2024-05-27T01:39:36.993+0000] {logging_mixin.py:188} INFO - [2024-05-27T01:39:36.993+0000] {dag.py:3096} INFO - Sync 1 DAGs
[2024-05-27T01:39:37.004+0000] {logging_mixin.py:188} INFO - [2024-05-27T01:39:37.004+0000] {dag.py:3954} INFO - Setting next_dagrun for example_display_name to None, run_after=None
[2024-05-27T01:39:37.022+0000] {processor.py:183} INFO - Processing /home/airflow/.local/lib/python3.12/site-packages/airflow/example_dags/example_display_name.py took 0.057 seconds
[2024-05-27T01:40:07.068+0000] {processor.py:161} INFO - Started process (PID=219) to work on /home/airflow/.local/lib/python3.12/site-packages/airflow/example_dags/example_display_name.py
[2024-05-27T01:40:07.069+0000] {processor.py:830} INFO - Processing file /home/airflow/.local/lib/python3.12/site-packages/airflow/example_dags/example_display_name.py for tasks to queue
[2024-05-27T01:40:07.071+0000] {logging_mixin.py:188} INFO - [2024-05-27T01:40:07.071+0000] {dagbag.py:545} INFO - Filling up the DagBag from /home/airflow/.local/lib/python3.12/site-packages/airflow/example_dags/example_display_name.py
[2024-05-27T01:40:07.077+0000] {processor.py:840} INFO - DAG(s) 'example_display_name' retrieved from /home/airflow/.local/lib/python3.12/site-packages/airflow/example_dags/example_display_name.py
[2024-05-27T01:40:07.092+0000] {logging_mixin.py:188} INFO - [2024-05-27T01:40:07.092+0000] {dag.py:3096} INFO - Sync 1 DAGs
[2024-05-27T01:40:07.105+0000] {logging_mixin.py:188} INFO - [2024-05-27T01:40:07.105+0000] {dag.py:3954} INFO - Setting next_dagrun for example_display_name to None, run_after=None
[2024-05-27T01:40:07.122+0000] {processor.py:183} INFO - Processing /home/airflow/.local/lib/python3.12/site-packages/airflow/example_dags/example_display_name.py took 0.059 seconds
[2024-05-27T01:40:37.321+0000] {processor.py:161} INFO - Started process (PID=277) to work on /home/airflow/.local/lib/python3.12/site-packages/airflow/example_dags/example_display_name.py
[2024-05-27T01:40:37.322+0000] {processor.py:830} INFO - Processing file /home/airflow/.local/lib/python3.12/site-packages/airflow/example_dags/example_display_name.py for tasks to queue
[2024-05-27T01:40:37.326+0000] {logging_mixin.py:188} INFO - [2024-05-27T01:40:37.326+0000] {dagbag.py:545} INFO - Filling up the DagBag from /home/airflow/.local/lib/python3.12/site-packages/airflow/example_dags/example_display_name.py
[2024-05-27T01:40:37.333+0000] {processor.py:840} INFO - DAG(s) 'example_display_name' retrieved from /home/airflow/.local/lib/python3.12/site-packages/airflow/example_dags/example_display_name.py
[2024-05-27T01:40:37.353+0000] {logging_mixin.py:188} INFO - [2024-05-27T01:40:37.353+0000] {dag.py:3096} INFO - Sync 1 DAGs
[2024-05-27T01:40:37.365+0000] {logging_mixin.py:188} INFO - [2024-05-27T01:40:37.365+0000] {dag.py:3954} INFO - Setting next_dagrun for example_display_name to None, run_after=None
[2024-05-27T01:40:37.381+0000] {processor.py:183} INFO - Processing /home/airflow/.local/lib/python3.12/site-packages/airflow/example_dags/example_display_name.py took 0.066 seconds
[2024-05-27T01:41:07.500+0000] {processor.py:161} INFO - Started process (PID=335) to work on /home/airflow/.local/lib/python3.12/site-packages/airflow/example_dags/example_display_name.py
[2024-05-27T01:41:07.500+0000] {processor.py:830} INFO - Processing file /home/airflow/.local/lib/python3.12/site-packages/airflow/example_dags/example_display_name.py for tasks to queue
[2024-05-27T01:41:07.502+0000] {logging_mixin.py:188} INFO - [2024-05-27T01:41:07.502+0000] {dagbag.py:545} INFO - Filling up the DagBag from /home/airflow/.local/lib/python3.12/site-packages/airflow/example_dags/example_display_name.py
[2024-05-27T01:41:07.509+0000] {processor.py:840} INFO - DAG(s) 'example_display_name' retrieved from /home/airflow/.local/lib/python3.12/site-packages/airflow/example_dags/example_display_name.py
[2024-05-27T01:41:07.528+0000] {logging_mixin.py:188} INFO - [2024-05-27T01:41:07.527+0000] {dag.py:3096} INFO - Sync 1 DAGs
[2024-05-27T01:41:07.540+0000] {logging_mixin.py:188} INFO - [2024-05-27T01:41:07.540+0000] {dag.py:3954} INFO - Setting next_dagrun for example_display_name to None, run_after=None
[2024-05-27T01:41:07.557+0000] {processor.py:183} INFO - Processing /home/airflow/.local/lib/python3.12/site-packages/airflow/example_dags/example_display_name.py took 0.064 seconds
[2024-05-27T01:41:37.956+0000] {processor.py:161} INFO - Started process (PID=393) to work on /home/airflow/.local/lib/python3.12/site-packages/airflow/example_dags/example_display_name.py
[2024-05-27T01:41:37.958+0000] {processor.py:830} INFO - Processing file /home/airflow/.local/lib/python3.12/site-packages/airflow/example_dags/example_display_name.py for tasks to queue
[2024-05-27T01:41:37.960+0000] {logging_mixin.py:188} INFO - [2024-05-27T01:41:37.959+0000] {dagbag.py:545} INFO - Filling up the DagBag from /home/airflow/.local/lib/python3.12/site-packages/airflow/example_dags/example_display_name.py
[2024-05-27T01:41:37.965+0000] {processor.py:840} INFO - DAG(s) 'example_display_name' retrieved from /home/airflow/.local/lib/python3.12/site-packages/airflow/example_dags/example_display_name.py
[2024-05-27T01:41:37.984+0000] {logging_mixin.py:188} INFO - [2024-05-27T01:41:37.983+0000] {dag.py:3096} INFO - Sync 1 DAGs
[2024-05-27T01:41:37.997+0000] {logging_mixin.py:188} INFO - [2024-05-27T01:41:37.997+0000] {dag.py:3954} INFO - Setting next_dagrun for example_display_name to None, run_after=None
[2024-05-27T01:41:38.015+0000] {processor.py:183} INFO - Processing /home/airflow/.local/lib/python3.12/site-packages/airflow/example_dags/example_display_name.py took 0.065 seconds
[2024-05-27T01:42:08.314+0000] {processor.py:161} INFO - Started process (PID=451) to work on /home/airflow/.local/lib/python3.12/site-packages/airflow/example_dags/example_display_name.py
[2024-05-27T01:42:08.315+0000] {processor.py:830} INFO - Processing file /home/airflow/.local/lib/python3.12/site-packages/airflow/example_dags/example_display_name.py for tasks to queue
[2024-05-27T01:42:08.317+0000] {logging_mixin.py:188} INFO - [2024-05-27T01:42:08.316+0000] {dagbag.py:545} INFO - Filling up the DagBag from /home/airflow/.local/lib/python3.12/site-packages/airflow/example_dags/example_display_name.py
[2024-05-27T01:42:08.323+0000] {processor.py:840} INFO - DAG(s) 'example_display_name' retrieved from /home/airflow/.local/lib/python3.12/site-packages/airflow/example_dags/example_display_name.py
[2024-05-27T01:42:08.342+0000] {logging_mixin.py:188} INFO - [2024-05-27T01:42:08.342+0000] {dag.py:3096} INFO - Sync 1 DAGs
[2024-05-27T01:42:08.355+0000] {logging_mixin.py:188} INFO - [2024-05-27T01:42:08.355+0000] {dag.py:3954} INFO - Setting next_dagrun for example_display_name to None, run_after=None
[2024-05-27T01:42:08.419+0000] {processor.py:183} INFO - Processing /home/airflow/.local/lib/python3.12/site-packages/airflow/example_dags/example_display_name.py took 0.110 seconds
[2024-05-27T01:42:39.134+0000] {processor.py:161} INFO - Started process (PID=509) to work on /home/airflow/.local/lib/python3.12/site-packages/airflow/example_dags/example_display_name.py
[2024-05-27T01:42:39.135+0000] {processor.py:830} INFO - Processing file /home/airflow/.local/lib/python3.12/site-packages/airflow/example_dags/example_display_name.py for tasks to queue
[2024-05-27T01:42:39.138+0000] {logging_mixin.py:188} INFO - [2024-05-27T01:42:39.138+0000] {dagbag.py:545} INFO - Filling up the DagBag from /home/airflow/.local/lib/python3.12/site-packages/airflow/example_dags/example_display_name.py
[2024-05-27T01:42:39.144+0000] {processor.py:840} INFO - DAG(s) 'example_display_name' retrieved from /home/airflow/.local/lib/python3.12/site-packages/airflow/example_dags/example_display_name.py
[2024-05-27T01:42:39.164+0000] {logging_mixin.py:188} INFO - [2024-05-27T01:42:39.163+0000] {dag.py:3096} INFO - Sync 1 DAGs
[2024-05-27T01:42:39.177+0000] {logging_mixin.py:188} INFO - [2024-05-27T01:42:39.177+0000] {dag.py:3954} INFO - Setting next_dagrun for example_display_name to None, run_after=None
[2024-05-27T01:42:39.199+0000] {processor.py:183} INFO - Processing /home/airflow/.local/lib/python3.12/site-packages/airflow/example_dags/example_display_name.py took 0.071 seconds
[2024-05-27T01:43:09.280+0000] {processor.py:161} INFO - Started process (PID=567) to work on /home/airflow/.local/lib/python3.12/site-packages/airflow/example_dags/example_display_name.py
[2024-05-27T01:43:09.281+0000] {processor.py:830} INFO - Processing file /home/airflow/.local/lib/python3.12/site-packages/airflow/example_dags/example_display_name.py for tasks to queue
[2024-05-27T01:43:09.282+0000] {logging_mixin.py:188} INFO - [2024-05-27T01:43:09.282+0000] {dagbag.py:545} INFO - Filling up the DagBag from /home/airflow/.local/lib/python3.12/site-packages/airflow/example_dags/example_display_name.py
[2024-05-27T01:43:09.288+0000] {processor.py:840} INFO - DAG(s) 'example_display_name' retrieved from /home/airflow/.local/lib/python3.12/site-packages/airflow/example_dags/example_display_name.py
[2024-05-27T01:43:09.306+0000] {logging_mixin.py:188} INFO - [2024-05-27T01:43:09.306+0000] {dag.py:3096} INFO - Sync 1 DAGs
[2024-05-27T01:43:09.320+0000] {logging_mixin.py:188} INFO - [2024-05-27T01:43:09.320+0000] {dag.py:3954} INFO - Setting next_dagrun for example_display_name to None, run_after=None
[2024-05-27T01:43:09.352+0000] {processor.py:183} INFO - Processing /home/airflow/.local/lib/python3.12/site-packages/airflow/example_dags/example_display_name.py took 0.078 seconds
[2024-05-27T01:43:40.220+0000] {processor.py:161} INFO - Started process (PID=625) to work on /home/airflow/.local/lib/python3.12/site-packages/airflow/example_dags/example_display_name.py
[2024-05-27T01:43:40.222+0000] {processor.py:830} INFO - Processing file /home/airflow/.local/lib/python3.12/site-packages/airflow/example_dags/example_display_name.py for tasks to queue
[2024-05-27T01:43:40.225+0000] {logging_mixin.py:188} INFO - [2024-05-27T01:43:40.224+0000] {dagbag.py:545} INFO - Filling up the DagBag from /home/airflow/.local/lib/python3.12/site-packages/airflow/example_dags/example_display_name.py
[2024-05-27T01:43:40.230+0000] {processor.py:840} INFO - DAG(s) 'example_display_name' retrieved from /home/airflow/.local/lib/python3.12/site-packages/airflow/example_dags/example_display_name.py
[2024-05-27T01:43:40.252+0000] {logging_mixin.py:188} INFO - [2024-05-27T01:43:40.251+0000] {dag.py:3096} INFO - Sync 1 DAGs
[2024-05-27T01:43:40.267+0000] {logging_mixin.py:188} INFO - [2024-05-27T01:43:40.267+0000] {dag.py:3954} INFO - Setting next_dagrun for example_display_name to None, run_after=None
[2024-05-27T01:43:40.290+0000] {processor.py:183} INFO - Processing /home/airflow/.local/lib/python3.12/site-packages/airflow/example_dags/example_display_name.py took 0.077 seconds
[2024-05-27T01:44:10.662+0000] {processor.py:161} INFO - Started process (PID=682) to work on /home/airflow/.local/lib/python3.12/site-packages/airflow/example_dags/example_display_name.py
[2024-05-27T01:44:10.662+0000] {processor.py:830} INFO - Processing file /home/airflow/.local/lib/python3.12/site-packages/airflow/example_dags/example_display_name.py for tasks to queue
[2024-05-27T01:44:10.664+0000] {logging_mixin.py:188} INFO - [2024-05-27T01:44:10.664+0000] {dagbag.py:545} INFO - Filling up the DagBag from /home/airflow/.local/lib/python3.12/site-packages/airflow/example_dags/example_display_name.py
[2024-05-27T01:44:10.671+0000] {processor.py:840} INFO - DAG(s) 'example_display_name' retrieved from /home/airflow/.local/lib/python3.12/site-packages/airflow/example_dags/example_display_name.py
[2024-05-27T01:44:10.691+0000] {logging_mixin.py:188} INFO - [2024-05-27T01:44:10.691+0000] {dag.py:3096} INFO - Sync 1 DAGs
[2024-05-27T01:44:10.704+0000] {logging_mixin.py:188} INFO - [2024-05-27T01:44:10.704+0000] {dag.py:3954} INFO - Setting next_dagrun for example_display_name to None, run_after=None
[2024-05-27T01:44:10.724+0000] {processor.py:183} INFO - Processing /home/airflow/.local/lib/python3.12/site-packages/airflow/example_dags/example_display_name.py took 0.069 seconds
[2024-05-27T01:44:40.842+0000] {processor.py:161} INFO - Started process (PID=740) to work on /home/airflow/.local/lib/python3.12/site-packages/airflow/example_dags/example_display_name.py
[2024-05-27T01:44:40.843+0000] {processor.py:830} INFO - Processing file /home/airflow/.local/lib/python3.12/site-packages/airflow/example_dags/example_display_name.py for tasks to queue
[2024-05-27T01:44:40.845+0000] {logging_mixin.py:188} INFO - [2024-05-27T01:44:40.845+0000] {dagbag.py:545} INFO - Filling up the DagBag from /home/airflow/.local/lib/python3.12/site-packages/airflow/example_dags/example_display_name.py
[2024-05-27T01:44:40.852+0000] {processor.py:840} INFO - DAG(s) 'example_display_name' retrieved from /home/airflow/.local/lib/python3.12/site-packages/airflow/example_dags/example_display_name.py
[2024-05-27T01:44:40.870+0000] {logging_mixin.py:188} INFO - [2024-05-27T01:44:40.870+0000] {dag.py:3096} INFO - Sync 1 DAGs
[2024-05-27T01:44:40.882+0000] {logging_mixin.py:188} INFO - [2024-05-27T01:44:40.882+0000] {dag.py:3954} INFO - Setting next_dagrun for example_display_name to None, run_after=None
[2024-05-27T01:44:40.897+0000] {processor.py:183} INFO - Processing /home/airflow/.local/lib/python3.12/site-packages/airflow/example_dags/example_display_name.py took 0.060 seconds
[2024-05-27T01:45:11.545+0000] {processor.py:161} INFO - Started process (PID=797) to work on /home/airflow/.local/lib/python3.12/site-packages/airflow/example_dags/example_display_name.py
[2024-05-27T01:45:11.545+0000] {processor.py:830} INFO - Processing file /home/airflow/.local/lib/python3.12/site-packages/airflow/example_dags/example_display_name.py for tasks to queue
[2024-05-27T01:45:11.547+0000] {logging_mixin.py:188} INFO - [2024-05-27T01:45:11.547+0000] {dagbag.py:545} INFO - Filling up the DagBag from /home/airflow/.local/lib/python3.12/site-packages/airflow/example_dags/example_display_name.py
[2024-05-27T01:45:11.553+0000] {processor.py:840} INFO - DAG(s) 'example_display_name' retrieved from /home/airflow/.local/lib/python3.12/site-packages/airflow/example_dags/example_display_name.py
[2024-05-27T01:45:11.569+0000] {logging_mixin.py:188} INFO - [2024-05-27T01:45:11.569+0000] {dag.py:3096} INFO - Sync 1 DAGs
[2024-05-27T01:45:11.581+0000] {logging_mixin.py:188} INFO - [2024-05-27T01:45:11.581+0000] {dag.py:3954} INFO - Setting next_dagrun for example_display_name to None, run_after=None
[2024-05-27T01:45:11.598+0000] {processor.py:183} INFO - Processing /home/airflow/.local/lib/python3.12/site-packages/airflow/example_dags/example_display_name.py took 0.058 seconds
[2024-05-27T01:45:42.049+0000] {processor.py:161} INFO - Started process (PID=855) to work on /home/airflow/.local/lib/python3.12/site-packages/airflow/example_dags/example_display_name.py
[2024-05-27T01:45:42.051+0000] {processor.py:830} INFO - Processing file /home/airflow/.local/lib/python3.12/site-packages/airflow/example_dags/example_display_name.py for tasks to queue
[2024-05-27T01:45:42.053+0000] {logging_mixin.py:188} INFO - [2024-05-27T01:45:42.053+0000] {dagbag.py:545} INFO - Filling up the DagBag from /home/airflow/.local/lib/python3.12/site-packages/airflow/example_dags/example_display_name.py
[2024-05-27T01:45:42.060+0000] {processor.py:840} INFO - DAG(s) 'example_display_name' retrieved from /home/airflow/.local/lib/python3.12/site-packages/airflow/example_dags/example_display_name.py
[2024-05-27T01:45:42.078+0000] {logging_mixin.py:188} INFO - [2024-05-27T01:45:42.077+0000] {dag.py:3096} INFO - Sync 1 DAGs
[2024-05-27T01:45:42.090+0000] {logging_mixin.py:188} INFO - [2024-05-27T01:45:42.089+0000] {dag.py:3954} INFO - Setting next_dagrun for example_display_name to None, run_after=None
[2024-05-27T01:45:42.105+0000] {processor.py:183} INFO - Processing /home/airflow/.local/lib/python3.12/site-packages/airflow/example_dags/example_display_name.py took 0.063 seconds
[2024-05-27T01:46:12.886+0000] {processor.py:161} INFO - Started process (PID=913) to work on /home/airflow/.local/lib/python3.12/site-packages/airflow/example_dags/example_display_name.py
[2024-05-27T01:46:12.887+0000] {processor.py:830} INFO - Processing file /home/airflow/.local/lib/python3.12/site-packages/airflow/example_dags/example_display_name.py for tasks to queue
[2024-05-27T01:46:12.890+0000] {logging_mixin.py:188} INFO - [2024-05-27T01:46:12.889+0000] {dagbag.py:545} INFO - Filling up the DagBag from /home/airflow/.local/lib/python3.12/site-packages/airflow/example_dags/example_display_name.py
[2024-05-27T01:46:12.895+0000] {processor.py:840} INFO - DAG(s) 'example_display_name' retrieved from /home/airflow/.local/lib/python3.12/site-packages/airflow/example_dags/example_display_name.py
[2024-05-27T01:46:12.914+0000] {logging_mixin.py:188} INFO - [2024-05-27T01:46:12.914+0000] {dag.py:3096} INFO - Sync 1 DAGs
[2024-05-27T01:46:12.934+0000] {logging_mixin.py:188} INFO - [2024-05-27T01:46:12.933+0000] {dag.py:3954} INFO - Setting next_dagrun for example_display_name to None, run_after=None
[2024-05-27T01:46:12.953+0000] {processor.py:183} INFO - Processing /home/airflow/.local/lib/python3.12/site-packages/airflow/example_dags/example_display_name.py took 0.074 seconds
[2024-05-27T01:48:43.396+0000] {processor.py:161} INFO - Started process (PID=44) to work on /home/airflow/.local/lib/python3.12/site-packages/airflow/example_dags/example_display_name.py
[2024-05-27T01:48:43.397+0000] {processor.py:830} INFO - Processing file /home/airflow/.local/lib/python3.12/site-packages/airflow/example_dags/example_display_name.py for tasks to queue
[2024-05-27T01:48:43.400+0000] {logging_mixin.py:188} INFO - [2024-05-27T01:48:43.399+0000] {dagbag.py:545} INFO - Filling up the DagBag from /home/airflow/.local/lib/python3.12/site-packages/airflow/example_dags/example_display_name.py
[2024-05-27T01:48:43.411+0000] {processor.py:840} INFO - DAG(s) 'example_display_name' retrieved from /home/airflow/.local/lib/python3.12/site-packages/airflow/example_dags/example_display_name.py
[2024-05-27T01:48:43.423+0000] {logging_mixin.py:188} INFO - [2024-05-27T01:48:43.423+0000] {dag.py:3096} INFO - Sync 1 DAGs
[2024-05-27T01:48:43.438+0000] {logging_mixin.py:188} INFO - [2024-05-27T01:48:43.438+0000] {dag.py:3954} INFO - Setting next_dagrun for example_display_name to None, run_after=None
[2024-05-27T01:48:43.458+0000] {processor.py:183} INFO - Processing /home/airflow/.local/lib/python3.12/site-packages/airflow/example_dags/example_display_name.py took 0.070 seconds
[2024-05-27T01:49:14.415+0000] {processor.py:161} INFO - Started process (PID=102) to work on /home/airflow/.local/lib/python3.12/site-packages/airflow/example_dags/example_display_name.py
[2024-05-27T01:49:14.417+0000] {processor.py:830} INFO - Processing file /home/airflow/.local/lib/python3.12/site-packages/airflow/example_dags/example_display_name.py for tasks to queue
[2024-05-27T01:49:14.421+0000] {logging_mixin.py:188} INFO - [2024-05-27T01:49:14.420+0000] {dagbag.py:545} INFO - Filling up the DagBag from /home/airflow/.local/lib/python3.12/site-packages/airflow/example_dags/example_display_name.py
[2024-05-27T01:49:14.429+0000] {processor.py:840} INFO - DAG(s) 'example_display_name' retrieved from /home/airflow/.local/lib/python3.12/site-packages/airflow/example_dags/example_display_name.py
[2024-05-27T01:49:14.605+0000] {logging_mixin.py:188} INFO - [2024-05-27T01:49:14.604+0000] {dag.py:3096} INFO - Sync 1 DAGs
[2024-05-27T01:49:14.624+0000] {logging_mixin.py:188} INFO - [2024-05-27T01:49:14.623+0000] {dag.py:3954} INFO - Setting next_dagrun for example_display_name to None, run_after=None
[2024-05-27T01:49:15.116+0000] {logging_mixin.py:188} INFO - [2024-05-27T01:49:15.111+0000] {process_utils.py:263} INFO - Waiting up to 5 seconds for processes to exit...
[2024-05-27T13:32:47.149+0000] {processor.py:161} INFO - Started process (PID=44) to work on /home/airflow/.local/lib/python3.12/site-packages/airflow/example_dags/example_display_name.py
[2024-05-27T13:32:47.150+0000] {processor.py:830} INFO - Processing file /home/airflow/.local/lib/python3.12/site-packages/airflow/example_dags/example_display_name.py for tasks to queue
[2024-05-27T13:32:47.153+0000] {logging_mixin.py:188} INFO - [2024-05-27T13:32:47.153+0000] {dagbag.py:545} INFO - Filling up the DagBag from /home/airflow/.local/lib/python3.12/site-packages/airflow/example_dags/example_display_name.py
[2024-05-27T13:32:47.169+0000] {processor.py:840} INFO - DAG(s) 'example_display_name' retrieved from /home/airflow/.local/lib/python3.12/site-packages/airflow/example_dags/example_display_name.py
[2024-05-27T13:32:47.286+0000] {logging_mixin.py:188} INFO - [2024-05-27T13:32:47.286+0000] {dag.py:3096} INFO - Sync 1 DAGs
[2024-05-27T13:32:47.301+0000] {logging_mixin.py:188} INFO - [2024-05-27T13:32:47.300+0000] {dag.py:3954} INFO - Setting next_dagrun for example_display_name to None, run_after=None
[2024-05-27T13:32:47.322+0000] {processor.py:183} INFO - Processing /home/airflow/.local/lib/python3.12/site-packages/airflow/example_dags/example_display_name.py took 0.180 seconds
[2024-05-27T13:33:17.385+0000] {processor.py:161} INFO - Started process (PID=101) to work on /home/airflow/.local/lib/python3.12/site-packages/airflow/example_dags/example_display_name.py
[2024-05-27T13:33:17.386+0000] {processor.py:830} INFO - Processing file /home/airflow/.local/lib/python3.12/site-packages/airflow/example_dags/example_display_name.py for tasks to queue
[2024-05-27T13:33:17.389+0000] {logging_mixin.py:188} INFO - [2024-05-27T13:33:17.388+0000] {dagbag.py:545} INFO - Filling up the DagBag from /home/airflow/.local/lib/python3.12/site-packages/airflow/example_dags/example_display_name.py
[2024-05-27T13:33:17.394+0000] {processor.py:840} INFO - DAG(s) 'example_display_name' retrieved from /home/airflow/.local/lib/python3.12/site-packages/airflow/example_dags/example_display_name.py
[2024-05-27T13:33:17.411+0000] {logging_mixin.py:188} INFO - [2024-05-27T13:33:17.410+0000] {dag.py:3096} INFO - Sync 1 DAGs
[2024-05-27T13:33:17.422+0000] {logging_mixin.py:188} INFO - [2024-05-27T13:33:17.422+0000] {dag.py:3954} INFO - Setting next_dagrun for example_display_name to None, run_after=None
[2024-05-27T13:33:17.441+0000] {processor.py:183} INFO - Processing /home/airflow/.local/lib/python3.12/site-packages/airflow/example_dags/example_display_name.py took 0.062 seconds
[2024-05-27T14:22:38.099+0000] {processor.py:161} INFO - Started process (PID=72) to work on /home/airflow/.local/lib/python3.12/site-packages/airflow/example_dags/example_display_name.py
[2024-05-27T14:22:38.101+0000] {processor.py:830} INFO - Processing file /home/airflow/.local/lib/python3.12/site-packages/airflow/example_dags/example_display_name.py for tasks to queue
[2024-05-27T14:22:38.103+0000] {logging_mixin.py:188} INFO - [2024-05-27T14:22:38.103+0000] {dagbag.py:545} INFO - Filling up the DagBag from /home/airflow/.local/lib/python3.12/site-packages/airflow/example_dags/example_display_name.py
[2024-05-27T14:22:38.110+0000] {processor.py:840} INFO - DAG(s) 'example_display_name' retrieved from /home/airflow/.local/lib/python3.12/site-packages/airflow/example_dags/example_display_name.py
[2024-05-27T14:22:38.225+0000] {logging_mixin.py:188} INFO - [2024-05-27T14:22:38.224+0000] {override.py:1829} INFO - Created Permission View: can edit on DAG:example_display_name
[2024-05-27T14:22:38.249+0000] {logging_mixin.py:188} INFO - [2024-05-27T14:22:38.248+0000] {override.py:1829} INFO - Created Permission View: can delete on DAG:example_display_name
[2024-05-27T14:22:38.265+0000] {logging_mixin.py:188} INFO - [2024-05-27T14:22:38.265+0000] {override.py:1829} INFO - Created Permission View: can read on DAG:example_display_name
[2024-05-27T14:22:38.267+0000] {logging_mixin.py:188} INFO - [2024-05-27T14:22:38.266+0000] {dag.py:3096} INFO - Sync 1 DAGs
[2024-05-27T14:22:38.294+0000] {logging_mixin.py:188} INFO - [2024-05-27T14:22:38.294+0000] {dag.py:3118} INFO - Creating ORM DAG for example_display_name
[2024-05-27T14:22:38.295+0000] {logging_mixin.py:188} INFO - [2024-05-27T14:22:38.295+0000] {dag.py:3954} INFO - Setting next_dagrun for example_display_name to None, run_after=None
[2024-05-27T14:22:38.317+0000] {processor.py:183} INFO - Processing /home/airflow/.local/lib/python3.12/site-packages/airflow/example_dags/example_display_name.py took 0.225 seconds
[2024-05-27T14:26:28.714+0000] {processor.py:161} INFO - Started process (PID=137) to work on /home/airflow/.local/lib/python3.12/site-packages/airflow/example_dags/example_display_name.py
[2024-05-27T14:26:28.717+0000] {processor.py:830} INFO - Processing file /home/airflow/.local/lib/python3.12/site-packages/airflow/example_dags/example_display_name.py for tasks to queue
[2024-05-27T14:26:28.718+0000] {logging_mixin.py:188} INFO - [2024-05-27T14:26:28.718+0000] {dagbag.py:545} INFO - Filling up the DagBag from /home/airflow/.local/lib/python3.12/site-packages/airflow/example_dags/example_display_name.py
[2024-05-27T14:26:28.733+0000] {processor.py:840} INFO - DAG(s) 'example_display_name' retrieved from /home/airflow/.local/lib/python3.12/site-packages/airflow/example_dags/example_display_name.py
[2024-05-27T14:26:28.788+0000] {logging_mixin.py:188} INFO - [2024-05-27T14:26:28.787+0000] {dag.py:3096} INFO - Sync 1 DAGs
[2024-05-27T14:26:28.829+0000] {logging_mixin.py:188} INFO - [2024-05-27T14:26:28.829+0000] {dag.py:3954} INFO - Setting next_dagrun for example_display_name to None, run_after=None
[2024-05-27T14:26:28.874+0000] {processor.py:183} INFO - Processing /home/airflow/.local/lib/python3.12/site-packages/airflow/example_dags/example_display_name.py took 0.176 seconds
[2024-05-27T14:26:59.389+0000] {processor.py:161} INFO - Started process (PID=195) to work on /home/airflow/.local/lib/python3.12/site-packages/airflow/example_dags/example_display_name.py
[2024-05-27T14:26:59.391+0000] {processor.py:830} INFO - Processing file /home/airflow/.local/lib/python3.12/site-packages/airflow/example_dags/example_display_name.py for tasks to queue
[2024-05-27T14:26:59.392+0000] {logging_mixin.py:188} INFO - [2024-05-27T14:26:59.391+0000] {dagbag.py:545} INFO - Filling up the DagBag from /home/airflow/.local/lib/python3.12/site-packages/airflow/example_dags/example_display_name.py
[2024-05-27T14:26:59.399+0000] {processor.py:840} INFO - DAG(s) 'example_display_name' retrieved from /home/airflow/.local/lib/python3.12/site-packages/airflow/example_dags/example_display_name.py
[2024-05-27T14:26:59.423+0000] {logging_mixin.py:188} INFO - [2024-05-27T14:26:59.422+0000] {dag.py:3096} INFO - Sync 1 DAGs
[2024-05-27T14:26:59.438+0000] {logging_mixin.py:188} INFO - [2024-05-27T14:26:59.437+0000] {dag.py:3954} INFO - Setting next_dagrun for example_display_name to None, run_after=None
[2024-05-27T14:26:59.458+0000] {processor.py:183} INFO - Processing /home/airflow/.local/lib/python3.12/site-packages/airflow/example_dags/example_display_name.py took 0.075 seconds
[2024-05-27T17:32:26.877+0000] {processor.py:161} INFO - Started process (PID=63) to work on /home/airflow/.local/lib/python3.12/site-packages/airflow/example_dags/example_display_name.py
[2024-05-27T17:32:26.879+0000] {processor.py:830} INFO - Processing file /home/airflow/.local/lib/python3.12/site-packages/airflow/example_dags/example_display_name.py for tasks to queue
[2024-05-27T17:32:26.883+0000] {logging_mixin.py:188} INFO - [2024-05-27T17:32:26.882+0000] {dagbag.py:545} INFO - Filling up the DagBag from /home/airflow/.local/lib/python3.12/site-packages/airflow/example_dags/example_display_name.py
[2024-05-27T17:32:26.892+0000] {processor.py:840} INFO - DAG(s) 'example_display_name' retrieved from /home/airflow/.local/lib/python3.12/site-packages/airflow/example_dags/example_display_name.py
[2024-05-27T17:32:26.908+0000] {logging_mixin.py:188} INFO - [2024-05-27T17:32:26.907+0000] {dag.py:3096} INFO - Sync 1 DAGs
[2024-05-27T17:32:26.931+0000] {logging_mixin.py:188} INFO - [2024-05-27T17:32:26.930+0000] {dag.py:3954} INFO - Setting next_dagrun for example_display_name to None, run_after=None
[2024-05-27T17:32:26.955+0000] {processor.py:183} INFO - Processing /home/airflow/.local/lib/python3.12/site-packages/airflow/example_dags/example_display_name.py took 0.087 seconds
[2024-05-27T17:32:57.947+0000] {processor.py:161} INFO - Started process (PID=121) to work on /home/airflow/.local/lib/python3.12/site-packages/airflow/example_dags/example_display_name.py
[2024-05-27T17:32:57.948+0000] {processor.py:830} INFO - Processing file /home/airflow/.local/lib/python3.12/site-packages/airflow/example_dags/example_display_name.py for tasks to queue
[2024-05-27T17:32:57.949+0000] {logging_mixin.py:188} INFO - [2024-05-27T17:32:57.949+0000] {dagbag.py:545} INFO - Filling up the DagBag from /home/airflow/.local/lib/python3.12/site-packages/airflow/example_dags/example_display_name.py
[2024-05-27T17:32:57.955+0000] {processor.py:840} INFO - DAG(s) 'example_display_name' retrieved from /home/airflow/.local/lib/python3.12/site-packages/airflow/example_dags/example_display_name.py
[2024-05-27T17:32:58.051+0000] {logging_mixin.py:188} INFO - [2024-05-27T17:32:58.051+0000] {dag.py:3096} INFO - Sync 1 DAGs
[2024-05-27T17:32:58.063+0000] {logging_mixin.py:188} INFO - [2024-05-27T17:32:58.063+0000] {dag.py:3954} INFO - Setting next_dagrun for example_display_name to None, run_after=None
[2024-05-27T17:32:58.080+0000] {processor.py:183} INFO - Processing /home/airflow/.local/lib/python3.12/site-packages/airflow/example_dags/example_display_name.py took 0.138 seconds
[2024-05-27T17:33:28.161+0000] {processor.py:161} INFO - Started process (PID=179) to work on /home/airflow/.local/lib/python3.12/site-packages/airflow/example_dags/example_display_name.py
[2024-05-27T17:33:28.162+0000] {processor.py:830} INFO - Processing file /home/airflow/.local/lib/python3.12/site-packages/airflow/example_dags/example_display_name.py for tasks to queue
[2024-05-27T17:33:28.164+0000] {logging_mixin.py:188} INFO - [2024-05-27T17:33:28.164+0000] {dagbag.py:545} INFO - Filling up the DagBag from /home/airflow/.local/lib/python3.12/site-packages/airflow/example_dags/example_display_name.py
[2024-05-27T17:33:28.169+0000] {processor.py:840} INFO - DAG(s) 'example_display_name' retrieved from /home/airflow/.local/lib/python3.12/site-packages/airflow/example_dags/example_display_name.py
[2024-05-27T17:33:28.184+0000] {logging_mixin.py:188} INFO - [2024-05-27T17:33:28.184+0000] {dag.py:3096} INFO - Sync 1 DAGs
[2024-05-27T17:33:28.195+0000] {logging_mixin.py:188} INFO - [2024-05-27T17:33:28.195+0000] {dag.py:3954} INFO - Setting next_dagrun for example_display_name to None, run_after=None
[2024-05-27T17:33:28.214+0000] {processor.py:183} INFO - Processing /home/airflow/.local/lib/python3.12/site-packages/airflow/example_dags/example_display_name.py took 0.057 seconds
[2024-05-27T17:33:58.430+0000] {processor.py:161} INFO - Started process (PID=237) to work on /home/airflow/.local/lib/python3.12/site-packages/airflow/example_dags/example_display_name.py
[2024-05-27T17:33:58.431+0000] {processor.py:830} INFO - Processing file /home/airflow/.local/lib/python3.12/site-packages/airflow/example_dags/example_display_name.py for tasks to queue
[2024-05-27T17:33:58.432+0000] {logging_mixin.py:188} INFO - [2024-05-27T17:33:58.432+0000] {dagbag.py:545} INFO - Filling up the DagBag from /home/airflow/.local/lib/python3.12/site-packages/airflow/example_dags/example_display_name.py
[2024-05-27T17:33:58.437+0000] {processor.py:840} INFO - DAG(s) 'example_display_name' retrieved from /home/airflow/.local/lib/python3.12/site-packages/airflow/example_dags/example_display_name.py
[2024-05-27T17:33:58.452+0000] {logging_mixin.py:188} INFO - [2024-05-27T17:33:58.452+0000] {dag.py:3096} INFO - Sync 1 DAGs
[2024-05-27T17:33:58.463+0000] {logging_mixin.py:188} INFO - [2024-05-27T17:33:58.463+0000] {dag.py:3954} INFO - Setting next_dagrun for example_display_name to None, run_after=None
[2024-05-27T17:33:58.480+0000] {processor.py:183} INFO - Processing /home/airflow/.local/lib/python3.12/site-packages/airflow/example_dags/example_display_name.py took 0.055 seconds
[2024-05-27T17:34:28.682+0000] {processor.py:161} INFO - Started process (PID=295) to work on /home/airflow/.local/lib/python3.12/site-packages/airflow/example_dags/example_display_name.py
[2024-05-27T17:34:28.683+0000] {processor.py:830} INFO - Processing file /home/airflow/.local/lib/python3.12/site-packages/airflow/example_dags/example_display_name.py for tasks to queue
[2024-05-27T17:34:28.684+0000] {logging_mixin.py:188} INFO - [2024-05-27T17:34:28.684+0000] {dagbag.py:545} INFO - Filling up the DagBag from /home/airflow/.local/lib/python3.12/site-packages/airflow/example_dags/example_display_name.py
[2024-05-27T17:34:28.689+0000] {processor.py:840} INFO - DAG(s) 'example_display_name' retrieved from /home/airflow/.local/lib/python3.12/site-packages/airflow/example_dags/example_display_name.py
[2024-05-27T17:34:28.705+0000] {logging_mixin.py:188} INFO - [2024-05-27T17:34:28.705+0000] {dag.py:3096} INFO - Sync 1 DAGs
[2024-05-27T17:34:28.717+0000] {logging_mixin.py:188} INFO - [2024-05-27T17:34:28.717+0000] {dag.py:3954} INFO - Setting next_dagrun for example_display_name to None, run_after=None
[2024-05-27T17:34:28.733+0000] {processor.py:183} INFO - Processing /home/airflow/.local/lib/python3.12/site-packages/airflow/example_dags/example_display_name.py took 0.056 seconds
[2024-05-27T17:34:59.505+0000] {processor.py:161} INFO - Started process (PID=353) to work on /home/airflow/.local/lib/python3.12/site-packages/airflow/example_dags/example_display_name.py
[2024-05-27T17:34:59.506+0000] {processor.py:830} INFO - Processing file /home/airflow/.local/lib/python3.12/site-packages/airflow/example_dags/example_display_name.py for tasks to queue
[2024-05-27T17:34:59.509+0000] {logging_mixin.py:188} INFO - [2024-05-27T17:34:59.508+0000] {dagbag.py:545} INFO - Filling up the DagBag from /home/airflow/.local/lib/python3.12/site-packages/airflow/example_dags/example_display_name.py
[2024-05-27T17:34:59.518+0000] {processor.py:840} INFO - DAG(s) 'example_display_name' retrieved from /home/airflow/.local/lib/python3.12/site-packages/airflow/example_dags/example_display_name.py
[2024-05-27T17:34:59.562+0000] {logging_mixin.py:188} INFO - [2024-05-27T17:34:59.561+0000] {dag.py:3096} INFO - Sync 1 DAGs
[2024-05-27T17:34:59.581+0000] {logging_mixin.py:188} INFO - [2024-05-27T17:34:59.580+0000] {dag.py:3954} INFO - Setting next_dagrun for example_display_name to None, run_after=None
[2024-05-27T17:34:59.610+0000] {processor.py:183} INFO - Processing /home/airflow/.local/lib/python3.12/site-packages/airflow/example_dags/example_display_name.py took 0.113 seconds
[2024-05-27T17:35:29.765+0000] {processor.py:161} INFO - Started process (PID=411) to work on /home/airflow/.local/lib/python3.12/site-packages/airflow/example_dags/example_display_name.py
[2024-05-27T17:35:29.766+0000] {processor.py:830} INFO - Processing file /home/airflow/.local/lib/python3.12/site-packages/airflow/example_dags/example_display_name.py for tasks to queue
[2024-05-27T17:35:29.768+0000] {logging_mixin.py:188} INFO - [2024-05-27T17:35:29.768+0000] {dagbag.py:545} INFO - Filling up the DagBag from /home/airflow/.local/lib/python3.12/site-packages/airflow/example_dags/example_display_name.py
[2024-05-27T17:35:29.774+0000] {processor.py:840} INFO - DAG(s) 'example_display_name' retrieved from /home/airflow/.local/lib/python3.12/site-packages/airflow/example_dags/example_display_name.py
[2024-05-27T17:35:29.790+0000] {logging_mixin.py:188} INFO - [2024-05-27T17:35:29.790+0000] {dag.py:3096} INFO - Sync 1 DAGs
[2024-05-27T17:35:29.803+0000] {logging_mixin.py:188} INFO - [2024-05-27T17:35:29.802+0000] {dag.py:3954} INFO - Setting next_dagrun for example_display_name to None, run_after=None
[2024-05-27T17:35:29.819+0000] {processor.py:183} INFO - Processing /home/airflow/.local/lib/python3.12/site-packages/airflow/example_dags/example_display_name.py took 0.059 seconds
[2024-05-27T17:36:00.392+0000] {processor.py:161} INFO - Started process (PID=474) to work on /home/airflow/.local/lib/python3.12/site-packages/airflow/example_dags/example_display_name.py
[2024-05-27T17:36:00.393+0000] {processor.py:830} INFO - Processing file /home/airflow/.local/lib/python3.12/site-packages/airflow/example_dags/example_display_name.py for tasks to queue
[2024-05-27T17:36:00.394+0000] {logging_mixin.py:188} INFO - [2024-05-27T17:36:00.394+0000] {dagbag.py:545} INFO - Filling up the DagBag from /home/airflow/.local/lib/python3.12/site-packages/airflow/example_dags/example_display_name.py
[2024-05-27T17:36:00.400+0000] {processor.py:840} INFO - DAG(s) 'example_display_name' retrieved from /home/airflow/.local/lib/python3.12/site-packages/airflow/example_dags/example_display_name.py
[2024-05-27T17:36:00.418+0000] {logging_mixin.py:188} INFO - [2024-05-27T17:36:00.417+0000] {dag.py:3096} INFO - Sync 1 DAGs
[2024-05-27T17:36:00.430+0000] {logging_mixin.py:188} INFO - [2024-05-27T17:36:00.430+0000] {dag.py:3954} INFO - Setting next_dagrun for example_display_name to None, run_after=None
[2024-05-27T17:36:00.449+0000] {processor.py:183} INFO - Processing /home/airflow/.local/lib/python3.12/site-packages/airflow/example_dags/example_display_name.py took 0.063 seconds
[2024-05-27T17:36:31.151+0000] {processor.py:161} INFO - Started process (PID=532) to work on /home/airflow/.local/lib/python3.12/site-packages/airflow/example_dags/example_display_name.py
[2024-05-27T17:36:31.152+0000] {processor.py:830} INFO - Processing file /home/airflow/.local/lib/python3.12/site-packages/airflow/example_dags/example_display_name.py for tasks to queue
[2024-05-27T17:36:31.154+0000] {logging_mixin.py:188} INFO - [2024-05-27T17:36:31.154+0000] {dagbag.py:545} INFO - Filling up the DagBag from /home/airflow/.local/lib/python3.12/site-packages/airflow/example_dags/example_display_name.py
[2024-05-27T17:36:31.161+0000] {processor.py:840} INFO - DAG(s) 'example_display_name' retrieved from /home/airflow/.local/lib/python3.12/site-packages/airflow/example_dags/example_display_name.py
[2024-05-27T17:36:31.179+0000] {logging_mixin.py:188} INFO - [2024-05-27T17:36:31.179+0000] {dag.py:3096} INFO - Sync 1 DAGs
[2024-05-27T17:36:31.192+0000] {logging_mixin.py:188} INFO - [2024-05-27T17:36:31.192+0000] {dag.py:3954} INFO - Setting next_dagrun for example_display_name to None, run_after=None
[2024-05-27T17:36:31.211+0000] {processor.py:183} INFO - Processing /home/airflow/.local/lib/python3.12/site-packages/airflow/example_dags/example_display_name.py took 0.066 seconds
[2024-05-27T17:37:02.158+0000] {processor.py:161} INFO - Started process (PID=589) to work on /home/airflow/.local/lib/python3.12/site-packages/airflow/example_dags/example_display_name.py
[2024-05-27T17:37:02.159+0000] {processor.py:830} INFO - Processing file /home/airflow/.local/lib/python3.12/site-packages/airflow/example_dags/example_display_name.py for tasks to queue
[2024-05-27T17:37:02.161+0000] {logging_mixin.py:188} INFO - [2024-05-27T17:37:02.161+0000] {dagbag.py:545} INFO - Filling up the DagBag from /home/airflow/.local/lib/python3.12/site-packages/airflow/example_dags/example_display_name.py
[2024-05-27T17:37:02.166+0000] {processor.py:840} INFO - DAG(s) 'example_display_name' retrieved from /home/airflow/.local/lib/python3.12/site-packages/airflow/example_dags/example_display_name.py
[2024-05-27T17:37:02.184+0000] {logging_mixin.py:188} INFO - [2024-05-27T17:37:02.183+0000] {dag.py:3096} INFO - Sync 1 DAGs
[2024-05-27T17:37:02.198+0000] {logging_mixin.py:188} INFO - [2024-05-27T17:37:02.197+0000] {dag.py:3954} INFO - Setting next_dagrun for example_display_name to None, run_after=None
[2024-05-27T17:37:02.213+0000] {processor.py:183} INFO - Processing /home/airflow/.local/lib/python3.12/site-packages/airflow/example_dags/example_display_name.py took 0.060 seconds
[2024-05-27T17:38:15.168+0000] {processor.py:161} INFO - Started process (PID=61) to work on /home/airflow/.local/lib/python3.12/site-packages/airflow/example_dags/example_display_name.py
[2024-05-27T17:38:15.169+0000] {processor.py:830} INFO - Processing file /home/airflow/.local/lib/python3.12/site-packages/airflow/example_dags/example_display_name.py for tasks to queue
[2024-05-27T17:38:15.171+0000] {logging_mixin.py:188} INFO - [2024-05-27T17:38:15.171+0000] {dagbag.py:545} INFO - Filling up the DagBag from /home/airflow/.local/lib/python3.12/site-packages/airflow/example_dags/example_display_name.py
[2024-05-27T17:38:15.176+0000] {processor.py:840} INFO - DAG(s) 'example_display_name' retrieved from /home/airflow/.local/lib/python3.12/site-packages/airflow/example_dags/example_display_name.py
[2024-05-27T17:38:15.186+0000] {logging_mixin.py:188} INFO - [2024-05-27T17:38:15.186+0000] {dag.py:3096} INFO - Sync 1 DAGs
[2024-05-27T17:38:15.201+0000] {logging_mixin.py:188} INFO - [2024-05-27T17:38:15.200+0000] {dag.py:3954} INFO - Setting next_dagrun for example_display_name to None, run_after=None
[2024-05-27T17:38:15.221+0000] {processor.py:183} INFO - Processing /home/airflow/.local/lib/python3.12/site-packages/airflow/example_dags/example_display_name.py took 0.058 seconds
[2024-05-27T17:38:46.824+0000] {processor.py:161} INFO - Started process (PID=119) to work on /home/airflow/.local/lib/python3.12/site-packages/airflow/example_dags/example_display_name.py
[2024-05-27T17:38:46.825+0000] {processor.py:830} INFO - Processing file /home/airflow/.local/lib/python3.12/site-packages/airflow/example_dags/example_display_name.py for tasks to queue
[2024-05-27T17:38:46.827+0000] {logging_mixin.py:188} INFO - [2024-05-27T17:38:46.826+0000] {dagbag.py:545} INFO - Filling up the DagBag from /home/airflow/.local/lib/python3.12/site-packages/airflow/example_dags/example_display_name.py
[2024-05-27T17:38:46.832+0000] {processor.py:840} INFO - DAG(s) 'example_display_name' retrieved from /home/airflow/.local/lib/python3.12/site-packages/airflow/example_dags/example_display_name.py
[2024-05-27T17:38:46.940+0000] {logging_mixin.py:188} INFO - [2024-05-27T17:38:46.940+0000] {dag.py:3096} INFO - Sync 1 DAGs
[2024-05-27T17:38:46.950+0000] {logging_mixin.py:188} INFO - [2024-05-27T17:38:46.950+0000] {dag.py:3954} INFO - Setting next_dagrun for example_display_name to None, run_after=None
[2024-05-27T17:38:46.966+0000] {processor.py:183} INFO - Processing /home/airflow/.local/lib/python3.12/site-packages/airflow/example_dags/example_display_name.py took 0.147 seconds
