[2024-05-27T01:38:36.268+0000] {processor.py:161} INFO - Started process (PID=48) to work on /home/airflow/.local/lib/python3.12/site-packages/airflow/example_dags/example_branch_python_dop_operator_3.py
[2024-05-27T01:38:36.269+0000] {processor.py:830} INFO - Processing file /home/airflow/.local/lib/python3.12/site-packages/airflow/example_dags/example_branch_python_dop_operator_3.py for tasks to queue
[2024-05-27T01:38:36.272+0000] {logging_mixin.py:188} INFO - [2024-05-27T01:38:36.271+0000] {dagbag.py:545} INFO - Filling up the DagBag from /home/airflow/.local/lib/python3.12/site-packages/airflow/example_dags/example_branch_python_dop_operator_3.py
[2024-05-27T01:38:36.287+0000] {processor.py:840} INFO - DAG(s) 'example_branch_dop_operator_v3' retrieved from /home/airflow/.local/lib/python3.12/site-packages/airflow/example_dags/example_branch_python_dop_operator_3.py
[2024-05-27T01:38:36.301+0000] {logging_mixin.py:188} INFO - [2024-05-27T01:38:36.301+0000] {dag.py:3096} INFO - Sync 1 DAGs
[2024-05-27T01:38:36.341+0000] {logging_mixin.py:188} INFO - [2024-05-27T01:38:36.341+0000] {dag.py:3954} INFO - Setting next_dagrun for example_branch_dop_operator_v3 to 2024-05-27 01:37:00+00:00, run_after=2024-05-27 01:38:00+00:00
[2024-05-27T01:38:36.369+0000] {processor.py:183} INFO - Processing /home/airflow/.local/lib/python3.12/site-packages/airflow/example_dags/example_branch_python_dop_operator_3.py took 0.112 seconds
[2024-05-27T01:39:07.042+0000] {processor.py:161} INFO - Started process (PID=106) to work on /home/airflow/.local/lib/python3.12/site-packages/airflow/example_dags/example_branch_python_dop_operator_3.py
[2024-05-27T01:39:07.043+0000] {processor.py:830} INFO - Processing file /home/airflow/.local/lib/python3.12/site-packages/airflow/example_dags/example_branch_python_dop_operator_3.py for tasks to queue
[2024-05-27T01:39:07.045+0000] {logging_mixin.py:188} INFO - [2024-05-27T01:39:07.044+0000] {dagbag.py:545} INFO - Filling up the DagBag from /home/airflow/.local/lib/python3.12/site-packages/airflow/example_dags/example_branch_python_dop_operator_3.py
[2024-05-27T01:39:07.052+0000] {processor.py:840} INFO - DAG(s) 'example_branch_dop_operator_v3' retrieved from /home/airflow/.local/lib/python3.12/site-packages/airflow/example_dags/example_branch_python_dop_operator_3.py
[2024-05-27T01:39:07.154+0000] {logging_mixin.py:188} INFO - [2024-05-27T01:39:07.154+0000] {dag.py:3096} INFO - Sync 1 DAGs
[2024-05-27T01:39:07.174+0000] {logging_mixin.py:188} INFO - [2024-05-27T01:39:07.174+0000] {dag.py:3954} INFO - Setting next_dagrun for example_branch_dop_operator_v3 to 2024-05-27 01:38:00+00:00, run_after=2024-05-27 01:39:00+00:00
[2024-05-27T01:39:07.191+0000] {processor.py:183} INFO - Processing /home/airflow/.local/lib/python3.12/site-packages/airflow/example_dags/example_branch_python_dop_operator_3.py took 0.154 seconds
[2024-05-27T01:39:38.099+0000] {processor.py:161} INFO - Started process (PID=164) to work on /home/airflow/.local/lib/python3.12/site-packages/airflow/example_dags/example_branch_python_dop_operator_3.py
[2024-05-27T01:39:38.100+0000] {processor.py:830} INFO - Processing file /home/airflow/.local/lib/python3.12/site-packages/airflow/example_dags/example_branch_python_dop_operator_3.py for tasks to queue
[2024-05-27T01:39:38.102+0000] {logging_mixin.py:188} INFO - [2024-05-27T01:39:38.101+0000] {dagbag.py:545} INFO - Filling up the DagBag from /home/airflow/.local/lib/python3.12/site-packages/airflow/example_dags/example_branch_python_dop_operator_3.py
[2024-05-27T01:39:38.109+0000] {processor.py:840} INFO - DAG(s) 'example_branch_dop_operator_v3' retrieved from /home/airflow/.local/lib/python3.12/site-packages/airflow/example_dags/example_branch_python_dop_operator_3.py
[2024-05-27T01:39:38.129+0000] {logging_mixin.py:188} INFO - [2024-05-27T01:39:38.129+0000] {dag.py:3096} INFO - Sync 1 DAGs
[2024-05-27T01:39:38.153+0000] {logging_mixin.py:188} INFO - [2024-05-27T01:39:38.153+0000] {dag.py:3954} INFO - Setting next_dagrun for example_branch_dop_operator_v3 to 2024-05-27 01:38:00+00:00, run_after=2024-05-27 01:39:00+00:00
[2024-05-27T01:39:38.169+0000] {processor.py:183} INFO - Processing /home/airflow/.local/lib/python3.12/site-packages/airflow/example_dags/example_branch_python_dop_operator_3.py took 0.078 seconds
[2024-05-27T01:40:08.261+0000] {processor.py:161} INFO - Started process (PID=222) to work on /home/airflow/.local/lib/python3.12/site-packages/airflow/example_dags/example_branch_python_dop_operator_3.py
[2024-05-27T01:40:08.262+0000] {processor.py:830} INFO - Processing file /home/airflow/.local/lib/python3.12/site-packages/airflow/example_dags/example_branch_python_dop_operator_3.py for tasks to queue
[2024-05-27T01:40:08.264+0000] {logging_mixin.py:188} INFO - [2024-05-27T01:40:08.264+0000] {dagbag.py:545} INFO - Filling up the DagBag from /home/airflow/.local/lib/python3.12/site-packages/airflow/example_dags/example_branch_python_dop_operator_3.py
[2024-05-27T01:40:08.273+0000] {processor.py:840} INFO - DAG(s) 'example_branch_dop_operator_v3' retrieved from /home/airflow/.local/lib/python3.12/site-packages/airflow/example_dags/example_branch_python_dop_operator_3.py
[2024-05-27T01:40:08.291+0000] {logging_mixin.py:188} INFO - [2024-05-27T01:40:08.291+0000] {dag.py:3096} INFO - Sync 1 DAGs
[2024-05-27T01:40:08.321+0000] {logging_mixin.py:188} INFO - [2024-05-27T01:40:08.321+0000] {dag.py:3954} INFO - Setting next_dagrun for example_branch_dop_operator_v3 to 2024-05-27 01:39:00+00:00, run_after=2024-05-27 01:40:00+00:00
[2024-05-27T01:40:08.338+0000] {processor.py:183} INFO - Processing /home/airflow/.local/lib/python3.12/site-packages/airflow/example_dags/example_branch_python_dop_operator_3.py took 0.082 seconds
[2024-05-27T01:40:38.494+0000] {processor.py:161} INFO - Started process (PID=280) to work on /home/airflow/.local/lib/python3.12/site-packages/airflow/example_dags/example_branch_python_dop_operator_3.py
[2024-05-27T01:40:38.495+0000] {processor.py:830} INFO - Processing file /home/airflow/.local/lib/python3.12/site-packages/airflow/example_dags/example_branch_python_dop_operator_3.py for tasks to queue
[2024-05-27T01:40:38.497+0000] {logging_mixin.py:188} INFO - [2024-05-27T01:40:38.497+0000] {dagbag.py:545} INFO - Filling up the DagBag from /home/airflow/.local/lib/python3.12/site-packages/airflow/example_dags/example_branch_python_dop_operator_3.py
[2024-05-27T01:40:38.507+0000] {processor.py:840} INFO - DAG(s) 'example_branch_dop_operator_v3' retrieved from /home/airflow/.local/lib/python3.12/site-packages/airflow/example_dags/example_branch_python_dop_operator_3.py
[2024-05-27T01:40:38.524+0000] {logging_mixin.py:188} INFO - [2024-05-27T01:40:38.524+0000] {dag.py:3096} INFO - Sync 1 DAGs
[2024-05-27T01:40:38.548+0000] {logging_mixin.py:188} INFO - [2024-05-27T01:40:38.548+0000] {dag.py:3954} INFO - Setting next_dagrun for example_branch_dop_operator_v3 to 2024-05-27 01:39:00+00:00, run_after=2024-05-27 01:40:00+00:00
[2024-05-27T01:40:38.564+0000] {processor.py:183} INFO - Processing /home/airflow/.local/lib/python3.12/site-packages/airflow/example_dags/example_branch_python_dop_operator_3.py took 0.076 seconds
[2024-05-27T01:41:08.628+0000] {processor.py:161} INFO - Started process (PID=338) to work on /home/airflow/.local/lib/python3.12/site-packages/airflow/example_dags/example_branch_python_dop_operator_3.py
[2024-05-27T01:41:08.630+0000] {processor.py:830} INFO - Processing file /home/airflow/.local/lib/python3.12/site-packages/airflow/example_dags/example_branch_python_dop_operator_3.py for tasks to queue
[2024-05-27T01:41:08.632+0000] {logging_mixin.py:188} INFO - [2024-05-27T01:41:08.631+0000] {dagbag.py:545} INFO - Filling up the DagBag from /home/airflow/.local/lib/python3.12/site-packages/airflow/example_dags/example_branch_python_dop_operator_3.py
[2024-05-27T01:41:08.639+0000] {processor.py:840} INFO - DAG(s) 'example_branch_dop_operator_v3' retrieved from /home/airflow/.local/lib/python3.12/site-packages/airflow/example_dags/example_branch_python_dop_operator_3.py
[2024-05-27T01:41:08.662+0000] {logging_mixin.py:188} INFO - [2024-05-27T01:41:08.662+0000] {dag.py:3096} INFO - Sync 1 DAGs
[2024-05-27T01:41:08.690+0000] {logging_mixin.py:188} INFO - [2024-05-27T01:41:08.690+0000] {dag.py:3954} INFO - Setting next_dagrun for example_branch_dop_operator_v3 to 2024-05-27 01:40:00+00:00, run_after=2024-05-27 01:41:00+00:00
[2024-05-27T01:41:08.709+0000] {processor.py:183} INFO - Processing /home/airflow/.local/lib/python3.12/site-packages/airflow/example_dags/example_branch_python_dop_operator_3.py took 0.089 seconds
[2024-05-27T01:41:39.090+0000] {processor.py:161} INFO - Started process (PID=396) to work on /home/airflow/.local/lib/python3.12/site-packages/airflow/example_dags/example_branch_python_dop_operator_3.py
[2024-05-27T01:41:39.091+0000] {processor.py:830} INFO - Processing file /home/airflow/.local/lib/python3.12/site-packages/airflow/example_dags/example_branch_python_dop_operator_3.py for tasks to queue
[2024-05-27T01:41:39.093+0000] {logging_mixin.py:188} INFO - [2024-05-27T01:41:39.093+0000] {dagbag.py:545} INFO - Filling up the DagBag from /home/airflow/.local/lib/python3.12/site-packages/airflow/example_dags/example_branch_python_dop_operator_3.py
[2024-05-27T01:41:39.101+0000] {processor.py:840} INFO - DAG(s) 'example_branch_dop_operator_v3' retrieved from /home/airflow/.local/lib/python3.12/site-packages/airflow/example_dags/example_branch_python_dop_operator_3.py
[2024-05-27T01:41:39.124+0000] {logging_mixin.py:188} INFO - [2024-05-27T01:41:39.124+0000] {dag.py:3096} INFO - Sync 1 DAGs
[2024-05-27T01:41:39.150+0000] {logging_mixin.py:188} INFO - [2024-05-27T01:41:39.150+0000] {dag.py:3954} INFO - Setting next_dagrun for example_branch_dop_operator_v3 to 2024-05-27 01:40:00+00:00, run_after=2024-05-27 01:41:00+00:00
[2024-05-27T01:41:39.169+0000] {processor.py:183} INFO - Processing /home/airflow/.local/lib/python3.12/site-packages/airflow/example_dags/example_branch_python_dop_operator_3.py took 0.085 seconds
[2024-05-27T01:42:09.493+0000] {processor.py:161} INFO - Started process (PID=454) to work on /home/airflow/.local/lib/python3.12/site-packages/airflow/example_dags/example_branch_python_dop_operator_3.py
[2024-05-27T01:42:09.494+0000] {processor.py:830} INFO - Processing file /home/airflow/.local/lib/python3.12/site-packages/airflow/example_dags/example_branch_python_dop_operator_3.py for tasks to queue
[2024-05-27T01:42:09.496+0000] {logging_mixin.py:188} INFO - [2024-05-27T01:42:09.495+0000] {dagbag.py:545} INFO - Filling up the DagBag from /home/airflow/.local/lib/python3.12/site-packages/airflow/example_dags/example_branch_python_dop_operator_3.py
[2024-05-27T01:42:09.505+0000] {processor.py:840} INFO - DAG(s) 'example_branch_dop_operator_v3' retrieved from /home/airflow/.local/lib/python3.12/site-packages/airflow/example_dags/example_branch_python_dop_operator_3.py
[2024-05-27T01:42:09.527+0000] {logging_mixin.py:188} INFO - [2024-05-27T01:42:09.526+0000] {dag.py:3096} INFO - Sync 1 DAGs
[2024-05-27T01:42:09.555+0000] {logging_mixin.py:188} INFO - [2024-05-27T01:42:09.555+0000] {dag.py:3954} INFO - Setting next_dagrun for example_branch_dop_operator_v3 to 2024-05-27 01:41:00+00:00, run_after=2024-05-27 01:42:00+00:00
[2024-05-27T01:42:09.573+0000] {processor.py:183} INFO - Processing /home/airflow/.local/lib/python3.12/site-packages/airflow/example_dags/example_branch_python_dop_operator_3.py took 0.086 seconds
[2024-05-27T01:42:40.250+0000] {processor.py:161} INFO - Started process (PID=512) to work on /home/airflow/.local/lib/python3.12/site-packages/airflow/example_dags/example_branch_python_dop_operator_3.py
[2024-05-27T01:42:40.251+0000] {processor.py:830} INFO - Processing file /home/airflow/.local/lib/python3.12/site-packages/airflow/example_dags/example_branch_python_dop_operator_3.py for tasks to queue
[2024-05-27T01:42:40.253+0000] {logging_mixin.py:188} INFO - [2024-05-27T01:42:40.253+0000] {dagbag.py:545} INFO - Filling up the DagBag from /home/airflow/.local/lib/python3.12/site-packages/airflow/example_dags/example_branch_python_dop_operator_3.py
[2024-05-27T01:42:40.262+0000] {processor.py:840} INFO - DAG(s) 'example_branch_dop_operator_v3' retrieved from /home/airflow/.local/lib/python3.12/site-packages/airflow/example_dags/example_branch_python_dop_operator_3.py
[2024-05-27T01:42:40.284+0000] {logging_mixin.py:188} INFO - [2024-05-27T01:42:40.283+0000] {dag.py:3096} INFO - Sync 1 DAGs
[2024-05-27T01:42:40.313+0000] {logging_mixin.py:188} INFO - [2024-05-27T01:42:40.312+0000] {dag.py:3954} INFO - Setting next_dagrun for example_branch_dop_operator_v3 to 2024-05-27 01:41:00+00:00, run_after=2024-05-27 01:42:00+00:00
[2024-05-27T01:42:40.332+0000] {processor.py:183} INFO - Processing /home/airflow/.local/lib/python3.12/site-packages/airflow/example_dags/example_branch_python_dop_operator_3.py took 0.090 seconds
[2024-05-27T01:43:10.409+0000] {processor.py:161} INFO - Started process (PID=570) to work on /home/airflow/.local/lib/python3.12/site-packages/airflow/example_dags/example_branch_python_dop_operator_3.py
[2024-05-27T01:43:10.410+0000] {processor.py:830} INFO - Processing file /home/airflow/.local/lib/python3.12/site-packages/airflow/example_dags/example_branch_python_dop_operator_3.py for tasks to queue
[2024-05-27T01:43:10.414+0000] {logging_mixin.py:188} INFO - [2024-05-27T01:43:10.413+0000] {dagbag.py:545} INFO - Filling up the DagBag from /home/airflow/.local/lib/python3.12/site-packages/airflow/example_dags/example_branch_python_dop_operator_3.py
[2024-05-27T01:43:10.423+0000] {processor.py:840} INFO - DAG(s) 'example_branch_dop_operator_v3' retrieved from /home/airflow/.local/lib/python3.12/site-packages/airflow/example_dags/example_branch_python_dop_operator_3.py
[2024-05-27T01:43:10.447+0000] {logging_mixin.py:188} INFO - [2024-05-27T01:43:10.446+0000] {dag.py:3096} INFO - Sync 1 DAGs
[2024-05-27T01:43:10.476+0000] {logging_mixin.py:188} INFO - [2024-05-27T01:43:10.475+0000] {dag.py:3954} INFO - Setting next_dagrun for example_branch_dop_operator_v3 to 2024-05-27 01:42:00+00:00, run_after=2024-05-27 01:43:00+00:00
[2024-05-27T01:43:10.502+0000] {processor.py:183} INFO - Processing /home/airflow/.local/lib/python3.12/site-packages/airflow/example_dags/example_branch_python_dop_operator_3.py took 0.100 seconds
[2024-05-27T01:43:41.343+0000] {processor.py:161} INFO - Started process (PID=628) to work on /home/airflow/.local/lib/python3.12/site-packages/airflow/example_dags/example_branch_python_dop_operator_3.py
[2024-05-27T01:43:41.345+0000] {processor.py:830} INFO - Processing file /home/airflow/.local/lib/python3.12/site-packages/airflow/example_dags/example_branch_python_dop_operator_3.py for tasks to queue
[2024-05-27T01:43:41.349+0000] {logging_mixin.py:188} INFO - [2024-05-27T01:43:41.349+0000] {dagbag.py:545} INFO - Filling up the DagBag from /home/airflow/.local/lib/python3.12/site-packages/airflow/example_dags/example_branch_python_dop_operator_3.py
[2024-05-27T01:43:41.360+0000] {processor.py:840} INFO - DAG(s) 'example_branch_dop_operator_v3' retrieved from /home/airflow/.local/lib/python3.12/site-packages/airflow/example_dags/example_branch_python_dop_operator_3.py
[2024-05-27T01:43:41.382+0000] {logging_mixin.py:188} INFO - [2024-05-27T01:43:41.382+0000] {dag.py:3096} INFO - Sync 1 DAGs
[2024-05-27T01:43:41.409+0000] {logging_mixin.py:188} INFO - [2024-05-27T01:43:41.409+0000] {dag.py:3954} INFO - Setting next_dagrun for example_branch_dop_operator_v3 to 2024-05-27 01:42:00+00:00, run_after=2024-05-27 01:43:00+00:00
[2024-05-27T01:43:41.429+0000] {processor.py:183} INFO - Processing /home/airflow/.local/lib/python3.12/site-packages/airflow/example_dags/example_branch_python_dop_operator_3.py took 0.094 seconds
[2024-05-27T01:44:11.792+0000] {processor.py:161} INFO - Started process (PID=685) to work on /home/airflow/.local/lib/python3.12/site-packages/airflow/example_dags/example_branch_python_dop_operator_3.py
[2024-05-27T01:44:11.793+0000] {processor.py:830} INFO - Processing file /home/airflow/.local/lib/python3.12/site-packages/airflow/example_dags/example_branch_python_dop_operator_3.py for tasks to queue
[2024-05-27T01:44:11.795+0000] {logging_mixin.py:188} INFO - [2024-05-27T01:44:11.794+0000] {dagbag.py:545} INFO - Filling up the DagBag from /home/airflow/.local/lib/python3.12/site-packages/airflow/example_dags/example_branch_python_dop_operator_3.py
[2024-05-27T01:44:11.803+0000] {processor.py:840} INFO - DAG(s) 'example_branch_dop_operator_v3' retrieved from /home/airflow/.local/lib/python3.12/site-packages/airflow/example_dags/example_branch_python_dop_operator_3.py
[2024-05-27T01:44:11.822+0000] {logging_mixin.py:188} INFO - [2024-05-27T01:44:11.821+0000] {dag.py:3096} INFO - Sync 1 DAGs
[2024-05-27T01:44:11.846+0000] {logging_mixin.py:188} INFO - [2024-05-27T01:44:11.846+0000] {dag.py:3954} INFO - Setting next_dagrun for example_branch_dop_operator_v3 to 2024-05-27 01:43:00+00:00, run_after=2024-05-27 01:44:00+00:00
[2024-05-27T01:44:11.863+0000] {processor.py:183} INFO - Processing /home/airflow/.local/lib/python3.12/site-packages/airflow/example_dags/example_branch_python_dop_operator_3.py took 0.078 seconds
[2024-05-27T01:44:41.983+0000] {processor.py:161} INFO - Started process (PID=743) to work on /home/airflow/.local/lib/python3.12/site-packages/airflow/example_dags/example_branch_python_dop_operator_3.py
[2024-05-27T01:44:41.984+0000] {processor.py:830} INFO - Processing file /home/airflow/.local/lib/python3.12/site-packages/airflow/example_dags/example_branch_python_dop_operator_3.py for tasks to queue
[2024-05-27T01:44:41.986+0000] {logging_mixin.py:188} INFO - [2024-05-27T01:44:41.986+0000] {dagbag.py:545} INFO - Filling up the DagBag from /home/airflow/.local/lib/python3.12/site-packages/airflow/example_dags/example_branch_python_dop_operator_3.py
[2024-05-27T01:44:41.994+0000] {processor.py:840} INFO - DAG(s) 'example_branch_dop_operator_v3' retrieved from /home/airflow/.local/lib/python3.12/site-packages/airflow/example_dags/example_branch_python_dop_operator_3.py
[2024-05-27T01:44:42.015+0000] {logging_mixin.py:188} INFO - [2024-05-27T01:44:42.014+0000] {dag.py:3096} INFO - Sync 1 DAGs
[2024-05-27T01:44:42.039+0000] {logging_mixin.py:188} INFO - [2024-05-27T01:44:42.039+0000] {dag.py:3954} INFO - Setting next_dagrun for example_branch_dop_operator_v3 to 2024-05-27 01:43:00+00:00, run_after=2024-05-27 01:44:00+00:00
[2024-05-27T01:44:42.056+0000] {processor.py:183} INFO - Processing /home/airflow/.local/lib/python3.12/site-packages/airflow/example_dags/example_branch_python_dop_operator_3.py took 0.079 seconds
[2024-05-27T01:45:12.709+0000] {processor.py:161} INFO - Started process (PID=800) to work on /home/airflow/.local/lib/python3.12/site-packages/airflow/example_dags/example_branch_python_dop_operator_3.py
[2024-05-27T01:45:12.710+0000] {processor.py:830} INFO - Processing file /home/airflow/.local/lib/python3.12/site-packages/airflow/example_dags/example_branch_python_dop_operator_3.py for tasks to queue
[2024-05-27T01:45:12.712+0000] {logging_mixin.py:188} INFO - [2024-05-27T01:45:12.712+0000] {dagbag.py:545} INFO - Filling up the DagBag from /home/airflow/.local/lib/python3.12/site-packages/airflow/example_dags/example_branch_python_dop_operator_3.py
[2024-05-27T01:45:12.719+0000] {processor.py:840} INFO - DAG(s) 'example_branch_dop_operator_v3' retrieved from /home/airflow/.local/lib/python3.12/site-packages/airflow/example_dags/example_branch_python_dop_operator_3.py
[2024-05-27T01:45:12.738+0000] {logging_mixin.py:188} INFO - [2024-05-27T01:45:12.737+0000] {dag.py:3096} INFO - Sync 1 DAGs
[2024-05-27T01:45:12.764+0000] {logging_mixin.py:188} INFO - [2024-05-27T01:45:12.763+0000] {dag.py:3954} INFO - Setting next_dagrun for example_branch_dop_operator_v3 to 2024-05-27 01:44:00+00:00, run_after=2024-05-27 01:45:00+00:00
[2024-05-27T01:45:12.780+0000] {processor.py:183} INFO - Processing /home/airflow/.local/lib/python3.12/site-packages/airflow/example_dags/example_branch_python_dop_operator_3.py took 0.078 seconds
[2024-05-27T01:45:43.182+0000] {processor.py:161} INFO - Started process (PID=858) to work on /home/airflow/.local/lib/python3.12/site-packages/airflow/example_dags/example_branch_python_dop_operator_3.py
[2024-05-27T01:45:43.183+0000] {processor.py:830} INFO - Processing file /home/airflow/.local/lib/python3.12/site-packages/airflow/example_dags/example_branch_python_dop_operator_3.py for tasks to queue
[2024-05-27T01:45:43.185+0000] {logging_mixin.py:188} INFO - [2024-05-27T01:45:43.185+0000] {dagbag.py:545} INFO - Filling up the DagBag from /home/airflow/.local/lib/python3.12/site-packages/airflow/example_dags/example_branch_python_dop_operator_3.py
[2024-05-27T01:45:43.193+0000] {processor.py:840} INFO - DAG(s) 'example_branch_dop_operator_v3' retrieved from /home/airflow/.local/lib/python3.12/site-packages/airflow/example_dags/example_branch_python_dop_operator_3.py
[2024-05-27T01:45:43.212+0000] {logging_mixin.py:188} INFO - [2024-05-27T01:45:43.212+0000] {dag.py:3096} INFO - Sync 1 DAGs
[2024-05-27T01:45:43.246+0000] {logging_mixin.py:188} INFO - [2024-05-27T01:45:43.245+0000] {dag.py:3954} INFO - Setting next_dagrun for example_branch_dop_operator_v3 to 2024-05-27 01:44:00+00:00, run_after=2024-05-27 01:45:00+00:00
[2024-05-27T01:45:43.264+0000] {processor.py:183} INFO - Processing /home/airflow/.local/lib/python3.12/site-packages/airflow/example_dags/example_branch_python_dop_operator_3.py took 0.087 seconds
[2024-05-27T01:46:13.985+0000] {processor.py:161} INFO - Started process (PID=916) to work on /home/airflow/.local/lib/python3.12/site-packages/airflow/example_dags/example_branch_python_dop_operator_3.py
[2024-05-27T01:46:13.986+0000] {processor.py:830} INFO - Processing file /home/airflow/.local/lib/python3.12/site-packages/airflow/example_dags/example_branch_python_dop_operator_3.py for tasks to queue
[2024-05-27T01:46:13.988+0000] {logging_mixin.py:188} INFO - [2024-05-27T01:46:13.987+0000] {dagbag.py:545} INFO - Filling up the DagBag from /home/airflow/.local/lib/python3.12/site-packages/airflow/example_dags/example_branch_python_dop_operator_3.py
[2024-05-27T01:46:13.998+0000] {processor.py:840} INFO - DAG(s) 'example_branch_dop_operator_v3' retrieved from /home/airflow/.local/lib/python3.12/site-packages/airflow/example_dags/example_branch_python_dop_operator_3.py
[2024-05-27T01:46:14.019+0000] {logging_mixin.py:188} INFO - [2024-05-27T01:46:14.019+0000] {dag.py:3096} INFO - Sync 1 DAGs
[2024-05-27T01:46:14.047+0000] {logging_mixin.py:188} INFO - [2024-05-27T01:46:14.047+0000] {dag.py:3954} INFO - Setting next_dagrun for example_branch_dop_operator_v3 to 2024-05-27 01:45:00+00:00, run_after=2024-05-27 01:46:00+00:00
[2024-05-27T01:46:14.063+0000] {processor.py:183} INFO - Processing /home/airflow/.local/lib/python3.12/site-packages/airflow/example_dags/example_branch_python_dop_operator_3.py took 0.086 seconds
[2024-05-27T01:48:43.556+0000] {processor.py:161} INFO - Started process (PID=47) to work on /home/airflow/.local/lib/python3.12/site-packages/airflow/example_dags/example_branch_python_dop_operator_3.py
[2024-05-27T01:48:43.557+0000] {processor.py:830} INFO - Processing file /home/airflow/.local/lib/python3.12/site-packages/airflow/example_dags/example_branch_python_dop_operator_3.py for tasks to queue
[2024-05-27T01:48:43.559+0000] {logging_mixin.py:188} INFO - [2024-05-27T01:48:43.559+0000] {dagbag.py:545} INFO - Filling up the DagBag from /home/airflow/.local/lib/python3.12/site-packages/airflow/example_dags/example_branch_python_dop_operator_3.py
[2024-05-27T01:48:43.574+0000] {processor.py:840} INFO - DAG(s) 'example_branch_dop_operator_v3' retrieved from /home/airflow/.local/lib/python3.12/site-packages/airflow/example_dags/example_branch_python_dop_operator_3.py
[2024-05-27T01:48:43.586+0000] {logging_mixin.py:188} INFO - [2024-05-27T01:48:43.586+0000] {dag.py:3096} INFO - Sync 1 DAGs
[2024-05-27T01:48:43.612+0000] {logging_mixin.py:188} INFO - [2024-05-27T01:48:43.612+0000] {dag.py:3954} INFO - Setting next_dagrun for example_branch_dop_operator_v3 to 2024-05-27 01:47:00+00:00, run_after=2024-05-27 01:48:00+00:00
[2024-05-27T01:48:43.637+0000] {processor.py:183} INFO - Processing /home/airflow/.local/lib/python3.12/site-packages/airflow/example_dags/example_branch_python_dop_operator_3.py took 0.087 seconds
[2024-05-27T13:32:47.455+0000] {processor.py:161} INFO - Started process (PID=47) to work on /home/airflow/.local/lib/python3.12/site-packages/airflow/example_dags/example_branch_python_dop_operator_3.py
[2024-05-27T13:32:47.456+0000] {processor.py:830} INFO - Processing file /home/airflow/.local/lib/python3.12/site-packages/airflow/example_dags/example_branch_python_dop_operator_3.py for tasks to queue
[2024-05-27T13:32:47.458+0000] {logging_mixin.py:188} INFO - [2024-05-27T13:32:47.458+0000] {dagbag.py:545} INFO - Filling up the DagBag from /home/airflow/.local/lib/python3.12/site-packages/airflow/example_dags/example_branch_python_dop_operator_3.py
[2024-05-27T13:32:47.474+0000] {processor.py:840} INFO - DAG(s) 'example_branch_dop_operator_v3' retrieved from /home/airflow/.local/lib/python3.12/site-packages/airflow/example_dags/example_branch_python_dop_operator_3.py
[2024-05-27T13:32:47.619+0000] {logging_mixin.py:188} INFO - [2024-05-27T13:32:47.619+0000] {dag.py:3096} INFO - Sync 1 DAGs
[2024-05-27T13:32:47.656+0000] {logging_mixin.py:188} INFO - [2024-05-27T13:32:47.656+0000] {dag.py:3954} INFO - Setting next_dagrun for example_branch_dop_operator_v3 to 2024-05-27 13:31:00+00:00, run_after=2024-05-27 13:32:00+00:00
[2024-05-27T13:32:47.685+0000] {processor.py:183} INFO - Processing /home/airflow/.local/lib/python3.12/site-packages/airflow/example_dags/example_branch_python_dop_operator_3.py took 0.238 seconds
[2024-05-27T13:33:18.476+0000] {processor.py:161} INFO - Started process (PID=104) to work on /home/airflow/.local/lib/python3.12/site-packages/airflow/example_dags/example_branch_python_dop_operator_3.py
[2024-05-27T13:33:18.478+0000] {processor.py:830} INFO - Processing file /home/airflow/.local/lib/python3.12/site-packages/airflow/example_dags/example_branch_python_dop_operator_3.py for tasks to queue
[2024-05-27T13:33:18.480+0000] {logging_mixin.py:188} INFO - [2024-05-27T13:33:18.479+0000] {dagbag.py:545} INFO - Filling up the DagBag from /home/airflow/.local/lib/python3.12/site-packages/airflow/example_dags/example_branch_python_dop_operator_3.py
[2024-05-27T13:33:18.489+0000] {processor.py:840} INFO - DAG(s) 'example_branch_dop_operator_v3' retrieved from /home/airflow/.local/lib/python3.12/site-packages/airflow/example_dags/example_branch_python_dop_operator_3.py
[2024-05-27T13:33:18.508+0000] {logging_mixin.py:188} INFO - [2024-05-27T13:33:18.508+0000] {dag.py:3096} INFO - Sync 1 DAGs
[2024-05-27T13:33:18.530+0000] {logging_mixin.py:188} INFO - [2024-05-27T13:33:18.530+0000] {dag.py:3954} INFO - Setting next_dagrun for example_branch_dop_operator_v3 to 2024-05-27 13:32:00+00:00, run_after=2024-05-27 13:33:00+00:00
[2024-05-27T13:33:18.552+0000] {processor.py:183} INFO - Processing /home/airflow/.local/lib/python3.12/site-packages/airflow/example_dags/example_branch_python_dop_operator_3.py took 0.083 seconds
[2024-05-27T14:22:37.783+0000] {processor.py:161} INFO - Started process (PID=70) to work on /home/airflow/.local/lib/python3.12/site-packages/airflow/example_dags/example_branch_python_dop_operator_3.py
[2024-05-27T14:22:37.784+0000] {processor.py:830} INFO - Processing file /home/airflow/.local/lib/python3.12/site-packages/airflow/example_dags/example_branch_python_dop_operator_3.py for tasks to queue
[2024-05-27T14:22:37.786+0000] {logging_mixin.py:188} INFO - [2024-05-27T14:22:37.786+0000] {dagbag.py:545} INFO - Filling up the DagBag from /home/airflow/.local/lib/python3.12/site-packages/airflow/example_dags/example_branch_python_dop_operator_3.py
[2024-05-27T14:22:37.801+0000] {processor.py:840} INFO - DAG(s) 'example_branch_dop_operator_v3' retrieved from /home/airflow/.local/lib/python3.12/site-packages/airflow/example_dags/example_branch_python_dop_operator_3.py
[2024-05-27T14:22:37.951+0000] {logging_mixin.py:188} INFO - [2024-05-27T14:22:37.949+0000] {override.py:1829} INFO - Created Permission View: can edit on DAG:example_branch_dop_operator_v3
[2024-05-27T14:22:37.974+0000] {logging_mixin.py:188} INFO - [2024-05-27T14:22:37.974+0000] {override.py:1829} INFO - Created Permission View: can delete on DAG:example_branch_dop_operator_v3
[2024-05-27T14:22:37.990+0000] {logging_mixin.py:188} INFO - [2024-05-27T14:22:37.989+0000] {override.py:1829} INFO - Created Permission View: can read on DAG:example_branch_dop_operator_v3
[2024-05-27T14:22:37.991+0000] {logging_mixin.py:188} INFO - [2024-05-27T14:22:37.991+0000] {dag.py:3096} INFO - Sync 1 DAGs
[2024-05-27T14:22:38.006+0000] {logging_mixin.py:188} INFO - [2024-05-27T14:22:38.006+0000] {dag.py:3118} INFO - Creating ORM DAG for example_branch_dop_operator_v3
[2024-05-27T14:22:38.027+0000] {logging_mixin.py:188} INFO - [2024-05-27T14:22:38.026+0000] {dag.py:3954} INFO - Setting next_dagrun for example_branch_dop_operator_v3 to 2024-05-27 14:21:00+00:00, run_after=2024-05-27 14:22:00+00:00
[2024-05-27T14:22:38.059+0000] {processor.py:183} INFO - Processing /home/airflow/.local/lib/python3.12/site-packages/airflow/example_dags/example_branch_python_dop_operator_3.py took 0.286 seconds
[2024-05-27T14:26:28.447+0000] {processor.py:161} INFO - Started process (PID=135) to work on /home/airflow/.local/lib/python3.12/site-packages/airflow/example_dags/example_branch_python_dop_operator_3.py
[2024-05-27T14:26:28.450+0000] {processor.py:830} INFO - Processing file /home/airflow/.local/lib/python3.12/site-packages/airflow/example_dags/example_branch_python_dop_operator_3.py for tasks to queue
[2024-05-27T14:26:28.453+0000] {logging_mixin.py:188} INFO - [2024-05-27T14:26:28.453+0000] {dagbag.py:545} INFO - Filling up the DagBag from /home/airflow/.local/lib/python3.12/site-packages/airflow/example_dags/example_branch_python_dop_operator_3.py
[2024-05-27T14:26:28.477+0000] {processor.py:840} INFO - DAG(s) 'example_branch_dop_operator_v3' retrieved from /home/airflow/.local/lib/python3.12/site-packages/airflow/example_dags/example_branch_python_dop_operator_3.py
[2024-05-27T14:26:28.527+0000] {logging_mixin.py:188} INFO - [2024-05-27T14:26:28.527+0000] {dag.py:3096} INFO - Sync 1 DAGs
[2024-05-27T14:26:28.604+0000] {logging_mixin.py:188} INFO - [2024-05-27T14:26:28.604+0000] {dag.py:3954} INFO - Setting next_dagrun for example_branch_dop_operator_v3 to 2024-05-27 14:25:00+00:00, run_after=2024-05-27 14:26:00+00:00
[2024-05-27T14:26:28.666+0000] {processor.py:183} INFO - Processing /home/airflow/.local/lib/python3.12/site-packages/airflow/example_dags/example_branch_python_dop_operator_3.py took 0.238 seconds
[2024-05-27T14:26:59.239+0000] {processor.py:161} INFO - Started process (PID=193) to work on /home/airflow/.local/lib/python3.12/site-packages/airflow/example_dags/example_branch_python_dop_operator_3.py
[2024-05-27T14:26:59.239+0000] {processor.py:830} INFO - Processing file /home/airflow/.local/lib/python3.12/site-packages/airflow/example_dags/example_branch_python_dop_operator_3.py for tasks to queue
[2024-05-27T14:26:59.240+0000] {logging_mixin.py:188} INFO - [2024-05-27T14:26:59.240+0000] {dagbag.py:545} INFO - Filling up the DagBag from /home/airflow/.local/lib/python3.12/site-packages/airflow/example_dags/example_branch_python_dop_operator_3.py
[2024-05-27T14:26:59.252+0000] {processor.py:840} INFO - DAG(s) 'example_branch_dop_operator_v3' retrieved from /home/airflow/.local/lib/python3.12/site-packages/airflow/example_dags/example_branch_python_dop_operator_3.py
[2024-05-27T14:26:59.290+0000] {logging_mixin.py:188} INFO - [2024-05-27T14:26:59.290+0000] {dag.py:3096} INFO - Sync 1 DAGs
[2024-05-27T14:26:59.331+0000] {logging_mixin.py:188} INFO - [2024-05-27T14:26:59.331+0000] {dag.py:3954} INFO - Setting next_dagrun for example_branch_dop_operator_v3 to 2024-05-27 14:25:00+00:00, run_after=2024-05-27 14:26:00+00:00
[2024-05-27T14:26:59.358+0000] {processor.py:183} INFO - Processing /home/airflow/.local/lib/python3.12/site-packages/airflow/example_dags/example_branch_python_dop_operator_3.py took 0.126 seconds
[2024-05-27T17:32:26.722+0000] {processor.py:161} INFO - Started process (PID=61) to work on /home/airflow/.local/lib/python3.12/site-packages/airflow/example_dags/example_branch_python_dop_operator_3.py
[2024-05-27T17:32:26.724+0000] {processor.py:830} INFO - Processing file /home/airflow/.local/lib/python3.12/site-packages/airflow/example_dags/example_branch_python_dop_operator_3.py for tasks to queue
[2024-05-27T17:32:26.728+0000] {logging_mixin.py:188} INFO - [2024-05-27T17:32:26.728+0000] {dagbag.py:545} INFO - Filling up the DagBag from /home/airflow/.local/lib/python3.12/site-packages/airflow/example_dags/example_branch_python_dop_operator_3.py
[2024-05-27T17:32:26.745+0000] {processor.py:840} INFO - DAG(s) 'example_branch_dop_operator_v3' retrieved from /home/airflow/.local/lib/python3.12/site-packages/airflow/example_dags/example_branch_python_dop_operator_3.py
[2024-05-27T17:32:26.764+0000] {logging_mixin.py:188} INFO - [2024-05-27T17:32:26.764+0000] {dag.py:3096} INFO - Sync 1 DAGs
[2024-05-27T17:32:26.799+0000] {logging_mixin.py:188} INFO - [2024-05-27T17:32:26.799+0000] {dag.py:3954} INFO - Setting next_dagrun for example_branch_dop_operator_v3 to 2024-05-27 17:31:00+00:00, run_after=2024-05-27 17:32:00+00:00
[2024-05-27T17:32:26.840+0000] {processor.py:183} INFO - Processing /home/airflow/.local/lib/python3.12/site-packages/airflow/example_dags/example_branch_python_dop_operator_3.py took 0.134 seconds
[2024-05-27T17:32:57.783+0000] {processor.py:161} INFO - Started process (PID=119) to work on /home/airflow/.local/lib/python3.12/site-packages/airflow/example_dags/example_branch_python_dop_operator_3.py
[2024-05-27T17:32:57.783+0000] {processor.py:830} INFO - Processing file /home/airflow/.local/lib/python3.12/site-packages/airflow/example_dags/example_branch_python_dop_operator_3.py for tasks to queue
[2024-05-27T17:32:57.785+0000] {logging_mixin.py:188} INFO - [2024-05-27T17:32:57.785+0000] {dagbag.py:545} INFO - Filling up the DagBag from /home/airflow/.local/lib/python3.12/site-packages/airflow/example_dags/example_branch_python_dop_operator_3.py
[2024-05-27T17:32:57.794+0000] {processor.py:840} INFO - DAG(s) 'example_branch_dop_operator_v3' retrieved from /home/airflow/.local/lib/python3.12/site-packages/airflow/example_dags/example_branch_python_dop_operator_3.py
[2024-05-27T17:32:57.889+0000] {logging_mixin.py:188} INFO - [2024-05-27T17:32:57.888+0000] {dag.py:3096} INFO - Sync 1 DAGs
[2024-05-27T17:32:57.911+0000] {logging_mixin.py:188} INFO - [2024-05-27T17:32:57.911+0000] {dag.py:3954} INFO - Setting next_dagrun for example_branch_dop_operator_v3 to 2024-05-27 17:31:00+00:00, run_after=2024-05-27 17:32:00+00:00
[2024-05-27T17:32:57.927+0000] {processor.py:183} INFO - Processing /home/airflow/.local/lib/python3.12/site-packages/airflow/example_dags/example_branch_python_dop_operator_3.py took 0.150 seconds
[2024-05-27T17:33:28.006+0000] {processor.py:161} INFO - Started process (PID=177) to work on /home/airflow/.local/lib/python3.12/site-packages/airflow/example_dags/example_branch_python_dop_operator_3.py
[2024-05-27T17:33:28.007+0000] {processor.py:830} INFO - Processing file /home/airflow/.local/lib/python3.12/site-packages/airflow/example_dags/example_branch_python_dop_operator_3.py for tasks to queue
[2024-05-27T17:33:28.009+0000] {logging_mixin.py:188} INFO - [2024-05-27T17:33:28.009+0000] {dagbag.py:545} INFO - Filling up the DagBag from /home/airflow/.local/lib/python3.12/site-packages/airflow/example_dags/example_branch_python_dop_operator_3.py
[2024-05-27T17:33:28.017+0000] {processor.py:840} INFO - DAG(s) 'example_branch_dop_operator_v3' retrieved from /home/airflow/.local/lib/python3.12/site-packages/airflow/example_dags/example_branch_python_dop_operator_3.py
[2024-05-27T17:33:28.033+0000] {logging_mixin.py:188} INFO - [2024-05-27T17:33:28.033+0000] {dag.py:3096} INFO - Sync 1 DAGs
[2024-05-27T17:33:28.058+0000] {logging_mixin.py:188} INFO - [2024-05-27T17:33:28.058+0000] {dag.py:3954} INFO - Setting next_dagrun for example_branch_dop_operator_v3 to 2024-05-27 17:32:00+00:00, run_after=2024-05-27 17:33:00+00:00
[2024-05-27T17:33:28.076+0000] {processor.py:183} INFO - Processing /home/airflow/.local/lib/python3.12/site-packages/airflow/example_dags/example_branch_python_dop_operator_3.py took 0.076 seconds
[2024-05-27T17:33:58.339+0000] {processor.py:161} INFO - Started process (PID=235) to work on /home/airflow/.local/lib/python3.12/site-packages/airflow/example_dags/example_branch_python_dop_operator_3.py
[2024-05-27T17:33:58.339+0000] {processor.py:830} INFO - Processing file /home/airflow/.local/lib/python3.12/site-packages/airflow/example_dags/example_branch_python_dop_operator_3.py for tasks to queue
[2024-05-27T17:33:58.341+0000] {logging_mixin.py:188} INFO - [2024-05-27T17:33:58.341+0000] {dagbag.py:545} INFO - Filling up the DagBag from /home/airflow/.local/lib/python3.12/site-packages/airflow/example_dags/example_branch_python_dop_operator_3.py
[2024-05-27T17:33:58.355+0000] {processor.py:840} INFO - DAG(s) 'example_branch_dop_operator_v3' retrieved from /home/airflow/.local/lib/python3.12/site-packages/airflow/example_dags/example_branch_python_dop_operator_3.py
[2024-05-27T17:33:58.374+0000] {logging_mixin.py:188} INFO - [2024-05-27T17:33:58.374+0000] {dag.py:3096} INFO - Sync 1 DAGs
[2024-05-27T17:33:58.399+0000] {logging_mixin.py:188} INFO - [2024-05-27T17:33:58.399+0000] {dag.py:3954} INFO - Setting next_dagrun for example_branch_dop_operator_v3 to 2024-05-27 17:32:00+00:00, run_after=2024-05-27 17:33:00+00:00
[2024-05-27T17:33:58.417+0000] {processor.py:183} INFO - Processing /home/airflow/.local/lib/python3.12/site-packages/airflow/example_dags/example_branch_python_dop_operator_3.py took 0.084 seconds
[2024-05-27T17:34:28.600+0000] {processor.py:161} INFO - Started process (PID=293) to work on /home/airflow/.local/lib/python3.12/site-packages/airflow/example_dags/example_branch_python_dop_operator_3.py
[2024-05-27T17:34:28.601+0000] {processor.py:830} INFO - Processing file /home/airflow/.local/lib/python3.12/site-packages/airflow/example_dags/example_branch_python_dop_operator_3.py for tasks to queue
[2024-05-27T17:34:28.603+0000] {logging_mixin.py:188} INFO - [2024-05-27T17:34:28.603+0000] {dagbag.py:545} INFO - Filling up the DagBag from /home/airflow/.local/lib/python3.12/site-packages/airflow/example_dags/example_branch_python_dop_operator_3.py
[2024-05-27T17:34:28.610+0000] {processor.py:840} INFO - DAG(s) 'example_branch_dop_operator_v3' retrieved from /home/airflow/.local/lib/python3.12/site-packages/airflow/example_dags/example_branch_python_dop_operator_3.py
[2024-05-27T17:34:28.627+0000] {logging_mixin.py:188} INFO - [2024-05-27T17:34:28.627+0000] {dag.py:3096} INFO - Sync 1 DAGs
[2024-05-27T17:34:28.651+0000] {logging_mixin.py:188} INFO - [2024-05-27T17:34:28.650+0000] {dag.py:3954} INFO - Setting next_dagrun for example_branch_dop_operator_v3 to 2024-05-27 17:33:00+00:00, run_after=2024-05-27 17:34:00+00:00
[2024-05-27T17:34:28.667+0000] {processor.py:183} INFO - Processing /home/airflow/.local/lib/python3.12/site-packages/airflow/example_dags/example_branch_python_dop_operator_3.py took 0.072 seconds
[2024-05-27T17:34:59.353+0000] {processor.py:161} INFO - Started process (PID=351) to work on /home/airflow/.local/lib/python3.12/site-packages/airflow/example_dags/example_branch_python_dop_operator_3.py
[2024-05-27T17:34:59.354+0000] {processor.py:830} INFO - Processing file /home/airflow/.local/lib/python3.12/site-packages/airflow/example_dags/example_branch_python_dop_operator_3.py for tasks to queue
[2024-05-27T17:34:59.355+0000] {logging_mixin.py:188} INFO - [2024-05-27T17:34:59.355+0000] {dagbag.py:545} INFO - Filling up the DagBag from /home/airflow/.local/lib/python3.12/site-packages/airflow/example_dags/example_branch_python_dop_operator_3.py
[2024-05-27T17:34:59.364+0000] {processor.py:840} INFO - DAG(s) 'example_branch_dop_operator_v3' retrieved from /home/airflow/.local/lib/python3.12/site-packages/airflow/example_dags/example_branch_python_dop_operator_3.py
[2024-05-27T17:34:59.396+0000] {logging_mixin.py:188} INFO - [2024-05-27T17:34:59.396+0000] {dag.py:3096} INFO - Sync 1 DAGs
[2024-05-27T17:34:59.438+0000] {logging_mixin.py:188} INFO - [2024-05-27T17:34:59.438+0000] {dag.py:3954} INFO - Setting next_dagrun for example_branch_dop_operator_v3 to 2024-05-27 17:33:00+00:00, run_after=2024-05-27 17:34:00+00:00
[2024-05-27T17:34:59.472+0000] {processor.py:183} INFO - Processing /home/airflow/.local/lib/python3.12/site-packages/airflow/example_dags/example_branch_python_dop_operator_3.py took 0.124 seconds
[2024-05-27T17:35:29.672+0000] {processor.py:161} INFO - Started process (PID=409) to work on /home/airflow/.local/lib/python3.12/site-packages/airflow/example_dags/example_branch_python_dop_operator_3.py
[2024-05-27T17:35:29.673+0000] {processor.py:830} INFO - Processing file /home/airflow/.local/lib/python3.12/site-packages/airflow/example_dags/example_branch_python_dop_operator_3.py for tasks to queue
[2024-05-27T17:35:29.675+0000] {logging_mixin.py:188} INFO - [2024-05-27T17:35:29.675+0000] {dagbag.py:545} INFO - Filling up the DagBag from /home/airflow/.local/lib/python3.12/site-packages/airflow/example_dags/example_branch_python_dop_operator_3.py
[2024-05-27T17:35:29.683+0000] {processor.py:840} INFO - DAG(s) 'example_branch_dop_operator_v3' retrieved from /home/airflow/.local/lib/python3.12/site-packages/airflow/example_dags/example_branch_python_dop_operator_3.py
[2024-05-27T17:35:29.700+0000] {logging_mixin.py:188} INFO - [2024-05-27T17:35:29.700+0000] {dag.py:3096} INFO - Sync 1 DAGs
[2024-05-27T17:35:29.728+0000] {logging_mixin.py:188} INFO - [2024-05-27T17:35:29.727+0000] {dag.py:3954} INFO - Setting next_dagrun for example_branch_dop_operator_v3 to 2024-05-27 17:34:00+00:00, run_after=2024-05-27 17:35:00+00:00
[2024-05-27T17:35:29.745+0000] {processor.py:183} INFO - Processing /home/airflow/.local/lib/python3.12/site-packages/airflow/example_dags/example_branch_python_dop_operator_3.py took 0.079 seconds
[2024-05-27T17:36:00.296+0000] {processor.py:161} INFO - Started process (PID=472) to work on /home/airflow/.local/lib/python3.12/site-packages/airflow/example_dags/example_branch_python_dop_operator_3.py
[2024-05-27T17:36:00.297+0000] {processor.py:830} INFO - Processing file /home/airflow/.local/lib/python3.12/site-packages/airflow/example_dags/example_branch_python_dop_operator_3.py for tasks to queue
[2024-05-27T17:36:00.300+0000] {logging_mixin.py:188} INFO - [2024-05-27T17:36:00.299+0000] {dagbag.py:545} INFO - Filling up the DagBag from /home/airflow/.local/lib/python3.12/site-packages/airflow/example_dags/example_branch_python_dop_operator_3.py
[2024-05-27T17:36:00.309+0000] {processor.py:840} INFO - DAG(s) 'example_branch_dop_operator_v3' retrieved from /home/airflow/.local/lib/python3.12/site-packages/airflow/example_dags/example_branch_python_dop_operator_3.py
[2024-05-27T17:36:00.326+0000] {logging_mixin.py:188} INFO - [2024-05-27T17:36:00.326+0000] {dag.py:3096} INFO - Sync 1 DAGs
[2024-05-27T17:36:00.350+0000] {logging_mixin.py:188} INFO - [2024-05-27T17:36:00.350+0000] {dag.py:3954} INFO - Setting next_dagrun for example_branch_dop_operator_v3 to 2024-05-27 17:35:00+00:00, run_after=2024-05-27 17:36:00+00:00
[2024-05-27T17:36:00.370+0000] {processor.py:183} INFO - Processing /home/airflow/.local/lib/python3.12/site-packages/airflow/example_dags/example_branch_python_dop_operator_3.py took 0.081 seconds
[2024-05-27T17:36:31.049+0000] {processor.py:161} INFO - Started process (PID=530) to work on /home/airflow/.local/lib/python3.12/site-packages/airflow/example_dags/example_branch_python_dop_operator_3.py
[2024-05-27T17:36:31.049+0000] {processor.py:830} INFO - Processing file /home/airflow/.local/lib/python3.12/site-packages/airflow/example_dags/example_branch_python_dop_operator_3.py for tasks to queue
[2024-05-27T17:36:31.051+0000] {logging_mixin.py:188} INFO - [2024-05-27T17:36:31.051+0000] {dagbag.py:545} INFO - Filling up the DagBag from /home/airflow/.local/lib/python3.12/site-packages/airflow/example_dags/example_branch_python_dop_operator_3.py
[2024-05-27T17:36:31.060+0000] {processor.py:840} INFO - DAG(s) 'example_branch_dop_operator_v3' retrieved from /home/airflow/.local/lib/python3.12/site-packages/airflow/example_dags/example_branch_python_dop_operator_3.py
[2024-05-27T17:36:31.080+0000] {logging_mixin.py:188} INFO - [2024-05-27T17:36:31.080+0000] {dag.py:3096} INFO - Sync 1 DAGs
[2024-05-27T17:36:31.106+0000] {logging_mixin.py:188} INFO - [2024-05-27T17:36:31.106+0000] {dag.py:3954} INFO - Setting next_dagrun for example_branch_dop_operator_v3 to 2024-05-27 17:35:00+00:00, run_after=2024-05-27 17:36:00+00:00
[2024-05-27T17:36:31.128+0000] {processor.py:183} INFO - Processing /home/airflow/.local/lib/python3.12/site-packages/airflow/example_dags/example_branch_python_dop_operator_3.py took 0.087 seconds
[2024-05-27T17:37:02.083+0000] {processor.py:161} INFO - Started process (PID=587) to work on /home/airflow/.local/lib/python3.12/site-packages/airflow/example_dags/example_branch_python_dop_operator_3.py
[2024-05-27T17:37:02.083+0000] {processor.py:830} INFO - Processing file /home/airflow/.local/lib/python3.12/site-packages/airflow/example_dags/example_branch_python_dop_operator_3.py for tasks to queue
[2024-05-27T17:37:02.085+0000] {logging_mixin.py:188} INFO - [2024-05-27T17:37:02.085+0000] {dagbag.py:545} INFO - Filling up the DagBag from /home/airflow/.local/lib/python3.12/site-packages/airflow/example_dags/example_branch_python_dop_operator_3.py
[2024-05-27T17:37:02.093+0000] {processor.py:840} INFO - DAG(s) 'example_branch_dop_operator_v3' retrieved from /home/airflow/.local/lib/python3.12/site-packages/airflow/example_dags/example_branch_python_dop_operator_3.py
[2024-05-27T17:37:02.110+0000] {logging_mixin.py:188} INFO - [2024-05-27T17:37:02.110+0000] {dag.py:3096} INFO - Sync 1 DAGs
[2024-05-27T17:37:02.133+0000] {logging_mixin.py:188} INFO - [2024-05-27T17:37:02.133+0000] {dag.py:3954} INFO - Setting next_dagrun for example_branch_dop_operator_v3 to 2024-05-27 17:36:00+00:00, run_after=2024-05-27 17:37:00+00:00
[2024-05-27T17:37:02.150+0000] {processor.py:183} INFO - Processing /home/airflow/.local/lib/python3.12/site-packages/airflow/example_dags/example_branch_python_dop_operator_3.py took 0.072 seconds
[2024-05-27T17:38:15.084+0000] {processor.py:161} INFO - Started process (PID=59) to work on /home/airflow/.local/lib/python3.12/site-packages/airflow/example_dags/example_branch_python_dop_operator_3.py
[2024-05-27T17:38:15.085+0000] {processor.py:830} INFO - Processing file /home/airflow/.local/lib/python3.12/site-packages/airflow/example_dags/example_branch_python_dop_operator_3.py for tasks to queue
[2024-05-27T17:38:15.087+0000] {logging_mixin.py:188} INFO - [2024-05-27T17:38:15.087+0000] {dagbag.py:545} INFO - Filling up the DagBag from /home/airflow/.local/lib/python3.12/site-packages/airflow/example_dags/example_branch_python_dop_operator_3.py
[2024-05-27T17:38:15.096+0000] {processor.py:840} INFO - DAG(s) 'example_branch_dop_operator_v3' retrieved from /home/airflow/.local/lib/python3.12/site-packages/airflow/example_dags/example_branch_python_dop_operator_3.py
[2024-05-27T17:38:15.106+0000] {logging_mixin.py:188} INFO - [2024-05-27T17:38:15.106+0000] {dag.py:3096} INFO - Sync 1 DAGs
[2024-05-27T17:38:15.131+0000] {logging_mixin.py:188} INFO - [2024-05-27T17:38:15.131+0000] {dag.py:3954} INFO - Setting next_dagrun for example_branch_dop_operator_v3 to 2024-05-27 17:37:00+00:00, run_after=2024-05-27 17:38:00+00:00
[2024-05-27T17:38:15.148+0000] {processor.py:183} INFO - Processing /home/airflow/.local/lib/python3.12/site-packages/airflow/example_dags/example_branch_python_dop_operator_3.py took 0.070 seconds
[2024-05-27T17:38:46.666+0000] {processor.py:161} INFO - Started process (PID=117) to work on /home/airflow/.local/lib/python3.12/site-packages/airflow/example_dags/example_branch_python_dop_operator_3.py
[2024-05-27T17:38:46.667+0000] {processor.py:830} INFO - Processing file /home/airflow/.local/lib/python3.12/site-packages/airflow/example_dags/example_branch_python_dop_operator_3.py for tasks to queue
[2024-05-27T17:38:46.669+0000] {logging_mixin.py:188} INFO - [2024-05-27T17:38:46.668+0000] {dagbag.py:545} INFO - Filling up the DagBag from /home/airflow/.local/lib/python3.12/site-packages/airflow/example_dags/example_branch_python_dop_operator_3.py
[2024-05-27T17:38:46.676+0000] {processor.py:840} INFO - DAG(s) 'example_branch_dop_operator_v3' retrieved from /home/airflow/.local/lib/python3.12/site-packages/airflow/example_dags/example_branch_python_dop_operator_3.py
[2024-05-27T17:38:46.768+0000] {logging_mixin.py:188} INFO - [2024-05-27T17:38:46.768+0000] {dag.py:3096} INFO - Sync 1 DAGs
[2024-05-27T17:38:46.790+0000] {logging_mixin.py:188} INFO - [2024-05-27T17:38:46.790+0000] {dag.py:3954} INFO - Setting next_dagrun for example_branch_dop_operator_v3 to 2024-05-27 17:37:00+00:00, run_after=2024-05-27 17:38:00+00:00
[2024-05-27T17:38:46.805+0000] {processor.py:183} INFO - Processing /home/airflow/.local/lib/python3.12/site-packages/airflow/example_dags/example_branch_python_dop_operator_3.py took 0.144 seconds
