[2024-05-27T01:38:35.023+0000] {processor.py:161} INFO - Started process (PID=31) to work on /home/airflow/.local/lib/python3.12/site-packages/airflow/example_dags/example_branch_labels.py
[2024-05-27T01:38:35.024+0000] {processor.py:830} INFO - Processing file /home/airflow/.local/lib/python3.12/site-packages/airflow/example_dags/example_branch_labels.py for tasks to queue
[2024-05-27T01:38:35.027+0000] {logging_mixin.py:188} INFO - [2024-05-27T01:38:35.026+0000] {dagbag.py:545} INFO - Filling up the DagBag from /home/airflow/.local/lib/python3.12/site-packages/airflow/example_dags/example_branch_labels.py
[2024-05-27T01:38:35.056+0000] {processor.py:840} INFO - DAG(s) 'example_branch_labels' retrieved from /home/airflow/.local/lib/python3.12/site-packages/airflow/example_dags/example_branch_labels.py
[2024-05-27T01:38:35.087+0000] {logging_mixin.py:188} INFO - [2024-05-27T01:38:35.086+0000] {dag.py:3096} INFO - Sync 1 DAGs
[2024-05-27T01:38:35.112+0000] {logging_mixin.py:188} INFO - [2024-05-27T01:38:35.112+0000] {dag.py:3954} INFO - Setting next_dagrun for example_branch_labels to 2024-05-26 00:00:00+00:00, run_after=2024-05-27 00:00:00+00:00
[2024-05-27T01:38:35.131+0000] {processor.py:183} INFO - Processing /home/airflow/.local/lib/python3.12/site-packages/airflow/example_dags/example_branch_labels.py took 0.114 seconds
[2024-05-27T01:39:05.540+0000] {processor.py:161} INFO - Started process (PID=89) to work on /home/airflow/.local/lib/python3.12/site-packages/airflow/example_dags/example_branch_labels.py
[2024-05-27T01:39:05.541+0000] {processor.py:830} INFO - Processing file /home/airflow/.local/lib/python3.12/site-packages/airflow/example_dags/example_branch_labels.py for tasks to queue
[2024-05-27T01:39:05.544+0000] {logging_mixin.py:188} INFO - [2024-05-27T01:39:05.544+0000] {dagbag.py:545} INFO - Filling up the DagBag from /home/airflow/.local/lib/python3.12/site-packages/airflow/example_dags/example_branch_labels.py
[2024-05-27T01:39:05.554+0000] {processor.py:840} INFO - DAG(s) 'example_branch_labels' retrieved from /home/airflow/.local/lib/python3.12/site-packages/airflow/example_dags/example_branch_labels.py
[2024-05-27T01:39:05.734+0000] {logging_mixin.py:188} INFO - [2024-05-27T01:39:05.734+0000] {dag.py:3096} INFO - Sync 1 DAGs
[2024-05-27T01:39:05.752+0000] {logging_mixin.py:188} INFO - [2024-05-27T01:39:05.752+0000] {dag.py:3954} INFO - Setting next_dagrun for example_branch_labels to 2024-05-26 00:00:00+00:00, run_after=2024-05-27 00:00:00+00:00
[2024-05-27T01:39:05.773+0000] {processor.py:183} INFO - Processing /home/airflow/.local/lib/python3.12/site-packages/airflow/example_dags/example_branch_labels.py took 0.246 seconds
[2024-05-27T01:39:35.888+0000] {processor.py:161} INFO - Started process (PID=147) to work on /home/airflow/.local/lib/python3.12/site-packages/airflow/example_dags/example_branch_labels.py
[2024-05-27T01:39:35.890+0000] {processor.py:830} INFO - Processing file /home/airflow/.local/lib/python3.12/site-packages/airflow/example_dags/example_branch_labels.py for tasks to queue
[2024-05-27T01:39:35.893+0000] {logging_mixin.py:188} INFO - [2024-05-27T01:39:35.892+0000] {dagbag.py:545} INFO - Filling up the DagBag from /home/airflow/.local/lib/python3.12/site-packages/airflow/example_dags/example_branch_labels.py
[2024-05-27T01:39:35.900+0000] {processor.py:840} INFO - DAG(s) 'example_branch_labels' retrieved from /home/airflow/.local/lib/python3.12/site-packages/airflow/example_dags/example_branch_labels.py
[2024-05-27T01:39:35.918+0000] {logging_mixin.py:188} INFO - [2024-05-27T01:39:35.918+0000] {dag.py:3096} INFO - Sync 1 DAGs
[2024-05-27T01:39:35.940+0000] {logging_mixin.py:188} INFO - [2024-05-27T01:39:35.940+0000] {dag.py:3954} INFO - Setting next_dagrun for example_branch_labels to 2024-05-26 00:00:00+00:00, run_after=2024-05-27 00:00:00+00:00
[2024-05-27T01:39:35.960+0000] {processor.py:183} INFO - Processing /home/airflow/.local/lib/python3.12/site-packages/airflow/example_dags/example_branch_labels.py took 0.084 seconds
[2024-05-27T01:40:06.310+0000] {processor.py:161} INFO - Started process (PID=205) to work on /home/airflow/.local/lib/python3.12/site-packages/airflow/example_dags/example_branch_labels.py
[2024-05-27T01:40:06.311+0000] {processor.py:830} INFO - Processing file /home/airflow/.local/lib/python3.12/site-packages/airflow/example_dags/example_branch_labels.py for tasks to queue
[2024-05-27T01:40:06.313+0000] {logging_mixin.py:188} INFO - [2024-05-27T01:40:06.313+0000] {dagbag.py:545} INFO - Filling up the DagBag from /home/airflow/.local/lib/python3.12/site-packages/airflow/example_dags/example_branch_labels.py
[2024-05-27T01:40:06.321+0000] {processor.py:840} INFO - DAG(s) 'example_branch_labels' retrieved from /home/airflow/.local/lib/python3.12/site-packages/airflow/example_dags/example_branch_labels.py
[2024-05-27T01:40:06.340+0000] {logging_mixin.py:188} INFO - [2024-05-27T01:40:06.340+0000] {dag.py:3096} INFO - Sync 1 DAGs
[2024-05-27T01:40:06.361+0000] {logging_mixin.py:188} INFO - [2024-05-27T01:40:06.361+0000] {dag.py:3954} INFO - Setting next_dagrun for example_branch_labels to 2024-05-26 00:00:00+00:00, run_after=2024-05-27 00:00:00+00:00
[2024-05-27T01:40:06.380+0000] {processor.py:183} INFO - Processing /home/airflow/.local/lib/python3.12/site-packages/airflow/example_dags/example_branch_labels.py took 0.075 seconds
[2024-05-27T01:40:36.470+0000] {processor.py:161} INFO - Started process (PID=263) to work on /home/airflow/.local/lib/python3.12/site-packages/airflow/example_dags/example_branch_labels.py
[2024-05-27T01:40:36.472+0000] {processor.py:830} INFO - Processing file /home/airflow/.local/lib/python3.12/site-packages/airflow/example_dags/example_branch_labels.py for tasks to queue
[2024-05-27T01:40:36.476+0000] {logging_mixin.py:188} INFO - [2024-05-27T01:40:36.475+0000] {dagbag.py:545} INFO - Filling up the DagBag from /home/airflow/.local/lib/python3.12/site-packages/airflow/example_dags/example_branch_labels.py
[2024-05-27T01:40:36.485+0000] {processor.py:840} INFO - DAG(s) 'example_branch_labels' retrieved from /home/airflow/.local/lib/python3.12/site-packages/airflow/example_dags/example_branch_labels.py
[2024-05-27T01:40:36.505+0000] {logging_mixin.py:188} INFO - [2024-05-27T01:40:36.505+0000] {dag.py:3096} INFO - Sync 1 DAGs
[2024-05-27T01:40:36.527+0000] {logging_mixin.py:188} INFO - [2024-05-27T01:40:36.527+0000] {dag.py:3954} INFO - Setting next_dagrun for example_branch_labels to 2024-05-26 00:00:00+00:00, run_after=2024-05-27 00:00:00+00:00
[2024-05-27T01:40:36.552+0000] {processor.py:183} INFO - Processing /home/airflow/.local/lib/python3.12/site-packages/airflow/example_dags/example_branch_labels.py took 0.102 seconds
[2024-05-27T01:41:06.697+0000] {processor.py:161} INFO - Started process (PID=321) to work on /home/airflow/.local/lib/python3.12/site-packages/airflow/example_dags/example_branch_labels.py
[2024-05-27T01:41:06.698+0000] {processor.py:830} INFO - Processing file /home/airflow/.local/lib/python3.12/site-packages/airflow/example_dags/example_branch_labels.py for tasks to queue
[2024-05-27T01:41:06.703+0000] {logging_mixin.py:188} INFO - [2024-05-27T01:41:06.702+0000] {dagbag.py:545} INFO - Filling up the DagBag from /home/airflow/.local/lib/python3.12/site-packages/airflow/example_dags/example_branch_labels.py
[2024-05-27T01:41:06.710+0000] {processor.py:840} INFO - DAG(s) 'example_branch_labels' retrieved from /home/airflow/.local/lib/python3.12/site-packages/airflow/example_dags/example_branch_labels.py
[2024-05-27T01:41:06.731+0000] {logging_mixin.py:188} INFO - [2024-05-27T01:41:06.731+0000] {dag.py:3096} INFO - Sync 1 DAGs
[2024-05-27T01:41:06.752+0000] {logging_mixin.py:188} INFO - [2024-05-27T01:41:06.752+0000] {dag.py:3954} INFO - Setting next_dagrun for example_branch_labels to 2024-05-26 00:00:00+00:00, run_after=2024-05-27 00:00:00+00:00
[2024-05-27T01:41:06.773+0000] {processor.py:183} INFO - Processing /home/airflow/.local/lib/python3.12/site-packages/airflow/example_dags/example_branch_labels.py took 0.093 seconds
[2024-05-27T01:41:37.152+0000] {processor.py:161} INFO - Started process (PID=379) to work on /home/airflow/.local/lib/python3.12/site-packages/airflow/example_dags/example_branch_labels.py
[2024-05-27T01:41:37.154+0000] {processor.py:830} INFO - Processing file /home/airflow/.local/lib/python3.12/site-packages/airflow/example_dags/example_branch_labels.py for tasks to queue
[2024-05-27T01:41:37.158+0000] {logging_mixin.py:188} INFO - [2024-05-27T01:41:37.157+0000] {dagbag.py:545} INFO - Filling up the DagBag from /home/airflow/.local/lib/python3.12/site-packages/airflow/example_dags/example_branch_labels.py
[2024-05-27T01:41:37.168+0000] {processor.py:840} INFO - DAG(s) 'example_branch_labels' retrieved from /home/airflow/.local/lib/python3.12/site-packages/airflow/example_dags/example_branch_labels.py
[2024-05-27T01:41:37.190+0000] {logging_mixin.py:188} INFO - [2024-05-27T01:41:37.189+0000] {dag.py:3096} INFO - Sync 1 DAGs
[2024-05-27T01:41:37.214+0000] {logging_mixin.py:188} INFO - [2024-05-27T01:41:37.214+0000] {dag.py:3954} INFO - Setting next_dagrun for example_branch_labels to 2024-05-26 00:00:00+00:00, run_after=2024-05-27 00:00:00+00:00
[2024-05-27T01:41:37.235+0000] {processor.py:183} INFO - Processing /home/airflow/.local/lib/python3.12/site-packages/airflow/example_dags/example_branch_labels.py took 0.094 seconds
[2024-05-27T01:42:07.592+0000] {processor.py:161} INFO - Started process (PID=437) to work on /home/airflow/.local/lib/python3.12/site-packages/airflow/example_dags/example_branch_labels.py
[2024-05-27T01:42:07.594+0000] {processor.py:830} INFO - Processing file /home/airflow/.local/lib/python3.12/site-packages/airflow/example_dags/example_branch_labels.py for tasks to queue
[2024-05-27T01:42:07.596+0000] {logging_mixin.py:188} INFO - [2024-05-27T01:42:07.596+0000] {dagbag.py:545} INFO - Filling up the DagBag from /home/airflow/.local/lib/python3.12/site-packages/airflow/example_dags/example_branch_labels.py
[2024-05-27T01:42:07.607+0000] {processor.py:840} INFO - DAG(s) 'example_branch_labels' retrieved from /home/airflow/.local/lib/python3.12/site-packages/airflow/example_dags/example_branch_labels.py
[2024-05-27T01:42:07.632+0000] {logging_mixin.py:188} INFO - [2024-05-27T01:42:07.631+0000] {dag.py:3096} INFO - Sync 1 DAGs
[2024-05-27T01:42:07.657+0000] {logging_mixin.py:188} INFO - [2024-05-27T01:42:07.657+0000] {dag.py:3954} INFO - Setting next_dagrun for example_branch_labels to 2024-05-26 00:00:00+00:00, run_after=2024-05-27 00:00:00+00:00
[2024-05-27T01:42:07.682+0000] {processor.py:183} INFO - Processing /home/airflow/.local/lib/python3.12/site-packages/airflow/example_dags/example_branch_labels.py took 0.103 seconds
[2024-05-27T01:42:38.140+0000] {processor.py:161} INFO - Started process (PID=495) to work on /home/airflow/.local/lib/python3.12/site-packages/airflow/example_dags/example_branch_labels.py
[2024-05-27T01:42:38.141+0000] {processor.py:830} INFO - Processing file /home/airflow/.local/lib/python3.12/site-packages/airflow/example_dags/example_branch_labels.py for tasks to queue
[2024-05-27T01:42:38.143+0000] {logging_mixin.py:188} INFO - [2024-05-27T01:42:38.143+0000] {dagbag.py:545} INFO - Filling up the DagBag from /home/airflow/.local/lib/python3.12/site-packages/airflow/example_dags/example_branch_labels.py
[2024-05-27T01:42:38.153+0000] {processor.py:840} INFO - DAG(s) 'example_branch_labels' retrieved from /home/airflow/.local/lib/python3.12/site-packages/airflow/example_dags/example_branch_labels.py
[2024-05-27T01:42:38.176+0000] {logging_mixin.py:188} INFO - [2024-05-27T01:42:38.175+0000] {dag.py:3096} INFO - Sync 1 DAGs
[2024-05-27T01:42:38.203+0000] {logging_mixin.py:188} INFO - [2024-05-27T01:42:38.203+0000] {dag.py:3954} INFO - Setting next_dagrun for example_branch_labels to 2024-05-26 00:00:00+00:00, run_after=2024-05-27 00:00:00+00:00
[2024-05-27T01:42:38.231+0000] {processor.py:183} INFO - Processing /home/airflow/.local/lib/python3.12/site-packages/airflow/example_dags/example_branch_labels.py took 0.097 seconds
[2024-05-27T01:43:08.267+0000] {processor.py:161} INFO - Started process (PID=553) to work on /home/airflow/.local/lib/python3.12/site-packages/airflow/example_dags/example_branch_labels.py
[2024-05-27T01:43:08.267+0000] {processor.py:830} INFO - Processing file /home/airflow/.local/lib/python3.12/site-packages/airflow/example_dags/example_branch_labels.py for tasks to queue
[2024-05-27T01:43:08.270+0000] {logging_mixin.py:188} INFO - [2024-05-27T01:43:08.269+0000] {dagbag.py:545} INFO - Filling up the DagBag from /home/airflow/.local/lib/python3.12/site-packages/airflow/example_dags/example_branch_labels.py
[2024-05-27T01:43:08.279+0000] {processor.py:840} INFO - DAG(s) 'example_branch_labels' retrieved from /home/airflow/.local/lib/python3.12/site-packages/airflow/example_dags/example_branch_labels.py
[2024-05-27T01:43:08.299+0000] {logging_mixin.py:188} INFO - [2024-05-27T01:43:08.299+0000] {dag.py:3096} INFO - Sync 1 DAGs
[2024-05-27T01:43:08.323+0000] {logging_mixin.py:188} INFO - [2024-05-27T01:43:08.322+0000] {dag.py:3954} INFO - Setting next_dagrun for example_branch_labels to 2024-05-26 00:00:00+00:00, run_after=2024-05-27 00:00:00+00:00
[2024-05-27T01:43:08.352+0000] {processor.py:183} INFO - Processing /home/airflow/.local/lib/python3.12/site-packages/airflow/example_dags/example_branch_labels.py took 0.093 seconds
[2024-05-27T01:43:38.465+0000] {processor.py:161} INFO - Started process (PID=611) to work on /home/airflow/.local/lib/python3.12/site-packages/airflow/example_dags/example_branch_labels.py
[2024-05-27T01:43:38.467+0000] {processor.py:830} INFO - Processing file /home/airflow/.local/lib/python3.12/site-packages/airflow/example_dags/example_branch_labels.py for tasks to queue
[2024-05-27T01:43:38.470+0000] {logging_mixin.py:188} INFO - [2024-05-27T01:43:38.469+0000] {dagbag.py:545} INFO - Filling up the DagBag from /home/airflow/.local/lib/python3.12/site-packages/airflow/example_dags/example_branch_labels.py
[2024-05-27T01:43:38.479+0000] {processor.py:840} INFO - DAG(s) 'example_branch_labels' retrieved from /home/airflow/.local/lib/python3.12/site-packages/airflow/example_dags/example_branch_labels.py
[2024-05-27T01:43:38.499+0000] {logging_mixin.py:188} INFO - [2024-05-27T01:43:38.499+0000] {dag.py:3096} INFO - Sync 1 DAGs
[2024-05-27T01:43:38.521+0000] {logging_mixin.py:188} INFO - [2024-05-27T01:43:38.520+0000] {dag.py:3954} INFO - Setting next_dagrun for example_branch_labels to 2024-05-26 00:00:00+00:00, run_after=2024-05-27 00:00:00+00:00
[2024-05-27T01:43:38.543+0000] {processor.py:183} INFO - Processing /home/airflow/.local/lib/python3.12/site-packages/airflow/example_dags/example_branch_labels.py took 0.088 seconds
[2024-05-27T01:44:08.883+0000] {processor.py:161} INFO - Started process (PID=668) to work on /home/airflow/.local/lib/python3.12/site-packages/airflow/example_dags/example_branch_labels.py
[2024-05-27T01:44:08.885+0000] {processor.py:830} INFO - Processing file /home/airflow/.local/lib/python3.12/site-packages/airflow/example_dags/example_branch_labels.py for tasks to queue
[2024-05-27T01:44:08.890+0000] {logging_mixin.py:188} INFO - [2024-05-27T01:44:08.889+0000] {dagbag.py:545} INFO - Filling up the DagBag from /home/airflow/.local/lib/python3.12/site-packages/airflow/example_dags/example_branch_labels.py
[2024-05-27T01:44:08.903+0000] {processor.py:840} INFO - DAG(s) 'example_branch_labels' retrieved from /home/airflow/.local/lib/python3.12/site-packages/airflow/example_dags/example_branch_labels.py
[2024-05-27T01:44:08.927+0000] {logging_mixin.py:188} INFO - [2024-05-27T01:44:08.927+0000] {dag.py:3096} INFO - Sync 1 DAGs
[2024-05-27T01:44:08.950+0000] {logging_mixin.py:188} INFO - [2024-05-27T01:44:08.949+0000] {dag.py:3954} INFO - Setting next_dagrun for example_branch_labels to 2024-05-26 00:00:00+00:00, run_after=2024-05-27 00:00:00+00:00
[2024-05-27T01:44:08.976+0000] {processor.py:183} INFO - Processing /home/airflow/.local/lib/python3.12/site-packages/airflow/example_dags/example_branch_labels.py took 0.108 seconds
[2024-05-27T01:44:39.251+0000] {processor.py:161} INFO - Started process (PID=726) to work on /home/airflow/.local/lib/python3.12/site-packages/airflow/example_dags/example_branch_labels.py
[2024-05-27T01:44:39.252+0000] {processor.py:830} INFO - Processing file /home/airflow/.local/lib/python3.12/site-packages/airflow/example_dags/example_branch_labels.py for tasks to queue
[2024-05-27T01:44:39.255+0000] {logging_mixin.py:188} INFO - [2024-05-27T01:44:39.254+0000] {dagbag.py:545} INFO - Filling up the DagBag from /home/airflow/.local/lib/python3.12/site-packages/airflow/example_dags/example_branch_labels.py
[2024-05-27T01:44:39.265+0000] {processor.py:840} INFO - DAG(s) 'example_branch_labels' retrieved from /home/airflow/.local/lib/python3.12/site-packages/airflow/example_dags/example_branch_labels.py
[2024-05-27T01:44:39.284+0000] {logging_mixin.py:188} INFO - [2024-05-27T01:44:39.284+0000] {dag.py:3096} INFO - Sync 1 DAGs
[2024-05-27T01:44:39.305+0000] {logging_mixin.py:188} INFO - [2024-05-27T01:44:39.305+0000] {dag.py:3954} INFO - Setting next_dagrun for example_branch_labels to 2024-05-26 00:00:00+00:00, run_after=2024-05-27 00:00:00+00:00
[2024-05-27T01:44:39.325+0000] {processor.py:183} INFO - Processing /home/airflow/.local/lib/python3.12/site-packages/airflow/example_dags/example_branch_labels.py took 0.084 seconds
[2024-05-27T01:45:09.947+0000] {processor.py:161} INFO - Started process (PID=783) to work on /home/airflow/.local/lib/python3.12/site-packages/airflow/example_dags/example_branch_labels.py
[2024-05-27T01:45:09.948+0000] {processor.py:830} INFO - Processing file /home/airflow/.local/lib/python3.12/site-packages/airflow/example_dags/example_branch_labels.py for tasks to queue
[2024-05-27T01:45:09.950+0000] {logging_mixin.py:188} INFO - [2024-05-27T01:45:09.950+0000] {dagbag.py:545} INFO - Filling up the DagBag from /home/airflow/.local/lib/python3.12/site-packages/airflow/example_dags/example_branch_labels.py
[2024-05-27T01:45:09.960+0000] {processor.py:840} INFO - DAG(s) 'example_branch_labels' retrieved from /home/airflow/.local/lib/python3.12/site-packages/airflow/example_dags/example_branch_labels.py
[2024-05-27T01:45:09.983+0000] {logging_mixin.py:188} INFO - [2024-05-27T01:45:09.982+0000] {dag.py:3096} INFO - Sync 1 DAGs
[2024-05-27T01:45:10.015+0000] {logging_mixin.py:188} INFO - [2024-05-27T01:45:10.015+0000] {dag.py:3954} INFO - Setting next_dagrun for example_branch_labels to 2024-05-26 00:00:00+00:00, run_after=2024-05-27 00:00:00+00:00
[2024-05-27T01:45:10.064+0000] {processor.py:183} INFO - Processing /home/airflow/.local/lib/python3.12/site-packages/airflow/example_dags/example_branch_labels.py took 0.127 seconds
[2024-05-27T01:45:40.458+0000] {processor.py:161} INFO - Started process (PID=841) to work on /home/airflow/.local/lib/python3.12/site-packages/airflow/example_dags/example_branch_labels.py
[2024-05-27T01:45:40.460+0000] {processor.py:830} INFO - Processing file /home/airflow/.local/lib/python3.12/site-packages/airflow/example_dags/example_branch_labels.py for tasks to queue
[2024-05-27T01:45:40.463+0000] {logging_mixin.py:188} INFO - [2024-05-27T01:45:40.463+0000] {dagbag.py:545} INFO - Filling up the DagBag from /home/airflow/.local/lib/python3.12/site-packages/airflow/example_dags/example_branch_labels.py
[2024-05-27T01:45:40.475+0000] {processor.py:840} INFO - DAG(s) 'example_branch_labels' retrieved from /home/airflow/.local/lib/python3.12/site-packages/airflow/example_dags/example_branch_labels.py
[2024-05-27T01:45:40.498+0000] {logging_mixin.py:188} INFO - [2024-05-27T01:45:40.497+0000] {dag.py:3096} INFO - Sync 1 DAGs
[2024-05-27T01:45:40.522+0000] {logging_mixin.py:188} INFO - [2024-05-27T01:45:40.521+0000] {dag.py:3954} INFO - Setting next_dagrun for example_branch_labels to 2024-05-26 00:00:00+00:00, run_after=2024-05-27 00:00:00+00:00
[2024-05-27T01:45:40.544+0000] {processor.py:183} INFO - Processing /home/airflow/.local/lib/python3.12/site-packages/airflow/example_dags/example_branch_labels.py took 0.098 seconds
[2024-05-27T01:46:11.137+0000] {processor.py:161} INFO - Started process (PID=899) to work on /home/airflow/.local/lib/python3.12/site-packages/airflow/example_dags/example_branch_labels.py
[2024-05-27T01:46:11.138+0000] {processor.py:830} INFO - Processing file /home/airflow/.local/lib/python3.12/site-packages/airflow/example_dags/example_branch_labels.py for tasks to queue
[2024-05-27T01:46:11.141+0000] {logging_mixin.py:188} INFO - [2024-05-27T01:46:11.140+0000] {dagbag.py:545} INFO - Filling up the DagBag from /home/airflow/.local/lib/python3.12/site-packages/airflow/example_dags/example_branch_labels.py
[2024-05-27T01:46:11.148+0000] {processor.py:840} INFO - DAG(s) 'example_branch_labels' retrieved from /home/airflow/.local/lib/python3.12/site-packages/airflow/example_dags/example_branch_labels.py
[2024-05-27T01:46:11.171+0000] {logging_mixin.py:188} INFO - [2024-05-27T01:46:11.170+0000] {dag.py:3096} INFO - Sync 1 DAGs
[2024-05-27T01:46:11.196+0000] {logging_mixin.py:188} INFO - [2024-05-27T01:46:11.196+0000] {dag.py:3954} INFO - Setting next_dagrun for example_branch_labels to 2024-05-26 00:00:00+00:00, run_after=2024-05-27 00:00:00+00:00
[2024-05-27T01:46:11.219+0000] {processor.py:183} INFO - Processing /home/airflow/.local/lib/python3.12/site-packages/airflow/example_dags/example_branch_labels.py took 0.088 seconds
[2024-05-27T01:48:42.480+0000] {processor.py:161} INFO - Started process (PID=30) to work on /home/airflow/.local/lib/python3.12/site-packages/airflow/example_dags/example_branch_labels.py
[2024-05-27T01:48:42.481+0000] {processor.py:830} INFO - Processing file /home/airflow/.local/lib/python3.12/site-packages/airflow/example_dags/example_branch_labels.py for tasks to queue
[2024-05-27T01:48:42.485+0000] {logging_mixin.py:188} INFO - [2024-05-27T01:48:42.484+0000] {dagbag.py:545} INFO - Filling up the DagBag from /home/airflow/.local/lib/python3.12/site-packages/airflow/example_dags/example_branch_labels.py
[2024-05-27T01:48:42.506+0000] {processor.py:840} INFO - DAG(s) 'example_branch_labels' retrieved from /home/airflow/.local/lib/python3.12/site-packages/airflow/example_dags/example_branch_labels.py
[2024-05-27T01:48:42.553+0000] {logging_mixin.py:188} INFO - [2024-05-27T01:48:42.553+0000] {dag.py:3096} INFO - Sync 1 DAGs
[2024-05-27T01:48:42.584+0000] {logging_mixin.py:188} INFO - [2024-05-27T01:48:42.583+0000] {dag.py:3954} INFO - Setting next_dagrun for example_branch_labels to 2024-05-26 00:00:00+00:00, run_after=2024-05-27 00:00:00+00:00
[2024-05-27T01:48:42.644+0000] {processor.py:183} INFO - Processing /home/airflow/.local/lib/python3.12/site-packages/airflow/example_dags/example_branch_labels.py took 0.171 seconds
[2024-05-27T01:49:12.789+0000] {processor.py:161} INFO - Started process (PID=88) to work on /home/airflow/.local/lib/python3.12/site-packages/airflow/example_dags/example_branch_labels.py
[2024-05-27T01:49:12.790+0000] {processor.py:830} INFO - Processing file /home/airflow/.local/lib/python3.12/site-packages/airflow/example_dags/example_branch_labels.py for tasks to queue
[2024-05-27T01:49:12.792+0000] {logging_mixin.py:188} INFO - [2024-05-27T01:49:12.792+0000] {dagbag.py:545} INFO - Filling up the DagBag from /home/airflow/.local/lib/python3.12/site-packages/airflow/example_dags/example_branch_labels.py
[2024-05-27T01:49:12.799+0000] {processor.py:840} INFO - DAG(s) 'example_branch_labels' retrieved from /home/airflow/.local/lib/python3.12/site-packages/airflow/example_dags/example_branch_labels.py
[2024-05-27T01:49:12.893+0000] {logging_mixin.py:188} INFO - [2024-05-27T01:49:12.893+0000] {dag.py:3096} INFO - Sync 1 DAGs
[2024-05-27T01:49:12.911+0000] {logging_mixin.py:188} INFO - [2024-05-27T01:49:12.911+0000] {dag.py:3954} INFO - Setting next_dagrun for example_branch_labels to 2024-05-26 00:00:00+00:00, run_after=2024-05-27 00:00:00+00:00
[2024-05-27T01:49:12.934+0000] {processor.py:183} INFO - Processing /home/airflow/.local/lib/python3.12/site-packages/airflow/example_dags/example_branch_labels.py took 0.151 seconds
[2024-05-27T13:32:46.048+0000] {processor.py:161} INFO - Started process (PID=30) to work on /home/airflow/.local/lib/python3.12/site-packages/airflow/example_dags/example_branch_labels.py
[2024-05-27T13:32:46.050+0000] {processor.py:830} INFO - Processing file /home/airflow/.local/lib/python3.12/site-packages/airflow/example_dags/example_branch_labels.py for tasks to queue
[2024-05-27T13:32:46.053+0000] {logging_mixin.py:188} INFO - [2024-05-27T13:32:46.052+0000] {dagbag.py:545} INFO - Filling up the DagBag from /home/airflow/.local/lib/python3.12/site-packages/airflow/example_dags/example_branch_labels.py
[2024-05-27T13:32:46.071+0000] {processor.py:840} INFO - DAG(s) 'example_branch_labels' retrieved from /home/airflow/.local/lib/python3.12/site-packages/airflow/example_dags/example_branch_labels.py
[2024-05-27T13:32:46.130+0000] {logging_mixin.py:188} INFO - [2024-05-27T13:32:46.130+0000] {dag.py:3096} INFO - Sync 1 DAGs
[2024-05-27T13:32:46.166+0000] {logging_mixin.py:188} INFO - [2024-05-27T13:32:46.166+0000] {dag.py:3954} INFO - Setting next_dagrun for example_branch_labels to 2024-05-26 00:00:00+00:00, run_after=2024-05-27 00:00:00+00:00
[2024-05-27T13:32:46.192+0000] {processor.py:183} INFO - Processing /home/airflow/.local/lib/python3.12/site-packages/airflow/example_dags/example_branch_labels.py took 0.152 seconds
[2024-05-27T13:33:16.656+0000] {processor.py:161} INFO - Started process (PID=87) to work on /home/airflow/.local/lib/python3.12/site-packages/airflow/example_dags/example_branch_labels.py
[2024-05-27T13:33:16.657+0000] {processor.py:830} INFO - Processing file /home/airflow/.local/lib/python3.12/site-packages/airflow/example_dags/example_branch_labels.py for tasks to queue
[2024-05-27T13:33:16.659+0000] {logging_mixin.py:188} INFO - [2024-05-27T13:33:16.658+0000] {dagbag.py:545} INFO - Filling up the DagBag from /home/airflow/.local/lib/python3.12/site-packages/airflow/example_dags/example_branch_labels.py
[2024-05-27T13:33:16.666+0000] {processor.py:840} INFO - DAG(s) 'example_branch_labels' retrieved from /home/airflow/.local/lib/python3.12/site-packages/airflow/example_dags/example_branch_labels.py
[2024-05-27T13:33:16.684+0000] {logging_mixin.py:188} INFO - [2024-05-27T13:33:16.683+0000] {dag.py:3096} INFO - Sync 1 DAGs
[2024-05-27T13:33:16.706+0000] {logging_mixin.py:188} INFO - [2024-05-27T13:33:16.705+0000] {dag.py:3954} INFO - Setting next_dagrun for example_branch_labels to 2024-05-26 00:00:00+00:00, run_after=2024-05-27 00:00:00+00:00
[2024-05-27T13:33:16.726+0000] {processor.py:183} INFO - Processing /home/airflow/.local/lib/python3.12/site-packages/airflow/example_dags/example_branch_labels.py took 0.076 seconds
[2024-05-27T14:22:34.453+0000] {processor.py:161} INFO - Started process (PID=51) to work on /home/airflow/.local/lib/python3.12/site-packages/airflow/example_dags/example_branch_labels.py
[2024-05-27T14:22:34.454+0000] {processor.py:830} INFO - Processing file /home/airflow/.local/lib/python3.12/site-packages/airflow/example_dags/example_branch_labels.py for tasks to queue
[2024-05-27T14:22:34.458+0000] {logging_mixin.py:188} INFO - [2024-05-27T14:22:34.458+0000] {dagbag.py:545} INFO - Filling up the DagBag from /home/airflow/.local/lib/python3.12/site-packages/airflow/example_dags/example_branch_labels.py
[2024-05-27T14:22:34.473+0000] {processor.py:840} INFO - DAG(s) 'example_branch_labels' retrieved from /home/airflow/.local/lib/python3.12/site-packages/airflow/example_dags/example_branch_labels.py
[2024-05-27T14:22:34.677+0000] {logging_mixin.py:188} INFO - [2024-05-27T14:22:34.677+0000] {override.py:1829} INFO - Created Permission View: can edit on DAG:example_branch_labels
[2024-05-27T14:22:34.707+0000] {logging_mixin.py:188} INFO - [2024-05-27T14:22:34.706+0000] {override.py:1829} INFO - Created Permission View: can delete on DAG:example_branch_labels
[2024-05-27T14:22:34.729+0000] {logging_mixin.py:188} INFO - [2024-05-27T14:22:34.729+0000] {override.py:1829} INFO - Created Permission View: can read on DAG:example_branch_labels
[2024-05-27T14:22:34.732+0000] {logging_mixin.py:188} INFO - [2024-05-27T14:22:34.732+0000] {dag.py:3096} INFO - Sync 1 DAGs
[2024-05-27T14:22:34.763+0000] {logging_mixin.py:188} INFO - [2024-05-27T14:22:34.763+0000] {dag.py:3118} INFO - Creating ORM DAG for example_branch_labels
[2024-05-27T14:22:34.802+0000] {logging_mixin.py:188} INFO - [2024-05-27T14:22:34.801+0000] {dag.py:3954} INFO - Setting next_dagrun for example_branch_labels to 2024-05-26 00:00:00+00:00, run_after=2024-05-27 00:00:00+00:00
[2024-05-27T14:22:34.853+0000] {processor.py:183} INFO - Processing /home/airflow/.local/lib/python3.12/site-packages/airflow/example_dags/example_branch_labels.py took 0.413 seconds
[2024-05-27T14:26:25.790+0000] {processor.py:161} INFO - Started process (PID=122) to work on /home/airflow/.local/lib/python3.12/site-packages/airflow/example_dags/example_branch_labels.py
[2024-05-27T14:26:25.793+0000] {processor.py:830} INFO - Processing file /home/airflow/.local/lib/python3.12/site-packages/airflow/example_dags/example_branch_labels.py for tasks to queue
[2024-05-27T14:26:25.795+0000] {logging_mixin.py:188} INFO - [2024-05-27T14:26:25.795+0000] {dagbag.py:545} INFO - Filling up the DagBag from /home/airflow/.local/lib/python3.12/site-packages/airflow/example_dags/example_branch_labels.py
[2024-05-27T14:26:25.813+0000] {processor.py:840} INFO - DAG(s) 'example_branch_labels' retrieved from /home/airflow/.local/lib/python3.12/site-packages/airflow/example_dags/example_branch_labels.py
[2024-05-27T14:26:25.862+0000] {logging_mixin.py:188} INFO - [2024-05-27T14:26:25.862+0000] {dag.py:3096} INFO - Sync 1 DAGs
[2024-05-27T14:26:25.907+0000] {logging_mixin.py:188} INFO - [2024-05-27T14:26:25.907+0000] {dag.py:3954} INFO - Setting next_dagrun for example_branch_labels to 2024-05-26 00:00:00+00:00, run_after=2024-05-27 00:00:00+00:00
[2024-05-27T14:26:25.945+0000] {processor.py:183} INFO - Processing /home/airflow/.local/lib/python3.12/site-packages/airflow/example_dags/example_branch_labels.py took 0.168 seconds
[2024-05-27T14:26:56.466+0000] {processor.py:161} INFO - Started process (PID=180) to work on /home/airflow/.local/lib/python3.12/site-packages/airflow/example_dags/example_branch_labels.py
[2024-05-27T14:26:56.467+0000] {processor.py:830} INFO - Processing file /home/airflow/.local/lib/python3.12/site-packages/airflow/example_dags/example_branch_labels.py for tasks to queue
[2024-05-27T14:26:56.469+0000] {logging_mixin.py:188} INFO - [2024-05-27T14:26:56.468+0000] {dagbag.py:545} INFO - Filling up the DagBag from /home/airflow/.local/lib/python3.12/site-packages/airflow/example_dags/example_branch_labels.py
[2024-05-27T14:26:56.481+0000] {processor.py:840} INFO - DAG(s) 'example_branch_labels' retrieved from /home/airflow/.local/lib/python3.12/site-packages/airflow/example_dags/example_branch_labels.py
[2024-05-27T14:26:56.509+0000] {logging_mixin.py:188} INFO - [2024-05-27T14:26:56.508+0000] {dag.py:3096} INFO - Sync 1 DAGs
[2024-05-27T14:26:56.533+0000] {logging_mixin.py:188} INFO - [2024-05-27T14:26:56.533+0000] {dag.py:3954} INFO - Setting next_dagrun for example_branch_labels to 2024-05-26 00:00:00+00:00, run_after=2024-05-27 00:00:00+00:00
[2024-05-27T14:26:56.551+0000] {processor.py:183} INFO - Processing /home/airflow/.local/lib/python3.12/site-packages/airflow/example_dags/example_branch_labels.py took 0.093 seconds
[2024-05-27T17:32:25.941+0000] {processor.py:161} INFO - Started process (PID=48) to work on /home/airflow/.local/lib/python3.12/site-packages/airflow/example_dags/example_branch_labels.py
[2024-05-27T17:32:25.942+0000] {processor.py:830} INFO - Processing file /home/airflow/.local/lib/python3.12/site-packages/airflow/example_dags/example_branch_labels.py for tasks to queue
[2024-05-27T17:32:25.944+0000] {logging_mixin.py:188} INFO - [2024-05-27T17:32:25.944+0000] {dagbag.py:545} INFO - Filling up the DagBag from /home/airflow/.local/lib/python3.12/site-packages/airflow/example_dags/example_branch_labels.py
[2024-05-27T17:32:25.952+0000] {processor.py:840} INFO - DAG(s) 'example_branch_labels' retrieved from /home/airflow/.local/lib/python3.12/site-packages/airflow/example_dags/example_branch_labels.py
[2024-05-27T17:32:25.964+0000] {logging_mixin.py:188} INFO - [2024-05-27T17:32:25.964+0000] {dag.py:3096} INFO - Sync 1 DAGs
[2024-05-27T17:32:25.991+0000] {logging_mixin.py:188} INFO - [2024-05-27T17:32:25.991+0000] {dag.py:3954} INFO - Setting next_dagrun for example_branch_labels to 2024-05-26 00:00:00+00:00, run_after=2024-05-27 00:00:00+00:00
[2024-05-27T17:32:26.010+0000] {processor.py:183} INFO - Processing /home/airflow/.local/lib/python3.12/site-packages/airflow/example_dags/example_branch_labels.py took 0.074 seconds
[2024-05-27T17:32:56.669+0000] {processor.py:161} INFO - Started process (PID=106) to work on /home/airflow/.local/lib/python3.12/site-packages/airflow/example_dags/example_branch_labels.py
[2024-05-27T17:32:56.670+0000] {processor.py:830} INFO - Processing file /home/airflow/.local/lib/python3.12/site-packages/airflow/example_dags/example_branch_labels.py for tasks to queue
[2024-05-27T17:32:56.672+0000] {logging_mixin.py:188} INFO - [2024-05-27T17:32:56.672+0000] {dagbag.py:545} INFO - Filling up the DagBag from /home/airflow/.local/lib/python3.12/site-packages/airflow/example_dags/example_branch_labels.py
[2024-05-27T17:32:56.679+0000] {processor.py:840} INFO - DAG(s) 'example_branch_labels' retrieved from /home/airflow/.local/lib/python3.12/site-packages/airflow/example_dags/example_branch_labels.py
[2024-05-27T17:32:56.769+0000] {logging_mixin.py:188} INFO - [2024-05-27T17:32:56.769+0000] {dag.py:3096} INFO - Sync 1 DAGs
[2024-05-27T17:32:56.788+0000] {logging_mixin.py:188} INFO - [2024-05-27T17:32:56.788+0000] {dag.py:3954} INFO - Setting next_dagrun for example_branch_labels to 2024-05-26 00:00:00+00:00, run_after=2024-05-27 00:00:00+00:00
[2024-05-27T17:32:56.805+0000] {processor.py:183} INFO - Processing /home/airflow/.local/lib/python3.12/site-packages/airflow/example_dags/example_branch_labels.py took 0.141 seconds
[2024-05-27T17:33:27.274+0000] {processor.py:161} INFO - Started process (PID=164) to work on /home/airflow/.local/lib/python3.12/site-packages/airflow/example_dags/example_branch_labels.py
[2024-05-27T17:33:27.275+0000] {processor.py:830} INFO - Processing file /home/airflow/.local/lib/python3.12/site-packages/airflow/example_dags/example_branch_labels.py for tasks to queue
[2024-05-27T17:33:27.277+0000] {logging_mixin.py:188} INFO - [2024-05-27T17:33:27.277+0000] {dagbag.py:545} INFO - Filling up the DagBag from /home/airflow/.local/lib/python3.12/site-packages/airflow/example_dags/example_branch_labels.py
[2024-05-27T17:33:27.285+0000] {processor.py:840} INFO - DAG(s) 'example_branch_labels' retrieved from /home/airflow/.local/lib/python3.12/site-packages/airflow/example_dags/example_branch_labels.py
[2024-05-27T17:33:27.305+0000] {logging_mixin.py:188} INFO - [2024-05-27T17:33:27.304+0000] {dag.py:3096} INFO - Sync 1 DAGs
[2024-05-27T17:33:27.325+0000] {logging_mixin.py:188} INFO - [2024-05-27T17:33:27.325+0000] {dag.py:3954} INFO - Setting next_dagrun for example_branch_labels to 2024-05-26 00:00:00+00:00, run_after=2024-05-27 00:00:00+00:00
[2024-05-27T17:33:27.343+0000] {processor.py:183} INFO - Processing /home/airflow/.local/lib/python3.12/site-packages/airflow/example_dags/example_branch_labels.py took 0.074 seconds
[2024-05-27T17:33:57.560+0000] {processor.py:161} INFO - Started process (PID=222) to work on /home/airflow/.local/lib/python3.12/site-packages/airflow/example_dags/example_branch_labels.py
[2024-05-27T17:33:57.563+0000] {processor.py:830} INFO - Processing file /home/airflow/.local/lib/python3.12/site-packages/airflow/example_dags/example_branch_labels.py for tasks to queue
[2024-05-27T17:33:57.565+0000] {logging_mixin.py:188} INFO - [2024-05-27T17:33:57.565+0000] {dagbag.py:545} INFO - Filling up the DagBag from /home/airflow/.local/lib/python3.12/site-packages/airflow/example_dags/example_branch_labels.py
[2024-05-27T17:33:57.574+0000] {processor.py:840} INFO - DAG(s) 'example_branch_labels' retrieved from /home/airflow/.local/lib/python3.12/site-packages/airflow/example_dags/example_branch_labels.py
[2024-05-27T17:33:57.593+0000] {logging_mixin.py:188} INFO - [2024-05-27T17:33:57.592+0000] {dag.py:3096} INFO - Sync 1 DAGs
[2024-05-27T17:33:57.614+0000] {logging_mixin.py:188} INFO - [2024-05-27T17:33:57.614+0000] {dag.py:3954} INFO - Setting next_dagrun for example_branch_labels to 2024-05-26 00:00:00+00:00, run_after=2024-05-27 00:00:00+00:00
[2024-05-27T17:33:57.631+0000] {processor.py:183} INFO - Processing /home/airflow/.local/lib/python3.12/site-packages/airflow/example_dags/example_branch_labels.py took 0.075 seconds
[2024-05-27T17:34:27.887+0000] {processor.py:161} INFO - Started process (PID=280) to work on /home/airflow/.local/lib/python3.12/site-packages/airflow/example_dags/example_branch_labels.py
[2024-05-27T17:34:27.888+0000] {processor.py:830} INFO - Processing file /home/airflow/.local/lib/python3.12/site-packages/airflow/example_dags/example_branch_labels.py for tasks to queue
[2024-05-27T17:34:27.891+0000] {logging_mixin.py:188} INFO - [2024-05-27T17:34:27.890+0000] {dagbag.py:545} INFO - Filling up the DagBag from /home/airflow/.local/lib/python3.12/site-packages/airflow/example_dags/example_branch_labels.py
[2024-05-27T17:34:27.900+0000] {processor.py:840} INFO - DAG(s) 'example_branch_labels' retrieved from /home/airflow/.local/lib/python3.12/site-packages/airflow/example_dags/example_branch_labels.py
[2024-05-27T17:34:27.921+0000] {logging_mixin.py:188} INFO - [2024-05-27T17:34:27.921+0000] {dag.py:3096} INFO - Sync 1 DAGs
[2024-05-27T17:34:27.952+0000] {logging_mixin.py:188} INFO - [2024-05-27T17:34:27.952+0000] {dag.py:3954} INFO - Setting next_dagrun for example_branch_labels to 2024-05-26 00:00:00+00:00, run_after=2024-05-27 00:00:00+00:00
[2024-05-27T17:34:27.975+0000] {processor.py:183} INFO - Processing /home/airflow/.local/lib/python3.12/site-packages/airflow/example_dags/example_branch_labels.py took 0.095 seconds
[2024-05-27T17:34:58.716+0000] {processor.py:161} INFO - Started process (PID=338) to work on /home/airflow/.local/lib/python3.12/site-packages/airflow/example_dags/example_branch_labels.py
[2024-05-27T17:34:58.716+0000] {processor.py:830} INFO - Processing file /home/airflow/.local/lib/python3.12/site-packages/airflow/example_dags/example_branch_labels.py for tasks to queue
[2024-05-27T17:34:58.718+0000] {logging_mixin.py:188} INFO - [2024-05-27T17:34:58.718+0000] {dagbag.py:545} INFO - Filling up the DagBag from /home/airflow/.local/lib/python3.12/site-packages/airflow/example_dags/example_branch_labels.py
[2024-05-27T17:34:58.725+0000] {processor.py:840} INFO - DAG(s) 'example_branch_labels' retrieved from /home/airflow/.local/lib/python3.12/site-packages/airflow/example_dags/example_branch_labels.py
[2024-05-27T17:34:58.744+0000] {logging_mixin.py:188} INFO - [2024-05-27T17:34:58.743+0000] {dag.py:3096} INFO - Sync 1 DAGs
[2024-05-27T17:34:58.765+0000] {logging_mixin.py:188} INFO - [2024-05-27T17:34:58.764+0000] {dag.py:3954} INFO - Setting next_dagrun for example_branch_labels to 2024-05-26 00:00:00+00:00, run_after=2024-05-27 00:00:00+00:00
[2024-05-27T17:34:58.782+0000] {processor.py:183} INFO - Processing /home/airflow/.local/lib/python3.12/site-packages/airflow/example_dags/example_branch_labels.py took 0.072 seconds
[2024-05-27T17:35:29.040+0000] {processor.py:161} INFO - Started process (PID=396) to work on /home/airflow/.local/lib/python3.12/site-packages/airflow/example_dags/example_branch_labels.py
[2024-05-27T17:35:29.041+0000] {processor.py:830} INFO - Processing file /home/airflow/.local/lib/python3.12/site-packages/airflow/example_dags/example_branch_labels.py for tasks to queue
[2024-05-27T17:35:29.044+0000] {logging_mixin.py:188} INFO - [2024-05-27T17:35:29.044+0000] {dagbag.py:545} INFO - Filling up the DagBag from /home/airflow/.local/lib/python3.12/site-packages/airflow/example_dags/example_branch_labels.py
[2024-05-27T17:35:29.053+0000] {processor.py:840} INFO - DAG(s) 'example_branch_labels' retrieved from /home/airflow/.local/lib/python3.12/site-packages/airflow/example_dags/example_branch_labels.py
[2024-05-27T17:35:29.071+0000] {logging_mixin.py:188} INFO - [2024-05-27T17:35:29.071+0000] {dag.py:3096} INFO - Sync 1 DAGs
[2024-05-27T17:35:29.097+0000] {logging_mixin.py:188} INFO - [2024-05-27T17:35:29.097+0000] {dag.py:3954} INFO - Setting next_dagrun for example_branch_labels to 2024-05-26 00:00:00+00:00, run_after=2024-05-27 00:00:00+00:00
[2024-05-27T17:35:29.116+0000] {processor.py:183} INFO - Processing /home/airflow/.local/lib/python3.12/site-packages/airflow/example_dags/example_branch_labels.py took 0.083 seconds
[2024-05-27T17:35:59.688+0000] {processor.py:161} INFO - Started process (PID=459) to work on /home/airflow/.local/lib/python3.12/site-packages/airflow/example_dags/example_branch_labels.py
[2024-05-27T17:35:59.689+0000] {processor.py:830} INFO - Processing file /home/airflow/.local/lib/python3.12/site-packages/airflow/example_dags/example_branch_labels.py for tasks to queue
[2024-05-27T17:35:59.691+0000] {logging_mixin.py:188} INFO - [2024-05-27T17:35:59.691+0000] {dagbag.py:545} INFO - Filling up the DagBag from /home/airflow/.local/lib/python3.12/site-packages/airflow/example_dags/example_branch_labels.py
[2024-05-27T17:35:59.701+0000] {processor.py:840} INFO - DAG(s) 'example_branch_labels' retrieved from /home/airflow/.local/lib/python3.12/site-packages/airflow/example_dags/example_branch_labels.py
[2024-05-27T17:35:59.721+0000] {logging_mixin.py:188} INFO - [2024-05-27T17:35:59.721+0000] {dag.py:3096} INFO - Sync 1 DAGs
[2024-05-27T17:35:59.742+0000] {logging_mixin.py:188} INFO - [2024-05-27T17:35:59.742+0000] {dag.py:3954} INFO - Setting next_dagrun for example_branch_labels to 2024-05-26 00:00:00+00:00, run_after=2024-05-27 00:00:00+00:00
[2024-05-27T17:35:59.759+0000] {processor.py:183} INFO - Processing /home/airflow/.local/lib/python3.12/site-packages/airflow/example_dags/example_branch_labels.py took 0.078 seconds
[2024-05-27T17:36:30.379+0000] {processor.py:161} INFO - Started process (PID=517) to work on /home/airflow/.local/lib/python3.12/site-packages/airflow/example_dags/example_branch_labels.py
[2024-05-27T17:36:30.380+0000] {processor.py:830} INFO - Processing file /home/airflow/.local/lib/python3.12/site-packages/airflow/example_dags/example_branch_labels.py for tasks to queue
[2024-05-27T17:36:30.382+0000] {logging_mixin.py:188} INFO - [2024-05-27T17:36:30.382+0000] {dagbag.py:545} INFO - Filling up the DagBag from /home/airflow/.local/lib/python3.12/site-packages/airflow/example_dags/example_branch_labels.py
[2024-05-27T17:36:30.389+0000] {processor.py:840} INFO - DAG(s) 'example_branch_labels' retrieved from /home/airflow/.local/lib/python3.12/site-packages/airflow/example_dags/example_branch_labels.py
[2024-05-27T17:36:30.409+0000] {logging_mixin.py:188} INFO - [2024-05-27T17:36:30.409+0000] {dag.py:3096} INFO - Sync 1 DAGs
[2024-05-27T17:36:30.434+0000] {logging_mixin.py:188} INFO - [2024-05-27T17:36:30.434+0000] {dag.py:3954} INFO - Setting next_dagrun for example_branch_labels to 2024-05-26 00:00:00+00:00, run_after=2024-05-27 00:00:00+00:00
[2024-05-27T17:36:30.454+0000] {processor.py:183} INFO - Processing /home/airflow/.local/lib/python3.12/site-packages/airflow/example_dags/example_branch_labels.py took 0.080 seconds
[2024-05-27T17:37:01.354+0000] {processor.py:161} INFO - Started process (PID=574) to work on /home/airflow/.local/lib/python3.12/site-packages/airflow/example_dags/example_branch_labels.py
[2024-05-27T17:37:01.355+0000] {processor.py:830} INFO - Processing file /home/airflow/.local/lib/python3.12/site-packages/airflow/example_dags/example_branch_labels.py for tasks to queue
[2024-05-27T17:37:01.357+0000] {logging_mixin.py:188} INFO - [2024-05-27T17:37:01.356+0000] {dagbag.py:545} INFO - Filling up the DagBag from /home/airflow/.local/lib/python3.12/site-packages/airflow/example_dags/example_branch_labels.py
[2024-05-27T17:37:01.366+0000] {processor.py:840} INFO - DAG(s) 'example_branch_labels' retrieved from /home/airflow/.local/lib/python3.12/site-packages/airflow/example_dags/example_branch_labels.py
[2024-05-27T17:37:01.393+0000] {logging_mixin.py:188} INFO - [2024-05-27T17:37:01.393+0000] {dag.py:3096} INFO - Sync 1 DAGs
[2024-05-27T17:37:01.428+0000] {logging_mixin.py:188} INFO - [2024-05-27T17:37:01.428+0000] {dag.py:3954} INFO - Setting next_dagrun for example_branch_labels to 2024-05-26 00:00:00+00:00, run_after=2024-05-27 00:00:00+00:00
[2024-05-27T17:37:01.449+0000] {processor.py:183} INFO - Processing /home/airflow/.local/lib/python3.12/site-packages/airflow/example_dags/example_branch_labels.py took 0.103 seconds
[2024-05-27T17:38:14.513+0000] {processor.py:161} INFO - Started process (PID=46) to work on /home/airflow/.local/lib/python3.12/site-packages/airflow/example_dags/example_branch_labels.py
[2024-05-27T17:38:14.514+0000] {processor.py:830} INFO - Processing file /home/airflow/.local/lib/python3.12/site-packages/airflow/example_dags/example_branch_labels.py for tasks to queue
[2024-05-27T17:38:14.516+0000] {logging_mixin.py:188} INFO - [2024-05-27T17:38:14.516+0000] {dagbag.py:545} INFO - Filling up the DagBag from /home/airflow/.local/lib/python3.12/site-packages/airflow/example_dags/example_branch_labels.py
[2024-05-27T17:38:14.523+0000] {processor.py:840} INFO - DAG(s) 'example_branch_labels' retrieved from /home/airflow/.local/lib/python3.12/site-packages/airflow/example_dags/example_branch_labels.py
[2024-05-27T17:38:14.547+0000] {logging_mixin.py:188} INFO - [2024-05-27T17:38:14.546+0000] {dag.py:3096} INFO - Sync 1 DAGs
[2024-05-27T17:38:14.570+0000] {logging_mixin.py:188} INFO - [2024-05-27T17:38:14.570+0000] {dag.py:3954} INFO - Setting next_dagrun for example_branch_labels to 2024-05-26 00:00:00+00:00, run_after=2024-05-27 00:00:00+00:00
[2024-05-27T17:38:14.591+0000] {processor.py:183} INFO - Processing /home/airflow/.local/lib/python3.12/site-packages/airflow/example_dags/example_branch_labels.py took 0.083 seconds
[2024-05-27T17:38:45.438+0000] {processor.py:161} INFO - Started process (PID=104) to work on /home/airflow/.local/lib/python3.12/site-packages/airflow/example_dags/example_branch_labels.py
[2024-05-27T17:38:45.439+0000] {processor.py:830} INFO - Processing file /home/airflow/.local/lib/python3.12/site-packages/airflow/example_dags/example_branch_labels.py for tasks to queue
[2024-05-27T17:38:45.441+0000] {logging_mixin.py:188} INFO - [2024-05-27T17:38:45.440+0000] {dagbag.py:545} INFO - Filling up the DagBag from /home/airflow/.local/lib/python3.12/site-packages/airflow/example_dags/example_branch_labels.py
[2024-05-27T17:38:45.448+0000] {processor.py:840} INFO - DAG(s) 'example_branch_labels' retrieved from /home/airflow/.local/lib/python3.12/site-packages/airflow/example_dags/example_branch_labels.py
[2024-05-27T17:38:45.562+0000] {logging_mixin.py:188} INFO - [2024-05-27T17:38:45.561+0000] {dag.py:3096} INFO - Sync 1 DAGs
[2024-05-27T17:38:45.582+0000] {logging_mixin.py:188} INFO - [2024-05-27T17:38:45.582+0000] {dag.py:3954} INFO - Setting next_dagrun for example_branch_labels to 2024-05-26 00:00:00+00:00, run_after=2024-05-27 00:00:00+00:00
[2024-05-27T17:38:45.603+0000] {processor.py:183} INFO - Processing /home/airflow/.local/lib/python3.12/site-packages/airflow/example_dags/example_branch_labels.py took 0.170 seconds
