[2024-05-27T01:38:37.203+0000] {processor.py:161} INFO - Started process (PID=61) to work on /home/airflow/.local/lib/python3.12/site-packages/airflow/example_dags/example_sla_dag.py
[2024-05-27T01:38:37.204+0000] {processor.py:830} INFO - Processing file /home/airflow/.local/lib/python3.12/site-packages/airflow/example_dags/example_sla_dag.py for tasks to queue
[2024-05-27T01:38:37.206+0000] {logging_mixin.py:188} INFO - [2024-05-27T01:38:37.205+0000] {dagbag.py:545} INFO - Filling up the DagBag from /home/airflow/.local/lib/python3.12/site-packages/airflow/example_dags/example_sla_dag.py
[2024-05-27T01:38:37.216+0000] {processor.py:840} INFO - DAG(s) 'example_sla_dag' retrieved from /home/airflow/.local/lib/python3.12/site-packages/airflow/example_dags/example_sla_dag.py
[2024-05-27T01:38:37.227+0000] {logging_mixin.py:188} INFO - [2024-05-27T01:38:37.226+0000] {dag.py:3096} INFO - Sync 1 DAGs
[2024-05-27T01:38:37.257+0000] {logging_mixin.py:188} INFO - [2024-05-27T01:38:37.257+0000] {dag.py:3954} INFO - Setting next_dagrun for example_sla_dag to 2024-05-27 01:36:00+00:00, run_after=2024-05-27 01:38:00+00:00
[2024-05-27T01:38:37.284+0000] {processor.py:183} INFO - Processing /home/airflow/.local/lib/python3.12/site-packages/airflow/example_dags/example_sla_dag.py took 0.086 seconds
[2024-05-27T01:39:08.096+0000] {processor.py:161} INFO - Started process (PID=119) to work on /home/airflow/.local/lib/python3.12/site-packages/airflow/example_dags/example_sla_dag.py
[2024-05-27T01:39:08.097+0000] {processor.py:830} INFO - Processing file /home/airflow/.local/lib/python3.12/site-packages/airflow/example_dags/example_sla_dag.py for tasks to queue
[2024-05-27T01:39:08.099+0000] {logging_mixin.py:188} INFO - [2024-05-27T01:39:08.099+0000] {dagbag.py:545} INFO - Filling up the DagBag from /home/airflow/.local/lib/python3.12/site-packages/airflow/example_dags/example_sla_dag.py
[2024-05-27T01:39:08.109+0000] {processor.py:840} INFO - DAG(s) 'example_sla_dag' retrieved from /home/airflow/.local/lib/python3.12/site-packages/airflow/example_dags/example_sla_dag.py
[2024-05-27T01:39:08.200+0000] {logging_mixin.py:188} INFO - [2024-05-27T01:39:08.200+0000] {dag.py:3096} INFO - Sync 1 DAGs
[2024-05-27T01:39:08.221+0000] {logging_mixin.py:188} INFO - [2024-05-27T01:39:08.221+0000] {dag.py:3954} INFO - Setting next_dagrun for example_sla_dag to 2024-05-27 01:36:00+00:00, run_after=2024-05-27 01:38:00+00:00
[2024-05-27T01:39:08.238+0000] {processor.py:183} INFO - Processing /home/airflow/.local/lib/python3.12/site-packages/airflow/example_dags/example_sla_dag.py took 0.147 seconds
[2024-05-27T01:39:38.802+0000] {processor.py:161} INFO - Started process (PID=177) to work on /home/airflow/.local/lib/python3.12/site-packages/airflow/example_dags/example_sla_dag.py
[2024-05-27T01:39:38.803+0000] {processor.py:830} INFO - Processing file /home/airflow/.local/lib/python3.12/site-packages/airflow/example_dags/example_sla_dag.py for tasks to queue
[2024-05-27T01:39:38.805+0000] {logging_mixin.py:188} INFO - [2024-05-27T01:39:38.805+0000] {dagbag.py:545} INFO - Filling up the DagBag from /home/airflow/.local/lib/python3.12/site-packages/airflow/example_dags/example_sla_dag.py
[2024-05-27T01:39:38.813+0000] {processor.py:840} INFO - DAG(s) 'example_sla_dag' retrieved from /home/airflow/.local/lib/python3.12/site-packages/airflow/example_dags/example_sla_dag.py
[2024-05-27T01:39:38.841+0000] {logging_mixin.py:188} INFO - [2024-05-27T01:39:38.841+0000] {dag.py:3096} INFO - Sync 1 DAGs
[2024-05-27T01:39:38.868+0000] {logging_mixin.py:188} INFO - [2024-05-27T01:39:38.867+0000] {dag.py:3954} INFO - Setting next_dagrun for example_sla_dag to 2024-05-27 01:36:00+00:00, run_after=2024-05-27 01:38:00+00:00
[2024-05-27T01:39:38.885+0000] {processor.py:183} INFO - Processing /home/airflow/.local/lib/python3.12/site-packages/airflow/example_dags/example_sla_dag.py took 0.088 seconds
[2024-05-27T01:40:09.008+0000] {processor.py:161} INFO - Started process (PID=235) to work on /home/airflow/.local/lib/python3.12/site-packages/airflow/example_dags/example_sla_dag.py
[2024-05-27T01:40:09.008+0000] {processor.py:830} INFO - Processing file /home/airflow/.local/lib/python3.12/site-packages/airflow/example_dags/example_sla_dag.py for tasks to queue
[2024-05-27T01:40:09.010+0000] {logging_mixin.py:188} INFO - [2024-05-27T01:40:09.010+0000] {dagbag.py:545} INFO - Filling up the DagBag from /home/airflow/.local/lib/python3.12/site-packages/airflow/example_dags/example_sla_dag.py
[2024-05-27T01:40:09.018+0000] {processor.py:840} INFO - DAG(s) 'example_sla_dag' retrieved from /home/airflow/.local/lib/python3.12/site-packages/airflow/example_dags/example_sla_dag.py
[2024-05-27T01:40:09.035+0000] {logging_mixin.py:188} INFO - [2024-05-27T01:40:09.035+0000] {dag.py:3096} INFO - Sync 1 DAGs
[2024-05-27T01:40:09.059+0000] {logging_mixin.py:188} INFO - [2024-05-27T01:40:09.059+0000] {dag.py:3954} INFO - Setting next_dagrun for example_sla_dag to 2024-05-27 01:38:00+00:00, run_after=2024-05-27 01:40:00+00:00
[2024-05-27T01:40:09.077+0000] {processor.py:183} INFO - Processing /home/airflow/.local/lib/python3.12/site-packages/airflow/example_dags/example_sla_dag.py took 0.075 seconds
[2024-05-27T01:40:39.242+0000] {processor.py:161} INFO - Started process (PID=293) to work on /home/airflow/.local/lib/python3.12/site-packages/airflow/example_dags/example_sla_dag.py
[2024-05-27T01:40:39.243+0000] {processor.py:830} INFO - Processing file /home/airflow/.local/lib/python3.12/site-packages/airflow/example_dags/example_sla_dag.py for tasks to queue
[2024-05-27T01:40:39.245+0000] {logging_mixin.py:188} INFO - [2024-05-27T01:40:39.245+0000] {dagbag.py:545} INFO - Filling up the DagBag from /home/airflow/.local/lib/python3.12/site-packages/airflow/example_dags/example_sla_dag.py
[2024-05-27T01:40:39.254+0000] {processor.py:840} INFO - DAG(s) 'example_sla_dag' retrieved from /home/airflow/.local/lib/python3.12/site-packages/airflow/example_dags/example_sla_dag.py
[2024-05-27T01:40:39.275+0000] {logging_mixin.py:188} INFO - [2024-05-27T01:40:39.274+0000] {dag.py:3096} INFO - Sync 1 DAGs
[2024-05-27T01:40:39.301+0000] {logging_mixin.py:188} INFO - [2024-05-27T01:40:39.300+0000] {dag.py:3954} INFO - Setting next_dagrun for example_sla_dag to 2024-05-27 01:38:00+00:00, run_after=2024-05-27 01:40:00+00:00
[2024-05-27T01:40:39.323+0000] {processor.py:183} INFO - Processing /home/airflow/.local/lib/python3.12/site-packages/airflow/example_dags/example_sla_dag.py took 0.089 seconds
[2024-05-27T01:41:09.419+0000] {processor.py:161} INFO - Started process (PID=351) to work on /home/airflow/.local/lib/python3.12/site-packages/airflow/example_dags/example_sla_dag.py
[2024-05-27T01:41:09.420+0000] {processor.py:830} INFO - Processing file /home/airflow/.local/lib/python3.12/site-packages/airflow/example_dags/example_sla_dag.py for tasks to queue
[2024-05-27T01:41:09.422+0000] {logging_mixin.py:188} INFO - [2024-05-27T01:41:09.421+0000] {dagbag.py:545} INFO - Filling up the DagBag from /home/airflow/.local/lib/python3.12/site-packages/airflow/example_dags/example_sla_dag.py
[2024-05-27T01:41:09.430+0000] {processor.py:840} INFO - DAG(s) 'example_sla_dag' retrieved from /home/airflow/.local/lib/python3.12/site-packages/airflow/example_dags/example_sla_dag.py
[2024-05-27T01:41:09.447+0000] {logging_mixin.py:188} INFO - [2024-05-27T01:41:09.447+0000] {dag.py:3096} INFO - Sync 1 DAGs
[2024-05-27T01:41:09.474+0000] {logging_mixin.py:188} INFO - [2024-05-27T01:41:09.473+0000] {dag.py:3954} INFO - Setting next_dagrun for example_sla_dag to 2024-05-27 01:38:00+00:00, run_after=2024-05-27 01:40:00+00:00
[2024-05-27T01:41:09.496+0000] {processor.py:183} INFO - Processing /home/airflow/.local/lib/python3.12/site-packages/airflow/example_dags/example_sla_dag.py took 0.082 seconds
[2024-05-27T01:41:39.863+0000] {processor.py:161} INFO - Started process (PID=409) to work on /home/airflow/.local/lib/python3.12/site-packages/airflow/example_dags/example_sla_dag.py
[2024-05-27T01:41:39.865+0000] {processor.py:830} INFO - Processing file /home/airflow/.local/lib/python3.12/site-packages/airflow/example_dags/example_sla_dag.py for tasks to queue
[2024-05-27T01:41:39.867+0000] {logging_mixin.py:188} INFO - [2024-05-27T01:41:39.866+0000] {dagbag.py:545} INFO - Filling up the DagBag from /home/airflow/.local/lib/python3.12/site-packages/airflow/example_dags/example_sla_dag.py
[2024-05-27T01:41:39.879+0000] {processor.py:840} INFO - DAG(s) 'example_sla_dag' retrieved from /home/airflow/.local/lib/python3.12/site-packages/airflow/example_dags/example_sla_dag.py
[2024-05-27T01:41:39.900+0000] {logging_mixin.py:188} INFO - [2024-05-27T01:41:39.900+0000] {dag.py:3096} INFO - Sync 1 DAGs
[2024-05-27T01:41:39.928+0000] {logging_mixin.py:188} INFO - [2024-05-27T01:41:39.928+0000] {dag.py:3954} INFO - Setting next_dagrun for example_sla_dag to 2024-05-27 01:38:00+00:00, run_after=2024-05-27 01:40:00+00:00
[2024-05-27T01:41:39.948+0000] {processor.py:183} INFO - Processing /home/airflow/.local/lib/python3.12/site-packages/airflow/example_dags/example_sla_dag.py took 0.091 seconds
[2024-05-27T01:42:10.263+0000] {processor.py:161} INFO - Started process (PID=467) to work on /home/airflow/.local/lib/python3.12/site-packages/airflow/example_dags/example_sla_dag.py
[2024-05-27T01:42:10.264+0000] {processor.py:830} INFO - Processing file /home/airflow/.local/lib/python3.12/site-packages/airflow/example_dags/example_sla_dag.py for tasks to queue
[2024-05-27T01:42:10.266+0000] {logging_mixin.py:188} INFO - [2024-05-27T01:42:10.266+0000] {dagbag.py:545} INFO - Filling up the DagBag from /home/airflow/.local/lib/python3.12/site-packages/airflow/example_dags/example_sla_dag.py
[2024-05-27T01:42:10.280+0000] {processor.py:840} INFO - DAG(s) 'example_sla_dag' retrieved from /home/airflow/.local/lib/python3.12/site-packages/airflow/example_dags/example_sla_dag.py
[2024-05-27T01:42:10.309+0000] {logging_mixin.py:188} INFO - [2024-05-27T01:42:10.309+0000] {dag.py:3096} INFO - Sync 1 DAGs
[2024-05-27T01:42:10.344+0000] {logging_mixin.py:188} INFO - [2024-05-27T01:42:10.344+0000] {dag.py:3954} INFO - Setting next_dagrun for example_sla_dag to 2024-05-27 01:40:00+00:00, run_after=2024-05-27 01:42:00+00:00
[2024-05-27T01:42:10.369+0000] {processor.py:183} INFO - Processing /home/airflow/.local/lib/python3.12/site-packages/airflow/example_dags/example_sla_dag.py took 0.112 seconds
[2024-05-27T01:42:41.058+0000] {processor.py:161} INFO - Started process (PID=525) to work on /home/airflow/.local/lib/python3.12/site-packages/airflow/example_dags/example_sla_dag.py
[2024-05-27T01:42:41.058+0000] {processor.py:830} INFO - Processing file /home/airflow/.local/lib/python3.12/site-packages/airflow/example_dags/example_sla_dag.py for tasks to queue
[2024-05-27T01:42:41.060+0000] {logging_mixin.py:188} INFO - [2024-05-27T01:42:41.060+0000] {dagbag.py:545} INFO - Filling up the DagBag from /home/airflow/.local/lib/python3.12/site-packages/airflow/example_dags/example_sla_dag.py
[2024-05-27T01:42:41.069+0000] {processor.py:840} INFO - DAG(s) 'example_sla_dag' retrieved from /home/airflow/.local/lib/python3.12/site-packages/airflow/example_dags/example_sla_dag.py
[2024-05-27T01:42:41.089+0000] {logging_mixin.py:188} INFO - [2024-05-27T01:42:41.089+0000] {dag.py:3096} INFO - Sync 1 DAGs
[2024-05-27T01:42:41.119+0000] {logging_mixin.py:188} INFO - [2024-05-27T01:42:41.118+0000] {dag.py:3954} INFO - Setting next_dagrun for example_sla_dag to 2024-05-27 01:40:00+00:00, run_after=2024-05-27 01:42:00+00:00
[2024-05-27T01:42:41.144+0000] {processor.py:183} INFO - Processing /home/airflow/.local/lib/python3.12/site-packages/airflow/example_dags/example_sla_dag.py took 0.093 seconds
[2024-05-27T01:43:11.390+0000] {processor.py:161} INFO - Started process (PID=583) to work on /home/airflow/.local/lib/python3.12/site-packages/airflow/example_dags/example_sla_dag.py
[2024-05-27T01:43:11.392+0000] {processor.py:830} INFO - Processing file /home/airflow/.local/lib/python3.12/site-packages/airflow/example_dags/example_sla_dag.py for tasks to queue
[2024-05-27T01:43:11.395+0000] {logging_mixin.py:188} INFO - [2024-05-27T01:43:11.395+0000] {dagbag.py:545} INFO - Filling up the DagBag from /home/airflow/.local/lib/python3.12/site-packages/airflow/example_dags/example_sla_dag.py
[2024-05-27T01:43:11.404+0000] {processor.py:840} INFO - DAG(s) 'example_sla_dag' retrieved from /home/airflow/.local/lib/python3.12/site-packages/airflow/example_dags/example_sla_dag.py
[2024-05-27T01:43:11.427+0000] {logging_mixin.py:188} INFO - [2024-05-27T01:43:11.427+0000] {dag.py:3096} INFO - Sync 1 DAGs
[2024-05-27T01:43:11.464+0000] {logging_mixin.py:188} INFO - [2024-05-27T01:43:11.464+0000] {dag.py:3954} INFO - Setting next_dagrun for example_sla_dag to 2024-05-27 01:40:00+00:00, run_after=2024-05-27 01:42:00+00:00
[2024-05-27T01:43:11.486+0000] {processor.py:183} INFO - Processing /home/airflow/.local/lib/python3.12/site-packages/airflow/example_dags/example_sla_dag.py took 0.102 seconds
[2024-05-27T01:43:42.158+0000] {processor.py:161} INFO - Started process (PID=641) to work on /home/airflow/.local/lib/python3.12/site-packages/airflow/example_dags/example_sla_dag.py
[2024-05-27T01:43:42.159+0000] {processor.py:830} INFO - Processing file /home/airflow/.local/lib/python3.12/site-packages/airflow/example_dags/example_sla_dag.py for tasks to queue
[2024-05-27T01:43:42.161+0000] {logging_mixin.py:188} INFO - [2024-05-27T01:43:42.161+0000] {dagbag.py:545} INFO - Filling up the DagBag from /home/airflow/.local/lib/python3.12/site-packages/airflow/example_dags/example_sla_dag.py
[2024-05-27T01:43:42.169+0000] {processor.py:840} INFO - DAG(s) 'example_sla_dag' retrieved from /home/airflow/.local/lib/python3.12/site-packages/airflow/example_dags/example_sla_dag.py
[2024-05-27T01:43:42.193+0000] {logging_mixin.py:188} INFO - [2024-05-27T01:43:42.192+0000] {dag.py:3096} INFO - Sync 1 DAGs
[2024-05-27T01:43:42.217+0000] {logging_mixin.py:188} INFO - [2024-05-27T01:43:42.217+0000] {dag.py:3954} INFO - Setting next_dagrun for example_sla_dag to 2024-05-27 01:40:00+00:00, run_after=2024-05-27 01:42:00+00:00
[2024-05-27T01:43:42.236+0000] {processor.py:183} INFO - Processing /home/airflow/.local/lib/python3.12/site-packages/airflow/example_dags/example_sla_dag.py took 0.084 seconds
[2024-05-27T01:44:12.521+0000] {processor.py:161} INFO - Started process (PID=698) to work on /home/airflow/.local/lib/python3.12/site-packages/airflow/example_dags/example_sla_dag.py
[2024-05-27T01:44:12.522+0000] {processor.py:830} INFO - Processing file /home/airflow/.local/lib/python3.12/site-packages/airflow/example_dags/example_sla_dag.py for tasks to queue
[2024-05-27T01:44:12.524+0000] {logging_mixin.py:188} INFO - [2024-05-27T01:44:12.524+0000] {dagbag.py:545} INFO - Filling up the DagBag from /home/airflow/.local/lib/python3.12/site-packages/airflow/example_dags/example_sla_dag.py
[2024-05-27T01:44:12.532+0000] {processor.py:840} INFO - DAG(s) 'example_sla_dag' retrieved from /home/airflow/.local/lib/python3.12/site-packages/airflow/example_dags/example_sla_dag.py
[2024-05-27T01:44:12.548+0000] {logging_mixin.py:188} INFO - [2024-05-27T01:44:12.548+0000] {dag.py:3096} INFO - Sync 1 DAGs
[2024-05-27T01:44:12.572+0000] {logging_mixin.py:188} INFO - [2024-05-27T01:44:12.571+0000] {dag.py:3954} INFO - Setting next_dagrun for example_sla_dag to 2024-05-27 01:42:00+00:00, run_after=2024-05-27 01:44:00+00:00
[2024-05-27T01:44:12.591+0000] {processor.py:183} INFO - Processing /home/airflow/.local/lib/python3.12/site-packages/airflow/example_dags/example_sla_dag.py took 0.075 seconds
[2024-05-27T01:44:42.645+0000] {processor.py:161} INFO - Started process (PID=756) to work on /home/airflow/.local/lib/python3.12/site-packages/airflow/example_dags/example_sla_dag.py
[2024-05-27T01:44:42.645+0000] {processor.py:830} INFO - Processing file /home/airflow/.local/lib/python3.12/site-packages/airflow/example_dags/example_sla_dag.py for tasks to queue
[2024-05-27T01:44:42.647+0000] {logging_mixin.py:188} INFO - [2024-05-27T01:44:42.647+0000] {dagbag.py:545} INFO - Filling up the DagBag from /home/airflow/.local/lib/python3.12/site-packages/airflow/example_dags/example_sla_dag.py
[2024-05-27T01:44:42.654+0000] {processor.py:840} INFO - DAG(s) 'example_sla_dag' retrieved from /home/airflow/.local/lib/python3.12/site-packages/airflow/example_dags/example_sla_dag.py
[2024-05-27T01:44:42.671+0000] {logging_mixin.py:188} INFO - [2024-05-27T01:44:42.671+0000] {dag.py:3096} INFO - Sync 1 DAGs
[2024-05-27T01:44:42.692+0000] {logging_mixin.py:188} INFO - [2024-05-27T01:44:42.692+0000] {dag.py:3954} INFO - Setting next_dagrun for example_sla_dag to 2024-05-27 01:42:00+00:00, run_after=2024-05-27 01:44:00+00:00
[2024-05-27T01:44:42.709+0000] {processor.py:183} INFO - Processing /home/airflow/.local/lib/python3.12/site-packages/airflow/example_dags/example_sla_dag.py took 0.070 seconds
[2024-05-27T01:45:13.399+0000] {processor.py:161} INFO - Started process (PID=813) to work on /home/airflow/.local/lib/python3.12/site-packages/airflow/example_dags/example_sla_dag.py
[2024-05-27T01:45:13.400+0000] {processor.py:830} INFO - Processing file /home/airflow/.local/lib/python3.12/site-packages/airflow/example_dags/example_sla_dag.py for tasks to queue
[2024-05-27T01:45:13.403+0000] {logging_mixin.py:188} INFO - [2024-05-27T01:45:13.402+0000] {dagbag.py:545} INFO - Filling up the DagBag from /home/airflow/.local/lib/python3.12/site-packages/airflow/example_dags/example_sla_dag.py
[2024-05-27T01:45:13.414+0000] {processor.py:840} INFO - DAG(s) 'example_sla_dag' retrieved from /home/airflow/.local/lib/python3.12/site-packages/airflow/example_dags/example_sla_dag.py
[2024-05-27T01:45:13.437+0000] {logging_mixin.py:188} INFO - [2024-05-27T01:45:13.437+0000] {dag.py:3096} INFO - Sync 1 DAGs
[2024-05-27T01:45:13.468+0000] {logging_mixin.py:188} INFO - [2024-05-27T01:45:13.468+0000] {dag.py:3954} INFO - Setting next_dagrun for example_sla_dag to 2024-05-27 01:42:00+00:00, run_after=2024-05-27 01:44:00+00:00
[2024-05-27T01:45:13.487+0000] {processor.py:183} INFO - Processing /home/airflow/.local/lib/python3.12/site-packages/airflow/example_dags/example_sla_dag.py took 0.093 seconds
[2024-05-27T01:45:43.908+0000] {processor.py:161} INFO - Started process (PID=871) to work on /home/airflow/.local/lib/python3.12/site-packages/airflow/example_dags/example_sla_dag.py
[2024-05-27T01:45:43.909+0000] {processor.py:830} INFO - Processing file /home/airflow/.local/lib/python3.12/site-packages/airflow/example_dags/example_sla_dag.py for tasks to queue
[2024-05-27T01:45:43.910+0000] {logging_mixin.py:188} INFO - [2024-05-27T01:45:43.910+0000] {dagbag.py:545} INFO - Filling up the DagBag from /home/airflow/.local/lib/python3.12/site-packages/airflow/example_dags/example_sla_dag.py
[2024-05-27T01:45:43.917+0000] {processor.py:840} INFO - DAG(s) 'example_sla_dag' retrieved from /home/airflow/.local/lib/python3.12/site-packages/airflow/example_dags/example_sla_dag.py
[2024-05-27T01:45:43.935+0000] {logging_mixin.py:188} INFO - [2024-05-27T01:45:43.935+0000] {dag.py:3096} INFO - Sync 1 DAGs
[2024-05-27T01:45:43.964+0000] {logging_mixin.py:188} INFO - [2024-05-27T01:45:43.964+0000] {dag.py:3954} INFO - Setting next_dagrun for example_sla_dag to 2024-05-27 01:42:00+00:00, run_after=2024-05-27 01:44:00+00:00
[2024-05-27T01:45:43.982+0000] {processor.py:183} INFO - Processing /home/airflow/.local/lib/python3.12/site-packages/airflow/example_dags/example_sla_dag.py took 0.079 seconds
[2024-05-27T01:46:14.726+0000] {processor.py:161} INFO - Started process (PID=929) to work on /home/airflow/.local/lib/python3.12/site-packages/airflow/example_dags/example_sla_dag.py
[2024-05-27T01:46:14.727+0000] {processor.py:830} INFO - Processing file /home/airflow/.local/lib/python3.12/site-packages/airflow/example_dags/example_sla_dag.py for tasks to queue
[2024-05-27T01:46:14.729+0000] {logging_mixin.py:188} INFO - [2024-05-27T01:46:14.729+0000] {dagbag.py:545} INFO - Filling up the DagBag from /home/airflow/.local/lib/python3.12/site-packages/airflow/example_dags/example_sla_dag.py
[2024-05-27T01:46:14.737+0000] {processor.py:840} INFO - DAG(s) 'example_sla_dag' retrieved from /home/airflow/.local/lib/python3.12/site-packages/airflow/example_dags/example_sla_dag.py
[2024-05-27T01:46:14.755+0000] {logging_mixin.py:188} INFO - [2024-05-27T01:46:14.754+0000] {dag.py:3096} INFO - Sync 1 DAGs
[2024-05-27T01:46:14.778+0000] {logging_mixin.py:188} INFO - [2024-05-27T01:46:14.778+0000] {dag.py:3954} INFO - Setting next_dagrun for example_sla_dag to 2024-05-27 01:44:00+00:00, run_after=2024-05-27 01:46:00+00:00
[2024-05-27T01:46:14.794+0000] {processor.py:183} INFO - Processing /home/airflow/.local/lib/python3.12/site-packages/airflow/example_dags/example_sla_dag.py took 0.074 seconds
[2024-05-27T01:48:44.337+0000] {processor.py:161} INFO - Started process (PID=60) to work on /home/airflow/.local/lib/python3.12/site-packages/airflow/example_dags/example_sla_dag.py
[2024-05-27T01:48:44.339+0000] {processor.py:830} INFO - Processing file /home/airflow/.local/lib/python3.12/site-packages/airflow/example_dags/example_sla_dag.py for tasks to queue
[2024-05-27T01:48:44.341+0000] {logging_mixin.py:188} INFO - [2024-05-27T01:48:44.341+0000] {dagbag.py:545} INFO - Filling up the DagBag from /home/airflow/.local/lib/python3.12/site-packages/airflow/example_dags/example_sla_dag.py
[2024-05-27T01:48:44.350+0000] {processor.py:840} INFO - DAG(s) 'example_sla_dag' retrieved from /home/airflow/.local/lib/python3.12/site-packages/airflow/example_dags/example_sla_dag.py
[2024-05-27T01:48:44.360+0000] {logging_mixin.py:188} INFO - [2024-05-27T01:48:44.360+0000] {dag.py:3096} INFO - Sync 1 DAGs
[2024-05-27T01:48:44.387+0000] {logging_mixin.py:188} INFO - [2024-05-27T01:48:44.387+0000] {dag.py:3954} INFO - Setting next_dagrun for example_sla_dag to 2024-05-27 01:46:00+00:00, run_after=2024-05-27 01:48:00+00:00
[2024-05-27T01:48:44.404+0000] {processor.py:183} INFO - Processing /home/airflow/.local/lib/python3.12/site-packages/airflow/example_dags/example_sla_dag.py took 0.074 seconds
[2024-05-27T13:32:48.898+0000] {processor.py:161} INFO - Started process (PID=60) to work on /home/airflow/.local/lib/python3.12/site-packages/airflow/example_dags/example_sla_dag.py
[2024-05-27T13:32:48.899+0000] {processor.py:830} INFO - Processing file /home/airflow/.local/lib/python3.12/site-packages/airflow/example_dags/example_sla_dag.py for tasks to queue
[2024-05-27T13:32:48.901+0000] {logging_mixin.py:188} INFO - [2024-05-27T13:32:48.901+0000] {dagbag.py:545} INFO - Filling up the DagBag from /home/airflow/.local/lib/python3.12/site-packages/airflow/example_dags/example_sla_dag.py
[2024-05-27T13:32:48.910+0000] {processor.py:840} INFO - DAG(s) 'example_sla_dag' retrieved from /home/airflow/.local/lib/python3.12/site-packages/airflow/example_dags/example_sla_dag.py
[2024-05-27T13:32:49.002+0000] {logging_mixin.py:188} INFO - [2024-05-27T13:32:49.002+0000] {dag.py:3096} INFO - Sync 1 DAGs
[2024-05-27T13:32:49.025+0000] {logging_mixin.py:188} INFO - [2024-05-27T13:32:49.024+0000] {dag.py:3954} INFO - Setting next_dagrun for example_sla_dag to 2024-05-27 13:30:00+00:00, run_after=2024-05-27 13:32:00+00:00
[2024-05-27T13:32:49.041+0000] {processor.py:183} INFO - Processing /home/airflow/.local/lib/python3.12/site-packages/airflow/example_dags/example_sla_dag.py took 0.147 seconds
[2024-05-27T13:33:19.189+0000] {processor.py:161} INFO - Started process (PID=117) to work on /home/airflow/.local/lib/python3.12/site-packages/airflow/example_dags/example_sla_dag.py
[2024-05-27T13:33:19.189+0000] {processor.py:830} INFO - Processing file /home/airflow/.local/lib/python3.12/site-packages/airflow/example_dags/example_sla_dag.py for tasks to queue
[2024-05-27T13:33:19.191+0000] {logging_mixin.py:188} INFO - [2024-05-27T13:33:19.191+0000] {dagbag.py:545} INFO - Filling up the DagBag from /home/airflow/.local/lib/python3.12/site-packages/airflow/example_dags/example_sla_dag.py
[2024-05-27T13:33:19.199+0000] {processor.py:840} INFO - DAG(s) 'example_sla_dag' retrieved from /home/airflow/.local/lib/python3.12/site-packages/airflow/example_dags/example_sla_dag.py
[2024-05-27T13:33:19.221+0000] {logging_mixin.py:188} INFO - [2024-05-27T13:33:19.220+0000] {dag.py:3096} INFO - Sync 1 DAGs
[2024-05-27T13:33:19.247+0000] {logging_mixin.py:188} INFO - [2024-05-27T13:33:19.247+0000] {dag.py:3954} INFO - Setting next_dagrun for example_sla_dag to 2024-05-27 13:30:00+00:00, run_after=2024-05-27 13:32:00+00:00
[2024-05-27T13:33:19.267+0000] {processor.py:183} INFO - Processing /home/airflow/.local/lib/python3.12/site-packages/airflow/example_dags/example_sla_dag.py took 0.086 seconds
[2024-05-27T14:22:33.688+0000] {processor.py:161} INFO - Started process (PID=48) to work on /home/airflow/.local/lib/python3.12/site-packages/airflow/example_dags/example_sla_dag.py
[2024-05-27T14:22:33.693+0000] {processor.py:830} INFO - Processing file /home/airflow/.local/lib/python3.12/site-packages/airflow/example_dags/example_sla_dag.py for tasks to queue
[2024-05-27T14:22:33.699+0000] {logging_mixin.py:188} INFO - [2024-05-27T14:22:33.697+0000] {dagbag.py:545} INFO - Filling up the DagBag from /home/airflow/.local/lib/python3.12/site-packages/airflow/example_dags/example_sla_dag.py
[2024-05-27T14:22:33.721+0000] {processor.py:840} INFO - DAG(s) 'example_sla_dag' retrieved from /home/airflow/.local/lib/python3.12/site-packages/airflow/example_dags/example_sla_dag.py
[2024-05-27T14:22:34.004+0000] {logging_mixin.py:188} INFO - [2024-05-27T14:22:34.003+0000] {override.py:1829} INFO - Created Permission View: can edit on DAG:example_sla_dag
[2024-05-27T14:22:34.066+0000] {logging_mixin.py:188} INFO - [2024-05-27T14:22:34.066+0000] {override.py:1829} INFO - Created Permission View: can delete on DAG:example_sla_dag
[2024-05-27T14:22:34.142+0000] {logging_mixin.py:188} INFO - [2024-05-27T14:22:34.142+0000] {override.py:1829} INFO - Created Permission View: can read on DAG:example_sla_dag
[2024-05-27T14:22:34.144+0000] {logging_mixin.py:188} INFO - [2024-05-27T14:22:34.144+0000] {dag.py:3096} INFO - Sync 1 DAGs
[2024-05-27T14:22:34.184+0000] {logging_mixin.py:188} INFO - [2024-05-27T14:22:34.184+0000] {dag.py:3118} INFO - Creating ORM DAG for example_sla_dag
[2024-05-27T14:22:34.241+0000] {logging_mixin.py:188} INFO - [2024-05-27T14:22:34.241+0000] {dag.py:3954} INFO - Setting next_dagrun for example_sla_dag to 2024-05-27 14:20:00+00:00, run_after=2024-05-27 14:22:00+00:00
[2024-05-27T14:22:34.340+0000] {processor.py:183} INFO - Processing /home/airflow/.local/lib/python3.12/site-packages/airflow/example_dags/example_sla_dag.py took 0.665 seconds
[2024-05-27T14:26:25.140+0000] {processor.py:161} INFO - Started process (PID=119) to work on /home/airflow/.local/lib/python3.12/site-packages/airflow/example_dags/example_sla_dag.py
[2024-05-27T14:26:25.142+0000] {processor.py:830} INFO - Processing file /home/airflow/.local/lib/python3.12/site-packages/airflow/example_dags/example_sla_dag.py for tasks to queue
[2024-05-27T14:26:25.144+0000] {logging_mixin.py:188} INFO - [2024-05-27T14:26:25.144+0000] {dagbag.py:545} INFO - Filling up the DagBag from /home/airflow/.local/lib/python3.12/site-packages/airflow/example_dags/example_sla_dag.py
[2024-05-27T14:26:25.172+0000] {processor.py:840} INFO - DAG(s) 'example_sla_dag' retrieved from /home/airflow/.local/lib/python3.12/site-packages/airflow/example_dags/example_sla_dag.py
[2024-05-27T14:26:25.263+0000] {logging_mixin.py:188} INFO - [2024-05-27T14:26:25.263+0000] {dag.py:3096} INFO - Sync 1 DAGs
[2024-05-27T14:26:25.371+0000] {logging_mixin.py:188} INFO - [2024-05-27T14:26:25.371+0000] {dag.py:3954} INFO - Setting next_dagrun for example_sla_dag to 2024-05-27 14:24:00+00:00, run_after=2024-05-27 14:26:00+00:00
[2024-05-27T14:26:25.441+0000] {processor.py:183} INFO - Processing /home/airflow/.local/lib/python3.12/site-packages/airflow/example_dags/example_sla_dag.py took 0.323 seconds
[2024-05-27T14:26:56.246+0000] {processor.py:161} INFO - Started process (PID=177) to work on /home/airflow/.local/lib/python3.12/site-packages/airflow/example_dags/example_sla_dag.py
[2024-05-27T14:26:56.247+0000] {processor.py:830} INFO - Processing file /home/airflow/.local/lib/python3.12/site-packages/airflow/example_dags/example_sla_dag.py for tasks to queue
[2024-05-27T14:26:56.248+0000] {logging_mixin.py:188} INFO - [2024-05-27T14:26:56.248+0000] {dagbag.py:545} INFO - Filling up the DagBag from /home/airflow/.local/lib/python3.12/site-packages/airflow/example_dags/example_sla_dag.py
[2024-05-27T14:26:56.262+0000] {processor.py:840} INFO - DAG(s) 'example_sla_dag' retrieved from /home/airflow/.local/lib/python3.12/site-packages/airflow/example_dags/example_sla_dag.py
[2024-05-27T14:26:56.292+0000] {logging_mixin.py:188} INFO - [2024-05-27T14:26:56.292+0000] {dag.py:3096} INFO - Sync 1 DAGs
[2024-05-27T14:26:56.327+0000] {logging_mixin.py:188} INFO - [2024-05-27T14:26:56.327+0000] {dag.py:3954} INFO - Setting next_dagrun for example_sla_dag to 2024-05-27 14:24:00+00:00, run_after=2024-05-27 14:26:00+00:00
[2024-05-27T14:26:56.345+0000] {processor.py:183} INFO - Processing /home/airflow/.local/lib/python3.12/site-packages/airflow/example_dags/example_sla_dag.py took 0.117 seconds
[2024-05-27T17:32:25.781+0000] {processor.py:161} INFO - Started process (PID=45) to work on /home/airflow/.local/lib/python3.12/site-packages/airflow/example_dags/example_sla_dag.py
[2024-05-27T17:32:25.782+0000] {processor.py:830} INFO - Processing file /home/airflow/.local/lib/python3.12/site-packages/airflow/example_dags/example_sla_dag.py for tasks to queue
[2024-05-27T17:32:25.785+0000] {logging_mixin.py:188} INFO - [2024-05-27T17:32:25.784+0000] {dagbag.py:545} INFO - Filling up the DagBag from /home/airflow/.local/lib/python3.12/site-packages/airflow/example_dags/example_sla_dag.py
[2024-05-27T17:32:25.797+0000] {processor.py:840} INFO - DAG(s) 'example_sla_dag' retrieved from /home/airflow/.local/lib/python3.12/site-packages/airflow/example_dags/example_sla_dag.py
[2024-05-27T17:32:25.811+0000] {logging_mixin.py:188} INFO - [2024-05-27T17:32:25.810+0000] {dag.py:3096} INFO - Sync 1 DAGs
[2024-05-27T17:32:25.851+0000] {logging_mixin.py:188} INFO - [2024-05-27T17:32:25.851+0000] {dag.py:3954} INFO - Setting next_dagrun for example_sla_dag to 2024-05-27 17:30:00+00:00, run_after=2024-05-27 17:32:00+00:00
[2024-05-27T17:32:25.887+0000] {processor.py:183} INFO - Processing /home/airflow/.local/lib/python3.12/site-packages/airflow/example_dags/example_sla_dag.py took 0.114 seconds
[2024-05-27T17:32:56.443+0000] {processor.py:161} INFO - Started process (PID=103) to work on /home/airflow/.local/lib/python3.12/site-packages/airflow/example_dags/example_sla_dag.py
[2024-05-27T17:32:56.444+0000] {processor.py:830} INFO - Processing file /home/airflow/.local/lib/python3.12/site-packages/airflow/example_dags/example_sla_dag.py for tasks to queue
[2024-05-27T17:32:56.446+0000] {logging_mixin.py:188} INFO - [2024-05-27T17:32:56.445+0000] {dagbag.py:545} INFO - Filling up the DagBag from /home/airflow/.local/lib/python3.12/site-packages/airflow/example_dags/example_sla_dag.py
[2024-05-27T17:32:56.454+0000] {processor.py:840} INFO - DAG(s) 'example_sla_dag' retrieved from /home/airflow/.local/lib/python3.12/site-packages/airflow/example_dags/example_sla_dag.py
[2024-05-27T17:32:56.555+0000] {logging_mixin.py:188} INFO - [2024-05-27T17:32:56.555+0000] {dag.py:3096} INFO - Sync 1 DAGs
[2024-05-27T17:32:56.576+0000] {logging_mixin.py:188} INFO - [2024-05-27T17:32:56.575+0000] {dag.py:3954} INFO - Setting next_dagrun for example_sla_dag to 2024-05-27 17:30:00+00:00, run_after=2024-05-27 17:32:00+00:00
[2024-05-27T17:32:56.593+0000] {processor.py:183} INFO - Processing /home/airflow/.local/lib/python3.12/site-packages/airflow/example_dags/example_sla_dag.py took 0.154 seconds
[2024-05-27T17:33:27.169+0000] {processor.py:161} INFO - Started process (PID=161) to work on /home/airflow/.local/lib/python3.12/site-packages/airflow/example_dags/example_sla_dag.py
[2024-05-27T17:33:27.170+0000] {processor.py:830} INFO - Processing file /home/airflow/.local/lib/python3.12/site-packages/airflow/example_dags/example_sla_dag.py for tasks to queue
[2024-05-27T17:33:27.172+0000] {logging_mixin.py:188} INFO - [2024-05-27T17:33:27.172+0000] {dagbag.py:545} INFO - Filling up the DagBag from /home/airflow/.local/lib/python3.12/site-packages/airflow/example_dags/example_sla_dag.py
[2024-05-27T17:33:27.180+0000] {processor.py:840} INFO - DAG(s) 'example_sla_dag' retrieved from /home/airflow/.local/lib/python3.12/site-packages/airflow/example_dags/example_sla_dag.py
[2024-05-27T17:33:27.197+0000] {logging_mixin.py:188} INFO - [2024-05-27T17:33:27.196+0000] {dag.py:3096} INFO - Sync 1 DAGs
[2024-05-27T17:33:27.225+0000] {logging_mixin.py:188} INFO - [2024-05-27T17:33:27.225+0000] {dag.py:3954} INFO - Setting next_dagrun for example_sla_dag to 2024-05-27 17:30:00+00:00, run_after=2024-05-27 17:32:00+00:00
[2024-05-27T17:33:27.242+0000] {processor.py:183} INFO - Processing /home/airflow/.local/lib/python3.12/site-packages/airflow/example_dags/example_sla_dag.py took 0.078 seconds
[2024-05-27T17:33:57.348+0000] {processor.py:161} INFO - Started process (PID=219) to work on /home/airflow/.local/lib/python3.12/site-packages/airflow/example_dags/example_sla_dag.py
[2024-05-27T17:33:57.351+0000] {processor.py:830} INFO - Processing file /home/airflow/.local/lib/python3.12/site-packages/airflow/example_dags/example_sla_dag.py for tasks to queue
[2024-05-27T17:33:57.353+0000] {logging_mixin.py:188} INFO - [2024-05-27T17:33:57.353+0000] {dagbag.py:545} INFO - Filling up the DagBag from /home/airflow/.local/lib/python3.12/site-packages/airflow/example_dags/example_sla_dag.py
[2024-05-27T17:33:57.364+0000] {processor.py:840} INFO - DAG(s) 'example_sla_dag' retrieved from /home/airflow/.local/lib/python3.12/site-packages/airflow/example_dags/example_sla_dag.py
[2024-05-27T17:33:57.384+0000] {logging_mixin.py:188} INFO - [2024-05-27T17:33:57.384+0000] {dag.py:3096} INFO - Sync 1 DAGs
[2024-05-27T17:33:57.417+0000] {logging_mixin.py:188} INFO - [2024-05-27T17:33:57.416+0000] {dag.py:3954} INFO - Setting next_dagrun for example_sla_dag to 2024-05-27 17:30:00+00:00, run_after=2024-05-27 17:32:00+00:00
[2024-05-27T17:33:57.442+0000] {processor.py:183} INFO - Processing /home/airflow/.local/lib/python3.12/site-packages/airflow/example_dags/example_sla_dag.py took 0.099 seconds
[2024-05-27T17:34:27.737+0000] {processor.py:161} INFO - Started process (PID=277) to work on /home/airflow/.local/lib/python3.12/site-packages/airflow/example_dags/example_sla_dag.py
[2024-05-27T17:34:27.738+0000] {processor.py:830} INFO - Processing file /home/airflow/.local/lib/python3.12/site-packages/airflow/example_dags/example_sla_dag.py for tasks to queue
[2024-05-27T17:34:27.740+0000] {logging_mixin.py:188} INFO - [2024-05-27T17:34:27.740+0000] {dagbag.py:545} INFO - Filling up the DagBag from /home/airflow/.local/lib/python3.12/site-packages/airflow/example_dags/example_sla_dag.py
[2024-05-27T17:34:27.748+0000] {processor.py:840} INFO - DAG(s) 'example_sla_dag' retrieved from /home/airflow/.local/lib/python3.12/site-packages/airflow/example_dags/example_sla_dag.py
[2024-05-27T17:34:27.770+0000] {logging_mixin.py:188} INFO - [2024-05-27T17:34:27.770+0000] {dag.py:3096} INFO - Sync 1 DAGs
[2024-05-27T17:34:27.797+0000] {logging_mixin.py:188} INFO - [2024-05-27T17:34:27.797+0000] {dag.py:3954} INFO - Setting next_dagrun for example_sla_dag to 2024-05-27 17:32:00+00:00, run_after=2024-05-27 17:34:00+00:00
[2024-05-27T17:34:27.816+0000] {processor.py:183} INFO - Processing /home/airflow/.local/lib/python3.12/site-packages/airflow/example_dags/example_sla_dag.py took 0.084 seconds
[2024-05-27T17:34:58.611+0000] {processor.py:161} INFO - Started process (PID=335) to work on /home/airflow/.local/lib/python3.12/site-packages/airflow/example_dags/example_sla_dag.py
[2024-05-27T17:34:58.612+0000] {processor.py:830} INFO - Processing file /home/airflow/.local/lib/python3.12/site-packages/airflow/example_dags/example_sla_dag.py for tasks to queue
[2024-05-27T17:34:58.614+0000] {logging_mixin.py:188} INFO - [2024-05-27T17:34:58.614+0000] {dagbag.py:545} INFO - Filling up the DagBag from /home/airflow/.local/lib/python3.12/site-packages/airflow/example_dags/example_sla_dag.py
[2024-05-27T17:34:58.622+0000] {processor.py:840} INFO - DAG(s) 'example_sla_dag' retrieved from /home/airflow/.local/lib/python3.12/site-packages/airflow/example_dags/example_sla_dag.py
[2024-05-27T17:34:58.639+0000] {logging_mixin.py:188} INFO - [2024-05-27T17:34:58.638+0000] {dag.py:3096} INFO - Sync 1 DAGs
[2024-05-27T17:34:58.662+0000] {logging_mixin.py:188} INFO - [2024-05-27T17:34:58.662+0000] {dag.py:3954} INFO - Setting next_dagrun for example_sla_dag to 2024-05-27 17:32:00+00:00, run_after=2024-05-27 17:34:00+00:00
[2024-05-27T17:34:58.679+0000] {processor.py:183} INFO - Processing /home/airflow/.local/lib/python3.12/site-packages/airflow/example_dags/example_sla_dag.py took 0.073 seconds
[2024-05-27T17:35:28.901+0000] {processor.py:161} INFO - Started process (PID=393) to work on /home/airflow/.local/lib/python3.12/site-packages/airflow/example_dags/example_sla_dag.py
[2024-05-27T17:35:28.901+0000] {processor.py:830} INFO - Processing file /home/airflow/.local/lib/python3.12/site-packages/airflow/example_dags/example_sla_dag.py for tasks to queue
[2024-05-27T17:35:28.903+0000] {logging_mixin.py:188} INFO - [2024-05-27T17:35:28.903+0000] {dagbag.py:545} INFO - Filling up the DagBag from /home/airflow/.local/lib/python3.12/site-packages/airflow/example_dags/example_sla_dag.py
[2024-05-27T17:35:28.911+0000] {processor.py:840} INFO - DAG(s) 'example_sla_dag' retrieved from /home/airflow/.local/lib/python3.12/site-packages/airflow/example_dags/example_sla_dag.py
[2024-05-27T17:35:28.927+0000] {logging_mixin.py:188} INFO - [2024-05-27T17:35:28.926+0000] {dag.py:3096} INFO - Sync 1 DAGs
[2024-05-27T17:35:28.950+0000] {logging_mixin.py:188} INFO - [2024-05-27T17:35:28.950+0000] {dag.py:3954} INFO - Setting next_dagrun for example_sla_dag to 2024-05-27 17:32:00+00:00, run_after=2024-05-27 17:34:00+00:00
[2024-05-27T17:35:28.969+0000] {processor.py:183} INFO - Processing /home/airflow/.local/lib/python3.12/site-packages/airflow/example_dags/example_sla_dag.py took 0.074 seconds
[2024-05-27T17:35:59.500+0000] {processor.py:161} INFO - Started process (PID=456) to work on /home/airflow/.local/lib/python3.12/site-packages/airflow/example_dags/example_sla_dag.py
[2024-05-27T17:35:59.502+0000] {processor.py:830} INFO - Processing file /home/airflow/.local/lib/python3.12/site-packages/airflow/example_dags/example_sla_dag.py for tasks to queue
[2024-05-27T17:35:59.506+0000] {logging_mixin.py:188} INFO - [2024-05-27T17:35:59.506+0000] {dagbag.py:545} INFO - Filling up the DagBag from /home/airflow/.local/lib/python3.12/site-packages/airflow/example_dags/example_sla_dag.py
[2024-05-27T17:35:59.517+0000] {processor.py:840} INFO - DAG(s) 'example_sla_dag' retrieved from /home/airflow/.local/lib/python3.12/site-packages/airflow/example_dags/example_sla_dag.py
[2024-05-27T17:35:59.535+0000] {logging_mixin.py:188} INFO - [2024-05-27T17:35:59.535+0000] {dag.py:3096} INFO - Sync 1 DAGs
[2024-05-27T17:35:59.560+0000] {logging_mixin.py:188} INFO - [2024-05-27T17:35:59.560+0000] {dag.py:3954} INFO - Setting next_dagrun for example_sla_dag to 2024-05-27 17:32:00+00:00, run_after=2024-05-27 17:34:00+00:00
[2024-05-27T17:35:59.578+0000] {processor.py:183} INFO - Processing /home/airflow/.local/lib/python3.12/site-packages/airflow/example_dags/example_sla_dag.py took 0.083 seconds
[2024-05-27T17:36:30.225+0000] {processor.py:161} INFO - Started process (PID=514) to work on /home/airflow/.local/lib/python3.12/site-packages/airflow/example_dags/example_sla_dag.py
[2024-05-27T17:36:30.226+0000] {processor.py:830} INFO - Processing file /home/airflow/.local/lib/python3.12/site-packages/airflow/example_dags/example_sla_dag.py for tasks to queue
[2024-05-27T17:36:30.228+0000] {logging_mixin.py:188} INFO - [2024-05-27T17:36:30.228+0000] {dagbag.py:545} INFO - Filling up the DagBag from /home/airflow/.local/lib/python3.12/site-packages/airflow/example_dags/example_sla_dag.py
[2024-05-27T17:36:30.236+0000] {processor.py:840} INFO - DAG(s) 'example_sla_dag' retrieved from /home/airflow/.local/lib/python3.12/site-packages/airflow/example_dags/example_sla_dag.py
[2024-05-27T17:36:30.253+0000] {logging_mixin.py:188} INFO - [2024-05-27T17:36:30.253+0000] {dag.py:3096} INFO - Sync 1 DAGs
[2024-05-27T17:36:30.276+0000] {logging_mixin.py:188} INFO - [2024-05-27T17:36:30.276+0000] {dag.py:3954} INFO - Setting next_dagrun for example_sla_dag to 2024-05-27 17:34:00+00:00, run_after=2024-05-27 17:36:00+00:00
[2024-05-27T17:36:30.295+0000] {processor.py:183} INFO - Processing /home/airflow/.local/lib/python3.12/site-packages/airflow/example_dags/example_sla_dag.py took 0.075 seconds
[2024-05-27T17:37:01.186+0000] {processor.py:161} INFO - Started process (PID=571) to work on /home/airflow/.local/lib/python3.12/site-packages/airflow/example_dags/example_sla_dag.py
[2024-05-27T17:37:01.187+0000] {processor.py:830} INFO - Processing file /home/airflow/.local/lib/python3.12/site-packages/airflow/example_dags/example_sla_dag.py for tasks to queue
[2024-05-27T17:37:01.189+0000] {logging_mixin.py:188} INFO - [2024-05-27T17:37:01.189+0000] {dagbag.py:545} INFO - Filling up the DagBag from /home/airflow/.local/lib/python3.12/site-packages/airflow/example_dags/example_sla_dag.py
[2024-05-27T17:37:01.197+0000] {processor.py:840} INFO - DAG(s) 'example_sla_dag' retrieved from /home/airflow/.local/lib/python3.12/site-packages/airflow/example_dags/example_sla_dag.py
[2024-05-27T17:37:01.214+0000] {logging_mixin.py:188} INFO - [2024-05-27T17:37:01.214+0000] {dag.py:3096} INFO - Sync 1 DAGs
[2024-05-27T17:37:01.237+0000] {logging_mixin.py:188} INFO - [2024-05-27T17:37:01.237+0000] {dag.py:3954} INFO - Setting next_dagrun for example_sla_dag to 2024-05-27 17:34:00+00:00, run_after=2024-05-27 17:36:00+00:00
[2024-05-27T17:37:01.256+0000] {processor.py:183} INFO - Processing /home/airflow/.local/lib/python3.12/site-packages/airflow/example_dags/example_sla_dag.py took 0.076 seconds
[2024-05-27T17:38:14.345+0000] {processor.py:161} INFO - Started process (PID=43) to work on /home/airflow/.local/lib/python3.12/site-packages/airflow/example_dags/example_sla_dag.py
[2024-05-27T17:38:14.346+0000] {processor.py:830} INFO - Processing file /home/airflow/.local/lib/python3.12/site-packages/airflow/example_dags/example_sla_dag.py for tasks to queue
[2024-05-27T17:38:14.350+0000] {logging_mixin.py:188} INFO - [2024-05-27T17:38:14.350+0000] {dagbag.py:545} INFO - Filling up the DagBag from /home/airflow/.local/lib/python3.12/site-packages/airflow/example_dags/example_sla_dag.py
[2024-05-27T17:38:14.362+0000] {processor.py:840} INFO - DAG(s) 'example_sla_dag' retrieved from /home/airflow/.local/lib/python3.12/site-packages/airflow/example_dags/example_sla_dag.py
[2024-05-27T17:38:14.376+0000] {logging_mixin.py:188} INFO - [2024-05-27T17:38:14.376+0000] {dag.py:3096} INFO - Sync 1 DAGs
[2024-05-27T17:38:14.414+0000] {logging_mixin.py:188} INFO - [2024-05-27T17:38:14.414+0000] {dag.py:3954} INFO - Setting next_dagrun for example_sla_dag to 2024-05-27 17:36:00+00:00, run_after=2024-05-27 17:38:00+00:00
[2024-05-27T17:38:14.436+0000] {processor.py:183} INFO - Processing /home/airflow/.local/lib/python3.12/site-packages/airflow/example_dags/example_sla_dag.py took 0.098 seconds
[2024-05-27T17:38:45.174+0000] {processor.py:161} INFO - Started process (PID=101) to work on /home/airflow/.local/lib/python3.12/site-packages/airflow/example_dags/example_sla_dag.py
[2024-05-27T17:38:45.175+0000] {processor.py:830} INFO - Processing file /home/airflow/.local/lib/python3.12/site-packages/airflow/example_dags/example_sla_dag.py for tasks to queue
[2024-05-27T17:38:45.177+0000] {logging_mixin.py:188} INFO - [2024-05-27T17:38:45.176+0000] {dagbag.py:545} INFO - Filling up the DagBag from /home/airflow/.local/lib/python3.12/site-packages/airflow/example_dags/example_sla_dag.py
[2024-05-27T17:38:45.184+0000] {processor.py:840} INFO - DAG(s) 'example_sla_dag' retrieved from /home/airflow/.local/lib/python3.12/site-packages/airflow/example_dags/example_sla_dag.py
[2024-05-27T17:38:45.295+0000] {logging_mixin.py:188} INFO - [2024-05-27T17:38:45.295+0000] {dag.py:3096} INFO - Sync 1 DAGs
[2024-05-27T17:38:45.316+0000] {logging_mixin.py:188} INFO - [2024-05-27T17:38:45.316+0000] {dag.py:3954} INFO - Setting next_dagrun for example_sla_dag to 2024-05-27 17:36:00+00:00, run_after=2024-05-27 17:38:00+00:00
[2024-05-27T17:38:45.336+0000] {processor.py:183} INFO - Processing /home/airflow/.local/lib/python3.12/site-packages/airflow/example_dags/example_sla_dag.py took 0.167 seconds
