[2024-05-27T01:38:36.396+0000] {processor.py:161} INFO - Started process (PID=50) to work on /home/airflow/.local/lib/python3.12/site-packages/airflow/example_dags/example_latest_only_with_trigger.py
[2024-05-27T01:38:36.397+0000] {processor.py:830} INFO - Processing file /home/airflow/.local/lib/python3.12/site-packages/airflow/example_dags/example_latest_only_with_trigger.py for tasks to queue
[2024-05-27T01:38:36.399+0000] {logging_mixin.py:188} INFO - [2024-05-27T01:38:36.398+0000] {dagbag.py:545} INFO - Filling up the DagBag from /home/airflow/.local/lib/python3.12/site-packages/airflow/example_dags/example_latest_only_with_trigger.py
[2024-05-27T01:38:36.412+0000] {processor.py:840} INFO - DAG(s) 'latest_only_with_trigger' retrieved from /home/airflow/.local/lib/python3.12/site-packages/airflow/example_dags/example_latest_only_with_trigger.py
[2024-05-27T01:38:36.428+0000] {logging_mixin.py:188} INFO - [2024-05-27T01:38:36.428+0000] {dag.py:3096} INFO - Sync 1 DAGs
[2024-05-27T01:38:36.458+0000] {logging_mixin.py:188} INFO - [2024-05-27T01:38:36.457+0000] {dag.py:3954} INFO - Setting next_dagrun for latest_only_with_trigger to 2024-05-26 20:00:00+00:00, run_after=2024-05-27 00:00:00+00:00
[2024-05-27T01:38:36.481+0000] {processor.py:183} INFO - Processing /home/airflow/.local/lib/python3.12/site-packages/airflow/example_dags/example_latest_only_with_trigger.py took 0.093 seconds
[2024-05-27T01:39:07.210+0000] {processor.py:161} INFO - Started process (PID=108) to work on /home/airflow/.local/lib/python3.12/site-packages/airflow/example_dags/example_latest_only_with_trigger.py
[2024-05-27T01:39:07.210+0000] {processor.py:830} INFO - Processing file /home/airflow/.local/lib/python3.12/site-packages/airflow/example_dags/example_latest_only_with_trigger.py for tasks to queue
[2024-05-27T01:39:07.212+0000] {logging_mixin.py:188} INFO - [2024-05-27T01:39:07.212+0000] {dagbag.py:545} INFO - Filling up the DagBag from /home/airflow/.local/lib/python3.12/site-packages/airflow/example_dags/example_latest_only_with_trigger.py
[2024-05-27T01:39:07.217+0000] {processor.py:840} INFO - DAG(s) 'latest_only_with_trigger' retrieved from /home/airflow/.local/lib/python3.12/site-packages/airflow/example_dags/example_latest_only_with_trigger.py
[2024-05-27T01:39:07.313+0000] {logging_mixin.py:188} INFO - [2024-05-27T01:39:07.312+0000] {dag.py:3096} INFO - Sync 1 DAGs
[2024-05-27T01:39:07.332+0000] {logging_mixin.py:188} INFO - [2024-05-27T01:39:07.332+0000] {dag.py:3954} INFO - Setting next_dagrun for latest_only_with_trigger to 2024-05-26 20:00:00+00:00, run_after=2024-05-27 00:00:00+00:00
[2024-05-27T01:39:07.348+0000] {processor.py:183} INFO - Processing /home/airflow/.local/lib/python3.12/site-packages/airflow/example_dags/example_latest_only_with_trigger.py took 0.143 seconds
[2024-05-27T01:39:38.189+0000] {processor.py:161} INFO - Started process (PID=166) to work on /home/airflow/.local/lib/python3.12/site-packages/airflow/example_dags/example_latest_only_with_trigger.py
[2024-05-27T01:39:38.190+0000] {processor.py:830} INFO - Processing file /home/airflow/.local/lib/python3.12/site-packages/airflow/example_dags/example_latest_only_with_trigger.py for tasks to queue
[2024-05-27T01:39:38.192+0000] {logging_mixin.py:188} INFO - [2024-05-27T01:39:38.191+0000] {dagbag.py:545} INFO - Filling up the DagBag from /home/airflow/.local/lib/python3.12/site-packages/airflow/example_dags/example_latest_only_with_trigger.py
[2024-05-27T01:39:38.197+0000] {processor.py:840} INFO - DAG(s) 'latest_only_with_trigger' retrieved from /home/airflow/.local/lib/python3.12/site-packages/airflow/example_dags/example_latest_only_with_trigger.py
[2024-05-27T01:39:38.219+0000] {logging_mixin.py:188} INFO - [2024-05-27T01:39:38.218+0000] {dag.py:3096} INFO - Sync 1 DAGs
[2024-05-27T01:39:38.244+0000] {logging_mixin.py:188} INFO - [2024-05-27T01:39:38.244+0000] {dag.py:3954} INFO - Setting next_dagrun for latest_only_with_trigger to 2024-05-26 20:00:00+00:00, run_after=2024-05-27 00:00:00+00:00
[2024-05-27T01:39:38.259+0000] {processor.py:183} INFO - Processing /home/airflow/.local/lib/python3.12/site-packages/airflow/example_dags/example_latest_only_with_trigger.py took 0.076 seconds
[2024-05-27T01:40:08.357+0000] {processor.py:161} INFO - Started process (PID=224) to work on /home/airflow/.local/lib/python3.12/site-packages/airflow/example_dags/example_latest_only_with_trigger.py
[2024-05-27T01:40:08.358+0000] {processor.py:830} INFO - Processing file /home/airflow/.local/lib/python3.12/site-packages/airflow/example_dags/example_latest_only_with_trigger.py for tasks to queue
[2024-05-27T01:40:08.360+0000] {logging_mixin.py:188} INFO - [2024-05-27T01:40:08.360+0000] {dagbag.py:545} INFO - Filling up the DagBag from /home/airflow/.local/lib/python3.12/site-packages/airflow/example_dags/example_latest_only_with_trigger.py
[2024-05-27T01:40:08.365+0000] {processor.py:840} INFO - DAG(s) 'latest_only_with_trigger' retrieved from /home/airflow/.local/lib/python3.12/site-packages/airflow/example_dags/example_latest_only_with_trigger.py
[2024-05-27T01:40:08.386+0000] {logging_mixin.py:188} INFO - [2024-05-27T01:40:08.386+0000] {dag.py:3096} INFO - Sync 1 DAGs
[2024-05-27T01:40:08.408+0000] {logging_mixin.py:188} INFO - [2024-05-27T01:40:08.408+0000] {dag.py:3954} INFO - Setting next_dagrun for latest_only_with_trigger to 2024-05-26 20:00:00+00:00, run_after=2024-05-27 00:00:00+00:00
[2024-05-27T01:40:08.424+0000] {processor.py:183} INFO - Processing /home/airflow/.local/lib/python3.12/site-packages/airflow/example_dags/example_latest_only_with_trigger.py took 0.072 seconds
[2024-05-27T01:40:38.583+0000] {processor.py:161} INFO - Started process (PID=282) to work on /home/airflow/.local/lib/python3.12/site-packages/airflow/example_dags/example_latest_only_with_trigger.py
[2024-05-27T01:40:38.584+0000] {processor.py:830} INFO - Processing file /home/airflow/.local/lib/python3.12/site-packages/airflow/example_dags/example_latest_only_with_trigger.py for tasks to queue
[2024-05-27T01:40:38.586+0000] {logging_mixin.py:188} INFO - [2024-05-27T01:40:38.585+0000] {dagbag.py:545} INFO - Filling up the DagBag from /home/airflow/.local/lib/python3.12/site-packages/airflow/example_dags/example_latest_only_with_trigger.py
[2024-05-27T01:40:38.590+0000] {processor.py:840} INFO - DAG(s) 'latest_only_with_trigger' retrieved from /home/airflow/.local/lib/python3.12/site-packages/airflow/example_dags/example_latest_only_with_trigger.py
[2024-05-27T01:40:38.608+0000] {logging_mixin.py:188} INFO - [2024-05-27T01:40:38.608+0000] {dag.py:3096} INFO - Sync 1 DAGs
[2024-05-27T01:40:38.630+0000] {logging_mixin.py:188} INFO - [2024-05-27T01:40:38.630+0000] {dag.py:3954} INFO - Setting next_dagrun for latest_only_with_trigger to 2024-05-26 20:00:00+00:00, run_after=2024-05-27 00:00:00+00:00
[2024-05-27T01:40:38.648+0000] {processor.py:183} INFO - Processing /home/airflow/.local/lib/python3.12/site-packages/airflow/example_dags/example_latest_only_with_trigger.py took 0.070 seconds
[2024-05-27T01:41:08.733+0000] {processor.py:161} INFO - Started process (PID=340) to work on /home/airflow/.local/lib/python3.12/site-packages/airflow/example_dags/example_latest_only_with_trigger.py
[2024-05-27T01:41:08.733+0000] {processor.py:830} INFO - Processing file /home/airflow/.local/lib/python3.12/site-packages/airflow/example_dags/example_latest_only_with_trigger.py for tasks to queue
[2024-05-27T01:41:08.736+0000] {logging_mixin.py:188} INFO - [2024-05-27T01:41:08.735+0000] {dagbag.py:545} INFO - Filling up the DagBag from /home/airflow/.local/lib/python3.12/site-packages/airflow/example_dags/example_latest_only_with_trigger.py
[2024-05-27T01:41:08.741+0000] {processor.py:840} INFO - DAG(s) 'latest_only_with_trigger' retrieved from /home/airflow/.local/lib/python3.12/site-packages/airflow/example_dags/example_latest_only_with_trigger.py
[2024-05-27T01:41:08.762+0000] {logging_mixin.py:188} INFO - [2024-05-27T01:41:08.762+0000] {dag.py:3096} INFO - Sync 1 DAGs
[2024-05-27T01:41:08.786+0000] {logging_mixin.py:188} INFO - [2024-05-27T01:41:08.786+0000] {dag.py:3954} INFO - Setting next_dagrun for latest_only_with_trigger to 2024-05-26 20:00:00+00:00, run_after=2024-05-27 00:00:00+00:00
[2024-05-27T01:41:08.835+0000] {processor.py:183} INFO - Processing /home/airflow/.local/lib/python3.12/site-packages/airflow/example_dags/example_latest_only_with_trigger.py took 0.111 seconds
[2024-05-27T01:41:39.191+0000] {processor.py:161} INFO - Started process (PID=398) to work on /home/airflow/.local/lib/python3.12/site-packages/airflow/example_dags/example_latest_only_with_trigger.py
[2024-05-27T01:41:39.192+0000] {processor.py:830} INFO - Processing file /home/airflow/.local/lib/python3.12/site-packages/airflow/example_dags/example_latest_only_with_trigger.py for tasks to queue
[2024-05-27T01:41:39.194+0000] {logging_mixin.py:188} INFO - [2024-05-27T01:41:39.194+0000] {dagbag.py:545} INFO - Filling up the DagBag from /home/airflow/.local/lib/python3.12/site-packages/airflow/example_dags/example_latest_only_with_trigger.py
[2024-05-27T01:41:39.199+0000] {processor.py:840} INFO - DAG(s) 'latest_only_with_trigger' retrieved from /home/airflow/.local/lib/python3.12/site-packages/airflow/example_dags/example_latest_only_with_trigger.py
[2024-05-27T01:41:39.221+0000] {logging_mixin.py:188} INFO - [2024-05-27T01:41:39.221+0000] {dag.py:3096} INFO - Sync 1 DAGs
[2024-05-27T01:41:39.245+0000] {logging_mixin.py:188} INFO - [2024-05-27T01:41:39.245+0000] {dag.py:3954} INFO - Setting next_dagrun for latest_only_with_trigger to 2024-05-26 20:00:00+00:00, run_after=2024-05-27 00:00:00+00:00
[2024-05-27T01:41:39.264+0000] {processor.py:183} INFO - Processing /home/airflow/.local/lib/python3.12/site-packages/airflow/example_dags/example_latest_only_with_trigger.py took 0.080 seconds
[2024-05-27T01:42:09.594+0000] {processor.py:161} INFO - Started process (PID=456) to work on /home/airflow/.local/lib/python3.12/site-packages/airflow/example_dags/example_latest_only_with_trigger.py
[2024-05-27T01:42:09.594+0000] {processor.py:830} INFO - Processing file /home/airflow/.local/lib/python3.12/site-packages/airflow/example_dags/example_latest_only_with_trigger.py for tasks to queue
[2024-05-27T01:42:09.596+0000] {logging_mixin.py:188} INFO - [2024-05-27T01:42:09.596+0000] {dagbag.py:545} INFO - Filling up the DagBag from /home/airflow/.local/lib/python3.12/site-packages/airflow/example_dags/example_latest_only_with_trigger.py
[2024-05-27T01:42:09.604+0000] {processor.py:840} INFO - DAG(s) 'latest_only_with_trigger' retrieved from /home/airflow/.local/lib/python3.12/site-packages/airflow/example_dags/example_latest_only_with_trigger.py
[2024-05-27T01:42:09.624+0000] {logging_mixin.py:188} INFO - [2024-05-27T01:42:09.624+0000] {dag.py:3096} INFO - Sync 1 DAGs
[2024-05-27T01:42:09.647+0000] {logging_mixin.py:188} INFO - [2024-05-27T01:42:09.647+0000] {dag.py:3954} INFO - Setting next_dagrun for latest_only_with_trigger to 2024-05-26 20:00:00+00:00, run_after=2024-05-27 00:00:00+00:00
[2024-05-27T01:42:09.667+0000] {processor.py:183} INFO - Processing /home/airflow/.local/lib/python3.12/site-packages/airflow/example_dags/example_latest_only_with_trigger.py took 0.078 seconds
[2024-05-27T01:42:40.354+0000] {processor.py:161} INFO - Started process (PID=514) to work on /home/airflow/.local/lib/python3.12/site-packages/airflow/example_dags/example_latest_only_with_trigger.py
[2024-05-27T01:42:40.355+0000] {processor.py:830} INFO - Processing file /home/airflow/.local/lib/python3.12/site-packages/airflow/example_dags/example_latest_only_with_trigger.py for tasks to queue
[2024-05-27T01:42:40.357+0000] {logging_mixin.py:188} INFO - [2024-05-27T01:42:40.357+0000] {dagbag.py:545} INFO - Filling up the DagBag from /home/airflow/.local/lib/python3.12/site-packages/airflow/example_dags/example_latest_only_with_trigger.py
[2024-05-27T01:42:40.362+0000] {processor.py:840} INFO - DAG(s) 'latest_only_with_trigger' retrieved from /home/airflow/.local/lib/python3.12/site-packages/airflow/example_dags/example_latest_only_with_trigger.py
[2024-05-27T01:42:40.382+0000] {logging_mixin.py:188} INFO - [2024-05-27T01:42:40.382+0000] {dag.py:3096} INFO - Sync 1 DAGs
[2024-05-27T01:42:40.408+0000] {logging_mixin.py:188} INFO - [2024-05-27T01:42:40.408+0000] {dag.py:3954} INFO - Setting next_dagrun for latest_only_with_trigger to 2024-05-26 20:00:00+00:00, run_after=2024-05-27 00:00:00+00:00
[2024-05-27T01:42:40.431+0000] {processor.py:183} INFO - Processing /home/airflow/.local/lib/python3.12/site-packages/airflow/example_dags/example_latest_only_with_trigger.py took 0.082 seconds
[2024-05-27T01:43:10.583+0000] {processor.py:161} INFO - Started process (PID=572) to work on /home/airflow/.local/lib/python3.12/site-packages/airflow/example_dags/example_latest_only_with_trigger.py
[2024-05-27T01:43:10.584+0000] {processor.py:830} INFO - Processing file /home/airflow/.local/lib/python3.12/site-packages/airflow/example_dags/example_latest_only_with_trigger.py for tasks to queue
[2024-05-27T01:43:10.586+0000] {logging_mixin.py:188} INFO - [2024-05-27T01:43:10.586+0000] {dagbag.py:545} INFO - Filling up the DagBag from /home/airflow/.local/lib/python3.12/site-packages/airflow/example_dags/example_latest_only_with_trigger.py
[2024-05-27T01:43:10.595+0000] {processor.py:840} INFO - DAG(s) 'latest_only_with_trigger' retrieved from /home/airflow/.local/lib/python3.12/site-packages/airflow/example_dags/example_latest_only_with_trigger.py
[2024-05-27T01:43:10.621+0000] {logging_mixin.py:188} INFO - [2024-05-27T01:43:10.621+0000] {dag.py:3096} INFO - Sync 1 DAGs
[2024-05-27T01:43:10.652+0000] {logging_mixin.py:188} INFO - [2024-05-27T01:43:10.651+0000] {dag.py:3954} INFO - Setting next_dagrun for latest_only_with_trigger to 2024-05-26 20:00:00+00:00, run_after=2024-05-27 00:00:00+00:00
[2024-05-27T01:43:10.679+0000] {processor.py:183} INFO - Processing /home/airflow/.local/lib/python3.12/site-packages/airflow/example_dags/example_latest_only_with_trigger.py took 0.106 seconds
[2024-05-27T01:43:41.454+0000] {processor.py:161} INFO - Started process (PID=630) to work on /home/airflow/.local/lib/python3.12/site-packages/airflow/example_dags/example_latest_only_with_trigger.py
[2024-05-27T01:43:41.455+0000] {processor.py:830} INFO - Processing file /home/airflow/.local/lib/python3.12/site-packages/airflow/example_dags/example_latest_only_with_trigger.py for tasks to queue
[2024-05-27T01:43:41.459+0000] {logging_mixin.py:188} INFO - [2024-05-27T01:43:41.458+0000] {dagbag.py:545} INFO - Filling up the DagBag from /home/airflow/.local/lib/python3.12/site-packages/airflow/example_dags/example_latest_only_with_trigger.py
[2024-05-27T01:43:41.465+0000] {processor.py:840} INFO - DAG(s) 'latest_only_with_trigger' retrieved from /home/airflow/.local/lib/python3.12/site-packages/airflow/example_dags/example_latest_only_with_trigger.py
[2024-05-27T01:43:41.491+0000] {logging_mixin.py:188} INFO - [2024-05-27T01:43:41.491+0000] {dag.py:3096} INFO - Sync 1 DAGs
[2024-05-27T01:43:41.522+0000] {logging_mixin.py:188} INFO - [2024-05-27T01:43:41.521+0000] {dag.py:3954} INFO - Setting next_dagrun for latest_only_with_trigger to 2024-05-26 20:00:00+00:00, run_after=2024-05-27 00:00:00+00:00
[2024-05-27T01:43:41.545+0000] {processor.py:183} INFO - Processing /home/airflow/.local/lib/python3.12/site-packages/airflow/example_dags/example_latest_only_with_trigger.py took 0.097 seconds
[2024-05-27T01:44:11.887+0000] {processor.py:161} INFO - Started process (PID=687) to work on /home/airflow/.local/lib/python3.12/site-packages/airflow/example_dags/example_latest_only_with_trigger.py
[2024-05-27T01:44:11.887+0000] {processor.py:830} INFO - Processing file /home/airflow/.local/lib/python3.12/site-packages/airflow/example_dags/example_latest_only_with_trigger.py for tasks to queue
[2024-05-27T01:44:11.889+0000] {logging_mixin.py:188} INFO - [2024-05-27T01:44:11.889+0000] {dagbag.py:545} INFO - Filling up the DagBag from /home/airflow/.local/lib/python3.12/site-packages/airflow/example_dags/example_latest_only_with_trigger.py
[2024-05-27T01:44:11.896+0000] {processor.py:840} INFO - DAG(s) 'latest_only_with_trigger' retrieved from /home/airflow/.local/lib/python3.12/site-packages/airflow/example_dags/example_latest_only_with_trigger.py
[2024-05-27T01:44:11.916+0000] {logging_mixin.py:188} INFO - [2024-05-27T01:44:11.916+0000] {dag.py:3096} INFO - Sync 1 DAGs
[2024-05-27T01:44:11.938+0000] {logging_mixin.py:188} INFO - [2024-05-27T01:44:11.938+0000] {dag.py:3954} INFO - Setting next_dagrun for latest_only_with_trigger to 2024-05-26 20:00:00+00:00, run_after=2024-05-27 00:00:00+00:00
[2024-05-27T01:44:11.958+0000] {processor.py:183} INFO - Processing /home/airflow/.local/lib/python3.12/site-packages/airflow/example_dags/example_latest_only_with_trigger.py took 0.078 seconds
[2024-05-27T01:44:42.075+0000] {processor.py:161} INFO - Started process (PID=745) to work on /home/airflow/.local/lib/python3.12/site-packages/airflow/example_dags/example_latest_only_with_trigger.py
[2024-05-27T01:44:42.076+0000] {processor.py:830} INFO - Processing file /home/airflow/.local/lib/python3.12/site-packages/airflow/example_dags/example_latest_only_with_trigger.py for tasks to queue
[2024-05-27T01:44:42.078+0000] {logging_mixin.py:188} INFO - [2024-05-27T01:44:42.077+0000] {dagbag.py:545} INFO - Filling up the DagBag from /home/airflow/.local/lib/python3.12/site-packages/airflow/example_dags/example_latest_only_with_trigger.py
[2024-05-27T01:44:42.083+0000] {processor.py:840} INFO - DAG(s) 'latest_only_with_trigger' retrieved from /home/airflow/.local/lib/python3.12/site-packages/airflow/example_dags/example_latest_only_with_trigger.py
[2024-05-27T01:44:42.101+0000] {logging_mixin.py:188} INFO - [2024-05-27T01:44:42.100+0000] {dag.py:3096} INFO - Sync 1 DAGs
[2024-05-27T01:44:42.122+0000] {logging_mixin.py:188} INFO - [2024-05-27T01:44:42.122+0000] {dag.py:3954} INFO - Setting next_dagrun for latest_only_with_trigger to 2024-05-26 20:00:00+00:00, run_after=2024-05-27 00:00:00+00:00
[2024-05-27T01:44:42.139+0000] {processor.py:183} INFO - Processing /home/airflow/.local/lib/python3.12/site-packages/airflow/example_dags/example_latest_only_with_trigger.py took 0.069 seconds
[2024-05-27T01:45:12.800+0000] {processor.py:161} INFO - Started process (PID=802) to work on /home/airflow/.local/lib/python3.12/site-packages/airflow/example_dags/example_latest_only_with_trigger.py
[2024-05-27T01:45:12.801+0000] {processor.py:830} INFO - Processing file /home/airflow/.local/lib/python3.12/site-packages/airflow/example_dags/example_latest_only_with_trigger.py for tasks to queue
[2024-05-27T01:45:12.802+0000] {logging_mixin.py:188} INFO - [2024-05-27T01:45:12.802+0000] {dagbag.py:545} INFO - Filling up the DagBag from /home/airflow/.local/lib/python3.12/site-packages/airflow/example_dags/example_latest_only_with_trigger.py
[2024-05-27T01:45:12.808+0000] {processor.py:840} INFO - DAG(s) 'latest_only_with_trigger' retrieved from /home/airflow/.local/lib/python3.12/site-packages/airflow/example_dags/example_latest_only_with_trigger.py
[2024-05-27T01:45:12.829+0000] {logging_mixin.py:188} INFO - [2024-05-27T01:45:12.829+0000] {dag.py:3096} INFO - Sync 1 DAGs
[2024-05-27T01:45:12.851+0000] {logging_mixin.py:188} INFO - [2024-05-27T01:45:12.850+0000] {dag.py:3954} INFO - Setting next_dagrun for latest_only_with_trigger to 2024-05-26 20:00:00+00:00, run_after=2024-05-27 00:00:00+00:00
[2024-05-27T01:45:12.867+0000] {processor.py:183} INFO - Processing /home/airflow/.local/lib/python3.12/site-packages/airflow/example_dags/example_latest_only_with_trigger.py took 0.073 seconds
[2024-05-27T01:45:43.283+0000] {processor.py:161} INFO - Started process (PID=860) to work on /home/airflow/.local/lib/python3.12/site-packages/airflow/example_dags/example_latest_only_with_trigger.py
[2024-05-27T01:45:43.284+0000] {processor.py:830} INFO - Processing file /home/airflow/.local/lib/python3.12/site-packages/airflow/example_dags/example_latest_only_with_trigger.py for tasks to queue
[2024-05-27T01:45:43.286+0000] {logging_mixin.py:188} INFO - [2024-05-27T01:45:43.285+0000] {dagbag.py:545} INFO - Filling up the DagBag from /home/airflow/.local/lib/python3.12/site-packages/airflow/example_dags/example_latest_only_with_trigger.py
[2024-05-27T01:45:43.291+0000] {processor.py:840} INFO - DAG(s) 'latest_only_with_trigger' retrieved from /home/airflow/.local/lib/python3.12/site-packages/airflow/example_dags/example_latest_only_with_trigger.py
[2024-05-27T01:45:43.309+0000] {logging_mixin.py:188} INFO - [2024-05-27T01:45:43.309+0000] {dag.py:3096} INFO - Sync 1 DAGs
[2024-05-27T01:45:43.331+0000] {logging_mixin.py:188} INFO - [2024-05-27T01:45:43.331+0000] {dag.py:3954} INFO - Setting next_dagrun for latest_only_with_trigger to 2024-05-26 20:00:00+00:00, run_after=2024-05-27 00:00:00+00:00
[2024-05-27T01:45:43.348+0000] {processor.py:183} INFO - Processing /home/airflow/.local/lib/python3.12/site-packages/airflow/example_dags/example_latest_only_with_trigger.py took 0.071 seconds
[2024-05-27T01:46:14.081+0000] {processor.py:161} INFO - Started process (PID=918) to work on /home/airflow/.local/lib/python3.12/site-packages/airflow/example_dags/example_latest_only_with_trigger.py
[2024-05-27T01:46:14.082+0000] {processor.py:830} INFO - Processing file /home/airflow/.local/lib/python3.12/site-packages/airflow/example_dags/example_latest_only_with_trigger.py for tasks to queue
[2024-05-27T01:46:14.084+0000] {logging_mixin.py:188} INFO - [2024-05-27T01:46:14.084+0000] {dagbag.py:545} INFO - Filling up the DagBag from /home/airflow/.local/lib/python3.12/site-packages/airflow/example_dags/example_latest_only_with_trigger.py
[2024-05-27T01:46:14.090+0000] {processor.py:840} INFO - DAG(s) 'latest_only_with_trigger' retrieved from /home/airflow/.local/lib/python3.12/site-packages/airflow/example_dags/example_latest_only_with_trigger.py
[2024-05-27T01:46:14.108+0000] {logging_mixin.py:188} INFO - [2024-05-27T01:46:14.108+0000] {dag.py:3096} INFO - Sync 1 DAGs
[2024-05-27T01:46:14.130+0000] {logging_mixin.py:188} INFO - [2024-05-27T01:46:14.130+0000] {dag.py:3954} INFO - Setting next_dagrun for latest_only_with_trigger to 2024-05-26 20:00:00+00:00, run_after=2024-05-27 00:00:00+00:00
[2024-05-27T01:46:14.146+0000] {processor.py:183} INFO - Processing /home/airflow/.local/lib/python3.12/site-packages/airflow/example_dags/example_latest_only_with_trigger.py took 0.070 seconds
[2024-05-27T01:48:43.662+0000] {processor.py:161} INFO - Started process (PID=49) to work on /home/airflow/.local/lib/python3.12/site-packages/airflow/example_dags/example_latest_only_with_trigger.py
[2024-05-27T01:48:43.663+0000] {processor.py:830} INFO - Processing file /home/airflow/.local/lib/python3.12/site-packages/airflow/example_dags/example_latest_only_with_trigger.py for tasks to queue
[2024-05-27T01:48:43.666+0000] {logging_mixin.py:188} INFO - [2024-05-27T01:48:43.665+0000] {dagbag.py:545} INFO - Filling up the DagBag from /home/airflow/.local/lib/python3.12/site-packages/airflow/example_dags/example_latest_only_with_trigger.py
[2024-05-27T01:48:43.674+0000] {processor.py:840} INFO - DAG(s) 'latest_only_with_trigger' retrieved from /home/airflow/.local/lib/python3.12/site-packages/airflow/example_dags/example_latest_only_with_trigger.py
[2024-05-27T01:48:43.683+0000] {logging_mixin.py:188} INFO - [2024-05-27T01:48:43.683+0000] {dag.py:3096} INFO - Sync 1 DAGs
[2024-05-27T01:48:43.706+0000] {logging_mixin.py:188} INFO - [2024-05-27T01:48:43.706+0000] {dag.py:3954} INFO - Setting next_dagrun for latest_only_with_trigger to 2024-05-26 20:00:00+00:00, run_after=2024-05-27 00:00:00+00:00
[2024-05-27T01:48:43.730+0000] {processor.py:183} INFO - Processing /home/airflow/.local/lib/python3.12/site-packages/airflow/example_dags/example_latest_only_with_trigger.py took 0.074 seconds
[2024-05-27T13:32:47.722+0000] {processor.py:161} INFO - Started process (PID=49) to work on /home/airflow/.local/lib/python3.12/site-packages/airflow/example_dags/example_latest_only_with_trigger.py
[2024-05-27T13:32:47.724+0000] {processor.py:830} INFO - Processing file /home/airflow/.local/lib/python3.12/site-packages/airflow/example_dags/example_latest_only_with_trigger.py for tasks to queue
[2024-05-27T13:32:47.727+0000] {logging_mixin.py:188} INFO - [2024-05-27T13:32:47.727+0000] {dagbag.py:545} INFO - Filling up the DagBag from /home/airflow/.local/lib/python3.12/site-packages/airflow/example_dags/example_latest_only_with_trigger.py
[2024-05-27T13:32:47.741+0000] {processor.py:840} INFO - DAG(s) 'latest_only_with_trigger' retrieved from /home/airflow/.local/lib/python3.12/site-packages/airflow/example_dags/example_latest_only_with_trigger.py
[2024-05-27T13:32:47.894+0000] {logging_mixin.py:188} INFO - [2024-05-27T13:32:47.894+0000] {dag.py:3096} INFO - Sync 1 DAGs
[2024-05-27T13:32:47.917+0000] {logging_mixin.py:188} INFO - [2024-05-27T13:32:47.917+0000] {dag.py:3954} INFO - Setting next_dagrun for latest_only_with_trigger to 2024-05-27 08:00:00+00:00, run_after=2024-05-27 12:00:00+00:00
[2024-05-27T13:32:47.937+0000] {processor.py:183} INFO - Processing /home/airflow/.local/lib/python3.12/site-packages/airflow/example_dags/example_latest_only_with_trigger.py took 0.226 seconds
[2024-05-27T13:33:18.586+0000] {processor.py:161} INFO - Started process (PID=106) to work on /home/airflow/.local/lib/python3.12/site-packages/airflow/example_dags/example_latest_only_with_trigger.py
[2024-05-27T13:33:18.587+0000] {processor.py:830} INFO - Processing file /home/airflow/.local/lib/python3.12/site-packages/airflow/example_dags/example_latest_only_with_trigger.py for tasks to queue
[2024-05-27T13:33:18.589+0000] {logging_mixin.py:188} INFO - [2024-05-27T13:33:18.589+0000] {dagbag.py:545} INFO - Filling up the DagBag from /home/airflow/.local/lib/python3.12/site-packages/airflow/example_dags/example_latest_only_with_trigger.py
[2024-05-27T13:33:18.594+0000] {processor.py:840} INFO - DAG(s) 'latest_only_with_trigger' retrieved from /home/airflow/.local/lib/python3.12/site-packages/airflow/example_dags/example_latest_only_with_trigger.py
[2024-05-27T13:33:18.611+0000] {logging_mixin.py:188} INFO - [2024-05-27T13:33:18.611+0000] {dag.py:3096} INFO - Sync 1 DAGs
[2024-05-27T13:33:18.631+0000] {logging_mixin.py:188} INFO - [2024-05-27T13:33:18.631+0000] {dag.py:3954} INFO - Setting next_dagrun for latest_only_with_trigger to 2024-05-27 08:00:00+00:00, run_after=2024-05-27 12:00:00+00:00
[2024-05-27T13:33:18.648+0000] {processor.py:183} INFO - Processing /home/airflow/.local/lib/python3.12/site-packages/airflow/example_dags/example_latest_only_with_trigger.py took 0.068 seconds
[2024-05-27T14:22:36.808+0000] {processor.py:161} INFO - Started process (PID=65) to work on /home/airflow/.local/lib/python3.12/site-packages/airflow/example_dags/example_latest_only_with_trigger.py
[2024-05-27T14:22:36.812+0000] {processor.py:830} INFO - Processing file /home/airflow/.local/lib/python3.12/site-packages/airflow/example_dags/example_latest_only_with_trigger.py for tasks to queue
[2024-05-27T14:22:36.816+0000] {logging_mixin.py:188} INFO - [2024-05-27T14:22:36.816+0000] {dagbag.py:545} INFO - Filling up the DagBag from /home/airflow/.local/lib/python3.12/site-packages/airflow/example_dags/example_latest_only_with_trigger.py
[2024-05-27T14:22:36.825+0000] {processor.py:840} INFO - DAG(s) 'latest_only_with_trigger' retrieved from /home/airflow/.local/lib/python3.12/site-packages/airflow/example_dags/example_latest_only_with_trigger.py
[2024-05-27T14:22:37.060+0000] {logging_mixin.py:188} INFO - [2024-05-27T14:22:37.059+0000] {override.py:1829} INFO - Created Permission View: can edit on DAG:latest_only_with_trigger
[2024-05-27T14:22:37.080+0000] {logging_mixin.py:188} INFO - [2024-05-27T14:22:37.080+0000] {override.py:1829} INFO - Created Permission View: can delete on DAG:latest_only_with_trigger
[2024-05-27T14:22:37.092+0000] {logging_mixin.py:188} INFO - [2024-05-27T14:22:37.091+0000] {override.py:1829} INFO - Created Permission View: can read on DAG:latest_only_with_trigger
[2024-05-27T14:22:37.093+0000] {logging_mixin.py:188} INFO - [2024-05-27T14:22:37.092+0000] {dag.py:3096} INFO - Sync 1 DAGs
[2024-05-27T14:22:37.115+0000] {logging_mixin.py:188} INFO - [2024-05-27T14:22:37.115+0000] {dag.py:3118} INFO - Creating ORM DAG for latest_only_with_trigger
[2024-05-27T14:22:37.131+0000] {logging_mixin.py:188} INFO - [2024-05-27T14:22:37.131+0000] {dag.py:3954} INFO - Setting next_dagrun for latest_only_with_trigger to 2024-05-27 08:00:00+00:00, run_after=2024-05-27 12:00:00+00:00
[2024-05-27T14:22:37.162+0000] {processor.py:183} INFO - Processing /home/airflow/.local/lib/python3.12/site-packages/airflow/example_dags/example_latest_only_with_trigger.py took 0.364 seconds
[2024-05-27T14:26:27.329+0000] {processor.py:161} INFO - Started process (PID=130) to work on /home/airflow/.local/lib/python3.12/site-packages/airflow/example_dags/example_latest_only_with_trigger.py
[2024-05-27T14:26:27.334+0000] {processor.py:830} INFO - Processing file /home/airflow/.local/lib/python3.12/site-packages/airflow/example_dags/example_latest_only_with_trigger.py for tasks to queue
[2024-05-27T14:26:27.337+0000] {logging_mixin.py:188} INFO - [2024-05-27T14:26:27.337+0000] {dagbag.py:545} INFO - Filling up the DagBag from /home/airflow/.local/lib/python3.12/site-packages/airflow/example_dags/example_latest_only_with_trigger.py
[2024-05-27T14:26:27.363+0000] {processor.py:840} INFO - DAG(s) 'latest_only_with_trigger' retrieved from /home/airflow/.local/lib/python3.12/site-packages/airflow/example_dags/example_latest_only_with_trigger.py
[2024-05-27T14:26:27.482+0000] {logging_mixin.py:188} INFO - [2024-05-27T14:26:27.482+0000] {dag.py:3096} INFO - Sync 1 DAGs
[2024-05-27T14:26:27.579+0000] {logging_mixin.py:188} INFO - [2024-05-27T14:26:27.572+0000] {dag.py:3954} INFO - Setting next_dagrun for latest_only_with_trigger to 2024-05-27 08:00:00+00:00, run_after=2024-05-27 12:00:00+00:00
[2024-05-27T14:26:27.669+0000] {processor.py:183} INFO - Processing /home/airflow/.local/lib/python3.12/site-packages/airflow/example_dags/example_latest_only_with_trigger.py took 0.362 seconds
[2024-05-27T14:26:58.052+0000] {processor.py:161} INFO - Started process (PID=188) to work on /home/airflow/.local/lib/python3.12/site-packages/airflow/example_dags/example_latest_only_with_trigger.py
[2024-05-27T14:26:58.054+0000] {processor.py:830} INFO - Processing file /home/airflow/.local/lib/python3.12/site-packages/airflow/example_dags/example_latest_only_with_trigger.py for tasks to queue
[2024-05-27T14:26:58.055+0000] {logging_mixin.py:188} INFO - [2024-05-27T14:26:58.055+0000] {dagbag.py:545} INFO - Filling up the DagBag from /home/airflow/.local/lib/python3.12/site-packages/airflow/example_dags/example_latest_only_with_trigger.py
[2024-05-27T14:26:58.063+0000] {processor.py:840} INFO - DAG(s) 'latest_only_with_trigger' retrieved from /home/airflow/.local/lib/python3.12/site-packages/airflow/example_dags/example_latest_only_with_trigger.py
[2024-05-27T14:26:58.091+0000] {logging_mixin.py:188} INFO - [2024-05-27T14:26:58.091+0000] {dag.py:3096} INFO - Sync 1 DAGs
[2024-05-27T14:26:58.113+0000] {logging_mixin.py:188} INFO - [2024-05-27T14:26:58.113+0000] {dag.py:3954} INFO - Setting next_dagrun for latest_only_with_trigger to 2024-05-27 08:00:00+00:00, run_after=2024-05-27 12:00:00+00:00
[2024-05-27T14:26:58.135+0000] {processor.py:183} INFO - Processing /home/airflow/.local/lib/python3.12/site-packages/airflow/example_dags/example_latest_only_with_trigger.py took 0.092 seconds
[2024-05-27T17:32:26.418+0000] {processor.py:161} INFO - Started process (PID=56) to work on /home/airflow/.local/lib/python3.12/site-packages/airflow/example_dags/example_latest_only_with_trigger.py
[2024-05-27T17:32:26.419+0000] {processor.py:830} INFO - Processing file /home/airflow/.local/lib/python3.12/site-packages/airflow/example_dags/example_latest_only_with_trigger.py for tasks to queue
[2024-05-27T17:32:26.421+0000] {logging_mixin.py:188} INFO - [2024-05-27T17:32:26.421+0000] {dagbag.py:545} INFO - Filling up the DagBag from /home/airflow/.local/lib/python3.12/site-packages/airflow/example_dags/example_latest_only_with_trigger.py
[2024-05-27T17:32:26.428+0000] {processor.py:840} INFO - DAG(s) 'latest_only_with_trigger' retrieved from /home/airflow/.local/lib/python3.12/site-packages/airflow/example_dags/example_latest_only_with_trigger.py
[2024-05-27T17:32:26.441+0000] {logging_mixin.py:188} INFO - [2024-05-27T17:32:26.441+0000] {dag.py:3096} INFO - Sync 1 DAGs
[2024-05-27T17:32:26.470+0000] {logging_mixin.py:188} INFO - [2024-05-27T17:32:26.470+0000] {dag.py:3954} INFO - Setting next_dagrun for latest_only_with_trigger to 2024-05-27 12:00:00+00:00, run_after=2024-05-27 16:00:00+00:00
[2024-05-27T17:32:26.497+0000] {processor.py:183} INFO - Processing /home/airflow/.local/lib/python3.12/site-packages/airflow/example_dags/example_latest_only_with_trigger.py took 0.087 seconds
[2024-05-27T17:32:57.333+0000] {processor.py:161} INFO - Started process (PID=114) to work on /home/airflow/.local/lib/python3.12/site-packages/airflow/example_dags/example_latest_only_with_trigger.py
[2024-05-27T17:32:57.334+0000] {processor.py:830} INFO - Processing file /home/airflow/.local/lib/python3.12/site-packages/airflow/example_dags/example_latest_only_with_trigger.py for tasks to queue
[2024-05-27T17:32:57.335+0000] {logging_mixin.py:188} INFO - [2024-05-27T17:32:57.335+0000] {dagbag.py:545} INFO - Filling up the DagBag from /home/airflow/.local/lib/python3.12/site-packages/airflow/example_dags/example_latest_only_with_trigger.py
[2024-05-27T17:32:57.340+0000] {processor.py:840} INFO - DAG(s) 'latest_only_with_trigger' retrieved from /home/airflow/.local/lib/python3.12/site-packages/airflow/example_dags/example_latest_only_with_trigger.py
[2024-05-27T17:32:57.430+0000] {logging_mixin.py:188} INFO - [2024-05-27T17:32:57.430+0000] {dag.py:3096} INFO - Sync 1 DAGs
[2024-05-27T17:32:57.450+0000] {logging_mixin.py:188} INFO - [2024-05-27T17:32:57.449+0000] {dag.py:3954} INFO - Setting next_dagrun for latest_only_with_trigger to 2024-05-27 12:00:00+00:00, run_after=2024-05-27 16:00:00+00:00
[2024-05-27T17:32:57.465+0000] {processor.py:183} INFO - Processing /home/airflow/.local/lib/python3.12/site-packages/airflow/example_dags/example_latest_only_with_trigger.py took 0.137 seconds
[2024-05-27T17:33:27.739+0000] {processor.py:161} INFO - Started process (PID=172) to work on /home/airflow/.local/lib/python3.12/site-packages/airflow/example_dags/example_latest_only_with_trigger.py
[2024-05-27T17:33:27.740+0000] {processor.py:830} INFO - Processing file /home/airflow/.local/lib/python3.12/site-packages/airflow/example_dags/example_latest_only_with_trigger.py for tasks to queue
[2024-05-27T17:33:27.742+0000] {logging_mixin.py:188} INFO - [2024-05-27T17:33:27.742+0000] {dagbag.py:545} INFO - Filling up the DagBag from /home/airflow/.local/lib/python3.12/site-packages/airflow/example_dags/example_latest_only_with_trigger.py
[2024-05-27T17:33:27.747+0000] {processor.py:840} INFO - DAG(s) 'latest_only_with_trigger' retrieved from /home/airflow/.local/lib/python3.12/site-packages/airflow/example_dags/example_latest_only_with_trigger.py
[2024-05-27T17:33:27.765+0000] {logging_mixin.py:188} INFO - [2024-05-27T17:33:27.765+0000] {dag.py:3096} INFO - Sync 1 DAGs
[2024-05-27T17:33:27.784+0000] {logging_mixin.py:188} INFO - [2024-05-27T17:33:27.784+0000] {dag.py:3954} INFO - Setting next_dagrun for latest_only_with_trigger to 2024-05-27 12:00:00+00:00, run_after=2024-05-27 16:00:00+00:00
[2024-05-27T17:33:27.801+0000] {processor.py:183} INFO - Processing /home/airflow/.local/lib/python3.12/site-packages/airflow/example_dags/example_latest_only_with_trigger.py took 0.067 seconds
[2024-05-27T17:33:58.041+0000] {processor.py:161} INFO - Started process (PID=230) to work on /home/airflow/.local/lib/python3.12/site-packages/airflow/example_dags/example_latest_only_with_trigger.py
[2024-05-27T17:33:58.042+0000] {processor.py:830} INFO - Processing file /home/airflow/.local/lib/python3.12/site-packages/airflow/example_dags/example_latest_only_with_trigger.py for tasks to queue
[2024-05-27T17:33:58.046+0000] {logging_mixin.py:188} INFO - [2024-05-27T17:33:58.045+0000] {dagbag.py:545} INFO - Filling up the DagBag from /home/airflow/.local/lib/python3.12/site-packages/airflow/example_dags/example_latest_only_with_trigger.py
[2024-05-27T17:33:58.051+0000] {processor.py:840} INFO - DAG(s) 'latest_only_with_trigger' retrieved from /home/airflow/.local/lib/python3.12/site-packages/airflow/example_dags/example_latest_only_with_trigger.py
[2024-05-27T17:33:58.072+0000] {logging_mixin.py:188} INFO - [2024-05-27T17:33:58.072+0000] {dag.py:3096} INFO - Sync 1 DAGs
[2024-05-27T17:33:58.093+0000] {logging_mixin.py:188} INFO - [2024-05-27T17:33:58.093+0000] {dag.py:3954} INFO - Setting next_dagrun for latest_only_with_trigger to 2024-05-27 12:00:00+00:00, run_after=2024-05-27 16:00:00+00:00
[2024-05-27T17:33:58.111+0000] {processor.py:183} INFO - Processing /home/airflow/.local/lib/python3.12/site-packages/airflow/example_dags/example_latest_only_with_trigger.py took 0.077 seconds
[2024-05-27T17:34:28.301+0000] {processor.py:161} INFO - Started process (PID=288) to work on /home/airflow/.local/lib/python3.12/site-packages/airflow/example_dags/example_latest_only_with_trigger.py
[2024-05-27T17:34:28.302+0000] {processor.py:830} INFO - Processing file /home/airflow/.local/lib/python3.12/site-packages/airflow/example_dags/example_latest_only_with_trigger.py for tasks to queue
[2024-05-27T17:34:28.304+0000] {logging_mixin.py:188} INFO - [2024-05-27T17:34:28.303+0000] {dagbag.py:545} INFO - Filling up the DagBag from /home/airflow/.local/lib/python3.12/site-packages/airflow/example_dags/example_latest_only_with_trigger.py
[2024-05-27T17:34:28.308+0000] {processor.py:840} INFO - DAG(s) 'latest_only_with_trigger' retrieved from /home/airflow/.local/lib/python3.12/site-packages/airflow/example_dags/example_latest_only_with_trigger.py
[2024-05-27T17:34:28.325+0000] {logging_mixin.py:188} INFO - [2024-05-27T17:34:28.325+0000] {dag.py:3096} INFO - Sync 1 DAGs
[2024-05-27T17:34:28.350+0000] {logging_mixin.py:188} INFO - [2024-05-27T17:34:28.350+0000] {dag.py:3954} INFO - Setting next_dagrun for latest_only_with_trigger to 2024-05-27 12:00:00+00:00, run_after=2024-05-27 16:00:00+00:00
[2024-05-27T17:34:28.370+0000] {processor.py:183} INFO - Processing /home/airflow/.local/lib/python3.12/site-packages/airflow/example_dags/example_latest_only_with_trigger.py took 0.073 seconds
[2024-05-27T17:34:59.096+0000] {processor.py:161} INFO - Started process (PID=346) to work on /home/airflow/.local/lib/python3.12/site-packages/airflow/example_dags/example_latest_only_with_trigger.py
[2024-05-27T17:34:59.097+0000] {processor.py:830} INFO - Processing file /home/airflow/.local/lib/python3.12/site-packages/airflow/example_dags/example_latest_only_with_trigger.py for tasks to queue
[2024-05-27T17:34:59.099+0000] {logging_mixin.py:188} INFO - [2024-05-27T17:34:59.098+0000] {dagbag.py:545} INFO - Filling up the DagBag from /home/airflow/.local/lib/python3.12/site-packages/airflow/example_dags/example_latest_only_with_trigger.py
[2024-05-27T17:34:59.103+0000] {processor.py:840} INFO - DAG(s) 'latest_only_with_trigger' retrieved from /home/airflow/.local/lib/python3.12/site-packages/airflow/example_dags/example_latest_only_with_trigger.py
[2024-05-27T17:34:59.120+0000] {logging_mixin.py:188} INFO - [2024-05-27T17:34:59.120+0000] {dag.py:3096} INFO - Sync 1 DAGs
[2024-05-27T17:34:59.141+0000] {logging_mixin.py:188} INFO - [2024-05-27T17:34:59.140+0000] {dag.py:3954} INFO - Setting next_dagrun for latest_only_with_trigger to 2024-05-27 12:00:00+00:00, run_after=2024-05-27 16:00:00+00:00
[2024-05-27T17:34:59.157+0000] {processor.py:183} INFO - Processing /home/airflow/.local/lib/python3.12/site-packages/airflow/example_dags/example_latest_only_with_trigger.py took 0.066 seconds
[2024-05-27T17:35:29.427+0000] {processor.py:161} INFO - Started process (PID=404) to work on /home/airflow/.local/lib/python3.12/site-packages/airflow/example_dags/example_latest_only_with_trigger.py
[2024-05-27T17:35:29.428+0000] {processor.py:830} INFO - Processing file /home/airflow/.local/lib/python3.12/site-packages/airflow/example_dags/example_latest_only_with_trigger.py for tasks to queue
[2024-05-27T17:35:29.430+0000] {logging_mixin.py:188} INFO - [2024-05-27T17:35:29.430+0000] {dagbag.py:545} INFO - Filling up the DagBag from /home/airflow/.local/lib/python3.12/site-packages/airflow/example_dags/example_latest_only_with_trigger.py
[2024-05-27T17:35:29.437+0000] {processor.py:840} INFO - DAG(s) 'latest_only_with_trigger' retrieved from /home/airflow/.local/lib/python3.12/site-packages/airflow/example_dags/example_latest_only_with_trigger.py
[2024-05-27T17:35:29.459+0000] {logging_mixin.py:188} INFO - [2024-05-27T17:35:29.459+0000] {dag.py:3096} INFO - Sync 1 DAGs
[2024-05-27T17:35:29.479+0000] {logging_mixin.py:188} INFO - [2024-05-27T17:35:29.479+0000] {dag.py:3954} INFO - Setting next_dagrun for latest_only_with_trigger to 2024-05-27 12:00:00+00:00, run_after=2024-05-27 16:00:00+00:00
[2024-05-27T17:35:29.496+0000] {processor.py:183} INFO - Processing /home/airflow/.local/lib/python3.12/site-packages/airflow/example_dags/example_latest_only_with_trigger.py took 0.075 seconds
[2024-05-27T17:36:00.070+0000] {processor.py:161} INFO - Started process (PID=467) to work on /home/airflow/.local/lib/python3.12/site-packages/airflow/example_dags/example_latest_only_with_trigger.py
[2024-05-27T17:36:00.071+0000] {processor.py:830} INFO - Processing file /home/airflow/.local/lib/python3.12/site-packages/airflow/example_dags/example_latest_only_with_trigger.py for tasks to queue
[2024-05-27T17:36:00.073+0000] {logging_mixin.py:188} INFO - [2024-05-27T17:36:00.073+0000] {dagbag.py:545} INFO - Filling up the DagBag from /home/airflow/.local/lib/python3.12/site-packages/airflow/example_dags/example_latest_only_with_trigger.py
[2024-05-27T17:36:00.078+0000] {processor.py:840} INFO - DAG(s) 'latest_only_with_trigger' retrieved from /home/airflow/.local/lib/python3.12/site-packages/airflow/example_dags/example_latest_only_with_trigger.py
[2024-05-27T17:36:00.095+0000] {logging_mixin.py:188} INFO - [2024-05-27T17:36:00.095+0000] {dag.py:3096} INFO - Sync 1 DAGs
[2024-05-27T17:36:00.115+0000] {logging_mixin.py:188} INFO - [2024-05-27T17:36:00.115+0000] {dag.py:3954} INFO - Setting next_dagrun for latest_only_with_trigger to 2024-05-27 12:00:00+00:00, run_after=2024-05-27 16:00:00+00:00
[2024-05-27T17:36:00.134+0000] {processor.py:183} INFO - Processing /home/airflow/.local/lib/python3.12/site-packages/airflow/example_dags/example_latest_only_with_trigger.py took 0.069 seconds
[2024-05-27T17:36:30.792+0000] {processor.py:161} INFO - Started process (PID=525) to work on /home/airflow/.local/lib/python3.12/site-packages/airflow/example_dags/example_latest_only_with_trigger.py
[2024-05-27T17:36:30.793+0000] {processor.py:830} INFO - Processing file /home/airflow/.local/lib/python3.12/site-packages/airflow/example_dags/example_latest_only_with_trigger.py for tasks to queue
[2024-05-27T17:36:30.795+0000] {logging_mixin.py:188} INFO - [2024-05-27T17:36:30.795+0000] {dagbag.py:545} INFO - Filling up the DagBag from /home/airflow/.local/lib/python3.12/site-packages/airflow/example_dags/example_latest_only_with_trigger.py
[2024-05-27T17:36:30.802+0000] {processor.py:840} INFO - DAG(s) 'latest_only_with_trigger' retrieved from /home/airflow/.local/lib/python3.12/site-packages/airflow/example_dags/example_latest_only_with_trigger.py
[2024-05-27T17:36:30.824+0000] {logging_mixin.py:188} INFO - [2024-05-27T17:36:30.823+0000] {dag.py:3096} INFO - Sync 1 DAGs
[2024-05-27T17:36:30.846+0000] {logging_mixin.py:188} INFO - [2024-05-27T17:36:30.845+0000] {dag.py:3954} INFO - Setting next_dagrun for latest_only_with_trigger to 2024-05-27 12:00:00+00:00, run_after=2024-05-27 16:00:00+00:00
[2024-05-27T17:36:30.865+0000] {processor.py:183} INFO - Processing /home/airflow/.local/lib/python3.12/site-packages/airflow/example_dags/example_latest_only_with_trigger.py took 0.078 seconds
[2024-05-27T17:37:01.768+0000] {processor.py:161} INFO - Started process (PID=582) to work on /home/airflow/.local/lib/python3.12/site-packages/airflow/example_dags/example_latest_only_with_trigger.py
[2024-05-27T17:37:01.769+0000] {processor.py:830} INFO - Processing file /home/airflow/.local/lib/python3.12/site-packages/airflow/example_dags/example_latest_only_with_trigger.py for tasks to queue
[2024-05-27T17:37:01.771+0000] {logging_mixin.py:188} INFO - [2024-05-27T17:37:01.770+0000] {dagbag.py:545} INFO - Filling up the DagBag from /home/airflow/.local/lib/python3.12/site-packages/airflow/example_dags/example_latest_only_with_trigger.py
[2024-05-27T17:37:01.777+0000] {processor.py:840} INFO - DAG(s) 'latest_only_with_trigger' retrieved from /home/airflow/.local/lib/python3.12/site-packages/airflow/example_dags/example_latest_only_with_trigger.py
[2024-05-27T17:37:01.799+0000] {logging_mixin.py:188} INFO - [2024-05-27T17:37:01.798+0000] {dag.py:3096} INFO - Sync 1 DAGs
[2024-05-27T17:37:01.828+0000] {logging_mixin.py:188} INFO - [2024-05-27T17:37:01.828+0000] {dag.py:3954} INFO - Setting next_dagrun for latest_only_with_trigger to 2024-05-27 12:00:00+00:00, run_after=2024-05-27 16:00:00+00:00
[2024-05-27T17:37:01.849+0000] {processor.py:183} INFO - Processing /home/airflow/.local/lib/python3.12/site-packages/airflow/example_dags/example_latest_only_with_trigger.py took 0.086 seconds
[2024-05-27T17:38:14.906+0000] {processor.py:161} INFO - Started process (PID=54) to work on /home/airflow/.local/lib/python3.12/site-packages/airflow/example_dags/example_latest_only_with_trigger.py
[2024-05-27T17:38:14.907+0000] {processor.py:830} INFO - Processing file /home/airflow/.local/lib/python3.12/site-packages/airflow/example_dags/example_latest_only_with_trigger.py for tasks to queue
[2024-05-27T17:38:14.909+0000] {logging_mixin.py:188} INFO - [2024-05-27T17:38:14.909+0000] {dagbag.py:545} INFO - Filling up the DagBag from /home/airflow/.local/lib/python3.12/site-packages/airflow/example_dags/example_latest_only_with_trigger.py
[2024-05-27T17:38:14.914+0000] {processor.py:840} INFO - DAG(s) 'latest_only_with_trigger' retrieved from /home/airflow/.local/lib/python3.12/site-packages/airflow/example_dags/example_latest_only_with_trigger.py
[2024-05-27T17:38:14.923+0000] {logging_mixin.py:188} INFO - [2024-05-27T17:38:14.923+0000] {dag.py:3096} INFO - Sync 1 DAGs
[2024-05-27T17:38:14.946+0000] {logging_mixin.py:188} INFO - [2024-05-27T17:38:14.946+0000] {dag.py:3954} INFO - Setting next_dagrun for latest_only_with_trigger to 2024-05-27 12:00:00+00:00, run_after=2024-05-27 16:00:00+00:00
[2024-05-27T17:38:14.963+0000] {processor.py:183} INFO - Processing /home/airflow/.local/lib/python3.12/site-packages/airflow/example_dags/example_latest_only_with_trigger.py took 0.062 seconds
[2024-05-27T17:38:46.260+0000] {processor.py:161} INFO - Started process (PID=112) to work on /home/airflow/.local/lib/python3.12/site-packages/airflow/example_dags/example_latest_only_with_trigger.py
[2024-05-27T17:38:46.261+0000] {processor.py:830} INFO - Processing file /home/airflow/.local/lib/python3.12/site-packages/airflow/example_dags/example_latest_only_with_trigger.py for tasks to queue
[2024-05-27T17:38:46.264+0000] {logging_mixin.py:188} INFO - [2024-05-27T17:38:46.263+0000] {dagbag.py:545} INFO - Filling up the DagBag from /home/airflow/.local/lib/python3.12/site-packages/airflow/example_dags/example_latest_only_with_trigger.py
[2024-05-27T17:38:46.271+0000] {processor.py:840} INFO - DAG(s) 'latest_only_with_trigger' retrieved from /home/airflow/.local/lib/python3.12/site-packages/airflow/example_dags/example_latest_only_with_trigger.py
[2024-05-27T17:38:46.368+0000] {logging_mixin.py:188} INFO - [2024-05-27T17:38:46.367+0000] {dag.py:3096} INFO - Sync 1 DAGs
[2024-05-27T17:38:46.393+0000] {logging_mixin.py:188} INFO - [2024-05-27T17:38:46.393+0000] {dag.py:3954} INFO - Setting next_dagrun for latest_only_with_trigger to 2024-05-27 12:00:00+00:00, run_after=2024-05-27 16:00:00+00:00
[2024-05-27T17:38:46.409+0000] {processor.py:183} INFO - Processing /home/airflow/.local/lib/python3.12/site-packages/airflow/example_dags/example_latest_only_with_trigger.py took 0.157 seconds
