[2024-05-27T01:38:35.267+0000] {processor.py:161} INFO - Started process (PID=34) to work on /home/airflow/.local/lib/python3.12/site-packages/airflow/example_dags/example_task_group_decorator.py
[2024-05-27T01:38:35.268+0000] {processor.py:830} INFO - Processing file /home/airflow/.local/lib/python3.12/site-packages/airflow/example_dags/example_task_group_decorator.py for tasks to queue
[2024-05-27T01:38:35.270+0000] {logging_mixin.py:188} INFO - [2024-05-27T01:38:35.269+0000] {dagbag.py:545} INFO - Filling up the DagBag from /home/airflow/.local/lib/python3.12/site-packages/airflow/example_dags/example_task_group_decorator.py
[2024-05-27T01:38:35.287+0000] {processor.py:840} INFO - DAG(s) 'example_task_group_decorator' retrieved from /home/airflow/.local/lib/python3.12/site-packages/airflow/example_dags/example_task_group_decorator.py
[2024-05-27T01:38:35.296+0000] {logging_mixin.py:188} INFO - [2024-05-27T01:38:35.296+0000] {dag.py:3096} INFO - Sync 1 DAGs
[2024-05-27T01:38:35.326+0000] {logging_mixin.py:188} INFO - [2024-05-27T01:38:35.325+0000] {dag.py:3954} INFO - Setting next_dagrun for example_task_group_decorator to 2024-05-26 00:00:00+00:00, run_after=2024-05-27 00:00:00+00:00
[2024-05-27T01:38:35.347+0000] {processor.py:183} INFO - Processing /home/airflow/.local/lib/python3.12/site-packages/airflow/example_dags/example_task_group_decorator.py took 0.087 seconds
[2024-05-27T01:39:05.906+0000] {processor.py:161} INFO - Started process (PID=92) to work on /home/airflow/.local/lib/python3.12/site-packages/airflow/example_dags/example_task_group_decorator.py
[2024-05-27T01:39:05.907+0000] {processor.py:830} INFO - Processing file /home/airflow/.local/lib/python3.12/site-packages/airflow/example_dags/example_task_group_decorator.py for tasks to queue
[2024-05-27T01:39:05.909+0000] {logging_mixin.py:188} INFO - [2024-05-27T01:39:05.908+0000] {dagbag.py:545} INFO - Filling up the DagBag from /home/airflow/.local/lib/python3.12/site-packages/airflow/example_dags/example_task_group_decorator.py
[2024-05-27T01:39:05.923+0000] {processor.py:840} INFO - DAG(s) 'example_task_group_decorator' retrieved from /home/airflow/.local/lib/python3.12/site-packages/airflow/example_dags/example_task_group_decorator.py
[2024-05-27T01:39:06.024+0000] {logging_mixin.py:188} INFO - [2024-05-27T01:39:06.023+0000] {dag.py:3096} INFO - Sync 1 DAGs
[2024-05-27T01:39:06.041+0000] {logging_mixin.py:188} INFO - [2024-05-27T01:39:06.041+0000] {dag.py:3954} INFO - Setting next_dagrun for example_task_group_decorator to 2024-05-26 00:00:00+00:00, run_after=2024-05-27 00:00:00+00:00
[2024-05-27T01:39:06.059+0000] {processor.py:183} INFO - Processing /home/airflow/.local/lib/python3.12/site-packages/airflow/example_dags/example_task_group_decorator.py took 0.158 seconds
[2024-05-27T01:39:36.082+0000] {processor.py:161} INFO - Started process (PID=150) to work on /home/airflow/.local/lib/python3.12/site-packages/airflow/example_dags/example_task_group_decorator.py
[2024-05-27T01:39:36.083+0000] {processor.py:830} INFO - Processing file /home/airflow/.local/lib/python3.12/site-packages/airflow/example_dags/example_task_group_decorator.py for tasks to queue
[2024-05-27T01:39:36.085+0000] {logging_mixin.py:188} INFO - [2024-05-27T01:39:36.085+0000] {dagbag.py:545} INFO - Filling up the DagBag from /home/airflow/.local/lib/python3.12/site-packages/airflow/example_dags/example_task_group_decorator.py
[2024-05-27T01:39:36.100+0000] {processor.py:840} INFO - DAG(s) 'example_task_group_decorator' retrieved from /home/airflow/.local/lib/python3.12/site-packages/airflow/example_dags/example_task_group_decorator.py
[2024-05-27T01:39:36.133+0000] {logging_mixin.py:188} INFO - [2024-05-27T01:39:36.132+0000] {dag.py:3096} INFO - Sync 1 DAGs
[2024-05-27T01:39:36.160+0000] {logging_mixin.py:188} INFO - [2024-05-27T01:39:36.160+0000] {dag.py:3954} INFO - Setting next_dagrun for example_task_group_decorator to 2024-05-26 00:00:00+00:00, run_after=2024-05-27 00:00:00+00:00
[2024-05-27T01:39:36.182+0000] {processor.py:183} INFO - Processing /home/airflow/.local/lib/python3.12/site-packages/airflow/example_dags/example_task_group_decorator.py took 0.106 seconds
[2024-05-27T01:40:06.467+0000] {processor.py:161} INFO - Started process (PID=208) to work on /home/airflow/.local/lib/python3.12/site-packages/airflow/example_dags/example_task_group_decorator.py
[2024-05-27T01:40:06.468+0000] {processor.py:830} INFO - Processing file /home/airflow/.local/lib/python3.12/site-packages/airflow/example_dags/example_task_group_decorator.py for tasks to queue
[2024-05-27T01:40:06.470+0000] {logging_mixin.py:188} INFO - [2024-05-27T01:40:06.470+0000] {dagbag.py:545} INFO - Filling up the DagBag from /home/airflow/.local/lib/python3.12/site-packages/airflow/example_dags/example_task_group_decorator.py
[2024-05-27T01:40:06.487+0000] {processor.py:840} INFO - DAG(s) 'example_task_group_decorator' retrieved from /home/airflow/.local/lib/python3.12/site-packages/airflow/example_dags/example_task_group_decorator.py
[2024-05-27T01:40:06.512+0000] {logging_mixin.py:188} INFO - [2024-05-27T01:40:06.512+0000] {dag.py:3096} INFO - Sync 1 DAGs
[2024-05-27T01:40:06.534+0000] {logging_mixin.py:188} INFO - [2024-05-27T01:40:06.534+0000] {dag.py:3954} INFO - Setting next_dagrun for example_task_group_decorator to 2024-05-26 00:00:00+00:00, run_after=2024-05-27 00:00:00+00:00
[2024-05-27T01:40:06.554+0000] {processor.py:183} INFO - Processing /home/airflow/.local/lib/python3.12/site-packages/airflow/example_dags/example_task_group_decorator.py took 0.094 seconds
[2024-05-27T01:40:36.710+0000] {processor.py:161} INFO - Started process (PID=266) to work on /home/airflow/.local/lib/python3.12/site-packages/airflow/example_dags/example_task_group_decorator.py
[2024-05-27T01:40:36.711+0000] {processor.py:830} INFO - Processing file /home/airflow/.local/lib/python3.12/site-packages/airflow/example_dags/example_task_group_decorator.py for tasks to queue
[2024-05-27T01:40:36.715+0000] {logging_mixin.py:188} INFO - [2024-05-27T01:40:36.714+0000] {dagbag.py:545} INFO - Filling up the DagBag from /home/airflow/.local/lib/python3.12/site-packages/airflow/example_dags/example_task_group_decorator.py
[2024-05-27T01:40:36.732+0000] {processor.py:840} INFO - DAG(s) 'example_task_group_decorator' retrieved from /home/airflow/.local/lib/python3.12/site-packages/airflow/example_dags/example_task_group_decorator.py
[2024-05-27T01:40:36.758+0000] {logging_mixin.py:188} INFO - [2024-05-27T01:40:36.758+0000] {dag.py:3096} INFO - Sync 1 DAGs
[2024-05-27T01:40:36.787+0000] {logging_mixin.py:188} INFO - [2024-05-27T01:40:36.787+0000] {dag.py:3954} INFO - Setting next_dagrun for example_task_group_decorator to 2024-05-26 00:00:00+00:00, run_after=2024-05-27 00:00:00+00:00
[2024-05-27T01:40:36.807+0000] {processor.py:183} INFO - Processing /home/airflow/.local/lib/python3.12/site-packages/airflow/example_dags/example_task_group_decorator.py took 0.104 seconds
[2024-05-27T01:41:06.907+0000] {processor.py:161} INFO - Started process (PID=324) to work on /home/airflow/.local/lib/python3.12/site-packages/airflow/example_dags/example_task_group_decorator.py
[2024-05-27T01:41:06.908+0000] {processor.py:830} INFO - Processing file /home/airflow/.local/lib/python3.12/site-packages/airflow/example_dags/example_task_group_decorator.py for tasks to queue
[2024-05-27T01:41:06.910+0000] {logging_mixin.py:188} INFO - [2024-05-27T01:41:06.910+0000] {dagbag.py:545} INFO - Filling up the DagBag from /home/airflow/.local/lib/python3.12/site-packages/airflow/example_dags/example_task_group_decorator.py
[2024-05-27T01:41:06.932+0000] {processor.py:840} INFO - DAG(s) 'example_task_group_decorator' retrieved from /home/airflow/.local/lib/python3.12/site-packages/airflow/example_dags/example_task_group_decorator.py
[2024-05-27T01:41:06.957+0000] {logging_mixin.py:188} INFO - [2024-05-27T01:41:06.957+0000] {dag.py:3096} INFO - Sync 1 DAGs
[2024-05-27T01:41:06.981+0000] {logging_mixin.py:188} INFO - [2024-05-27T01:41:06.981+0000] {dag.py:3954} INFO - Setting next_dagrun for example_task_group_decorator to 2024-05-26 00:00:00+00:00, run_after=2024-05-27 00:00:00+00:00
[2024-05-27T01:41:07.003+0000] {processor.py:183} INFO - Processing /home/airflow/.local/lib/python3.12/site-packages/airflow/example_dags/example_task_group_decorator.py took 0.102 seconds
[2024-05-27T01:41:37.348+0000] {processor.py:161} INFO - Started process (PID=382) to work on /home/airflow/.local/lib/python3.12/site-packages/airflow/example_dags/example_task_group_decorator.py
[2024-05-27T01:41:37.349+0000] {processor.py:830} INFO - Processing file /home/airflow/.local/lib/python3.12/site-packages/airflow/example_dags/example_task_group_decorator.py for tasks to queue
[2024-05-27T01:41:37.351+0000] {logging_mixin.py:188} INFO - [2024-05-27T01:41:37.351+0000] {dagbag.py:545} INFO - Filling up the DagBag from /home/airflow/.local/lib/python3.12/site-packages/airflow/example_dags/example_task_group_decorator.py
[2024-05-27T01:41:37.368+0000] {processor.py:840} INFO - DAG(s) 'example_task_group_decorator' retrieved from /home/airflow/.local/lib/python3.12/site-packages/airflow/example_dags/example_task_group_decorator.py
[2024-05-27T01:41:37.396+0000] {logging_mixin.py:188} INFO - [2024-05-27T01:41:37.396+0000] {dag.py:3096} INFO - Sync 1 DAGs
[2024-05-27T01:41:37.418+0000] {logging_mixin.py:188} INFO - [2024-05-27T01:41:37.418+0000] {dag.py:3954} INFO - Setting next_dagrun for example_task_group_decorator to 2024-05-26 00:00:00+00:00, run_after=2024-05-27 00:00:00+00:00
[2024-05-27T01:41:37.441+0000] {processor.py:183} INFO - Processing /home/airflow/.local/lib/python3.12/site-packages/airflow/example_dags/example_task_group_decorator.py took 0.099 seconds
[2024-05-27T01:42:07.782+0000] {processor.py:161} INFO - Started process (PID=440) to work on /home/airflow/.local/lib/python3.12/site-packages/airflow/example_dags/example_task_group_decorator.py
[2024-05-27T01:42:07.783+0000] {processor.py:830} INFO - Processing file /home/airflow/.local/lib/python3.12/site-packages/airflow/example_dags/example_task_group_decorator.py for tasks to queue
[2024-05-27T01:42:07.787+0000] {logging_mixin.py:188} INFO - [2024-05-27T01:42:07.786+0000] {dagbag.py:545} INFO - Filling up the DagBag from /home/airflow/.local/lib/python3.12/site-packages/airflow/example_dags/example_task_group_decorator.py
[2024-05-27T01:42:07.805+0000] {processor.py:840} INFO - DAG(s) 'example_task_group_decorator' retrieved from /home/airflow/.local/lib/python3.12/site-packages/airflow/example_dags/example_task_group_decorator.py
[2024-05-27T01:42:07.838+0000] {logging_mixin.py:188} INFO - [2024-05-27T01:42:07.838+0000] {dag.py:3096} INFO - Sync 1 DAGs
[2024-05-27T01:42:07.862+0000] {logging_mixin.py:188} INFO - [2024-05-27T01:42:07.862+0000] {dag.py:3954} INFO - Setting next_dagrun for example_task_group_decorator to 2024-05-26 00:00:00+00:00, run_after=2024-05-27 00:00:00+00:00
[2024-05-27T01:42:07.881+0000] {processor.py:183} INFO - Processing /home/airflow/.local/lib/python3.12/site-packages/airflow/example_dags/example_task_group_decorator.py took 0.106 seconds
[2024-05-27T01:42:38.373+0000] {processor.py:161} INFO - Started process (PID=498) to work on /home/airflow/.local/lib/python3.12/site-packages/airflow/example_dags/example_task_group_decorator.py
[2024-05-27T01:42:38.374+0000] {processor.py:830} INFO - Processing file /home/airflow/.local/lib/python3.12/site-packages/airflow/example_dags/example_task_group_decorator.py for tasks to queue
[2024-05-27T01:42:38.376+0000] {logging_mixin.py:188} INFO - [2024-05-27T01:42:38.376+0000] {dagbag.py:545} INFO - Filling up the DagBag from /home/airflow/.local/lib/python3.12/site-packages/airflow/example_dags/example_task_group_decorator.py
[2024-05-27T01:42:38.391+0000] {processor.py:840} INFO - DAG(s) 'example_task_group_decorator' retrieved from /home/airflow/.local/lib/python3.12/site-packages/airflow/example_dags/example_task_group_decorator.py
[2024-05-27T01:42:38.416+0000] {logging_mixin.py:188} INFO - [2024-05-27T01:42:38.416+0000] {dag.py:3096} INFO - Sync 1 DAGs
[2024-05-27T01:42:38.439+0000] {logging_mixin.py:188} INFO - [2024-05-27T01:42:38.438+0000] {dag.py:3954} INFO - Setting next_dagrun for example_task_group_decorator to 2024-05-26 00:00:00+00:00, run_after=2024-05-27 00:00:00+00:00
[2024-05-27T01:42:38.459+0000] {processor.py:183} INFO - Processing /home/airflow/.local/lib/python3.12/site-packages/airflow/example_dags/example_task_group_decorator.py took 0.091 seconds
[2024-05-27T01:43:08.680+0000] {processor.py:161} INFO - Started process (PID=556) to work on /home/airflow/.local/lib/python3.12/site-packages/airflow/example_dags/example_task_group_decorator.py
[2024-05-27T01:43:08.681+0000] {processor.py:830} INFO - Processing file /home/airflow/.local/lib/python3.12/site-packages/airflow/example_dags/example_task_group_decorator.py for tasks to queue
[2024-05-27T01:43:08.683+0000] {logging_mixin.py:188} INFO - [2024-05-27T01:43:08.683+0000] {dagbag.py:545} INFO - Filling up the DagBag from /home/airflow/.local/lib/python3.12/site-packages/airflow/example_dags/example_task_group_decorator.py
[2024-05-27T01:43:08.702+0000] {processor.py:840} INFO - DAG(s) 'example_task_group_decorator' retrieved from /home/airflow/.local/lib/python3.12/site-packages/airflow/example_dags/example_task_group_decorator.py
[2024-05-27T01:43:08.726+0000] {logging_mixin.py:188} INFO - [2024-05-27T01:43:08.725+0000] {dag.py:3096} INFO - Sync 1 DAGs
[2024-05-27T01:43:08.749+0000] {logging_mixin.py:188} INFO - [2024-05-27T01:43:08.748+0000] {dag.py:3954} INFO - Setting next_dagrun for example_task_group_decorator to 2024-05-26 00:00:00+00:00, run_after=2024-05-27 00:00:00+00:00
[2024-05-27T01:43:08.768+0000] {processor.py:183} INFO - Processing /home/airflow/.local/lib/python3.12/site-packages/airflow/example_dags/example_task_group_decorator.py took 0.095 seconds
[2024-05-27T01:43:39.609+0000] {processor.py:161} INFO - Started process (PID=614) to work on /home/airflow/.local/lib/python3.12/site-packages/airflow/example_dags/example_task_group_decorator.py
[2024-05-27T01:43:39.611+0000] {processor.py:830} INFO - Processing file /home/airflow/.local/lib/python3.12/site-packages/airflow/example_dags/example_task_group_decorator.py for tasks to queue
[2024-05-27T01:43:39.613+0000] {logging_mixin.py:188} INFO - [2024-05-27T01:43:39.613+0000] {dagbag.py:545} INFO - Filling up the DagBag from /home/airflow/.local/lib/python3.12/site-packages/airflow/example_dags/example_task_group_decorator.py
[2024-05-27T01:43:39.629+0000] {processor.py:840} INFO - DAG(s) 'example_task_group_decorator' retrieved from /home/airflow/.local/lib/python3.12/site-packages/airflow/example_dags/example_task_group_decorator.py
[2024-05-27T01:43:39.654+0000] {logging_mixin.py:188} INFO - [2024-05-27T01:43:39.653+0000] {dag.py:3096} INFO - Sync 1 DAGs
[2024-05-27T01:43:39.678+0000] {logging_mixin.py:188} INFO - [2024-05-27T01:43:39.677+0000] {dag.py:3954} INFO - Setting next_dagrun for example_task_group_decorator to 2024-05-26 00:00:00+00:00, run_after=2024-05-27 00:00:00+00:00
[2024-05-27T01:43:39.702+0000] {processor.py:183} INFO - Processing /home/airflow/.local/lib/python3.12/site-packages/airflow/example_dags/example_task_group_decorator.py took 0.103 seconds
[2024-05-27T01:44:10.033+0000] {processor.py:161} INFO - Started process (PID=671) to work on /home/airflow/.local/lib/python3.12/site-packages/airflow/example_dags/example_task_group_decorator.py
[2024-05-27T01:44:10.036+0000] {processor.py:830} INFO - Processing file /home/airflow/.local/lib/python3.12/site-packages/airflow/example_dags/example_task_group_decorator.py for tasks to queue
[2024-05-27T01:44:10.038+0000] {logging_mixin.py:188} INFO - [2024-05-27T01:44:10.038+0000] {dagbag.py:545} INFO - Filling up the DagBag from /home/airflow/.local/lib/python3.12/site-packages/airflow/example_dags/example_task_group_decorator.py
[2024-05-27T01:44:10.056+0000] {processor.py:840} INFO - DAG(s) 'example_task_group_decorator' retrieved from /home/airflow/.local/lib/python3.12/site-packages/airflow/example_dags/example_task_group_decorator.py
[2024-05-27T01:44:10.079+0000] {logging_mixin.py:188} INFO - [2024-05-27T01:44:10.079+0000] {dag.py:3096} INFO - Sync 1 DAGs
[2024-05-27T01:44:10.103+0000] {logging_mixin.py:188} INFO - [2024-05-27T01:44:10.102+0000] {dag.py:3954} INFO - Setting next_dagrun for example_task_group_decorator to 2024-05-26 00:00:00+00:00, run_after=2024-05-27 00:00:00+00:00
[2024-05-27T01:44:10.124+0000] {processor.py:183} INFO - Processing /home/airflow/.local/lib/python3.12/site-packages/airflow/example_dags/example_task_group_decorator.py took 0.099 seconds
[2024-05-27T01:44:40.284+0000] {processor.py:161} INFO - Started process (PID=729) to work on /home/airflow/.local/lib/python3.12/site-packages/airflow/example_dags/example_task_group_decorator.py
[2024-05-27T01:44:40.285+0000] {processor.py:830} INFO - Processing file /home/airflow/.local/lib/python3.12/site-packages/airflow/example_dags/example_task_group_decorator.py for tasks to queue
[2024-05-27T01:44:40.286+0000] {logging_mixin.py:188} INFO - [2024-05-27T01:44:40.286+0000] {dagbag.py:545} INFO - Filling up the DagBag from /home/airflow/.local/lib/python3.12/site-packages/airflow/example_dags/example_task_group_decorator.py
[2024-05-27T01:44:40.299+0000] {processor.py:840} INFO - DAG(s) 'example_task_group_decorator' retrieved from /home/airflow/.local/lib/python3.12/site-packages/airflow/example_dags/example_task_group_decorator.py
[2024-05-27T01:44:40.322+0000] {logging_mixin.py:188} INFO - [2024-05-27T01:44:40.321+0000] {dag.py:3096} INFO - Sync 1 DAGs
[2024-05-27T01:44:40.345+0000] {logging_mixin.py:188} INFO - [2024-05-27T01:44:40.345+0000] {dag.py:3954} INFO - Setting next_dagrun for example_task_group_decorator to 2024-05-26 00:00:00+00:00, run_after=2024-05-27 00:00:00+00:00
[2024-05-27T01:44:40.365+0000] {processor.py:183} INFO - Processing /home/airflow/.local/lib/python3.12/site-packages/airflow/example_dags/example_task_group_decorator.py took 0.088 seconds
[2024-05-27T01:45:10.997+0000] {processor.py:161} INFO - Started process (PID=786) to work on /home/airflow/.local/lib/python3.12/site-packages/airflow/example_dags/example_task_group_decorator.py
[2024-05-27T01:45:10.998+0000] {processor.py:830} INFO - Processing file /home/airflow/.local/lib/python3.12/site-packages/airflow/example_dags/example_task_group_decorator.py for tasks to queue
[2024-05-27T01:45:11.000+0000] {logging_mixin.py:188} INFO - [2024-05-27T01:45:10.999+0000] {dagbag.py:545} INFO - Filling up the DagBag from /home/airflow/.local/lib/python3.12/site-packages/airflow/example_dags/example_task_group_decorator.py
[2024-05-27T01:45:11.016+0000] {processor.py:840} INFO - DAG(s) 'example_task_group_decorator' retrieved from /home/airflow/.local/lib/python3.12/site-packages/airflow/example_dags/example_task_group_decorator.py
[2024-05-27T01:45:11.040+0000] {logging_mixin.py:188} INFO - [2024-05-27T01:45:11.039+0000] {dag.py:3096} INFO - Sync 1 DAGs
[2024-05-27T01:45:11.062+0000] {logging_mixin.py:188} INFO - [2024-05-27T01:45:11.062+0000] {dag.py:3954} INFO - Setting next_dagrun for example_task_group_decorator to 2024-05-26 00:00:00+00:00, run_after=2024-05-27 00:00:00+00:00
[2024-05-27T01:45:11.085+0000] {processor.py:183} INFO - Processing /home/airflow/.local/lib/python3.12/site-packages/airflow/example_dags/example_task_group_decorator.py took 0.098 seconds
[2024-05-27T01:45:41.475+0000] {processor.py:161} INFO - Started process (PID=844) to work on /home/airflow/.local/lib/python3.12/site-packages/airflow/example_dags/example_task_group_decorator.py
[2024-05-27T01:45:41.476+0000] {processor.py:830} INFO - Processing file /home/airflow/.local/lib/python3.12/site-packages/airflow/example_dags/example_task_group_decorator.py for tasks to queue
[2024-05-27T01:45:41.478+0000] {logging_mixin.py:188} INFO - [2024-05-27T01:45:41.478+0000] {dagbag.py:545} INFO - Filling up the DagBag from /home/airflow/.local/lib/python3.12/site-packages/airflow/example_dags/example_task_group_decorator.py
[2024-05-27T01:45:41.496+0000] {processor.py:840} INFO - DAG(s) 'example_task_group_decorator' retrieved from /home/airflow/.local/lib/python3.12/site-packages/airflow/example_dags/example_task_group_decorator.py
[2024-05-27T01:45:41.519+0000] {logging_mixin.py:188} INFO - [2024-05-27T01:45:41.519+0000] {dag.py:3096} INFO - Sync 1 DAGs
[2024-05-27T01:45:41.540+0000] {logging_mixin.py:188} INFO - [2024-05-27T01:45:41.540+0000] {dag.py:3954} INFO - Setting next_dagrun for example_task_group_decorator to 2024-05-26 00:00:00+00:00, run_after=2024-05-27 00:00:00+00:00
[2024-05-27T01:45:41.559+0000] {processor.py:183} INFO - Processing /home/airflow/.local/lib/python3.12/site-packages/airflow/example_dags/example_task_group_decorator.py took 0.091 seconds
[2024-05-27T01:46:12.195+0000] {processor.py:161} INFO - Started process (PID=902) to work on /home/airflow/.local/lib/python3.12/site-packages/airflow/example_dags/example_task_group_decorator.py
[2024-05-27T01:46:12.199+0000] {processor.py:830} INFO - Processing file /home/airflow/.local/lib/python3.12/site-packages/airflow/example_dags/example_task_group_decorator.py for tasks to queue
[2024-05-27T01:46:12.200+0000] {logging_mixin.py:188} INFO - [2024-05-27T01:46:12.200+0000] {dagbag.py:545} INFO - Filling up the DagBag from /home/airflow/.local/lib/python3.12/site-packages/airflow/example_dags/example_task_group_decorator.py
[2024-05-27T01:46:12.214+0000] {processor.py:840} INFO - DAG(s) 'example_task_group_decorator' retrieved from /home/airflow/.local/lib/python3.12/site-packages/airflow/example_dags/example_task_group_decorator.py
[2024-05-27T01:46:12.237+0000] {logging_mixin.py:188} INFO - [2024-05-27T01:46:12.236+0000] {dag.py:3096} INFO - Sync 1 DAGs
[2024-05-27T01:46:12.258+0000] {logging_mixin.py:188} INFO - [2024-05-27T01:46:12.258+0000] {dag.py:3954} INFO - Setting next_dagrun for example_task_group_decorator to 2024-05-26 00:00:00+00:00, run_after=2024-05-27 00:00:00+00:00
[2024-05-27T01:46:12.277+0000] {processor.py:183} INFO - Processing /home/airflow/.local/lib/python3.12/site-packages/airflow/example_dags/example_task_group_decorator.py took 0.088 seconds
[2024-05-27T01:48:42.766+0000] {processor.py:161} INFO - Started process (PID=33) to work on /home/airflow/.local/lib/python3.12/site-packages/airflow/example_dags/example_task_group_decorator.py
[2024-05-27T01:48:42.767+0000] {processor.py:830} INFO - Processing file /home/airflow/.local/lib/python3.12/site-packages/airflow/example_dags/example_task_group_decorator.py for tasks to queue
[2024-05-27T01:48:42.772+0000] {logging_mixin.py:188} INFO - [2024-05-27T01:48:42.772+0000] {dagbag.py:545} INFO - Filling up the DagBag from /home/airflow/.local/lib/python3.12/site-packages/airflow/example_dags/example_task_group_decorator.py
[2024-05-27T01:48:42.792+0000] {processor.py:840} INFO - DAG(s) 'example_task_group_decorator' retrieved from /home/airflow/.local/lib/python3.12/site-packages/airflow/example_dags/example_task_group_decorator.py
[2024-05-27T01:48:42.806+0000] {logging_mixin.py:188} INFO - [2024-05-27T01:48:42.805+0000] {dag.py:3096} INFO - Sync 1 DAGs
[2024-05-27T01:48:42.841+0000] {logging_mixin.py:188} INFO - [2024-05-27T01:48:42.841+0000] {dag.py:3954} INFO - Setting next_dagrun for example_task_group_decorator to 2024-05-26 00:00:00+00:00, run_after=2024-05-27 00:00:00+00:00
[2024-05-27T01:48:42.868+0000] {processor.py:183} INFO - Processing /home/airflow/.local/lib/python3.12/site-packages/airflow/example_dags/example_task_group_decorator.py took 0.107 seconds
[2024-05-27T01:49:13.084+0000] {processor.py:161} INFO - Started process (PID=91) to work on /home/airflow/.local/lib/python3.12/site-packages/airflow/example_dags/example_task_group_decorator.py
[2024-05-27T01:49:13.085+0000] {processor.py:830} INFO - Processing file /home/airflow/.local/lib/python3.12/site-packages/airflow/example_dags/example_task_group_decorator.py for tasks to queue
[2024-05-27T01:49:13.087+0000] {logging_mixin.py:188} INFO - [2024-05-27T01:49:13.086+0000] {dagbag.py:545} INFO - Filling up the DagBag from /home/airflow/.local/lib/python3.12/site-packages/airflow/example_dags/example_task_group_decorator.py
[2024-05-27T01:49:13.100+0000] {processor.py:840} INFO - DAG(s) 'example_task_group_decorator' retrieved from /home/airflow/.local/lib/python3.12/site-packages/airflow/example_dags/example_task_group_decorator.py
[2024-05-27T01:49:13.211+0000] {logging_mixin.py:188} INFO - [2024-05-27T01:49:13.211+0000] {dag.py:3096} INFO - Sync 1 DAGs
[2024-05-27T01:49:13.233+0000] {logging_mixin.py:188} INFO - [2024-05-27T01:49:13.233+0000] {dag.py:3954} INFO - Setting next_dagrun for example_task_group_decorator to 2024-05-26 00:00:00+00:00, run_after=2024-05-27 00:00:00+00:00
[2024-05-27T01:49:13.254+0000] {processor.py:183} INFO - Processing /home/airflow/.local/lib/python3.12/site-packages/airflow/example_dags/example_task_group_decorator.py took 0.176 seconds
[2024-05-27T13:32:46.319+0000] {processor.py:161} INFO - Started process (PID=33) to work on /home/airflow/.local/lib/python3.12/site-packages/airflow/example_dags/example_task_group_decorator.py
[2024-05-27T13:32:46.320+0000] {processor.py:830} INFO - Processing file /home/airflow/.local/lib/python3.12/site-packages/airflow/example_dags/example_task_group_decorator.py for tasks to queue
[2024-05-27T13:32:46.324+0000] {logging_mixin.py:188} INFO - [2024-05-27T13:32:46.323+0000] {dagbag.py:545} INFO - Filling up the DagBag from /home/airflow/.local/lib/python3.12/site-packages/airflow/example_dags/example_task_group_decorator.py
[2024-05-27T13:32:46.347+0000] {processor.py:840} INFO - DAG(s) 'example_task_group_decorator' retrieved from /home/airflow/.local/lib/python3.12/site-packages/airflow/example_dags/example_task_group_decorator.py
[2024-05-27T13:32:46.385+0000] {logging_mixin.py:188} INFO - [2024-05-27T13:32:46.384+0000] {dag.py:3096} INFO - Sync 1 DAGs
[2024-05-27T13:32:46.414+0000] {logging_mixin.py:188} INFO - [2024-05-27T13:32:46.414+0000] {dag.py:3954} INFO - Setting next_dagrun for example_task_group_decorator to 2024-05-26 00:00:00+00:00, run_after=2024-05-27 00:00:00+00:00
[2024-05-27T13:32:46.439+0000] {processor.py:183} INFO - Processing /home/airflow/.local/lib/python3.12/site-packages/airflow/example_dags/example_task_group_decorator.py took 0.126 seconds
[2024-05-27T13:33:16.810+0000] {processor.py:161} INFO - Started process (PID=90) to work on /home/airflow/.local/lib/python3.12/site-packages/airflow/example_dags/example_task_group_decorator.py
[2024-05-27T13:33:16.810+0000] {processor.py:830} INFO - Processing file /home/airflow/.local/lib/python3.12/site-packages/airflow/example_dags/example_task_group_decorator.py for tasks to queue
[2024-05-27T13:33:16.812+0000] {logging_mixin.py:188} INFO - [2024-05-27T13:33:16.812+0000] {dagbag.py:545} INFO - Filling up the DagBag from /home/airflow/.local/lib/python3.12/site-packages/airflow/example_dags/example_task_group_decorator.py
[2024-05-27T13:33:16.828+0000] {processor.py:840} INFO - DAG(s) 'example_task_group_decorator' retrieved from /home/airflow/.local/lib/python3.12/site-packages/airflow/example_dags/example_task_group_decorator.py
[2024-05-27T13:33:16.854+0000] {logging_mixin.py:188} INFO - [2024-05-27T13:33:16.854+0000] {dag.py:3096} INFO - Sync 1 DAGs
[2024-05-27T13:33:16.879+0000] {logging_mixin.py:188} INFO - [2024-05-27T13:33:16.879+0000] {dag.py:3954} INFO - Setting next_dagrun for example_task_group_decorator to 2024-05-26 00:00:00+00:00, run_after=2024-05-27 00:00:00+00:00
[2024-05-27T13:33:16.897+0000] {processor.py:183} INFO - Processing /home/airflow/.local/lib/python3.12/site-packages/airflow/example_dags/example_task_group_decorator.py took 0.092 seconds
[2024-05-27T14:22:39.298+0000] {processor.py:161} INFO - Started process (PID=79) to work on /home/airflow/.local/lib/python3.12/site-packages/airflow/example_dags/example_task_group_decorator.py
[2024-05-27T14:22:39.303+0000] {processor.py:830} INFO - Processing file /home/airflow/.local/lib/python3.12/site-packages/airflow/example_dags/example_task_group_decorator.py for tasks to queue
[2024-05-27T14:22:39.308+0000] {logging_mixin.py:188} INFO - [2024-05-27T14:22:39.308+0000] {dagbag.py:545} INFO - Filling up the DagBag from /home/airflow/.local/lib/python3.12/site-packages/airflow/example_dags/example_task_group_decorator.py
[2024-05-27T14:22:39.340+0000] {processor.py:840} INFO - DAG(s) 'example_task_group_decorator' retrieved from /home/airflow/.local/lib/python3.12/site-packages/airflow/example_dags/example_task_group_decorator.py
[2024-05-27T14:22:39.461+0000] {logging_mixin.py:188} INFO - [2024-05-27T14:22:39.460+0000] {override.py:1829} INFO - Created Permission View: can edit on DAG:example_task_group_decorator
[2024-05-27T14:22:39.485+0000] {logging_mixin.py:188} INFO - [2024-05-27T14:22:39.485+0000] {override.py:1829} INFO - Created Permission View: can delete on DAG:example_task_group_decorator
[2024-05-27T14:22:39.498+0000] {logging_mixin.py:188} INFO - [2024-05-27T14:22:39.498+0000] {override.py:1829} INFO - Created Permission View: can read on DAG:example_task_group_decorator
[2024-05-27T14:22:39.500+0000] {logging_mixin.py:188} INFO - [2024-05-27T14:22:39.500+0000] {dag.py:3096} INFO - Sync 1 DAGs
[2024-05-27T14:22:39.518+0000] {logging_mixin.py:188} INFO - [2024-05-27T14:22:39.518+0000] {dag.py:3118} INFO - Creating ORM DAG for example_task_group_decorator
[2024-05-27T14:22:39.539+0000] {logging_mixin.py:188} INFO - [2024-05-27T14:22:39.539+0000] {dag.py:3954} INFO - Setting next_dagrun for example_task_group_decorator to 2024-05-26 00:00:00+00:00, run_after=2024-05-27 00:00:00+00:00
[2024-05-27T14:22:39.572+0000] {processor.py:183} INFO - Processing /home/airflow/.local/lib/python3.12/site-packages/airflow/example_dags/example_task_group_decorator.py took 0.291 seconds
[2024-05-27T14:26:29.885+0000] {processor.py:161} INFO - Started process (PID=144) to work on /home/airflow/.local/lib/python3.12/site-packages/airflow/example_dags/example_task_group_decorator.py
[2024-05-27T14:26:29.888+0000] {processor.py:830} INFO - Processing file /home/airflow/.local/lib/python3.12/site-packages/airflow/example_dags/example_task_group_decorator.py for tasks to queue
[2024-05-27T14:26:29.890+0000] {logging_mixin.py:188} INFO - [2024-05-27T14:26:29.890+0000] {dagbag.py:545} INFO - Filling up the DagBag from /home/airflow/.local/lib/python3.12/site-packages/airflow/example_dags/example_task_group_decorator.py
[2024-05-27T14:26:29.936+0000] {processor.py:840} INFO - DAG(s) 'example_task_group_decorator' retrieved from /home/airflow/.local/lib/python3.12/site-packages/airflow/example_dags/example_task_group_decorator.py
[2024-05-27T14:26:29.990+0000] {logging_mixin.py:188} INFO - [2024-05-27T14:26:29.990+0000] {dag.py:3096} INFO - Sync 1 DAGs
[2024-05-27T14:26:30.029+0000] {logging_mixin.py:188} INFO - [2024-05-27T14:26:30.028+0000] {dag.py:3954} INFO - Setting next_dagrun for example_task_group_decorator to 2024-05-26 00:00:00+00:00, run_after=2024-05-27 00:00:00+00:00
[2024-05-27T14:26:30.068+0000] {processor.py:183} INFO - Processing /home/airflow/.local/lib/python3.12/site-packages/airflow/example_dags/example_task_group_decorator.py took 0.199 seconds
[2024-05-27T14:27:00.809+0000] {processor.py:161} INFO - Started process (PID=202) to work on /home/airflow/.local/lib/python3.12/site-packages/airflow/example_dags/example_task_group_decorator.py
[2024-05-27T14:27:00.811+0000] {processor.py:830} INFO - Processing file /home/airflow/.local/lib/python3.12/site-packages/airflow/example_dags/example_task_group_decorator.py for tasks to queue
[2024-05-27T14:27:00.814+0000] {logging_mixin.py:188} INFO - [2024-05-27T14:27:00.813+0000] {dagbag.py:545} INFO - Filling up the DagBag from /home/airflow/.local/lib/python3.12/site-packages/airflow/example_dags/example_task_group_decorator.py
[2024-05-27T14:27:00.832+0000] {processor.py:840} INFO - DAG(s) 'example_task_group_decorator' retrieved from /home/airflow/.local/lib/python3.12/site-packages/airflow/example_dags/example_task_group_decorator.py
[2024-05-27T14:27:00.858+0000] {logging_mixin.py:188} INFO - [2024-05-27T14:27:00.857+0000] {dag.py:3096} INFO - Sync 1 DAGs
[2024-05-27T14:27:00.883+0000] {logging_mixin.py:188} INFO - [2024-05-27T14:27:00.883+0000] {dag.py:3954} INFO - Setting next_dagrun for example_task_group_decorator to 2024-05-26 00:00:00+00:00, run_after=2024-05-27 00:00:00+00:00
[2024-05-27T14:27:00.902+0000] {processor.py:183} INFO - Processing /home/airflow/.local/lib/python3.12/site-packages/airflow/example_dags/example_task_group_decorator.py took 0.099 seconds
[2024-05-27T17:32:27.326+0000] {processor.py:161} INFO - Started process (PID=70) to work on /home/airflow/.local/lib/python3.12/site-packages/airflow/example_dags/example_task_group_decorator.py
[2024-05-27T17:32:27.328+0000] {processor.py:830} INFO - Processing file /home/airflow/.local/lib/python3.12/site-packages/airflow/example_dags/example_task_group_decorator.py for tasks to queue
[2024-05-27T17:32:27.336+0000] {logging_mixin.py:188} INFO - [2024-05-27T17:32:27.335+0000] {dagbag.py:545} INFO - Filling up the DagBag from /home/airflow/.local/lib/python3.12/site-packages/airflow/example_dags/example_task_group_decorator.py
[2024-05-27T17:32:27.366+0000] {processor.py:840} INFO - DAG(s) 'example_task_group_decorator' retrieved from /home/airflow/.local/lib/python3.12/site-packages/airflow/example_dags/example_task_group_decorator.py
[2024-05-27T17:32:27.380+0000] {logging_mixin.py:188} INFO - [2024-05-27T17:32:27.379+0000] {dag.py:3096} INFO - Sync 1 DAGs
[2024-05-27T17:32:27.404+0000] {logging_mixin.py:188} INFO - [2024-05-27T17:32:27.403+0000] {dag.py:3954} INFO - Setting next_dagrun for example_task_group_decorator to 2024-05-26 00:00:00+00:00, run_after=2024-05-27 00:00:00+00:00
[2024-05-27T17:32:27.426+0000] {processor.py:183} INFO - Processing /home/airflow/.local/lib/python3.12/site-packages/airflow/example_dags/example_task_group_decorator.py took 0.116 seconds
[2024-05-27T17:32:58.506+0000] {processor.py:161} INFO - Started process (PID=128) to work on /home/airflow/.local/lib/python3.12/site-packages/airflow/example_dags/example_task_group_decorator.py
[2024-05-27T17:32:58.507+0000] {processor.py:830} INFO - Processing file /home/airflow/.local/lib/python3.12/site-packages/airflow/example_dags/example_task_group_decorator.py for tasks to queue
[2024-05-27T17:32:58.509+0000] {logging_mixin.py:188} INFO - [2024-05-27T17:32:58.508+0000] {dagbag.py:545} INFO - Filling up the DagBag from /home/airflow/.local/lib/python3.12/site-packages/airflow/example_dags/example_task_group_decorator.py
[2024-05-27T17:32:58.522+0000] {processor.py:840} INFO - DAG(s) 'example_task_group_decorator' retrieved from /home/airflow/.local/lib/python3.12/site-packages/airflow/example_dags/example_task_group_decorator.py
[2024-05-27T17:32:58.619+0000] {logging_mixin.py:188} INFO - [2024-05-27T17:32:58.619+0000] {dag.py:3096} INFO - Sync 1 DAGs
[2024-05-27T17:32:58.637+0000] {logging_mixin.py:188} INFO - [2024-05-27T17:32:58.637+0000] {dag.py:3954} INFO - Setting next_dagrun for example_task_group_decorator to 2024-05-26 00:00:00+00:00, run_after=2024-05-27 00:00:00+00:00
[2024-05-27T17:32:58.655+0000] {processor.py:183} INFO - Processing /home/airflow/.local/lib/python3.12/site-packages/airflow/example_dags/example_task_group_decorator.py took 0.154 seconds
[2024-05-27T17:33:28.731+0000] {processor.py:161} INFO - Started process (PID=186) to work on /home/airflow/.local/lib/python3.12/site-packages/airflow/example_dags/example_task_group_decorator.py
[2024-05-27T17:33:28.732+0000] {processor.py:830} INFO - Processing file /home/airflow/.local/lib/python3.12/site-packages/airflow/example_dags/example_task_group_decorator.py for tasks to queue
[2024-05-27T17:33:28.734+0000] {logging_mixin.py:188} INFO - [2024-05-27T17:33:28.733+0000] {dagbag.py:545} INFO - Filling up the DagBag from /home/airflow/.local/lib/python3.12/site-packages/airflow/example_dags/example_task_group_decorator.py
[2024-05-27T17:33:28.746+0000] {processor.py:840} INFO - DAG(s) 'example_task_group_decorator' retrieved from /home/airflow/.local/lib/python3.12/site-packages/airflow/example_dags/example_task_group_decorator.py
[2024-05-27T17:33:28.768+0000] {logging_mixin.py:188} INFO - [2024-05-27T17:33:28.767+0000] {dag.py:3096} INFO - Sync 1 DAGs
[2024-05-27T17:33:28.787+0000] {logging_mixin.py:188} INFO - [2024-05-27T17:33:28.786+0000] {dag.py:3954} INFO - Setting next_dagrun for example_task_group_decorator to 2024-05-26 00:00:00+00:00, run_after=2024-05-27 00:00:00+00:00
[2024-05-27T17:33:28.802+0000] {processor.py:183} INFO - Processing /home/airflow/.local/lib/python3.12/site-packages/airflow/example_dags/example_task_group_decorator.py took 0.076 seconds
[2024-05-27T17:33:58.835+0000] {processor.py:161} INFO - Started process (PID=244) to work on /home/airflow/.local/lib/python3.12/site-packages/airflow/example_dags/example_task_group_decorator.py
[2024-05-27T17:33:58.836+0000] {processor.py:830} INFO - Processing file /home/airflow/.local/lib/python3.12/site-packages/airflow/example_dags/example_task_group_decorator.py for tasks to queue
[2024-05-27T17:33:58.838+0000] {logging_mixin.py:188} INFO - [2024-05-27T17:33:58.838+0000] {dagbag.py:545} INFO - Filling up the DagBag from /home/airflow/.local/lib/python3.12/site-packages/airflow/example_dags/example_task_group_decorator.py
[2024-05-27T17:33:58.855+0000] {processor.py:840} INFO - DAG(s) 'example_task_group_decorator' retrieved from /home/airflow/.local/lib/python3.12/site-packages/airflow/example_dags/example_task_group_decorator.py
[2024-05-27T17:33:58.877+0000] {logging_mixin.py:188} INFO - [2024-05-27T17:33:58.877+0000] {dag.py:3096} INFO - Sync 1 DAGs
[2024-05-27T17:33:58.897+0000] {logging_mixin.py:188} INFO - [2024-05-27T17:33:58.897+0000] {dag.py:3954} INFO - Setting next_dagrun for example_task_group_decorator to 2024-05-26 00:00:00+00:00, run_after=2024-05-27 00:00:00+00:00
[2024-05-27T17:33:58.913+0000] {processor.py:183} INFO - Processing /home/airflow/.local/lib/python3.12/site-packages/airflow/example_dags/example_task_group_decorator.py took 0.084 seconds
[2024-05-27T17:34:29.045+0000] {processor.py:161} INFO - Started process (PID=302) to work on /home/airflow/.local/lib/python3.12/site-packages/airflow/example_dags/example_task_group_decorator.py
[2024-05-27T17:34:29.046+0000] {processor.py:830} INFO - Processing file /home/airflow/.local/lib/python3.12/site-packages/airflow/example_dags/example_task_group_decorator.py for tasks to queue
[2024-05-27T17:34:29.049+0000] {logging_mixin.py:188} INFO - [2024-05-27T17:34:29.048+0000] {dagbag.py:545} INFO - Filling up the DagBag from /home/airflow/.local/lib/python3.12/site-packages/airflow/example_dags/example_task_group_decorator.py
[2024-05-27T17:34:29.067+0000] {processor.py:840} INFO - DAG(s) 'example_task_group_decorator' retrieved from /home/airflow/.local/lib/python3.12/site-packages/airflow/example_dags/example_task_group_decorator.py
[2024-05-27T17:34:29.093+0000] {logging_mixin.py:188} INFO - [2024-05-27T17:34:29.092+0000] {dag.py:3096} INFO - Sync 1 DAGs
[2024-05-27T17:34:29.121+0000] {logging_mixin.py:188} INFO - [2024-05-27T17:34:29.121+0000] {dag.py:3954} INFO - Setting next_dagrun for example_task_group_decorator to 2024-05-26 00:00:00+00:00, run_after=2024-05-27 00:00:00+00:00
[2024-05-27T17:34:29.142+0000] {processor.py:183} INFO - Processing /home/airflow/.local/lib/python3.12/site-packages/airflow/example_dags/example_task_group_decorator.py took 0.102 seconds
[2024-05-27T17:34:59.926+0000] {processor.py:161} INFO - Started process (PID=360) to work on /home/airflow/.local/lib/python3.12/site-packages/airflow/example_dags/example_task_group_decorator.py
[2024-05-27T17:34:59.927+0000] {processor.py:830} INFO - Processing file /home/airflow/.local/lib/python3.12/site-packages/airflow/example_dags/example_task_group_decorator.py for tasks to queue
[2024-05-27T17:34:59.929+0000] {logging_mixin.py:188} INFO - [2024-05-27T17:34:59.929+0000] {dagbag.py:545} INFO - Filling up the DagBag from /home/airflow/.local/lib/python3.12/site-packages/airflow/example_dags/example_task_group_decorator.py
[2024-05-27T17:34:59.946+0000] {processor.py:840} INFO - DAG(s) 'example_task_group_decorator' retrieved from /home/airflow/.local/lib/python3.12/site-packages/airflow/example_dags/example_task_group_decorator.py
[2024-05-27T17:34:59.969+0000] {logging_mixin.py:188} INFO - [2024-05-27T17:34:59.969+0000] {dag.py:3096} INFO - Sync 1 DAGs
[2024-05-27T17:34:59.989+0000] {logging_mixin.py:188} INFO - [2024-05-27T17:34:59.988+0000] {dag.py:3954} INFO - Setting next_dagrun for example_task_group_decorator to 2024-05-26 00:00:00+00:00, run_after=2024-05-27 00:00:00+00:00
[2024-05-27T17:35:00.007+0000] {processor.py:183} INFO - Processing /home/airflow/.local/lib/python3.12/site-packages/airflow/example_dags/example_task_group_decorator.py took 0.086 seconds
[2024-05-27T17:35:30.099+0000] {processor.py:161} INFO - Started process (PID=418) to work on /home/airflow/.local/lib/python3.12/site-packages/airflow/example_dags/example_task_group_decorator.py
[2024-05-27T17:35:30.100+0000] {processor.py:830} INFO - Processing file /home/airflow/.local/lib/python3.12/site-packages/airflow/example_dags/example_task_group_decorator.py for tasks to queue
[2024-05-27T17:35:30.103+0000] {logging_mixin.py:188} INFO - [2024-05-27T17:35:30.102+0000] {dagbag.py:545} INFO - Filling up the DagBag from /home/airflow/.local/lib/python3.12/site-packages/airflow/example_dags/example_task_group_decorator.py
[2024-05-27T17:35:30.118+0000] {processor.py:840} INFO - DAG(s) 'example_task_group_decorator' retrieved from /home/airflow/.local/lib/python3.12/site-packages/airflow/example_dags/example_task_group_decorator.py
[2024-05-27T17:35:30.141+0000] {logging_mixin.py:188} INFO - [2024-05-27T17:35:30.141+0000] {dag.py:3096} INFO - Sync 1 DAGs
[2024-05-27T17:35:30.161+0000] {logging_mixin.py:188} INFO - [2024-05-27T17:35:30.161+0000] {dag.py:3954} INFO - Setting next_dagrun for example_task_group_decorator to 2024-05-26 00:00:00+00:00, run_after=2024-05-27 00:00:00+00:00
[2024-05-27T17:35:30.177+0000] {processor.py:183} INFO - Processing /home/airflow/.local/lib/python3.12/site-packages/airflow/example_dags/example_task_group_decorator.py took 0.085 seconds
[2024-05-27T17:36:00.750+0000] {processor.py:161} INFO - Started process (PID=481) to work on /home/airflow/.local/lib/python3.12/site-packages/airflow/example_dags/example_task_group_decorator.py
[2024-05-27T17:36:00.751+0000] {processor.py:830} INFO - Processing file /home/airflow/.local/lib/python3.12/site-packages/airflow/example_dags/example_task_group_decorator.py for tasks to queue
[2024-05-27T17:36:00.754+0000] {logging_mixin.py:188} INFO - [2024-05-27T17:36:00.753+0000] {dagbag.py:545} INFO - Filling up the DagBag from /home/airflow/.local/lib/python3.12/site-packages/airflow/example_dags/example_task_group_decorator.py
[2024-05-27T17:36:00.769+0000] {processor.py:840} INFO - DAG(s) 'example_task_group_decorator' retrieved from /home/airflow/.local/lib/python3.12/site-packages/airflow/example_dags/example_task_group_decorator.py
[2024-05-27T17:36:00.793+0000] {logging_mixin.py:188} INFO - [2024-05-27T17:36:00.793+0000] {dag.py:3096} INFO - Sync 1 DAGs
[2024-05-27T17:36:00.815+0000] {logging_mixin.py:188} INFO - [2024-05-27T17:36:00.814+0000] {dag.py:3954} INFO - Setting next_dagrun for example_task_group_decorator to 2024-05-26 00:00:00+00:00, run_after=2024-05-27 00:00:00+00:00
[2024-05-27T17:36:00.831+0000] {processor.py:183} INFO - Processing /home/airflow/.local/lib/python3.12/site-packages/airflow/example_dags/example_task_group_decorator.py took 0.088 seconds
[2024-05-27T17:36:31.548+0000] {processor.py:161} INFO - Started process (PID=539) to work on /home/airflow/.local/lib/python3.12/site-packages/airflow/example_dags/example_task_group_decorator.py
[2024-05-27T17:36:31.549+0000] {processor.py:830} INFO - Processing file /home/airflow/.local/lib/python3.12/site-packages/airflow/example_dags/example_task_group_decorator.py for tasks to queue
[2024-05-27T17:36:31.550+0000] {logging_mixin.py:188} INFO - [2024-05-27T17:36:31.550+0000] {dagbag.py:545} INFO - Filling up the DagBag from /home/airflow/.local/lib/python3.12/site-packages/airflow/example_dags/example_task_group_decorator.py
[2024-05-27T17:36:31.565+0000] {processor.py:840} INFO - DAG(s) 'example_task_group_decorator' retrieved from /home/airflow/.local/lib/python3.12/site-packages/airflow/example_dags/example_task_group_decorator.py
[2024-05-27T17:36:31.588+0000] {logging_mixin.py:188} INFO - [2024-05-27T17:36:31.588+0000] {dag.py:3096} INFO - Sync 1 DAGs
[2024-05-27T17:36:31.610+0000] {logging_mixin.py:188} INFO - [2024-05-27T17:36:31.610+0000] {dag.py:3954} INFO - Setting next_dagrun for example_task_group_decorator to 2024-05-26 00:00:00+00:00, run_after=2024-05-27 00:00:00+00:00
[2024-05-27T17:36:31.628+0000] {processor.py:183} INFO - Processing /home/airflow/.local/lib/python3.12/site-packages/airflow/example_dags/example_task_group_decorator.py took 0.086 seconds
[2024-05-27T17:37:02.444+0000] {processor.py:161} INFO - Started process (PID=596) to work on /home/airflow/.local/lib/python3.12/site-packages/airflow/example_dags/example_task_group_decorator.py
[2024-05-27T17:37:02.445+0000] {processor.py:830} INFO - Processing file /home/airflow/.local/lib/python3.12/site-packages/airflow/example_dags/example_task_group_decorator.py for tasks to queue
[2024-05-27T17:37:02.447+0000] {logging_mixin.py:188} INFO - [2024-05-27T17:37:02.446+0000] {dagbag.py:545} INFO - Filling up the DagBag from /home/airflow/.local/lib/python3.12/site-packages/airflow/example_dags/example_task_group_decorator.py
[2024-05-27T17:37:02.460+0000] {processor.py:840} INFO - DAG(s) 'example_task_group_decorator' retrieved from /home/airflow/.local/lib/python3.12/site-packages/airflow/example_dags/example_task_group_decorator.py
[2024-05-27T17:37:02.483+0000] {logging_mixin.py:188} INFO - [2024-05-27T17:37:02.482+0000] {dag.py:3096} INFO - Sync 1 DAGs
[2024-05-27T17:37:02.508+0000] {logging_mixin.py:188} INFO - [2024-05-27T17:37:02.508+0000] {dag.py:3954} INFO - Setting next_dagrun for example_task_group_decorator to 2024-05-26 00:00:00+00:00, run_after=2024-05-27 00:00:00+00:00
[2024-05-27T17:37:02.527+0000] {processor.py:183} INFO - Processing /home/airflow/.local/lib/python3.12/site-packages/airflow/example_dags/example_task_group_decorator.py took 0.088 seconds
[2024-05-27T17:38:15.485+0000] {processor.py:161} INFO - Started process (PID=68) to work on /home/airflow/.local/lib/python3.12/site-packages/airflow/example_dags/example_task_group_decorator.py
[2024-05-27T17:38:15.486+0000] {processor.py:830} INFO - Processing file /home/airflow/.local/lib/python3.12/site-packages/airflow/example_dags/example_task_group_decorator.py for tasks to queue
[2024-05-27T17:38:15.488+0000] {logging_mixin.py:188} INFO - [2024-05-27T17:38:15.487+0000] {dagbag.py:545} INFO - Filling up the DagBag from /home/airflow/.local/lib/python3.12/site-packages/airflow/example_dags/example_task_group_decorator.py
[2024-05-27T17:38:15.501+0000] {processor.py:840} INFO - DAG(s) 'example_task_group_decorator' retrieved from /home/airflow/.local/lib/python3.12/site-packages/airflow/example_dags/example_task_group_decorator.py
[2024-05-27T17:38:15.511+0000] {logging_mixin.py:188} INFO - [2024-05-27T17:38:15.511+0000] {dag.py:3096} INFO - Sync 1 DAGs
[2024-05-27T17:38:15.534+0000] {logging_mixin.py:188} INFO - [2024-05-27T17:38:15.534+0000] {dag.py:3954} INFO - Setting next_dagrun for example_task_group_decorator to 2024-05-26 00:00:00+00:00, run_after=2024-05-27 00:00:00+00:00
[2024-05-27T17:38:15.552+0000] {processor.py:183} INFO - Processing /home/airflow/.local/lib/python3.12/site-packages/airflow/example_dags/example_task_group_decorator.py took 0.072 seconds
[2024-05-27T17:38:47.382+0000] {processor.py:161} INFO - Started process (PID=126) to work on /home/airflow/.local/lib/python3.12/site-packages/airflow/example_dags/example_task_group_decorator.py
[2024-05-27T17:38:47.383+0000] {processor.py:830} INFO - Processing file /home/airflow/.local/lib/python3.12/site-packages/airflow/example_dags/example_task_group_decorator.py for tasks to queue
[2024-05-27T17:38:47.385+0000] {logging_mixin.py:188} INFO - [2024-05-27T17:38:47.385+0000] {dagbag.py:545} INFO - Filling up the DagBag from /home/airflow/.local/lib/python3.12/site-packages/airflow/example_dags/example_task_group_decorator.py
[2024-05-27T17:38:47.398+0000] {processor.py:840} INFO - DAG(s) 'example_task_group_decorator' retrieved from /home/airflow/.local/lib/python3.12/site-packages/airflow/example_dags/example_task_group_decorator.py
[2024-05-27T17:38:47.496+0000] {logging_mixin.py:188} INFO - [2024-05-27T17:38:47.495+0000] {dag.py:3096} INFO - Sync 1 DAGs
[2024-05-27T17:38:47.515+0000] {logging_mixin.py:188} INFO - [2024-05-27T17:38:47.514+0000] {dag.py:3954} INFO - Setting next_dagrun for example_task_group_decorator to 2024-05-26 00:00:00+00:00, run_after=2024-05-27 00:00:00+00:00
[2024-05-27T17:38:47.533+0000] {processor.py:183} INFO - Processing /home/airflow/.local/lib/python3.12/site-packages/airflow/example_dags/example_task_group_decorator.py took 0.155 seconds
