[2024-05-27T01:38:36.144+0000] {processor.py:161} INFO - Started process (PID=46) to work on /home/airflow/.local/lib/python3.12/site-packages/airflow/example_dags/example_external_task_marker_dag.py
[2024-05-27T01:38:36.145+0000] {processor.py:830} INFO - Processing file /home/airflow/.local/lib/python3.12/site-packages/airflow/example_dags/example_external_task_marker_dag.py for tasks to queue
[2024-05-27T01:38:36.148+0000] {logging_mixin.py:188} INFO - [2024-05-27T01:38:36.148+0000] {dagbag.py:545} INFO - Filling up the DagBag from /home/airflow/.local/lib/python3.12/site-packages/airflow/example_dags/example_external_task_marker_dag.py
[2024-05-27T01:38:36.159+0000] {processor.py:840} INFO - DAG(s) 'example_external_task_marker_child', 'example_external_task_marker_parent' retrieved from /home/airflow/.local/lib/python3.12/site-packages/airflow/example_dags/example_external_task_marker_dag.py
[2024-05-27T01:38:36.176+0000] {logging_mixin.py:188} INFO - [2024-05-27T01:38:36.175+0000] {dag.py:3096} INFO - Sync 2 DAGs
[2024-05-27T01:38:36.200+0000] {logging_mixin.py:188} INFO - [2024-05-27T01:38:36.200+0000] {dag.py:3954} INFO - Setting next_dagrun for example_external_task_marker_child to None, run_after=None
[2024-05-27T01:38:36.206+0000] {logging_mixin.py:188} INFO - [2024-05-27T01:38:36.206+0000] {dag.py:3954} INFO - Setting next_dagrun for example_external_task_marker_parent to None, run_after=None
[2024-05-27T01:38:36.231+0000] {processor.py:183} INFO - Processing /home/airflow/.local/lib/python3.12/site-packages/airflow/example_dags/example_external_task_marker_dag.py took 0.096 seconds
[2024-05-27T01:39:06.886+0000] {processor.py:161} INFO - Started process (PID=104) to work on /home/airflow/.local/lib/python3.12/site-packages/airflow/example_dags/example_external_task_marker_dag.py
[2024-05-27T01:39:06.887+0000] {processor.py:830} INFO - Processing file /home/airflow/.local/lib/python3.12/site-packages/airflow/example_dags/example_external_task_marker_dag.py for tasks to queue
[2024-05-27T01:39:06.889+0000] {logging_mixin.py:188} INFO - [2024-05-27T01:39:06.889+0000] {dagbag.py:545} INFO - Filling up the DagBag from /home/airflow/.local/lib/python3.12/site-packages/airflow/example_dags/example_external_task_marker_dag.py
[2024-05-27T01:39:06.894+0000] {processor.py:840} INFO - DAG(s) 'example_external_task_marker_parent', 'example_external_task_marker_child' retrieved from /home/airflow/.local/lib/python3.12/site-packages/airflow/example_dags/example_external_task_marker_dag.py
[2024-05-27T01:39:06.994+0000] {logging_mixin.py:188} INFO - [2024-05-27T01:39:06.994+0000] {dag.py:3096} INFO - Sync 2 DAGs
[2024-05-27T01:39:07.004+0000] {logging_mixin.py:188} INFO - [2024-05-27T01:39:07.004+0000] {dag.py:3954} INFO - Setting next_dagrun for example_external_task_marker_child to None, run_after=None
[2024-05-27T01:39:07.007+0000] {logging_mixin.py:188} INFO - [2024-05-27T01:39:07.007+0000] {dag.py:3954} INFO - Setting next_dagrun for example_external_task_marker_parent to None, run_after=None
[2024-05-27T01:39:07.023+0000] {processor.py:183} INFO - Processing /home/airflow/.local/lib/python3.12/site-packages/airflow/example_dags/example_external_task_marker_dag.py took 0.142 seconds
[2024-05-27T01:39:38.007+0000] {processor.py:161} INFO - Started process (PID=162) to work on /home/airflow/.local/lib/python3.12/site-packages/airflow/example_dags/example_external_task_marker_dag.py
[2024-05-27T01:39:38.009+0000] {processor.py:830} INFO - Processing file /home/airflow/.local/lib/python3.12/site-packages/airflow/example_dags/example_external_task_marker_dag.py for tasks to queue
[2024-05-27T01:39:38.013+0000] {logging_mixin.py:188} INFO - [2024-05-27T01:39:38.012+0000] {dagbag.py:545} INFO - Filling up the DagBag from /home/airflow/.local/lib/python3.12/site-packages/airflow/example_dags/example_external_task_marker_dag.py
[2024-05-27T01:39:38.021+0000] {processor.py:840} INFO - DAG(s) 'example_external_task_marker_child', 'example_external_task_marker_parent' retrieved from /home/airflow/.local/lib/python3.12/site-packages/airflow/example_dags/example_external_task_marker_dag.py
[2024-05-27T01:39:38.044+0000] {logging_mixin.py:188} INFO - [2024-05-27T01:39:38.044+0000] {dag.py:3096} INFO - Sync 2 DAGs
[2024-05-27T01:39:38.059+0000] {logging_mixin.py:188} INFO - [2024-05-27T01:39:38.059+0000] {dag.py:3954} INFO - Setting next_dagrun for example_external_task_marker_child to None, run_after=None
[2024-05-27T01:39:38.063+0000] {logging_mixin.py:188} INFO - [2024-05-27T01:39:38.063+0000] {dag.py:3954} INFO - Setting next_dagrun for example_external_task_marker_parent to None, run_after=None
[2024-05-27T01:39:38.078+0000] {processor.py:183} INFO - Processing /home/airflow/.local/lib/python3.12/site-packages/airflow/example_dags/example_external_task_marker_dag.py took 0.084 seconds
[2024-05-27T01:40:08.172+0000] {processor.py:161} INFO - Started process (PID=220) to work on /home/airflow/.local/lib/python3.12/site-packages/airflow/example_dags/example_external_task_marker_dag.py
[2024-05-27T01:40:08.173+0000] {processor.py:830} INFO - Processing file /home/airflow/.local/lib/python3.12/site-packages/airflow/example_dags/example_external_task_marker_dag.py for tasks to queue
[2024-05-27T01:40:08.177+0000] {logging_mixin.py:188} INFO - [2024-05-27T01:40:08.176+0000] {dagbag.py:545} INFO - Filling up the DagBag from /home/airflow/.local/lib/python3.12/site-packages/airflow/example_dags/example_external_task_marker_dag.py
[2024-05-27T01:40:08.185+0000] {processor.py:840} INFO - DAG(s) 'example_external_task_marker_parent', 'example_external_task_marker_child' retrieved from /home/airflow/.local/lib/python3.12/site-packages/airflow/example_dags/example_external_task_marker_dag.py
[2024-05-27T01:40:08.206+0000] {logging_mixin.py:188} INFO - [2024-05-27T01:40:08.206+0000] {dag.py:3096} INFO - Sync 2 DAGs
[2024-05-27T01:40:08.219+0000] {logging_mixin.py:188} INFO - [2024-05-27T01:40:08.219+0000] {dag.py:3954} INFO - Setting next_dagrun for example_external_task_marker_child to None, run_after=None
[2024-05-27T01:40:08.223+0000] {logging_mixin.py:188} INFO - [2024-05-27T01:40:08.223+0000] {dag.py:3954} INFO - Setting next_dagrun for example_external_task_marker_parent to None, run_after=None
[2024-05-27T01:40:08.239+0000] {processor.py:183} INFO - Processing /home/airflow/.local/lib/python3.12/site-packages/airflow/example_dags/example_external_task_marker_dag.py took 0.079 seconds
[2024-05-27T01:40:38.396+0000] {processor.py:161} INFO - Started process (PID=278) to work on /home/airflow/.local/lib/python3.12/site-packages/airflow/example_dags/example_external_task_marker_dag.py
[2024-05-27T01:40:38.400+0000] {processor.py:830} INFO - Processing file /home/airflow/.local/lib/python3.12/site-packages/airflow/example_dags/example_external_task_marker_dag.py for tasks to queue
[2024-05-27T01:40:38.402+0000] {logging_mixin.py:188} INFO - [2024-05-27T01:40:38.402+0000] {dagbag.py:545} INFO - Filling up the DagBag from /home/airflow/.local/lib/python3.12/site-packages/airflow/example_dags/example_external_task_marker_dag.py
[2024-05-27T01:40:38.411+0000] {processor.py:840} INFO - DAG(s) 'example_external_task_marker_parent', 'example_external_task_marker_child' retrieved from /home/airflow/.local/lib/python3.12/site-packages/airflow/example_dags/example_external_task_marker_dag.py
[2024-05-27T01:40:38.434+0000] {logging_mixin.py:188} INFO - [2024-05-27T01:40:38.433+0000] {dag.py:3096} INFO - Sync 2 DAGs
[2024-05-27T01:40:38.448+0000] {logging_mixin.py:188} INFO - [2024-05-27T01:40:38.448+0000] {dag.py:3954} INFO - Setting next_dagrun for example_external_task_marker_child to None, run_after=None
[2024-05-27T01:40:38.453+0000] {logging_mixin.py:188} INFO - [2024-05-27T01:40:38.453+0000] {dag.py:3954} INFO - Setting next_dagrun for example_external_task_marker_parent to None, run_after=None
[2024-05-27T01:40:38.470+0000] {processor.py:183} INFO - Processing /home/airflow/.local/lib/python3.12/site-packages/airflow/example_dags/example_external_task_marker_dag.py took 0.086 seconds
[2024-05-27T01:41:08.536+0000] {processor.py:161} INFO - Started process (PID=336) to work on /home/airflow/.local/lib/python3.12/site-packages/airflow/example_dags/example_external_task_marker_dag.py
[2024-05-27T01:41:08.537+0000] {processor.py:830} INFO - Processing file /home/airflow/.local/lib/python3.12/site-packages/airflow/example_dags/example_external_task_marker_dag.py for tasks to queue
[2024-05-27T01:41:08.540+0000] {logging_mixin.py:188} INFO - [2024-05-27T01:41:08.539+0000] {dagbag.py:545} INFO - Filling up the DagBag from /home/airflow/.local/lib/python3.12/site-packages/airflow/example_dags/example_external_task_marker_dag.py
[2024-05-27T01:41:08.547+0000] {processor.py:840} INFO - DAG(s) 'example_external_task_marker_parent', 'example_external_task_marker_child' retrieved from /home/airflow/.local/lib/python3.12/site-packages/airflow/example_dags/example_external_task_marker_dag.py
[2024-05-27T01:41:08.571+0000] {logging_mixin.py:188} INFO - [2024-05-27T01:41:08.570+0000] {dag.py:3096} INFO - Sync 2 DAGs
[2024-05-27T01:41:08.585+0000] {logging_mixin.py:188} INFO - [2024-05-27T01:41:08.584+0000] {dag.py:3954} INFO - Setting next_dagrun for example_external_task_marker_child to None, run_after=None
[2024-05-27T01:41:08.588+0000] {logging_mixin.py:188} INFO - [2024-05-27T01:41:08.588+0000] {dag.py:3954} INFO - Setting next_dagrun for example_external_task_marker_parent to None, run_after=None
[2024-05-27T01:41:08.606+0000] {processor.py:183} INFO - Processing /home/airflow/.local/lib/python3.12/site-packages/airflow/example_dags/example_external_task_marker_dag.py took 0.076 seconds
[2024-05-27T01:41:38.995+0000] {processor.py:161} INFO - Started process (PID=394) to work on /home/airflow/.local/lib/python3.12/site-packages/airflow/example_dags/example_external_task_marker_dag.py
[2024-05-27T01:41:38.997+0000] {processor.py:830} INFO - Processing file /home/airflow/.local/lib/python3.12/site-packages/airflow/example_dags/example_external_task_marker_dag.py for tasks to queue
[2024-05-27T01:41:38.999+0000] {logging_mixin.py:188} INFO - [2024-05-27T01:41:38.999+0000] {dagbag.py:545} INFO - Filling up the DagBag from /home/airflow/.local/lib/python3.12/site-packages/airflow/example_dags/example_external_task_marker_dag.py
[2024-05-27T01:41:39.008+0000] {processor.py:840} INFO - DAG(s) 'example_external_task_marker_parent', 'example_external_task_marker_child' retrieved from /home/airflow/.local/lib/python3.12/site-packages/airflow/example_dags/example_external_task_marker_dag.py
[2024-05-27T01:41:39.033+0000] {logging_mixin.py:188} INFO - [2024-05-27T01:41:39.033+0000] {dag.py:3096} INFO - Sync 2 DAGs
[2024-05-27T01:41:39.047+0000] {logging_mixin.py:188} INFO - [2024-05-27T01:41:39.047+0000] {dag.py:3954} INFO - Setting next_dagrun for example_external_task_marker_child to None, run_after=None
[2024-05-27T01:41:39.051+0000] {logging_mixin.py:188} INFO - [2024-05-27T01:41:39.051+0000] {dag.py:3954} INFO - Setting next_dagrun for example_external_task_marker_parent to None, run_after=None
[2024-05-27T01:41:39.068+0000] {processor.py:183} INFO - Processing /home/airflow/.local/lib/python3.12/site-packages/airflow/example_dags/example_external_task_marker_dag.py took 0.085 seconds
[2024-05-27T01:42:09.387+0000] {processor.py:161} INFO - Started process (PID=452) to work on /home/airflow/.local/lib/python3.12/site-packages/airflow/example_dags/example_external_task_marker_dag.py
[2024-05-27T01:42:09.388+0000] {processor.py:830} INFO - Processing file /home/airflow/.local/lib/python3.12/site-packages/airflow/example_dags/example_external_task_marker_dag.py for tasks to queue
[2024-05-27T01:42:09.390+0000] {logging_mixin.py:188} INFO - [2024-05-27T01:42:09.390+0000] {dagbag.py:545} INFO - Filling up the DagBag from /home/airflow/.local/lib/python3.12/site-packages/airflow/example_dags/example_external_task_marker_dag.py
[2024-05-27T01:42:09.396+0000] {processor.py:840} INFO - DAG(s) 'example_external_task_marker_parent', 'example_external_task_marker_child' retrieved from /home/airflow/.local/lib/python3.12/site-packages/airflow/example_dags/example_external_task_marker_dag.py
[2024-05-27T01:42:09.422+0000] {logging_mixin.py:188} INFO - [2024-05-27T01:42:09.422+0000] {dag.py:3096} INFO - Sync 2 DAGs
[2024-05-27T01:42:09.437+0000] {logging_mixin.py:188} INFO - [2024-05-27T01:42:09.436+0000] {dag.py:3954} INFO - Setting next_dagrun for example_external_task_marker_child to None, run_after=None
[2024-05-27T01:42:09.441+0000] {logging_mixin.py:188} INFO - [2024-05-27T01:42:09.441+0000] {dag.py:3954} INFO - Setting next_dagrun for example_external_task_marker_parent to None, run_after=None
[2024-05-27T01:42:09.472+0000] {processor.py:183} INFO - Processing /home/airflow/.local/lib/python3.12/site-packages/airflow/example_dags/example_external_task_marker_dag.py took 0.091 seconds
[2024-05-27T01:42:40.145+0000] {processor.py:161} INFO - Started process (PID=510) to work on /home/airflow/.local/lib/python3.12/site-packages/airflow/example_dags/example_external_task_marker_dag.py
[2024-05-27T01:42:40.146+0000] {processor.py:830} INFO - Processing file /home/airflow/.local/lib/python3.12/site-packages/airflow/example_dags/example_external_task_marker_dag.py for tasks to queue
[2024-05-27T01:42:40.150+0000] {logging_mixin.py:188} INFO - [2024-05-27T01:42:40.149+0000] {dagbag.py:545} INFO - Filling up the DagBag from /home/airflow/.local/lib/python3.12/site-packages/airflow/example_dags/example_external_task_marker_dag.py
[2024-05-27T01:42:40.156+0000] {processor.py:840} INFO - DAG(s) 'example_external_task_marker_parent', 'example_external_task_marker_child' retrieved from /home/airflow/.local/lib/python3.12/site-packages/airflow/example_dags/example_external_task_marker_dag.py
[2024-05-27T01:42:40.182+0000] {logging_mixin.py:188} INFO - [2024-05-27T01:42:40.182+0000] {dag.py:3096} INFO - Sync 2 DAGs
[2024-05-27T01:42:40.204+0000] {logging_mixin.py:188} INFO - [2024-05-27T01:42:40.203+0000] {dag.py:3954} INFO - Setting next_dagrun for example_external_task_marker_child to None, run_after=None
[2024-05-27T01:42:40.209+0000] {logging_mixin.py:188} INFO - [2024-05-27T01:42:40.209+0000] {dag.py:3954} INFO - Setting next_dagrun for example_external_task_marker_parent to None, run_after=None
[2024-05-27T01:42:40.227+0000] {processor.py:183} INFO - Processing /home/airflow/.local/lib/python3.12/site-packages/airflow/example_dags/example_external_task_marker_dag.py took 0.088 seconds
[2024-05-27T01:43:10.289+0000] {processor.py:161} INFO - Started process (PID=568) to work on /home/airflow/.local/lib/python3.12/site-packages/airflow/example_dags/example_external_task_marker_dag.py
[2024-05-27T01:43:10.290+0000] {processor.py:830} INFO - Processing file /home/airflow/.local/lib/python3.12/site-packages/airflow/example_dags/example_external_task_marker_dag.py for tasks to queue
[2024-05-27T01:43:10.295+0000] {logging_mixin.py:188} INFO - [2024-05-27T01:43:10.293+0000] {dagbag.py:545} INFO - Filling up the DagBag from /home/airflow/.local/lib/python3.12/site-packages/airflow/example_dags/example_external_task_marker_dag.py
[2024-05-27T01:43:10.302+0000] {processor.py:840} INFO - DAG(s) 'example_external_task_marker_child', 'example_external_task_marker_parent' retrieved from /home/airflow/.local/lib/python3.12/site-packages/airflow/example_dags/example_external_task_marker_dag.py
[2024-05-27T01:43:10.330+0000] {logging_mixin.py:188} INFO - [2024-05-27T01:43:10.330+0000] {dag.py:3096} INFO - Sync 2 DAGs
[2024-05-27T01:43:10.349+0000] {logging_mixin.py:188} INFO - [2024-05-27T01:43:10.349+0000] {dag.py:3954} INFO - Setting next_dagrun for example_external_task_marker_child to None, run_after=None
[2024-05-27T01:43:10.354+0000] {logging_mixin.py:188} INFO - [2024-05-27T01:43:10.353+0000] {dag.py:3954} INFO - Setting next_dagrun for example_external_task_marker_parent to None, run_after=None
[2024-05-27T01:43:10.379+0000] {processor.py:183} INFO - Processing /home/airflow/.local/lib/python3.12/site-packages/airflow/example_dags/example_external_task_marker_dag.py took 0.095 seconds
[2024-05-27T01:43:41.231+0000] {processor.py:161} INFO - Started process (PID=626) to work on /home/airflow/.local/lib/python3.12/site-packages/airflow/example_dags/example_external_task_marker_dag.py
[2024-05-27T01:43:41.235+0000] {processor.py:830} INFO - Processing file /home/airflow/.local/lib/python3.12/site-packages/airflow/example_dags/example_external_task_marker_dag.py for tasks to queue
[2024-05-27T01:43:41.238+0000] {logging_mixin.py:188} INFO - [2024-05-27T01:43:41.237+0000] {dagbag.py:545} INFO - Filling up the DagBag from /home/airflow/.local/lib/python3.12/site-packages/airflow/example_dags/example_external_task_marker_dag.py
[2024-05-27T01:43:41.247+0000] {processor.py:840} INFO - DAG(s) 'example_external_task_marker_child', 'example_external_task_marker_parent' retrieved from /home/airflow/.local/lib/python3.12/site-packages/airflow/example_dags/example_external_task_marker_dag.py
[2024-05-27T01:43:41.275+0000] {logging_mixin.py:188} INFO - [2024-05-27T01:43:41.275+0000] {dag.py:3096} INFO - Sync 2 DAGs
[2024-05-27T01:43:41.292+0000] {logging_mixin.py:188} INFO - [2024-05-27T01:43:41.292+0000] {dag.py:3954} INFO - Setting next_dagrun for example_external_task_marker_child to None, run_after=None
[2024-05-27T01:43:41.296+0000] {logging_mixin.py:188} INFO - [2024-05-27T01:43:41.296+0000] {dag.py:3954} INFO - Setting next_dagrun for example_external_task_marker_parent to None, run_after=None
[2024-05-27T01:43:41.313+0000] {processor.py:183} INFO - Processing /home/airflow/.local/lib/python3.12/site-packages/airflow/example_dags/example_external_task_marker_dag.py took 0.089 seconds
[2024-05-27T01:44:11.699+0000] {processor.py:161} INFO - Started process (PID=683) to work on /home/airflow/.local/lib/python3.12/site-packages/airflow/example_dags/example_external_task_marker_dag.py
[2024-05-27T01:44:11.700+0000] {processor.py:830} INFO - Processing file /home/airflow/.local/lib/python3.12/site-packages/airflow/example_dags/example_external_task_marker_dag.py for tasks to queue
[2024-05-27T01:44:11.702+0000] {logging_mixin.py:188} INFO - [2024-05-27T01:44:11.701+0000] {dagbag.py:545} INFO - Filling up the DagBag from /home/airflow/.local/lib/python3.12/site-packages/airflow/example_dags/example_external_task_marker_dag.py
[2024-05-27T01:44:11.708+0000] {processor.py:840} INFO - DAG(s) 'example_external_task_marker_child', 'example_external_task_marker_parent' retrieved from /home/airflow/.local/lib/python3.12/site-packages/airflow/example_dags/example_external_task_marker_dag.py
[2024-05-27T01:44:11.731+0000] {logging_mixin.py:188} INFO - [2024-05-27T01:44:11.731+0000] {dag.py:3096} INFO - Sync 2 DAGs
[2024-05-27T01:44:11.746+0000] {logging_mixin.py:188} INFO - [2024-05-27T01:44:11.746+0000] {dag.py:3954} INFO - Setting next_dagrun for example_external_task_marker_child to None, run_after=None
[2024-05-27T01:44:11.750+0000] {logging_mixin.py:188} INFO - [2024-05-27T01:44:11.750+0000] {dag.py:3954} INFO - Setting next_dagrun for example_external_task_marker_parent to None, run_after=None
[2024-05-27T01:44:11.771+0000] {processor.py:183} INFO - Processing /home/airflow/.local/lib/python3.12/site-packages/airflow/example_dags/example_external_task_marker_dag.py took 0.078 seconds
[2024-05-27T01:44:41.898+0000] {processor.py:161} INFO - Started process (PID=741) to work on /home/airflow/.local/lib/python3.12/site-packages/airflow/example_dags/example_external_task_marker_dag.py
[2024-05-27T01:44:41.899+0000] {processor.py:830} INFO - Processing file /home/airflow/.local/lib/python3.12/site-packages/airflow/example_dags/example_external_task_marker_dag.py for tasks to queue
[2024-05-27T01:44:41.901+0000] {logging_mixin.py:188} INFO - [2024-05-27T01:44:41.900+0000] {dagbag.py:545} INFO - Filling up the DagBag from /home/airflow/.local/lib/python3.12/site-packages/airflow/example_dags/example_external_task_marker_dag.py
[2024-05-27T01:44:41.906+0000] {processor.py:840} INFO - DAG(s) 'example_external_task_marker_child', 'example_external_task_marker_parent' retrieved from /home/airflow/.local/lib/python3.12/site-packages/airflow/example_dags/example_external_task_marker_dag.py
[2024-05-27T01:44:41.928+0000] {logging_mixin.py:188} INFO - [2024-05-27T01:44:41.928+0000] {dag.py:3096} INFO - Sync 2 DAGs
[2024-05-27T01:44:41.941+0000] {logging_mixin.py:188} INFO - [2024-05-27T01:44:41.941+0000] {dag.py:3954} INFO - Setting next_dagrun for example_external_task_marker_child to None, run_after=None
[2024-05-27T01:44:41.945+0000] {logging_mixin.py:188} INFO - [2024-05-27T01:44:41.945+0000] {dag.py:3954} INFO - Setting next_dagrun for example_external_task_marker_parent to None, run_after=None
[2024-05-27T01:44:41.963+0000] {processor.py:183} INFO - Processing /home/airflow/.local/lib/python3.12/site-packages/airflow/example_dags/example_external_task_marker_dag.py took 0.069 seconds
[2024-05-27T01:45:12.621+0000] {processor.py:161} INFO - Started process (PID=798) to work on /home/airflow/.local/lib/python3.12/site-packages/airflow/example_dags/example_external_task_marker_dag.py
[2024-05-27T01:45:12.623+0000] {processor.py:830} INFO - Processing file /home/airflow/.local/lib/python3.12/site-packages/airflow/example_dags/example_external_task_marker_dag.py for tasks to queue
[2024-05-27T01:45:12.628+0000] {logging_mixin.py:188} INFO - [2024-05-27T01:45:12.627+0000] {dagbag.py:545} INFO - Filling up the DagBag from /home/airflow/.local/lib/python3.12/site-packages/airflow/example_dags/example_external_task_marker_dag.py
[2024-05-27T01:45:12.635+0000] {processor.py:840} INFO - DAG(s) 'example_external_task_marker_parent', 'example_external_task_marker_child' retrieved from /home/airflow/.local/lib/python3.12/site-packages/airflow/example_dags/example_external_task_marker_dag.py
[2024-05-27T01:45:12.656+0000] {logging_mixin.py:188} INFO - [2024-05-27T01:45:12.656+0000] {dag.py:3096} INFO - Sync 2 DAGs
[2024-05-27T01:45:12.668+0000] {logging_mixin.py:188} INFO - [2024-05-27T01:45:12.668+0000] {dag.py:3954} INFO - Setting next_dagrun for example_external_task_marker_child to None, run_after=None
[2024-05-27T01:45:12.672+0000] {logging_mixin.py:188} INFO - [2024-05-27T01:45:12.672+0000] {dag.py:3954} INFO - Setting next_dagrun for example_external_task_marker_parent to None, run_after=None
[2024-05-27T01:45:12.689+0000] {processor.py:183} INFO - Processing /home/airflow/.local/lib/python3.12/site-packages/airflow/example_dags/example_external_task_marker_dag.py took 0.081 seconds
[2024-05-27T01:45:43.102+0000] {processor.py:161} INFO - Started process (PID=856) to work on /home/airflow/.local/lib/python3.12/site-packages/airflow/example_dags/example_external_task_marker_dag.py
[2024-05-27T01:45:43.103+0000] {processor.py:830} INFO - Processing file /home/airflow/.local/lib/python3.12/site-packages/airflow/example_dags/example_external_task_marker_dag.py for tasks to queue
[2024-05-27T01:45:43.105+0000] {logging_mixin.py:188} INFO - [2024-05-27T01:45:43.105+0000] {dagbag.py:545} INFO - Filling up the DagBag from /home/airflow/.local/lib/python3.12/site-packages/airflow/example_dags/example_external_task_marker_dag.py
[2024-05-27T01:45:43.112+0000] {processor.py:840} INFO - DAG(s) 'example_external_task_marker_child', 'example_external_task_marker_parent' retrieved from /home/airflow/.local/lib/python3.12/site-packages/airflow/example_dags/example_external_task_marker_dag.py
[2024-05-27T01:45:43.132+0000] {logging_mixin.py:188} INFO - [2024-05-27T01:45:43.132+0000] {dag.py:3096} INFO - Sync 2 DAGs
[2024-05-27T01:45:43.145+0000] {logging_mixin.py:188} INFO - [2024-05-27T01:45:43.145+0000] {dag.py:3954} INFO - Setting next_dagrun for example_external_task_marker_child to None, run_after=None
[2024-05-27T01:45:43.149+0000] {logging_mixin.py:188} INFO - [2024-05-27T01:45:43.149+0000] {dag.py:3954} INFO - Setting next_dagrun for example_external_task_marker_parent to None, run_after=None
[2024-05-27T01:45:43.164+0000] {processor.py:183} INFO - Processing /home/airflow/.local/lib/python3.12/site-packages/airflow/example_dags/example_external_task_marker_dag.py took 0.069 seconds
[2024-05-27T01:46:13.893+0000] {processor.py:161} INFO - Started process (PID=914) to work on /home/airflow/.local/lib/python3.12/site-packages/airflow/example_dags/example_external_task_marker_dag.py
[2024-05-27T01:46:13.894+0000] {processor.py:830} INFO - Processing file /home/airflow/.local/lib/python3.12/site-packages/airflow/example_dags/example_external_task_marker_dag.py for tasks to queue
[2024-05-27T01:46:13.895+0000] {logging_mixin.py:188} INFO - [2024-05-27T01:46:13.895+0000] {dagbag.py:545} INFO - Filling up the DagBag from /home/airflow/.local/lib/python3.12/site-packages/airflow/example_dags/example_external_task_marker_dag.py
[2024-05-27T01:46:13.902+0000] {processor.py:840} INFO - DAG(s) 'example_external_task_marker_child', 'example_external_task_marker_parent' retrieved from /home/airflow/.local/lib/python3.12/site-packages/airflow/example_dags/example_external_task_marker_dag.py
[2024-05-27T01:46:13.922+0000] {logging_mixin.py:188} INFO - [2024-05-27T01:46:13.922+0000] {dag.py:3096} INFO - Sync 2 DAGs
[2024-05-27T01:46:13.935+0000] {logging_mixin.py:188} INFO - [2024-05-27T01:46:13.935+0000] {dag.py:3954} INFO - Setting next_dagrun for example_external_task_marker_child to None, run_after=None
[2024-05-27T01:46:13.939+0000] {logging_mixin.py:188} INFO - [2024-05-27T01:46:13.939+0000] {dag.py:3954} INFO - Setting next_dagrun for example_external_task_marker_parent to None, run_after=None
[2024-05-27T01:46:13.960+0000] {processor.py:183} INFO - Processing /home/airflow/.local/lib/python3.12/site-packages/airflow/example_dags/example_external_task_marker_dag.py took 0.073 seconds
[2024-05-27T01:48:43.473+0000] {processor.py:161} INFO - Started process (PID=45) to work on /home/airflow/.local/lib/python3.12/site-packages/airflow/example_dags/example_external_task_marker_dag.py
[2024-05-27T01:48:43.474+0000] {processor.py:830} INFO - Processing file /home/airflow/.local/lib/python3.12/site-packages/airflow/example_dags/example_external_task_marker_dag.py for tasks to queue
[2024-05-27T01:48:43.476+0000] {logging_mixin.py:188} INFO - [2024-05-27T01:48:43.476+0000] {dagbag.py:545} INFO - Filling up the DagBag from /home/airflow/.local/lib/python3.12/site-packages/airflow/example_dags/example_external_task_marker_dag.py
[2024-05-27T01:48:43.484+0000] {processor.py:840} INFO - DAG(s) 'example_external_task_marker_child', 'example_external_task_marker_parent' retrieved from /home/airflow/.local/lib/python3.12/site-packages/airflow/example_dags/example_external_task_marker_dag.py
[2024-05-27T01:48:43.495+0000] {logging_mixin.py:188} INFO - [2024-05-27T01:48:43.495+0000] {dag.py:3096} INFO - Sync 2 DAGs
[2024-05-27T01:48:43.509+0000] {logging_mixin.py:188} INFO - [2024-05-27T01:48:43.508+0000] {dag.py:3954} INFO - Setting next_dagrun for example_external_task_marker_child to None, run_after=None
[2024-05-27T01:48:43.512+0000] {logging_mixin.py:188} INFO - [2024-05-27T01:48:43.512+0000] {dag.py:3954} INFO - Setting next_dagrun for example_external_task_marker_parent to None, run_after=None
[2024-05-27T01:48:43.528+0000] {processor.py:183} INFO - Processing /home/airflow/.local/lib/python3.12/site-packages/airflow/example_dags/example_external_task_marker_dag.py took 0.060 seconds
[2024-05-27T13:32:47.237+0000] {processor.py:161} INFO - Started process (PID=45) to work on /home/airflow/.local/lib/python3.12/site-packages/airflow/example_dags/example_external_task_marker_dag.py
[2024-05-27T13:32:47.238+0000] {processor.py:830} INFO - Processing file /home/airflow/.local/lib/python3.12/site-packages/airflow/example_dags/example_external_task_marker_dag.py for tasks to queue
[2024-05-27T13:32:47.240+0000] {logging_mixin.py:188} INFO - [2024-05-27T13:32:47.240+0000] {dagbag.py:545} INFO - Filling up the DagBag from /home/airflow/.local/lib/python3.12/site-packages/airflow/example_dags/example_external_task_marker_dag.py
[2024-05-27T13:32:47.248+0000] {processor.py:840} INFO - DAG(s) 'example_external_task_marker_child', 'example_external_task_marker_parent' retrieved from /home/airflow/.local/lib/python3.12/site-packages/airflow/example_dags/example_external_task_marker_dag.py
[2024-05-27T13:32:47.389+0000] {logging_mixin.py:188} INFO - [2024-05-27T13:32:47.389+0000] {dag.py:3096} INFO - Sync 2 DAGs
[2024-05-27T13:32:47.401+0000] {logging_mixin.py:188} INFO - [2024-05-27T13:32:47.401+0000] {dag.py:3954} INFO - Setting next_dagrun for example_external_task_marker_child to None, run_after=None
[2024-05-27T13:32:47.405+0000] {logging_mixin.py:188} INFO - [2024-05-27T13:32:47.404+0000] {dag.py:3954} INFO - Setting next_dagrun for example_external_task_marker_parent to None, run_after=None
[2024-05-27T13:32:47.428+0000] {processor.py:183} INFO - Processing /home/airflow/.local/lib/python3.12/site-packages/airflow/example_dags/example_external_task_marker_dag.py took 0.196 seconds
[2024-05-27T13:33:17.458+0000] {processor.py:161} INFO - Started process (PID=102) to work on /home/airflow/.local/lib/python3.12/site-packages/airflow/example_dags/example_external_task_marker_dag.py
[2024-05-27T13:33:17.459+0000] {processor.py:830} INFO - Processing file /home/airflow/.local/lib/python3.12/site-packages/airflow/example_dags/example_external_task_marker_dag.py for tasks to queue
[2024-05-27T13:33:17.460+0000] {logging_mixin.py:188} INFO - [2024-05-27T13:33:17.460+0000] {dagbag.py:545} INFO - Filling up the DagBag from /home/airflow/.local/lib/python3.12/site-packages/airflow/example_dags/example_external_task_marker_dag.py
[2024-05-27T13:33:17.466+0000] {processor.py:840} INFO - DAG(s) 'example_external_task_marker_parent', 'example_external_task_marker_child' retrieved from /home/airflow/.local/lib/python3.12/site-packages/airflow/example_dags/example_external_task_marker_dag.py
[2024-05-27T13:33:17.490+0000] {logging_mixin.py:188} INFO - [2024-05-27T13:33:17.489+0000] {dag.py:3096} INFO - Sync 2 DAGs
[2024-05-27T13:33:17.508+0000] {logging_mixin.py:188} INFO - [2024-05-27T13:33:17.507+0000] {dag.py:3954} INFO - Setting next_dagrun for example_external_task_marker_child to None, run_after=None
[2024-05-27T13:33:17.513+0000] {logging_mixin.py:188} INFO - [2024-05-27T13:33:17.512+0000] {dag.py:3954} INFO - Setting next_dagrun for example_external_task_marker_parent to None, run_after=None
[2024-05-27T13:33:17.531+0000] {processor.py:183} INFO - Processing /home/airflow/.local/lib/python3.12/site-packages/airflow/example_dags/example_external_task_marker_dag.py took 0.077 seconds
[2024-05-27T14:22:30.278+0000] {processor.py:161} INFO - Started process (PID=37) to work on /home/airflow/.local/lib/python3.12/site-packages/airflow/example_dags/example_external_task_marker_dag.py
[2024-05-27T14:22:30.280+0000] {processor.py:830} INFO - Processing file /home/airflow/.local/lib/python3.12/site-packages/airflow/example_dags/example_external_task_marker_dag.py for tasks to queue
[2024-05-27T14:22:30.286+0000] {logging_mixin.py:188} INFO - [2024-05-27T14:22:30.285+0000] {dagbag.py:545} INFO - Filling up the DagBag from /home/airflow/.local/lib/python3.12/site-packages/airflow/example_dags/example_external_task_marker_dag.py
[2024-05-27T14:22:30.316+0000] {processor.py:840} INFO - DAG(s) 'example_external_task_marker_parent', 'example_external_task_marker_child' retrieved from /home/airflow/.local/lib/python3.12/site-packages/airflow/example_dags/example_external_task_marker_dag.py
[2024-05-27T14:22:30.685+0000] {logging_mixin.py:188} INFO - [2024-05-27T14:22:30.685+0000] {override.py:1829} INFO - Created Permission View: can edit on DAG:example_external_task_marker_parent
[2024-05-27T14:22:30.727+0000] {logging_mixin.py:188} INFO - [2024-05-27T14:22:30.727+0000] {override.py:1829} INFO - Created Permission View: can delete on DAG:example_external_task_marker_parent
[2024-05-27T14:22:30.751+0000] {logging_mixin.py:188} INFO - [2024-05-27T14:22:30.750+0000] {override.py:1829} INFO - Created Permission View: can read on DAG:example_external_task_marker_parent
[2024-05-27T14:22:30.800+0000] {logging_mixin.py:188} INFO - [2024-05-27T14:22:30.800+0000] {override.py:1829} INFO - Created Permission View: can edit on DAG:example_external_task_marker_child
[2024-05-27T14:22:30.815+0000] {logging_mixin.py:188} INFO - [2024-05-27T14:22:30.815+0000] {override.py:1829} INFO - Created Permission View: can delete on DAG:example_external_task_marker_child
[2024-05-27T14:22:30.838+0000] {logging_mixin.py:188} INFO - [2024-05-27T14:22:30.838+0000] {override.py:1829} INFO - Created Permission View: can read on DAG:example_external_task_marker_child
[2024-05-27T14:22:30.839+0000] {logging_mixin.py:188} INFO - [2024-05-27T14:22:30.838+0000] {dag.py:3096} INFO - Sync 2 DAGs
[2024-05-27T14:22:30.871+0000] {logging_mixin.py:188} INFO - [2024-05-27T14:22:30.871+0000] {dag.py:3118} INFO - Creating ORM DAG for example_external_task_marker_child
[2024-05-27T14:22:30.875+0000] {logging_mixin.py:188} INFO - [2024-05-27T14:22:30.875+0000] {dag.py:3118} INFO - Creating ORM DAG for example_external_task_marker_parent
[2024-05-27T14:22:30.878+0000] {logging_mixin.py:188} INFO - [2024-05-27T14:22:30.878+0000] {dag.py:3954} INFO - Setting next_dagrun for example_external_task_marker_child to None, run_after=None
[2024-05-27T14:22:30.880+0000] {logging_mixin.py:188} INFO - [2024-05-27T14:22:30.880+0000] {dag.py:3954} INFO - Setting next_dagrun for example_external_task_marker_parent to None, run_after=None
[2024-05-27T14:22:30.935+0000] {processor.py:183} INFO - Processing /home/airflow/.local/lib/python3.12/site-packages/airflow/example_dags/example_external_task_marker_dag.py took 0.677 seconds
[2024-05-27T14:26:23.107+0000] {processor.py:161} INFO - Started process (PID=108) to work on /home/airflow/.local/lib/python3.12/site-packages/airflow/example_dags/example_external_task_marker_dag.py
[2024-05-27T14:26:23.110+0000] {processor.py:830} INFO - Processing file /home/airflow/.local/lib/python3.12/site-packages/airflow/example_dags/example_external_task_marker_dag.py for tasks to queue
[2024-05-27T14:26:23.112+0000] {logging_mixin.py:188} INFO - [2024-05-27T14:26:23.112+0000] {dagbag.py:545} INFO - Filling up the DagBag from /home/airflow/.local/lib/python3.12/site-packages/airflow/example_dags/example_external_task_marker_dag.py
[2024-05-27T14:26:23.135+0000] {processor.py:840} INFO - DAG(s) 'example_external_task_marker_child', 'example_external_task_marker_parent' retrieved from /home/airflow/.local/lib/python3.12/site-packages/airflow/example_dags/example_external_task_marker_dag.py
[2024-05-27T14:26:23.222+0000] {logging_mixin.py:188} INFO - [2024-05-27T14:26:23.222+0000] {dag.py:3096} INFO - Sync 2 DAGs
[2024-05-27T14:26:23.268+0000] {logging_mixin.py:188} INFO - [2024-05-27T14:26:23.264+0000] {dag.py:3954} INFO - Setting next_dagrun for example_external_task_marker_child to None, run_after=None
[2024-05-27T14:26:23.285+0000] {logging_mixin.py:188} INFO - [2024-05-27T14:26:23.284+0000] {dag.py:3954} INFO - Setting next_dagrun for example_external_task_marker_parent to None, run_after=None
[2024-05-27T14:26:23.328+0000] {processor.py:183} INFO - Processing /home/airflow/.local/lib/python3.12/site-packages/airflow/example_dags/example_external_task_marker_dag.py took 0.245 seconds
[2024-05-27T14:26:53.602+0000] {processor.py:161} INFO - Started process (PID=166) to work on /home/airflow/.local/lib/python3.12/site-packages/airflow/example_dags/example_external_task_marker_dag.py
[2024-05-27T14:26:53.605+0000] {processor.py:830} INFO - Processing file /home/airflow/.local/lib/python3.12/site-packages/airflow/example_dags/example_external_task_marker_dag.py for tasks to queue
[2024-05-27T14:26:53.607+0000] {logging_mixin.py:188} INFO - [2024-05-27T14:26:53.607+0000] {dagbag.py:545} INFO - Filling up the DagBag from /home/airflow/.local/lib/python3.12/site-packages/airflow/example_dags/example_external_task_marker_dag.py
[2024-05-27T14:26:53.615+0000] {processor.py:840} INFO - DAG(s) 'example_external_task_marker_child', 'example_external_task_marker_parent' retrieved from /home/airflow/.local/lib/python3.12/site-packages/airflow/example_dags/example_external_task_marker_dag.py
[2024-05-27T14:26:53.644+0000] {logging_mixin.py:188} INFO - [2024-05-27T14:26:53.644+0000] {dag.py:3096} INFO - Sync 2 DAGs
[2024-05-27T14:26:53.662+0000] {logging_mixin.py:188} INFO - [2024-05-27T14:26:53.662+0000] {dag.py:3954} INFO - Setting next_dagrun for example_external_task_marker_child to None, run_after=None
[2024-05-27T14:26:53.669+0000] {logging_mixin.py:188} INFO - [2024-05-27T14:26:53.669+0000] {dag.py:3954} INFO - Setting next_dagrun for example_external_task_marker_parent to None, run_after=None
[2024-05-27T14:26:53.688+0000] {processor.py:183} INFO - Processing /home/airflow/.local/lib/python3.12/site-packages/airflow/example_dags/example_external_task_marker_dag.py took 0.092 seconds
[2024-05-27T17:32:24.892+0000] {processor.py:161} INFO - Started process (PID=34) to work on /home/airflow/.local/lib/python3.12/site-packages/airflow/example_dags/example_external_task_marker_dag.py
[2024-05-27T17:32:24.893+0000] {processor.py:830} INFO - Processing file /home/airflow/.local/lib/python3.12/site-packages/airflow/example_dags/example_external_task_marker_dag.py for tasks to queue
[2024-05-27T17:32:24.898+0000] {logging_mixin.py:188} INFO - [2024-05-27T17:32:24.898+0000] {dagbag.py:545} INFO - Filling up the DagBag from /home/airflow/.local/lib/python3.12/site-packages/airflow/example_dags/example_external_task_marker_dag.py
[2024-05-27T17:32:24.922+0000] {processor.py:840} INFO - DAG(s) 'example_external_task_marker_child', 'example_external_task_marker_parent' retrieved from /home/airflow/.local/lib/python3.12/site-packages/airflow/example_dags/example_external_task_marker_dag.py
[2024-05-27T17:32:24.952+0000] {logging_mixin.py:188} INFO - [2024-05-27T17:32:24.952+0000] {dag.py:3096} INFO - Sync 2 DAGs
[2024-05-27T17:32:24.985+0000] {logging_mixin.py:188} INFO - [2024-05-27T17:32:24.985+0000] {dag.py:3954} INFO - Setting next_dagrun for example_external_task_marker_child to None, run_after=None
[2024-05-27T17:32:24.996+0000] {logging_mixin.py:188} INFO - [2024-05-27T17:32:24.995+0000] {dag.py:3954} INFO - Setting next_dagrun for example_external_task_marker_parent to None, run_after=None
[2024-05-27T17:32:25.040+0000] {processor.py:183} INFO - Processing /home/airflow/.local/lib/python3.12/site-packages/airflow/example_dags/example_external_task_marker_dag.py took 0.165 seconds
[2024-05-27T17:32:55.589+0000] {processor.py:161} INFO - Started process (PID=92) to work on /home/airflow/.local/lib/python3.12/site-packages/airflow/example_dags/example_external_task_marker_dag.py
[2024-05-27T17:32:55.589+0000] {processor.py:830} INFO - Processing file /home/airflow/.local/lib/python3.12/site-packages/airflow/example_dags/example_external_task_marker_dag.py for tasks to queue
[2024-05-27T17:32:55.591+0000] {logging_mixin.py:188} INFO - [2024-05-27T17:32:55.591+0000] {dagbag.py:545} INFO - Filling up the DagBag from /home/airflow/.local/lib/python3.12/site-packages/airflow/example_dags/example_external_task_marker_dag.py
[2024-05-27T17:32:55.597+0000] {processor.py:840} INFO - DAG(s) 'example_external_task_marker_child', 'example_external_task_marker_parent' retrieved from /home/airflow/.local/lib/python3.12/site-packages/airflow/example_dags/example_external_task_marker_dag.py
[2024-05-27T17:32:55.698+0000] {logging_mixin.py:188} INFO - [2024-05-27T17:32:55.698+0000] {dag.py:3096} INFO - Sync 2 DAGs
[2024-05-27T17:32:55.708+0000] {logging_mixin.py:188} INFO - [2024-05-27T17:32:55.708+0000] {dag.py:3954} INFO - Setting next_dagrun for example_external_task_marker_child to None, run_after=None
[2024-05-27T17:32:55.711+0000] {logging_mixin.py:188} INFO - [2024-05-27T17:32:55.711+0000] {dag.py:3954} INFO - Setting next_dagrun for example_external_task_marker_parent to None, run_after=None
[2024-05-27T17:32:55.727+0000] {processor.py:183} INFO - Processing /home/airflow/.local/lib/python3.12/site-packages/airflow/example_dags/example_external_task_marker_dag.py took 0.143 seconds
[2024-05-27T17:33:26.625+0000] {processor.py:161} INFO - Started process (PID=150) to work on /home/airflow/.local/lib/python3.12/site-packages/airflow/example_dags/example_external_task_marker_dag.py
[2024-05-27T17:33:26.626+0000] {processor.py:830} INFO - Processing file /home/airflow/.local/lib/python3.12/site-packages/airflow/example_dags/example_external_task_marker_dag.py for tasks to queue
[2024-05-27T17:33:26.628+0000] {logging_mixin.py:188} INFO - [2024-05-27T17:33:26.628+0000] {dagbag.py:545} INFO - Filling up the DagBag from /home/airflow/.local/lib/python3.12/site-packages/airflow/example_dags/example_external_task_marker_dag.py
[2024-05-27T17:33:26.634+0000] {processor.py:840} INFO - DAG(s) 'example_external_task_marker_child', 'example_external_task_marker_parent' retrieved from /home/airflow/.local/lib/python3.12/site-packages/airflow/example_dags/example_external_task_marker_dag.py
[2024-05-27T17:33:26.654+0000] {logging_mixin.py:188} INFO - [2024-05-27T17:33:26.654+0000] {dag.py:3096} INFO - Sync 2 DAGs
[2024-05-27T17:33:26.667+0000] {logging_mixin.py:188} INFO - [2024-05-27T17:33:26.666+0000] {dag.py:3954} INFO - Setting next_dagrun for example_external_task_marker_child to None, run_after=None
[2024-05-27T17:33:26.672+0000] {logging_mixin.py:188} INFO - [2024-05-27T17:33:26.672+0000] {dag.py:3954} INFO - Setting next_dagrun for example_external_task_marker_parent to None, run_after=None
[2024-05-27T17:33:26.686+0000] {processor.py:183} INFO - Processing /home/airflow/.local/lib/python3.12/site-packages/airflow/example_dags/example_external_task_marker_dag.py took 0.068 seconds
[2024-05-27T17:33:56.800+0000] {processor.py:161} INFO - Started process (PID=208) to work on /home/airflow/.local/lib/python3.12/site-packages/airflow/example_dags/example_external_task_marker_dag.py
[2024-05-27T17:33:56.801+0000] {processor.py:830} INFO - Processing file /home/airflow/.local/lib/python3.12/site-packages/airflow/example_dags/example_external_task_marker_dag.py for tasks to queue
[2024-05-27T17:33:56.804+0000] {logging_mixin.py:188} INFO - [2024-05-27T17:33:56.804+0000] {dagbag.py:545} INFO - Filling up the DagBag from /home/airflow/.local/lib/python3.12/site-packages/airflow/example_dags/example_external_task_marker_dag.py
[2024-05-27T17:33:56.810+0000] {processor.py:840} INFO - DAG(s) 'example_external_task_marker_child', 'example_external_task_marker_parent' retrieved from /home/airflow/.local/lib/python3.12/site-packages/airflow/example_dags/example_external_task_marker_dag.py
[2024-05-27T17:33:56.834+0000] {logging_mixin.py:188} INFO - [2024-05-27T17:33:56.834+0000] {dag.py:3096} INFO - Sync 2 DAGs
[2024-05-27T17:33:56.853+0000] {logging_mixin.py:188} INFO - [2024-05-27T17:33:56.853+0000] {dag.py:3954} INFO - Setting next_dagrun for example_external_task_marker_child to None, run_after=None
[2024-05-27T17:33:56.857+0000] {logging_mixin.py:188} INFO - [2024-05-27T17:33:56.857+0000] {dag.py:3954} INFO - Setting next_dagrun for example_external_task_marker_parent to None, run_after=None
[2024-05-27T17:33:56.873+0000] {processor.py:183} INFO - Processing /home/airflow/.local/lib/python3.12/site-packages/airflow/example_dags/example_external_task_marker_dag.py took 0.078 seconds
[2024-05-27T17:34:26.978+0000] {processor.py:161} INFO - Started process (PID=266) to work on /home/airflow/.local/lib/python3.12/site-packages/airflow/example_dags/example_external_task_marker_dag.py
[2024-05-27T17:34:26.980+0000] {processor.py:830} INFO - Processing file /home/airflow/.local/lib/python3.12/site-packages/airflow/example_dags/example_external_task_marker_dag.py for tasks to queue
[2024-05-27T17:34:26.983+0000] {logging_mixin.py:188} INFO - [2024-05-27T17:34:26.983+0000] {dagbag.py:545} INFO - Filling up the DagBag from /home/airflow/.local/lib/python3.12/site-packages/airflow/example_dags/example_external_task_marker_dag.py
[2024-05-27T17:34:26.990+0000] {processor.py:840} INFO - DAG(s) 'example_external_task_marker_parent', 'example_external_task_marker_child' retrieved from /home/airflow/.local/lib/python3.12/site-packages/airflow/example_dags/example_external_task_marker_dag.py
[2024-05-27T17:34:27.026+0000] {logging_mixin.py:188} INFO - [2024-05-27T17:34:27.024+0000] {dag.py:3096} INFO - Sync 2 DAGs
[2024-05-27T17:34:27.041+0000] {logging_mixin.py:188} INFO - [2024-05-27T17:34:27.040+0000] {dag.py:3954} INFO - Setting next_dagrun for example_external_task_marker_child to None, run_after=None
[2024-05-27T17:34:27.048+0000] {logging_mixin.py:188} INFO - [2024-05-27T17:34:27.047+0000] {dag.py:3954} INFO - Setting next_dagrun for example_external_task_marker_parent to None, run_after=None
[2024-05-27T17:34:27.070+0000] {processor.py:183} INFO - Processing /home/airflow/.local/lib/python3.12/site-packages/airflow/example_dags/example_external_task_marker_dag.py took 0.100 seconds
[2024-05-27T17:34:58.008+0000] {processor.py:161} INFO - Started process (PID=324) to work on /home/airflow/.local/lib/python3.12/site-packages/airflow/example_dags/example_external_task_marker_dag.py
[2024-05-27T17:34:58.013+0000] {processor.py:830} INFO - Processing file /home/airflow/.local/lib/python3.12/site-packages/airflow/example_dags/example_external_task_marker_dag.py for tasks to queue
[2024-05-27T17:34:58.016+0000] {logging_mixin.py:188} INFO - [2024-05-27T17:34:58.015+0000] {dagbag.py:545} INFO - Filling up the DagBag from /home/airflow/.local/lib/python3.12/site-packages/airflow/example_dags/example_external_task_marker_dag.py
[2024-05-27T17:34:58.023+0000] {processor.py:840} INFO - DAG(s) 'example_external_task_marker_parent', 'example_external_task_marker_child' retrieved from /home/airflow/.local/lib/python3.12/site-packages/airflow/example_dags/example_external_task_marker_dag.py
[2024-05-27T17:34:58.046+0000] {logging_mixin.py:188} INFO - [2024-05-27T17:34:58.046+0000] {dag.py:3096} INFO - Sync 2 DAGs
[2024-05-27T17:34:58.065+0000] {logging_mixin.py:188} INFO - [2024-05-27T17:34:58.064+0000] {dag.py:3954} INFO - Setting next_dagrun for example_external_task_marker_child to None, run_after=None
[2024-05-27T17:34:58.070+0000] {logging_mixin.py:188} INFO - [2024-05-27T17:34:58.070+0000] {dag.py:3954} INFO - Setting next_dagrun for example_external_task_marker_parent to None, run_after=None
[2024-05-27T17:34:58.094+0000] {processor.py:183} INFO - Processing /home/airflow/.local/lib/python3.12/site-packages/airflow/example_dags/example_external_task_marker_dag.py took 0.098 seconds
[2024-05-27T17:35:28.171+0000] {processor.py:161} INFO - Started process (PID=381) to work on /home/airflow/.local/lib/python3.12/site-packages/airflow/example_dags/example_external_task_marker_dag.py
[2024-05-27T17:35:28.173+0000] {processor.py:830} INFO - Processing file /home/airflow/.local/lib/python3.12/site-packages/airflow/example_dags/example_external_task_marker_dag.py for tasks to queue
[2024-05-27T17:35:28.175+0000] {logging_mixin.py:188} INFO - [2024-05-27T17:35:28.175+0000] {dagbag.py:545} INFO - Filling up the DagBag from /home/airflow/.local/lib/python3.12/site-packages/airflow/example_dags/example_external_task_marker_dag.py
[2024-05-27T17:35:28.182+0000] {processor.py:840} INFO - DAG(s) 'example_external_task_marker_child', 'example_external_task_marker_parent' retrieved from /home/airflow/.local/lib/python3.12/site-packages/airflow/example_dags/example_external_task_marker_dag.py
[2024-05-27T17:35:28.199+0000] {logging_mixin.py:188} INFO - [2024-05-27T17:35:28.199+0000] {dag.py:3096} INFO - Sync 2 DAGs
[2024-05-27T17:35:28.211+0000] {logging_mixin.py:188} INFO - [2024-05-27T17:35:28.211+0000] {dag.py:3954} INFO - Setting next_dagrun for example_external_task_marker_child to None, run_after=None
[2024-05-27T17:35:28.214+0000] {logging_mixin.py:188} INFO - [2024-05-27T17:35:28.214+0000] {dag.py:3954} INFO - Setting next_dagrun for example_external_task_marker_parent to None, run_after=None
[2024-05-27T17:35:28.250+0000] {processor.py:183} INFO - Processing /home/airflow/.local/lib/python3.12/site-packages/airflow/example_dags/example_external_task_marker_dag.py took 0.089 seconds
[2024-05-27T17:35:58.832+0000] {processor.py:161} INFO - Started process (PID=445) to work on /home/airflow/.local/lib/python3.12/site-packages/airflow/example_dags/example_external_task_marker_dag.py
[2024-05-27T17:35:58.834+0000] {processor.py:830} INFO - Processing file /home/airflow/.local/lib/python3.12/site-packages/airflow/example_dags/example_external_task_marker_dag.py for tasks to queue
[2024-05-27T17:35:58.837+0000] {logging_mixin.py:188} INFO - [2024-05-27T17:35:58.836+0000] {dagbag.py:545} INFO - Filling up the DagBag from /home/airflow/.local/lib/python3.12/site-packages/airflow/example_dags/example_external_task_marker_dag.py
[2024-05-27T17:35:58.843+0000] {processor.py:840} INFO - DAG(s) 'example_external_task_marker_child', 'example_external_task_marker_parent' retrieved from /home/airflow/.local/lib/python3.12/site-packages/airflow/example_dags/example_external_task_marker_dag.py
[2024-05-27T17:35:58.873+0000] {logging_mixin.py:188} INFO - [2024-05-27T17:35:58.872+0000] {dag.py:3096} INFO - Sync 2 DAGs
[2024-05-27T17:35:58.890+0000] {logging_mixin.py:188} INFO - [2024-05-27T17:35:58.890+0000] {dag.py:3954} INFO - Setting next_dagrun for example_external_task_marker_child to None, run_after=None
[2024-05-27T17:35:58.897+0000] {logging_mixin.py:188} INFO - [2024-05-27T17:35:58.897+0000] {dag.py:3954} INFO - Setting next_dagrun for example_external_task_marker_parent to None, run_after=None
[2024-05-27T17:35:58.920+0000] {processor.py:183} INFO - Processing /home/airflow/.local/lib/python3.12/site-packages/airflow/example_dags/example_external_task_marker_dag.py took 0.097 seconds
[2024-05-27T17:36:29.628+0000] {processor.py:161} INFO - Started process (PID=503) to work on /home/airflow/.local/lib/python3.12/site-packages/airflow/example_dags/example_external_task_marker_dag.py
[2024-05-27T17:36:29.629+0000] {processor.py:830} INFO - Processing file /home/airflow/.local/lib/python3.12/site-packages/airflow/example_dags/example_external_task_marker_dag.py for tasks to queue
[2024-05-27T17:36:29.631+0000] {logging_mixin.py:188} INFO - [2024-05-27T17:36:29.631+0000] {dagbag.py:545} INFO - Filling up the DagBag from /home/airflow/.local/lib/python3.12/site-packages/airflow/example_dags/example_external_task_marker_dag.py
[2024-05-27T17:36:29.637+0000] {processor.py:840} INFO - DAG(s) 'example_external_task_marker_parent', 'example_external_task_marker_child' retrieved from /home/airflow/.local/lib/python3.12/site-packages/airflow/example_dags/example_external_task_marker_dag.py
[2024-05-27T17:36:29.658+0000] {logging_mixin.py:188} INFO - [2024-05-27T17:36:29.658+0000] {dag.py:3096} INFO - Sync 2 DAGs
[2024-05-27T17:36:29.671+0000] {logging_mixin.py:188} INFO - [2024-05-27T17:36:29.671+0000] {dag.py:3954} INFO - Setting next_dagrun for example_external_task_marker_child to None, run_after=None
[2024-05-27T17:36:29.675+0000] {logging_mixin.py:188} INFO - [2024-05-27T17:36:29.675+0000] {dag.py:3954} INFO - Setting next_dagrun for example_external_task_marker_parent to None, run_after=None
[2024-05-27T17:36:29.693+0000] {processor.py:183} INFO - Processing /home/airflow/.local/lib/python3.12/site-packages/airflow/example_dags/example_external_task_marker_dag.py took 0.075 seconds
[2024-05-27T17:37:00.499+0000] {processor.py:161} INFO - Started process (PID=560) to work on /home/airflow/.local/lib/python3.12/site-packages/airflow/example_dags/example_external_task_marker_dag.py
[2024-05-27T17:37:00.500+0000] {processor.py:830} INFO - Processing file /home/airflow/.local/lib/python3.12/site-packages/airflow/example_dags/example_external_task_marker_dag.py for tasks to queue
[2024-05-27T17:37:00.503+0000] {logging_mixin.py:188} INFO - [2024-05-27T17:37:00.502+0000] {dagbag.py:545} INFO - Filling up the DagBag from /home/airflow/.local/lib/python3.12/site-packages/airflow/example_dags/example_external_task_marker_dag.py
[2024-05-27T17:37:00.511+0000] {processor.py:840} INFO - DAG(s) 'example_external_task_marker_parent', 'example_external_task_marker_child' retrieved from /home/airflow/.local/lib/python3.12/site-packages/airflow/example_dags/example_external_task_marker_dag.py
[2024-05-27T17:37:00.533+0000] {logging_mixin.py:188} INFO - [2024-05-27T17:37:00.533+0000] {dag.py:3096} INFO - Sync 2 DAGs
[2024-05-27T17:37:00.547+0000] {logging_mixin.py:188} INFO - [2024-05-27T17:37:00.547+0000] {dag.py:3954} INFO - Setting next_dagrun for example_external_task_marker_child to None, run_after=None
[2024-05-27T17:37:00.551+0000] {logging_mixin.py:188} INFO - [2024-05-27T17:37:00.551+0000] {dag.py:3954} INFO - Setting next_dagrun for example_external_task_marker_parent to None, run_after=None
[2024-05-27T17:37:00.569+0000] {processor.py:183} INFO - Processing /home/airflow/.local/lib/python3.12/site-packages/airflow/example_dags/example_external_task_marker_dag.py took 0.081 seconds
[2024-05-27T17:38:13.618+0000] {processor.py:161} INFO - Started process (PID=32) to work on /home/airflow/.local/lib/python3.12/site-packages/airflow/example_dags/example_external_task_marker_dag.py
[2024-05-27T17:38:13.619+0000] {processor.py:830} INFO - Processing file /home/airflow/.local/lib/python3.12/site-packages/airflow/example_dags/example_external_task_marker_dag.py for tasks to queue
[2024-05-27T17:38:13.621+0000] {logging_mixin.py:188} INFO - [2024-05-27T17:38:13.620+0000] {dagbag.py:545} INFO - Filling up the DagBag from /home/airflow/.local/lib/python3.12/site-packages/airflow/example_dags/example_external_task_marker_dag.py
[2024-05-27T17:38:13.629+0000] {processor.py:840} INFO - DAG(s) 'example_external_task_marker_parent', 'example_external_task_marker_child' retrieved from /home/airflow/.local/lib/python3.12/site-packages/airflow/example_dags/example_external_task_marker_dag.py
[2024-05-27T17:38:13.641+0000] {logging_mixin.py:188} INFO - [2024-05-27T17:38:13.641+0000] {dag.py:3096} INFO - Sync 2 DAGs
[2024-05-27T17:38:13.656+0000] {logging_mixin.py:188} INFO - [2024-05-27T17:38:13.655+0000] {dag.py:3954} INFO - Setting next_dagrun for example_external_task_marker_child to None, run_after=None
[2024-05-27T17:38:13.660+0000] {logging_mixin.py:188} INFO - [2024-05-27T17:38:13.660+0000] {dag.py:3954} INFO - Setting next_dagrun for example_external_task_marker_parent to None, run_after=None
[2024-05-27T17:38:13.679+0000] {processor.py:183} INFO - Processing /home/airflow/.local/lib/python3.12/site-packages/airflow/example_dags/example_external_task_marker_dag.py took 0.067 seconds
[2024-05-27T17:38:44.197+0000] {processor.py:161} INFO - Started process (PID=90) to work on /home/airflow/.local/lib/python3.12/site-packages/airflow/example_dags/example_external_task_marker_dag.py
[2024-05-27T17:38:44.198+0000] {processor.py:830} INFO - Processing file /home/airflow/.local/lib/python3.12/site-packages/airflow/example_dags/example_external_task_marker_dag.py for tasks to queue
[2024-05-27T17:38:44.199+0000] {logging_mixin.py:188} INFO - [2024-05-27T17:38:44.199+0000] {dagbag.py:545} INFO - Filling up the DagBag from /home/airflow/.local/lib/python3.12/site-packages/airflow/example_dags/example_external_task_marker_dag.py
[2024-05-27T17:38:44.205+0000] {processor.py:840} INFO - DAG(s) 'example_external_task_marker_parent', 'example_external_task_marker_child' retrieved from /home/airflow/.local/lib/python3.12/site-packages/airflow/example_dags/example_external_task_marker_dag.py
[2024-05-27T17:38:44.313+0000] {logging_mixin.py:188} INFO - [2024-05-27T17:38:44.313+0000] {dag.py:3096} INFO - Sync 2 DAGs
[2024-05-27T17:38:44.330+0000] {logging_mixin.py:188} INFO - [2024-05-27T17:38:44.329+0000] {dag.py:3954} INFO - Setting next_dagrun for example_external_task_marker_child to None, run_after=None
[2024-05-27T17:38:44.334+0000] {logging_mixin.py:188} INFO - [2024-05-27T17:38:44.334+0000] {dag.py:3954} INFO - Setting next_dagrun for example_external_task_marker_parent to None, run_after=None
[2024-05-27T17:38:44.355+0000] {processor.py:183} INFO - Processing /home/airflow/.local/lib/python3.12/site-packages/airflow/example_dags/example_external_task_marker_dag.py took 0.163 seconds
