[2024-05-27T01:38:37.314+0000] {processor.py:161} INFO - Started process (PID=63) to work on /home/airflow/.local/lib/python3.12/site-packages/airflow/example_dags/example_python_decorator.py
[2024-05-27T01:38:37.316+0000] {processor.py:830} INFO - Processing file /home/airflow/.local/lib/python3.12/site-packages/airflow/example_dags/example_python_decorator.py for tasks to queue
[2024-05-27T01:38:37.319+0000] {logging_mixin.py:188} INFO - [2024-05-27T01:38:37.318+0000] {dagbag.py:545} INFO - Filling up the DagBag from /home/airflow/.local/lib/python3.12/site-packages/airflow/example_dags/example_python_decorator.py
[2024-05-27T01:38:37.347+0000] {processor.py:840} INFO - DAG(s) 'example_python_decorator' retrieved from /home/airflow/.local/lib/python3.12/site-packages/airflow/example_dags/example_python_decorator.py
[2024-05-27T01:38:37.360+0000] {logging_mixin.py:188} INFO - [2024-05-27T01:38:37.360+0000] {dag.py:3096} INFO - Sync 1 DAGs
[2024-05-27T01:38:37.380+0000] {logging_mixin.py:188} INFO - [2024-05-27T01:38:37.379+0000] {dag.py:3954} INFO - Setting next_dagrun for example_python_decorator to None, run_after=None
[2024-05-27T01:38:37.405+0000] {processor.py:183} INFO - Processing /home/airflow/.local/lib/python3.12/site-packages/airflow/example_dags/example_python_decorator.py took 0.099 seconds
[2024-05-27T01:39:08.259+0000] {processor.py:161} INFO - Started process (PID=121) to work on /home/airflow/.local/lib/python3.12/site-packages/airflow/example_dags/example_python_decorator.py
[2024-05-27T01:39:08.260+0000] {processor.py:830} INFO - Processing file /home/airflow/.local/lib/python3.12/site-packages/airflow/example_dags/example_python_decorator.py for tasks to queue
[2024-05-27T01:39:08.262+0000] {logging_mixin.py:188} INFO - [2024-05-27T01:39:08.262+0000] {dagbag.py:545} INFO - Filling up the DagBag from /home/airflow/.local/lib/python3.12/site-packages/airflow/example_dags/example_python_decorator.py
[2024-05-27T01:39:08.277+0000] {processor.py:840} INFO - DAG(s) 'example_python_decorator' retrieved from /home/airflow/.local/lib/python3.12/site-packages/airflow/example_dags/example_python_decorator.py
[2024-05-27T01:39:08.368+0000] {logging_mixin.py:188} INFO - [2024-05-27T01:39:08.368+0000] {dag.py:3096} INFO - Sync 1 DAGs
[2024-05-27T01:39:08.378+0000] {logging_mixin.py:188} INFO - [2024-05-27T01:39:08.378+0000] {dag.py:3954} INFO - Setting next_dagrun for example_python_decorator to None, run_after=None
[2024-05-27T01:39:08.398+0000] {processor.py:183} INFO - Processing /home/airflow/.local/lib/python3.12/site-packages/airflow/example_dags/example_python_decorator.py took 0.143 seconds
[2024-05-27T01:39:38.907+0000] {processor.py:161} INFO - Started process (PID=179) to work on /home/airflow/.local/lib/python3.12/site-packages/airflow/example_dags/example_python_decorator.py
[2024-05-27T01:39:38.908+0000] {processor.py:830} INFO - Processing file /home/airflow/.local/lib/python3.12/site-packages/airflow/example_dags/example_python_decorator.py for tasks to queue
[2024-05-27T01:39:38.910+0000] {logging_mixin.py:188} INFO - [2024-05-27T01:39:38.909+0000] {dagbag.py:545} INFO - Filling up the DagBag from /home/airflow/.local/lib/python3.12/site-packages/airflow/example_dags/example_python_decorator.py
[2024-05-27T01:39:38.922+0000] {processor.py:840} INFO - DAG(s) 'example_python_decorator' retrieved from /home/airflow/.local/lib/python3.12/site-packages/airflow/example_dags/example_python_decorator.py
[2024-05-27T01:39:38.941+0000] {logging_mixin.py:188} INFO - [2024-05-27T01:39:38.941+0000] {dag.py:3096} INFO - Sync 1 DAGs
[2024-05-27T01:39:38.954+0000] {logging_mixin.py:188} INFO - [2024-05-27T01:39:38.953+0000] {dag.py:3954} INFO - Setting next_dagrun for example_python_decorator to None, run_after=None
[2024-05-27T01:39:38.970+0000] {processor.py:183} INFO - Processing /home/airflow/.local/lib/python3.12/site-packages/airflow/example_dags/example_python_decorator.py took 0.068 seconds
[2024-05-27T01:40:09.096+0000] {processor.py:161} INFO - Started process (PID=237) to work on /home/airflow/.local/lib/python3.12/site-packages/airflow/example_dags/example_python_decorator.py
[2024-05-27T01:40:09.097+0000] {processor.py:830} INFO - Processing file /home/airflow/.local/lib/python3.12/site-packages/airflow/example_dags/example_python_decorator.py for tasks to queue
[2024-05-27T01:40:09.099+0000] {logging_mixin.py:188} INFO - [2024-05-27T01:40:09.098+0000] {dagbag.py:545} INFO - Filling up the DagBag from /home/airflow/.local/lib/python3.12/site-packages/airflow/example_dags/example_python_decorator.py
[2024-05-27T01:40:09.110+0000] {processor.py:840} INFO - DAG(s) 'example_python_decorator' retrieved from /home/airflow/.local/lib/python3.12/site-packages/airflow/example_dags/example_python_decorator.py
[2024-05-27T01:40:09.132+0000] {logging_mixin.py:188} INFO - [2024-05-27T01:40:09.132+0000] {dag.py:3096} INFO - Sync 1 DAGs
[2024-05-27T01:40:09.145+0000] {logging_mixin.py:188} INFO - [2024-05-27T01:40:09.145+0000] {dag.py:3954} INFO - Setting next_dagrun for example_python_decorator to None, run_after=None
[2024-05-27T01:40:09.163+0000] {processor.py:183} INFO - Processing /home/airflow/.local/lib/python3.12/site-packages/airflow/example_dags/example_python_decorator.py took 0.072 seconds
[2024-05-27T01:40:39.345+0000] {processor.py:161} INFO - Started process (PID=295) to work on /home/airflow/.local/lib/python3.12/site-packages/airflow/example_dags/example_python_decorator.py
[2024-05-27T01:40:39.346+0000] {processor.py:830} INFO - Processing file /home/airflow/.local/lib/python3.12/site-packages/airflow/example_dags/example_python_decorator.py for tasks to queue
[2024-05-27T01:40:39.348+0000] {logging_mixin.py:188} INFO - [2024-05-27T01:40:39.348+0000] {dagbag.py:545} INFO - Filling up the DagBag from /home/airflow/.local/lib/python3.12/site-packages/airflow/example_dags/example_python_decorator.py
[2024-05-27T01:40:39.362+0000] {processor.py:840} INFO - DAG(s) 'example_python_decorator' retrieved from /home/airflow/.local/lib/python3.12/site-packages/airflow/example_dags/example_python_decorator.py
[2024-05-27T01:40:39.385+0000] {logging_mixin.py:188} INFO - [2024-05-27T01:40:39.384+0000] {dag.py:3096} INFO - Sync 1 DAGs
[2024-05-27T01:40:39.408+0000] {logging_mixin.py:188} INFO - [2024-05-27T01:40:39.408+0000] {dag.py:3954} INFO - Setting next_dagrun for example_python_decorator to None, run_after=None
[2024-05-27T01:40:39.429+0000] {processor.py:183} INFO - Processing /home/airflow/.local/lib/python3.12/site-packages/airflow/example_dags/example_python_decorator.py took 0.090 seconds
[2024-05-27T01:41:09.520+0000] {processor.py:161} INFO - Started process (PID=353) to work on /home/airflow/.local/lib/python3.12/site-packages/airflow/example_dags/example_python_decorator.py
[2024-05-27T01:41:09.521+0000] {processor.py:830} INFO - Processing file /home/airflow/.local/lib/python3.12/site-packages/airflow/example_dags/example_python_decorator.py for tasks to queue
[2024-05-27T01:41:09.523+0000] {logging_mixin.py:188} INFO - [2024-05-27T01:41:09.523+0000] {dagbag.py:545} INFO - Filling up the DagBag from /home/airflow/.local/lib/python3.12/site-packages/airflow/example_dags/example_python_decorator.py
[2024-05-27T01:41:09.538+0000] {processor.py:840} INFO - DAG(s) 'example_python_decorator' retrieved from /home/airflow/.local/lib/python3.12/site-packages/airflow/example_dags/example_python_decorator.py
[2024-05-27T01:41:09.558+0000] {logging_mixin.py:188} INFO - [2024-05-27T01:41:09.557+0000] {dag.py:3096} INFO - Sync 1 DAGs
[2024-05-27T01:41:09.571+0000] {logging_mixin.py:188} INFO - [2024-05-27T01:41:09.571+0000] {dag.py:3954} INFO - Setting next_dagrun for example_python_decorator to None, run_after=None
[2024-05-27T01:41:09.615+0000] {processor.py:183} INFO - Processing /home/airflow/.local/lib/python3.12/site-packages/airflow/example_dags/example_python_decorator.py took 0.100 seconds
[2024-05-27T01:41:39.979+0000] {processor.py:161} INFO - Started process (PID=411) to work on /home/airflow/.local/lib/python3.12/site-packages/airflow/example_dags/example_python_decorator.py
[2024-05-27T01:41:39.980+0000] {processor.py:830} INFO - Processing file /home/airflow/.local/lib/python3.12/site-packages/airflow/example_dags/example_python_decorator.py for tasks to queue
[2024-05-27T01:41:39.982+0000] {logging_mixin.py:188} INFO - [2024-05-27T01:41:39.981+0000] {dagbag.py:545} INFO - Filling up the DagBag from /home/airflow/.local/lib/python3.12/site-packages/airflow/example_dags/example_python_decorator.py
[2024-05-27T01:41:39.996+0000] {processor.py:840} INFO - DAG(s) 'example_python_decorator' retrieved from /home/airflow/.local/lib/python3.12/site-packages/airflow/example_dags/example_python_decorator.py
[2024-05-27T01:41:40.028+0000] {logging_mixin.py:188} INFO - [2024-05-27T01:41:40.028+0000] {dag.py:3096} INFO - Sync 1 DAGs
[2024-05-27T01:41:40.049+0000] {logging_mixin.py:188} INFO - [2024-05-27T01:41:40.049+0000] {dag.py:3954} INFO - Setting next_dagrun for example_python_decorator to None, run_after=None
[2024-05-27T01:41:40.076+0000] {processor.py:183} INFO - Processing /home/airflow/.local/lib/python3.12/site-packages/airflow/example_dags/example_python_decorator.py took 0.109 seconds
[2024-05-27T01:42:10.399+0000] {processor.py:161} INFO - Started process (PID=469) to work on /home/airflow/.local/lib/python3.12/site-packages/airflow/example_dags/example_python_decorator.py
[2024-05-27T01:42:10.400+0000] {processor.py:830} INFO - Processing file /home/airflow/.local/lib/python3.12/site-packages/airflow/example_dags/example_python_decorator.py for tasks to queue
[2024-05-27T01:42:10.403+0000] {logging_mixin.py:188} INFO - [2024-05-27T01:42:10.402+0000] {dagbag.py:545} INFO - Filling up the DagBag from /home/airflow/.local/lib/python3.12/site-packages/airflow/example_dags/example_python_decorator.py
[2024-05-27T01:42:10.415+0000] {processor.py:840} INFO - DAG(s) 'example_python_decorator' retrieved from /home/airflow/.local/lib/python3.12/site-packages/airflow/example_dags/example_python_decorator.py
[2024-05-27T01:42:10.444+0000] {logging_mixin.py:188} INFO - [2024-05-27T01:42:10.444+0000] {dag.py:3096} INFO - Sync 1 DAGs
[2024-05-27T01:42:10.460+0000] {logging_mixin.py:188} INFO - [2024-05-27T01:42:10.460+0000] {dag.py:3954} INFO - Setting next_dagrun for example_python_decorator to None, run_after=None
[2024-05-27T01:42:10.483+0000] {processor.py:183} INFO - Processing /home/airflow/.local/lib/python3.12/site-packages/airflow/example_dags/example_python_decorator.py took 0.089 seconds
[2024-05-27T01:42:41.171+0000] {processor.py:161} INFO - Started process (PID=527) to work on /home/airflow/.local/lib/python3.12/site-packages/airflow/example_dags/example_python_decorator.py
[2024-05-27T01:42:41.171+0000] {processor.py:830} INFO - Processing file /home/airflow/.local/lib/python3.12/site-packages/airflow/example_dags/example_python_decorator.py for tasks to queue
[2024-05-27T01:42:41.173+0000] {logging_mixin.py:188} INFO - [2024-05-27T01:42:41.173+0000] {dagbag.py:545} INFO - Filling up the DagBag from /home/airflow/.local/lib/python3.12/site-packages/airflow/example_dags/example_python_decorator.py
[2024-05-27T01:42:41.187+0000] {processor.py:840} INFO - DAG(s) 'example_python_decorator' retrieved from /home/airflow/.local/lib/python3.12/site-packages/airflow/example_dags/example_python_decorator.py
[2024-05-27T01:42:41.207+0000] {logging_mixin.py:188} INFO - [2024-05-27T01:42:41.207+0000] {dag.py:3096} INFO - Sync 1 DAGs
[2024-05-27T01:42:41.221+0000] {logging_mixin.py:188} INFO - [2024-05-27T01:42:41.221+0000] {dag.py:3954} INFO - Setting next_dagrun for example_python_decorator to None, run_after=None
[2024-05-27T01:42:41.243+0000] {processor.py:183} INFO - Processing /home/airflow/.local/lib/python3.12/site-packages/airflow/example_dags/example_python_decorator.py took 0.078 seconds
[2024-05-27T01:43:11.638+0000] {processor.py:161} INFO - Started process (PID=585) to work on /home/airflow/.local/lib/python3.12/site-packages/airflow/example_dags/example_python_decorator.py
[2024-05-27T01:43:11.639+0000] {processor.py:830} INFO - Processing file /home/airflow/.local/lib/python3.12/site-packages/airflow/example_dags/example_python_decorator.py for tasks to queue
[2024-05-27T01:43:11.642+0000] {logging_mixin.py:188} INFO - [2024-05-27T01:43:11.641+0000] {dagbag.py:545} INFO - Filling up the DagBag from /home/airflow/.local/lib/python3.12/site-packages/airflow/example_dags/example_python_decorator.py
[2024-05-27T01:43:11.656+0000] {processor.py:840} INFO - DAG(s) 'example_python_decorator' retrieved from /home/airflow/.local/lib/python3.12/site-packages/airflow/example_dags/example_python_decorator.py
[2024-05-27T01:43:11.683+0000] {logging_mixin.py:188} INFO - [2024-05-27T01:43:11.683+0000] {dag.py:3096} INFO - Sync 1 DAGs
[2024-05-27T01:43:11.701+0000] {logging_mixin.py:188} INFO - [2024-05-27T01:43:11.700+0000] {dag.py:3954} INFO - Setting next_dagrun for example_python_decorator to None, run_after=None
[2024-05-27T01:43:11.742+0000] {processor.py:183} INFO - Processing /home/airflow/.local/lib/python3.12/site-packages/airflow/example_dags/example_python_decorator.py took 0.111 seconds
[2024-05-27T01:43:42.260+0000] {processor.py:161} INFO - Started process (PID=643) to work on /home/airflow/.local/lib/python3.12/site-packages/airflow/example_dags/example_python_decorator.py
[2024-05-27T01:43:42.261+0000] {processor.py:830} INFO - Processing file /home/airflow/.local/lib/python3.12/site-packages/airflow/example_dags/example_python_decorator.py for tasks to queue
[2024-05-27T01:43:42.264+0000] {logging_mixin.py:188} INFO - [2024-05-27T01:43:42.263+0000] {dagbag.py:545} INFO - Filling up the DagBag from /home/airflow/.local/lib/python3.12/site-packages/airflow/example_dags/example_python_decorator.py
[2024-05-27T01:43:42.282+0000] {processor.py:840} INFO - DAG(s) 'example_python_decorator' retrieved from /home/airflow/.local/lib/python3.12/site-packages/airflow/example_dags/example_python_decorator.py
[2024-05-27T01:43:42.305+0000] {logging_mixin.py:188} INFO - [2024-05-27T01:43:42.305+0000] {dag.py:3096} INFO - Sync 1 DAGs
[2024-05-27T01:43:42.319+0000] {logging_mixin.py:188} INFO - [2024-05-27T01:43:42.319+0000] {dag.py:3954} INFO - Setting next_dagrun for example_python_decorator to None, run_after=None
[2024-05-27T01:43:42.343+0000] {processor.py:183} INFO - Processing /home/airflow/.local/lib/python3.12/site-packages/airflow/example_dags/example_python_decorator.py took 0.090 seconds
[2024-05-27T01:44:12.615+0000] {processor.py:161} INFO - Started process (PID=700) to work on /home/airflow/.local/lib/python3.12/site-packages/airflow/example_dags/example_python_decorator.py
[2024-05-27T01:44:12.616+0000] {processor.py:830} INFO - Processing file /home/airflow/.local/lib/python3.12/site-packages/airflow/example_dags/example_python_decorator.py for tasks to queue
[2024-05-27T01:44:12.618+0000] {logging_mixin.py:188} INFO - [2024-05-27T01:44:12.618+0000] {dagbag.py:545} INFO - Filling up the DagBag from /home/airflow/.local/lib/python3.12/site-packages/airflow/example_dags/example_python_decorator.py
[2024-05-27T01:44:12.629+0000] {processor.py:840} INFO - DAG(s) 'example_python_decorator' retrieved from /home/airflow/.local/lib/python3.12/site-packages/airflow/example_dags/example_python_decorator.py
[2024-05-27T01:44:12.649+0000] {logging_mixin.py:188} INFO - [2024-05-27T01:44:12.649+0000] {dag.py:3096} INFO - Sync 1 DAGs
[2024-05-27T01:44:12.661+0000] {logging_mixin.py:188} INFO - [2024-05-27T01:44:12.660+0000] {dag.py:3954} INFO - Setting next_dagrun for example_python_decorator to None, run_after=None
[2024-05-27T01:44:12.679+0000] {processor.py:183} INFO - Processing /home/airflow/.local/lib/python3.12/site-packages/airflow/example_dags/example_python_decorator.py took 0.070 seconds
[2024-05-27T01:44:42.837+0000] {processor.py:161} INFO - Started process (PID=758) to work on /home/airflow/.local/lib/python3.12/site-packages/airflow/example_dags/example_python_decorator.py
[2024-05-27T01:44:42.838+0000] {processor.py:830} INFO - Processing file /home/airflow/.local/lib/python3.12/site-packages/airflow/example_dags/example_python_decorator.py for tasks to queue
[2024-05-27T01:44:42.840+0000] {logging_mixin.py:188} INFO - [2024-05-27T01:44:42.840+0000] {dagbag.py:545} INFO - Filling up the DagBag from /home/airflow/.local/lib/python3.12/site-packages/airflow/example_dags/example_python_decorator.py
[2024-05-27T01:44:42.857+0000] {processor.py:840} INFO - DAG(s) 'example_python_decorator' retrieved from /home/airflow/.local/lib/python3.12/site-packages/airflow/example_dags/example_python_decorator.py
[2024-05-27T01:44:42.884+0000] {logging_mixin.py:188} INFO - [2024-05-27T01:44:42.883+0000] {dag.py:3096} INFO - Sync 1 DAGs
[2024-05-27T01:44:42.900+0000] {logging_mixin.py:188} INFO - [2024-05-27T01:44:42.900+0000] {dag.py:3954} INFO - Setting next_dagrun for example_python_decorator to None, run_after=None
[2024-05-27T01:44:42.922+0000] {processor.py:183} INFO - Processing /home/airflow/.local/lib/python3.12/site-packages/airflow/example_dags/example_python_decorator.py took 0.092 seconds
[2024-05-27T01:45:13.507+0000] {processor.py:161} INFO - Started process (PID=815) to work on /home/airflow/.local/lib/python3.12/site-packages/airflow/example_dags/example_python_decorator.py
[2024-05-27T01:45:13.507+0000] {processor.py:830} INFO - Processing file /home/airflow/.local/lib/python3.12/site-packages/airflow/example_dags/example_python_decorator.py for tasks to queue
[2024-05-27T01:45:13.509+0000] {logging_mixin.py:188} INFO - [2024-05-27T01:45:13.509+0000] {dagbag.py:545} INFO - Filling up the DagBag from /home/airflow/.local/lib/python3.12/site-packages/airflow/example_dags/example_python_decorator.py
[2024-05-27T01:45:13.521+0000] {processor.py:840} INFO - DAG(s) 'example_python_decorator' retrieved from /home/airflow/.local/lib/python3.12/site-packages/airflow/example_dags/example_python_decorator.py
[2024-05-27T01:45:13.541+0000] {logging_mixin.py:188} INFO - [2024-05-27T01:45:13.540+0000] {dag.py:3096} INFO - Sync 1 DAGs
[2024-05-27T01:45:13.553+0000] {logging_mixin.py:188} INFO - [2024-05-27T01:45:13.553+0000] {dag.py:3954} INFO - Setting next_dagrun for example_python_decorator to None, run_after=None
[2024-05-27T01:45:13.570+0000] {processor.py:183} INFO - Processing /home/airflow/.local/lib/python3.12/site-packages/airflow/example_dags/example_python_decorator.py took 0.069 seconds
[2024-05-27T01:45:44.001+0000] {processor.py:161} INFO - Started process (PID=873) to work on /home/airflow/.local/lib/python3.12/site-packages/airflow/example_dags/example_python_decorator.py
[2024-05-27T01:45:44.002+0000] {processor.py:830} INFO - Processing file /home/airflow/.local/lib/python3.12/site-packages/airflow/example_dags/example_python_decorator.py for tasks to queue
[2024-05-27T01:45:44.004+0000] {logging_mixin.py:188} INFO - [2024-05-27T01:45:44.004+0000] {dagbag.py:545} INFO - Filling up the DagBag from /home/airflow/.local/lib/python3.12/site-packages/airflow/example_dags/example_python_decorator.py
[2024-05-27T01:45:44.016+0000] {processor.py:840} INFO - DAG(s) 'example_python_decorator' retrieved from /home/airflow/.local/lib/python3.12/site-packages/airflow/example_dags/example_python_decorator.py
[2024-05-27T01:45:44.035+0000] {logging_mixin.py:188} INFO - [2024-05-27T01:45:44.035+0000] {dag.py:3096} INFO - Sync 1 DAGs
[2024-05-27T01:45:44.048+0000] {logging_mixin.py:188} INFO - [2024-05-27T01:45:44.047+0000] {dag.py:3954} INFO - Setting next_dagrun for example_python_decorator to None, run_after=None
[2024-05-27T01:45:44.065+0000] {processor.py:183} INFO - Processing /home/airflow/.local/lib/python3.12/site-packages/airflow/example_dags/example_python_decorator.py took 0.068 seconds
[2024-05-27T01:46:14.813+0000] {processor.py:161} INFO - Started process (PID=931) to work on /home/airflow/.local/lib/python3.12/site-packages/airflow/example_dags/example_python_decorator.py
[2024-05-27T01:46:14.813+0000] {processor.py:830} INFO - Processing file /home/airflow/.local/lib/python3.12/site-packages/airflow/example_dags/example_python_decorator.py for tasks to queue
[2024-05-27T01:46:14.815+0000] {logging_mixin.py:188} INFO - [2024-05-27T01:46:14.815+0000] {dagbag.py:545} INFO - Filling up the DagBag from /home/airflow/.local/lib/python3.12/site-packages/airflow/example_dags/example_python_decorator.py
[2024-05-27T01:46:14.828+0000] {processor.py:840} INFO - DAG(s) 'example_python_decorator' retrieved from /home/airflow/.local/lib/python3.12/site-packages/airflow/example_dags/example_python_decorator.py
[2024-05-27T01:46:14.849+0000] {logging_mixin.py:188} INFO - [2024-05-27T01:46:14.848+0000] {dag.py:3096} INFO - Sync 1 DAGs
[2024-05-27T01:46:14.862+0000] {logging_mixin.py:188} INFO - [2024-05-27T01:46:14.862+0000] {dag.py:3954} INFO - Setting next_dagrun for example_python_decorator to None, run_after=None
[2024-05-27T01:46:14.881+0000] {processor.py:183} INFO - Processing /home/airflow/.local/lib/python3.12/site-packages/airflow/example_dags/example_python_decorator.py took 0.074 seconds
[2024-05-27T01:48:44.425+0000] {processor.py:161} INFO - Started process (PID=62) to work on /home/airflow/.local/lib/python3.12/site-packages/airflow/example_dags/example_python_decorator.py
[2024-05-27T01:48:44.426+0000] {processor.py:830} INFO - Processing file /home/airflow/.local/lib/python3.12/site-packages/airflow/example_dags/example_python_decorator.py for tasks to queue
[2024-05-27T01:48:44.428+0000] {logging_mixin.py:188} INFO - [2024-05-27T01:48:44.428+0000] {dagbag.py:545} INFO - Filling up the DagBag from /home/airflow/.local/lib/python3.12/site-packages/airflow/example_dags/example_python_decorator.py
[2024-05-27T01:48:44.449+0000] {processor.py:840} INFO - DAG(s) 'example_python_decorator' retrieved from /home/airflow/.local/lib/python3.12/site-packages/airflow/example_dags/example_python_decorator.py
[2024-05-27T01:48:44.461+0000] {logging_mixin.py:188} INFO - [2024-05-27T01:48:44.461+0000] {dag.py:3096} INFO - Sync 1 DAGs
[2024-05-27T01:48:44.481+0000] {logging_mixin.py:188} INFO - [2024-05-27T01:48:44.481+0000] {dag.py:3954} INFO - Setting next_dagrun for example_python_decorator to None, run_after=None
[2024-05-27T01:48:44.514+0000] {processor.py:183} INFO - Processing /home/airflow/.local/lib/python3.12/site-packages/airflow/example_dags/example_python_decorator.py took 0.094 seconds
[2024-05-27T13:32:49.060+0000] {processor.py:161} INFO - Started process (PID=62) to work on /home/airflow/.local/lib/python3.12/site-packages/airflow/example_dags/example_python_decorator.py
[2024-05-27T13:32:49.060+0000] {processor.py:830} INFO - Processing file /home/airflow/.local/lib/python3.12/site-packages/airflow/example_dags/example_python_decorator.py for tasks to queue
[2024-05-27T13:32:49.062+0000] {logging_mixin.py:188} INFO - [2024-05-27T13:32:49.062+0000] {dagbag.py:545} INFO - Filling up the DagBag from /home/airflow/.local/lib/python3.12/site-packages/airflow/example_dags/example_python_decorator.py
[2024-05-27T13:32:49.076+0000] {processor.py:840} INFO - DAG(s) 'example_python_decorator' retrieved from /home/airflow/.local/lib/python3.12/site-packages/airflow/example_dags/example_python_decorator.py
[2024-05-27T13:32:49.175+0000] {logging_mixin.py:188} INFO - [2024-05-27T13:32:49.175+0000] {dag.py:3096} INFO - Sync 1 DAGs
[2024-05-27T13:32:49.189+0000] {logging_mixin.py:188} INFO - [2024-05-27T13:32:49.189+0000] {dag.py:3954} INFO - Setting next_dagrun for example_python_decorator to None, run_after=None
[2024-05-27T13:32:49.210+0000] {processor.py:183} INFO - Processing /home/airflow/.local/lib/python3.12/site-packages/airflow/example_dags/example_python_decorator.py took 0.156 seconds
[2024-05-27T13:33:19.289+0000] {processor.py:161} INFO - Started process (PID=119) to work on /home/airflow/.local/lib/python3.12/site-packages/airflow/example_dags/example_python_decorator.py
[2024-05-27T13:33:19.290+0000] {processor.py:830} INFO - Processing file /home/airflow/.local/lib/python3.12/site-packages/airflow/example_dags/example_python_decorator.py for tasks to queue
[2024-05-27T13:33:19.292+0000] {logging_mixin.py:188} INFO - [2024-05-27T13:33:19.292+0000] {dagbag.py:545} INFO - Filling up the DagBag from /home/airflow/.local/lib/python3.12/site-packages/airflow/example_dags/example_python_decorator.py
[2024-05-27T13:33:19.307+0000] {processor.py:840} INFO - DAG(s) 'example_python_decorator' retrieved from /home/airflow/.local/lib/python3.12/site-packages/airflow/example_dags/example_python_decorator.py
[2024-05-27T13:33:19.329+0000] {logging_mixin.py:188} INFO - [2024-05-27T13:33:19.329+0000] {dag.py:3096} INFO - Sync 1 DAGs
[2024-05-27T13:33:19.341+0000] {logging_mixin.py:188} INFO - [2024-05-27T13:33:19.341+0000] {dag.py:3954} INFO - Setting next_dagrun for example_python_decorator to None, run_after=None
[2024-05-27T13:33:19.358+0000] {processor.py:183} INFO - Processing /home/airflow/.local/lib/python3.12/site-packages/airflow/example_dags/example_python_decorator.py took 0.076 seconds
[2024-05-27T14:22:39.088+0000] {processor.py:161} INFO - Started process (PID=78) to work on /home/airflow/.local/lib/python3.12/site-packages/airflow/example_dags/example_python_decorator.py
[2024-05-27T14:22:39.092+0000] {processor.py:830} INFO - Processing file /home/airflow/.local/lib/python3.12/site-packages/airflow/example_dags/example_python_decorator.py for tasks to queue
[2024-05-27T14:22:39.094+0000] {logging_mixin.py:188} INFO - [2024-05-27T14:22:39.094+0000] {dagbag.py:545} INFO - Filling up the DagBag from /home/airflow/.local/lib/python3.12/site-packages/airflow/example_dags/example_python_decorator.py
[2024-05-27T14:22:39.124+0000] {processor.py:840} INFO - DAG(s) 'example_python_decorator' retrieved from /home/airflow/.local/lib/python3.12/site-packages/airflow/example_dags/example_python_decorator.py
[2024-05-27T14:22:39.327+0000] {logging_mixin.py:188} INFO - [2024-05-27T14:22:39.327+0000] {override.py:1829} INFO - Created Permission View: can edit on DAG:example_python_decorator
[2024-05-27T14:22:39.342+0000] {logging_mixin.py:188} INFO - [2024-05-27T14:22:39.342+0000] {override.py:1829} INFO - Created Permission View: can delete on DAG:example_python_decorator
[2024-05-27T14:22:39.361+0000] {logging_mixin.py:188} INFO - [2024-05-27T14:22:39.359+0000] {override.py:1829} INFO - Created Permission View: can read on DAG:example_python_decorator
[2024-05-27T14:22:39.362+0000] {logging_mixin.py:188} INFO - [2024-05-27T14:22:39.362+0000] {dag.py:3096} INFO - Sync 1 DAGs
[2024-05-27T14:22:39.393+0000] {logging_mixin.py:188} INFO - [2024-05-27T14:22:39.390+0000] {dag.py:3118} INFO - Creating ORM DAG for example_python_decorator
[2024-05-27T14:22:39.394+0000] {logging_mixin.py:188} INFO - [2024-05-27T14:22:39.394+0000] {dag.py:3954} INFO - Setting next_dagrun for example_python_decorator to None, run_after=None
[2024-05-27T14:22:39.432+0000] {processor.py:183} INFO - Processing /home/airflow/.local/lib/python3.12/site-packages/airflow/example_dags/example_python_decorator.py took 0.353 seconds
[2024-05-27T14:26:29.615+0000] {processor.py:161} INFO - Started process (PID=143) to work on /home/airflow/.local/lib/python3.12/site-packages/airflow/example_dags/example_python_decorator.py
[2024-05-27T14:26:29.620+0000] {processor.py:830} INFO - Processing file /home/airflow/.local/lib/python3.12/site-packages/airflow/example_dags/example_python_decorator.py for tasks to queue
[2024-05-27T14:26:29.621+0000] {logging_mixin.py:188} INFO - [2024-05-27T14:26:29.621+0000] {dagbag.py:545} INFO - Filling up the DagBag from /home/airflow/.local/lib/python3.12/site-packages/airflow/example_dags/example_python_decorator.py
[2024-05-27T14:26:29.668+0000] {processor.py:840} INFO - DAG(s) 'example_python_decorator' retrieved from /home/airflow/.local/lib/python3.12/site-packages/airflow/example_dags/example_python_decorator.py
[2024-05-27T14:26:29.737+0000] {logging_mixin.py:188} INFO - [2024-05-27T14:26:29.737+0000] {dag.py:3096} INFO - Sync 1 DAGs
[2024-05-27T14:26:29.779+0000] {logging_mixin.py:188} INFO - [2024-05-27T14:26:29.779+0000] {dag.py:3954} INFO - Setting next_dagrun for example_python_decorator to None, run_after=None
[2024-05-27T14:26:29.836+0000] {processor.py:183} INFO - Processing /home/airflow/.local/lib/python3.12/site-packages/airflow/example_dags/example_python_decorator.py took 0.243 seconds
[2024-05-27T14:27:00.708+0000] {processor.py:161} INFO - Started process (PID=201) to work on /home/airflow/.local/lib/python3.12/site-packages/airflow/example_dags/example_python_decorator.py
[2024-05-27T14:27:00.709+0000] {processor.py:830} INFO - Processing file /home/airflow/.local/lib/python3.12/site-packages/airflow/example_dags/example_python_decorator.py for tasks to queue
[2024-05-27T14:27:00.710+0000] {logging_mixin.py:188} INFO - [2024-05-27T14:27:00.710+0000] {dagbag.py:545} INFO - Filling up the DagBag from /home/airflow/.local/lib/python3.12/site-packages/airflow/example_dags/example_python_decorator.py
[2024-05-27T14:27:00.724+0000] {processor.py:840} INFO - DAG(s) 'example_python_decorator' retrieved from /home/airflow/.local/lib/python3.12/site-packages/airflow/example_dags/example_python_decorator.py
[2024-05-27T14:27:00.748+0000] {logging_mixin.py:188} INFO - [2024-05-27T14:27:00.747+0000] {dag.py:3096} INFO - Sync 1 DAGs
[2024-05-27T14:27:00.761+0000] {logging_mixin.py:188} INFO - [2024-05-27T14:27:00.761+0000] {dag.py:3954} INFO - Setting next_dagrun for example_python_decorator to None, run_after=None
[2024-05-27T14:27:00.784+0000] {processor.py:183} INFO - Processing /home/airflow/.local/lib/python3.12/site-packages/airflow/example_dags/example_python_decorator.py took 0.082 seconds
[2024-05-27T17:32:27.253+0000] {processor.py:161} INFO - Started process (PID=69) to work on /home/airflow/.local/lib/python3.12/site-packages/airflow/example_dags/example_python_decorator.py
[2024-05-27T17:32:27.254+0000] {processor.py:830} INFO - Processing file /home/airflow/.local/lib/python3.12/site-packages/airflow/example_dags/example_python_decorator.py for tasks to queue
[2024-05-27T17:32:27.257+0000] {logging_mixin.py:188} INFO - [2024-05-27T17:32:27.256+0000] {dagbag.py:545} INFO - Filling up the DagBag from /home/airflow/.local/lib/python3.12/site-packages/airflow/example_dags/example_python_decorator.py
[2024-05-27T17:32:27.276+0000] {processor.py:840} INFO - DAG(s) 'example_python_decorator' retrieved from /home/airflow/.local/lib/python3.12/site-packages/airflow/example_dags/example_python_decorator.py
[2024-05-27T17:32:27.289+0000] {logging_mixin.py:188} INFO - [2024-05-27T17:32:27.289+0000] {dag.py:3096} INFO - Sync 1 DAGs
[2024-05-27T17:32:27.304+0000] {logging_mixin.py:188} INFO - [2024-05-27T17:32:27.304+0000] {dag.py:3954} INFO - Setting next_dagrun for example_python_decorator to None, run_after=None
[2024-05-27T17:32:27.338+0000] {processor.py:183} INFO - Processing /home/airflow/.local/lib/python3.12/site-packages/airflow/example_dags/example_python_decorator.py took 0.093 seconds
[2024-05-27T17:32:58.438+0000] {processor.py:161} INFO - Started process (PID=127) to work on /home/airflow/.local/lib/python3.12/site-packages/airflow/example_dags/example_python_decorator.py
[2024-05-27T17:32:58.439+0000] {processor.py:830} INFO - Processing file /home/airflow/.local/lib/python3.12/site-packages/airflow/example_dags/example_python_decorator.py for tasks to queue
[2024-05-27T17:32:58.441+0000] {logging_mixin.py:188} INFO - [2024-05-27T17:32:58.441+0000] {dagbag.py:545} INFO - Filling up the DagBag from /home/airflow/.local/lib/python3.12/site-packages/airflow/example_dags/example_python_decorator.py
[2024-05-27T17:32:58.452+0000] {processor.py:840} INFO - DAG(s) 'example_python_decorator' retrieved from /home/airflow/.local/lib/python3.12/site-packages/airflow/example_dags/example_python_decorator.py
[2024-05-27T17:32:58.550+0000] {logging_mixin.py:188} INFO - [2024-05-27T17:32:58.549+0000] {dag.py:3096} INFO - Sync 1 DAGs
[2024-05-27T17:32:58.559+0000] {logging_mixin.py:188} INFO - [2024-05-27T17:32:58.559+0000] {dag.py:3954} INFO - Setting next_dagrun for example_python_decorator to None, run_after=None
[2024-05-27T17:32:58.575+0000] {processor.py:183} INFO - Processing /home/airflow/.local/lib/python3.12/site-packages/airflow/example_dags/example_python_decorator.py took 0.142 seconds
[2024-05-27T17:33:28.650+0000] {processor.py:161} INFO - Started process (PID=185) to work on /home/airflow/.local/lib/python3.12/site-packages/airflow/example_dags/example_python_decorator.py
[2024-05-27T17:33:28.651+0000] {processor.py:830} INFO - Processing file /home/airflow/.local/lib/python3.12/site-packages/airflow/example_dags/example_python_decorator.py for tasks to queue
[2024-05-27T17:33:28.653+0000] {logging_mixin.py:188} INFO - [2024-05-27T17:33:28.653+0000] {dagbag.py:545} INFO - Filling up the DagBag from /home/airflow/.local/lib/python3.12/site-packages/airflow/example_dags/example_python_decorator.py
[2024-05-27T17:33:28.665+0000] {processor.py:840} INFO - DAG(s) 'example_python_decorator' retrieved from /home/airflow/.local/lib/python3.12/site-packages/airflow/example_dags/example_python_decorator.py
[2024-05-27T17:33:28.683+0000] {logging_mixin.py:188} INFO - [2024-05-27T17:33:28.683+0000] {dag.py:3096} INFO - Sync 1 DAGs
[2024-05-27T17:33:28.694+0000] {logging_mixin.py:188} INFO - [2024-05-27T17:33:28.694+0000] {dag.py:3954} INFO - Setting next_dagrun for example_python_decorator to None, run_after=None
[2024-05-27T17:33:28.711+0000] {processor.py:183} INFO - Processing /home/airflow/.local/lib/python3.12/site-packages/airflow/example_dags/example_python_decorator.py took 0.066 seconds
[2024-05-27T17:33:58.755+0000] {processor.py:161} INFO - Started process (PID=243) to work on /home/airflow/.local/lib/python3.12/site-packages/airflow/example_dags/example_python_decorator.py
[2024-05-27T17:33:58.756+0000] {processor.py:830} INFO - Processing file /home/airflow/.local/lib/python3.12/site-packages/airflow/example_dags/example_python_decorator.py for tasks to queue
[2024-05-27T17:33:58.758+0000] {logging_mixin.py:188} INFO - [2024-05-27T17:33:58.757+0000] {dagbag.py:545} INFO - Filling up the DagBag from /home/airflow/.local/lib/python3.12/site-packages/airflow/example_dags/example_python_decorator.py
[2024-05-27T17:33:58.770+0000] {processor.py:840} INFO - DAG(s) 'example_python_decorator' retrieved from /home/airflow/.local/lib/python3.12/site-packages/airflow/example_dags/example_python_decorator.py
[2024-05-27T17:33:58.788+0000] {logging_mixin.py:188} INFO - [2024-05-27T17:33:58.788+0000] {dag.py:3096} INFO - Sync 1 DAGs
[2024-05-27T17:33:58.800+0000] {logging_mixin.py:188} INFO - [2024-05-27T17:33:58.800+0000] {dag.py:3954} INFO - Setting next_dagrun for example_python_decorator to None, run_after=None
[2024-05-27T17:33:58.817+0000] {processor.py:183} INFO - Processing /home/airflow/.local/lib/python3.12/site-packages/airflow/example_dags/example_python_decorator.py took 0.067 seconds
[2024-05-27T17:34:28.961+0000] {processor.py:161} INFO - Started process (PID=301) to work on /home/airflow/.local/lib/python3.12/site-packages/airflow/example_dags/example_python_decorator.py
[2024-05-27T17:34:28.963+0000] {processor.py:830} INFO - Processing file /home/airflow/.local/lib/python3.12/site-packages/airflow/example_dags/example_python_decorator.py for tasks to queue
[2024-05-27T17:34:28.967+0000] {logging_mixin.py:188} INFO - [2024-05-27T17:34:28.966+0000] {dagbag.py:545} INFO - Filling up the DagBag from /home/airflow/.local/lib/python3.12/site-packages/airflow/example_dags/example_python_decorator.py
[2024-05-27T17:34:28.980+0000] {processor.py:840} INFO - DAG(s) 'example_python_decorator' retrieved from /home/airflow/.local/lib/python3.12/site-packages/airflow/example_dags/example_python_decorator.py
[2024-05-27T17:34:29.001+0000] {logging_mixin.py:188} INFO - [2024-05-27T17:34:29.001+0000] {dag.py:3096} INFO - Sync 1 DAGs
[2024-05-27T17:34:29.015+0000] {logging_mixin.py:188} INFO - [2024-05-27T17:34:29.015+0000] {dag.py:3954} INFO - Setting next_dagrun for example_python_decorator to None, run_after=None
[2024-05-27T17:34:29.032+0000] {processor.py:183} INFO - Processing /home/airflow/.local/lib/python3.12/site-packages/airflow/example_dags/example_python_decorator.py took 0.079 seconds
[2024-05-27T17:34:59.842+0000] {processor.py:161} INFO - Started process (PID=359) to work on /home/airflow/.local/lib/python3.12/site-packages/airflow/example_dags/example_python_decorator.py
[2024-05-27T17:34:59.843+0000] {processor.py:830} INFO - Processing file /home/airflow/.local/lib/python3.12/site-packages/airflow/example_dags/example_python_decorator.py for tasks to queue
[2024-05-27T17:34:59.845+0000] {logging_mixin.py:188} INFO - [2024-05-27T17:34:59.844+0000] {dagbag.py:545} INFO - Filling up the DagBag from /home/airflow/.local/lib/python3.12/site-packages/airflow/example_dags/example_python_decorator.py
[2024-05-27T17:34:59.857+0000] {processor.py:840} INFO - DAG(s) 'example_python_decorator' retrieved from /home/airflow/.local/lib/python3.12/site-packages/airflow/example_dags/example_python_decorator.py
[2024-05-27T17:34:59.881+0000] {logging_mixin.py:188} INFO - [2024-05-27T17:34:59.881+0000] {dag.py:3096} INFO - Sync 1 DAGs
[2024-05-27T17:34:59.897+0000] {logging_mixin.py:188} INFO - [2024-05-27T17:34:59.897+0000] {dag.py:3954} INFO - Setting next_dagrun for example_python_decorator to None, run_after=None
[2024-05-27T17:34:59.916+0000] {processor.py:183} INFO - Processing /home/airflow/.local/lib/python3.12/site-packages/airflow/example_dags/example_python_decorator.py took 0.080 seconds
[2024-05-27T17:35:30.027+0000] {processor.py:161} INFO - Started process (PID=417) to work on /home/airflow/.local/lib/python3.12/site-packages/airflow/example_dags/example_python_decorator.py
[2024-05-27T17:35:30.028+0000] {processor.py:830} INFO - Processing file /home/airflow/.local/lib/python3.12/site-packages/airflow/example_dags/example_python_decorator.py for tasks to queue
[2024-05-27T17:35:30.030+0000] {logging_mixin.py:188} INFO - [2024-05-27T17:35:30.029+0000] {dagbag.py:545} INFO - Filling up the DagBag from /home/airflow/.local/lib/python3.12/site-packages/airflow/example_dags/example_python_decorator.py
[2024-05-27T17:35:30.043+0000] {processor.py:840} INFO - DAG(s) 'example_python_decorator' retrieved from /home/airflow/.local/lib/python3.12/site-packages/airflow/example_dags/example_python_decorator.py
[2024-05-27T17:35:30.064+0000] {logging_mixin.py:188} INFO - [2024-05-27T17:35:30.064+0000] {dag.py:3096} INFO - Sync 1 DAGs
[2024-05-27T17:35:30.076+0000] {logging_mixin.py:188} INFO - [2024-05-27T17:35:30.076+0000] {dag.py:3954} INFO - Setting next_dagrun for example_python_decorator to None, run_after=None
[2024-05-27T17:35:30.097+0000] {processor.py:183} INFO - Processing /home/airflow/.local/lib/python3.12/site-packages/airflow/example_dags/example_python_decorator.py took 0.076 seconds
[2024-05-27T17:36:00.674+0000] {processor.py:161} INFO - Started process (PID=480) to work on /home/airflow/.local/lib/python3.12/site-packages/airflow/example_dags/example_python_decorator.py
[2024-05-27T17:36:00.675+0000] {processor.py:830} INFO - Processing file /home/airflow/.local/lib/python3.12/site-packages/airflow/example_dags/example_python_decorator.py for tasks to queue
[2024-05-27T17:36:00.677+0000] {logging_mixin.py:188} INFO - [2024-05-27T17:36:00.677+0000] {dagbag.py:545} INFO - Filling up the DagBag from /home/airflow/.local/lib/python3.12/site-packages/airflow/example_dags/example_python_decorator.py
[2024-05-27T17:36:00.691+0000] {processor.py:840} INFO - DAG(s) 'example_python_decorator' retrieved from /home/airflow/.local/lib/python3.12/site-packages/airflow/example_dags/example_python_decorator.py
[2024-05-27T17:36:00.715+0000] {logging_mixin.py:188} INFO - [2024-05-27T17:36:00.714+0000] {dag.py:3096} INFO - Sync 1 DAGs
[2024-05-27T17:36:00.729+0000] {logging_mixin.py:188} INFO - [2024-05-27T17:36:00.729+0000] {dag.py:3954} INFO - Setting next_dagrun for example_python_decorator to None, run_after=None
[2024-05-27T17:36:00.752+0000] {processor.py:183} INFO - Processing /home/airflow/.local/lib/python3.12/site-packages/airflow/example_dags/example_python_decorator.py took 0.084 seconds
[2024-05-27T17:36:31.476+0000] {processor.py:161} INFO - Started process (PID=538) to work on /home/airflow/.local/lib/python3.12/site-packages/airflow/example_dags/example_python_decorator.py
[2024-05-27T17:36:31.480+0000] {processor.py:830} INFO - Processing file /home/airflow/.local/lib/python3.12/site-packages/airflow/example_dags/example_python_decorator.py for tasks to queue
[2024-05-27T17:36:31.482+0000] {logging_mixin.py:188} INFO - [2024-05-27T17:36:31.481+0000] {dagbag.py:545} INFO - Filling up the DagBag from /home/airflow/.local/lib/python3.12/site-packages/airflow/example_dags/example_python_decorator.py
[2024-05-27T17:36:31.495+0000] {processor.py:840} INFO - DAG(s) 'example_python_decorator' retrieved from /home/airflow/.local/lib/python3.12/site-packages/airflow/example_dags/example_python_decorator.py
[2024-05-27T17:36:31.518+0000] {logging_mixin.py:188} INFO - [2024-05-27T17:36:31.518+0000] {dag.py:3096} INFO - Sync 1 DAGs
[2024-05-27T17:36:31.533+0000] {logging_mixin.py:188} INFO - [2024-05-27T17:36:31.533+0000] {dag.py:3954} INFO - Setting next_dagrun for example_python_decorator to None, run_after=None
[2024-05-27T17:36:31.551+0000] {processor.py:183} INFO - Processing /home/airflow/.local/lib/python3.12/site-packages/airflow/example_dags/example_python_decorator.py took 0.081 seconds
[2024-05-27T17:37:02.418+0000] {processor.py:161} INFO - Started process (PID=595) to work on /home/airflow/.local/lib/python3.12/site-packages/airflow/example_dags/example_python_decorator.py
[2024-05-27T17:37:02.419+0000] {processor.py:830} INFO - Processing file /home/airflow/.local/lib/python3.12/site-packages/airflow/example_dags/example_python_decorator.py for tasks to queue
[2024-05-27T17:37:02.421+0000] {logging_mixin.py:188} INFO - [2024-05-27T17:37:02.421+0000] {dagbag.py:545} INFO - Filling up the DagBag from /home/airflow/.local/lib/python3.12/site-packages/airflow/example_dags/example_python_decorator.py
[2024-05-27T17:37:02.434+0000] {processor.py:840} INFO - DAG(s) 'example_python_decorator' retrieved from /home/airflow/.local/lib/python3.12/site-packages/airflow/example_dags/example_python_decorator.py
[2024-05-27T17:37:02.454+0000] {logging_mixin.py:188} INFO - [2024-05-27T17:37:02.454+0000] {dag.py:3096} INFO - Sync 1 DAGs
[2024-05-27T17:37:02.467+0000] {logging_mixin.py:188} INFO - [2024-05-27T17:37:02.467+0000] {dag.py:3954} INFO - Setting next_dagrun for example_python_decorator to None, run_after=None
[2024-05-27T17:37:02.486+0000] {processor.py:183} INFO - Processing /home/airflow/.local/lib/python3.12/site-packages/airflow/example_dags/example_python_decorator.py took 0.074 seconds
[2024-05-27T17:38:15.430+0000] {processor.py:161} INFO - Started process (PID=67) to work on /home/airflow/.local/lib/python3.12/site-packages/airflow/example_dags/example_python_decorator.py
[2024-05-27T17:38:15.430+0000] {processor.py:830} INFO - Processing file /home/airflow/.local/lib/python3.12/site-packages/airflow/example_dags/example_python_decorator.py for tasks to queue
[2024-05-27T17:38:15.432+0000] {logging_mixin.py:188} INFO - [2024-05-27T17:38:15.432+0000] {dagbag.py:545} INFO - Filling up the DagBag from /home/airflow/.local/lib/python3.12/site-packages/airflow/example_dags/example_python_decorator.py
[2024-05-27T17:38:15.445+0000] {processor.py:840} INFO - DAG(s) 'example_python_decorator' retrieved from /home/airflow/.local/lib/python3.12/site-packages/airflow/example_dags/example_python_decorator.py
[2024-05-27T17:38:15.457+0000] {logging_mixin.py:188} INFO - [2024-05-27T17:38:15.456+0000] {dag.py:3096} INFO - Sync 1 DAGs
[2024-05-27T17:38:15.471+0000] {logging_mixin.py:188} INFO - [2024-05-27T17:38:15.471+0000] {dag.py:3954} INFO - Setting next_dagrun for example_python_decorator to None, run_after=None
[2024-05-27T17:38:15.490+0000] {processor.py:183} INFO - Processing /home/airflow/.local/lib/python3.12/site-packages/airflow/example_dags/example_python_decorator.py took 0.067 seconds
[2024-05-27T17:38:47.295+0000] {processor.py:161} INFO - Started process (PID=125) to work on /home/airflow/.local/lib/python3.12/site-packages/airflow/example_dags/example_python_decorator.py
[2024-05-27T17:38:47.296+0000] {processor.py:830} INFO - Processing file /home/airflow/.local/lib/python3.12/site-packages/airflow/example_dags/example_python_decorator.py for tasks to queue
[2024-05-27T17:38:47.298+0000] {logging_mixin.py:188} INFO - [2024-05-27T17:38:47.298+0000] {dagbag.py:545} INFO - Filling up the DagBag from /home/airflow/.local/lib/python3.12/site-packages/airflow/example_dags/example_python_decorator.py
[2024-05-27T17:38:47.309+0000] {processor.py:840} INFO - DAG(s) 'example_python_decorator' retrieved from /home/airflow/.local/lib/python3.12/site-packages/airflow/example_dags/example_python_decorator.py
[2024-05-27T17:38:47.402+0000] {logging_mixin.py:188} INFO - [2024-05-27T17:38:47.402+0000] {dag.py:3096} INFO - Sync 1 DAGs
[2024-05-27T17:38:47.412+0000] {logging_mixin.py:188} INFO - [2024-05-27T17:38:47.412+0000] {dag.py:3954} INFO - Setting next_dagrun for example_python_decorator to None, run_after=None
[2024-05-27T17:38:47.428+0000] {processor.py:183} INFO - Processing /home/airflow/.local/lib/python3.12/site-packages/airflow/example_dags/example_python_decorator.py took 0.138 seconds
