[2024-05-27T01:38:36.980+0000] {processor.py:161} INFO - Started process (PID=58) to work on /home/airflow/.local/lib/python3.12/site-packages/airflow/example_dags/example_task_group.py
[2024-05-27T01:38:36.981+0000] {processor.py:830} INFO - Processing file /home/airflow/.local/lib/python3.12/site-packages/airflow/example_dags/example_task_group.py for tasks to queue
[2024-05-27T01:38:36.985+0000] {logging_mixin.py:188} INFO - [2024-05-27T01:38:36.984+0000] {dagbag.py:545} INFO - Filling up the DagBag from /home/airflow/.local/lib/python3.12/site-packages/airflow/example_dags/example_task_group.py
[2024-05-27T01:38:36.998+0000] {processor.py:840} INFO - DAG(s) 'example_task_group' retrieved from /home/airflow/.local/lib/python3.12/site-packages/airflow/example_dags/example_task_group.py
[2024-05-27T01:38:37.014+0000] {logging_mixin.py:188} INFO - [2024-05-27T01:38:37.014+0000] {dag.py:3096} INFO - Sync 1 DAGs
[2024-05-27T01:38:37.054+0000] {logging_mixin.py:188} INFO - [2024-05-27T01:38:37.054+0000] {dag.py:3954} INFO - Setting next_dagrun for example_task_group to 2024-05-26 00:00:00+00:00, run_after=2024-05-27 00:00:00+00:00
[2024-05-27T01:38:37.082+0000] {processor.py:183} INFO - Processing /home/airflow/.local/lib/python3.12/site-packages/airflow/example_dags/example_task_group.py took 0.113 seconds
[2024-05-27T01:39:07.911+0000] {processor.py:161} INFO - Started process (PID=116) to work on /home/airflow/.local/lib/python3.12/site-packages/airflow/example_dags/example_task_group.py
[2024-05-27T01:39:07.912+0000] {processor.py:830} INFO - Processing file /home/airflow/.local/lib/python3.12/site-packages/airflow/example_dags/example_task_group.py for tasks to queue
[2024-05-27T01:39:07.914+0000] {logging_mixin.py:188} INFO - [2024-05-27T01:39:07.914+0000] {dagbag.py:545} INFO - Filling up the DagBag from /home/airflow/.local/lib/python3.12/site-packages/airflow/example_dags/example_task_group.py
[2024-05-27T01:39:07.921+0000] {processor.py:840} INFO - DAG(s) 'example_task_group' retrieved from /home/airflow/.local/lib/python3.12/site-packages/airflow/example_dags/example_task_group.py
[2024-05-27T01:39:08.010+0000] {logging_mixin.py:188} INFO - [2024-05-27T01:39:08.010+0000] {dag.py:3096} INFO - Sync 1 DAGs
[2024-05-27T01:39:08.028+0000] {logging_mixin.py:188} INFO - [2024-05-27T01:39:08.028+0000] {dag.py:3954} INFO - Setting next_dagrun for example_task_group to 2024-05-26 00:00:00+00:00, run_after=2024-05-27 00:00:00+00:00
[2024-05-27T01:39:08.044+0000] {processor.py:183} INFO - Processing /home/airflow/.local/lib/python3.12/site-packages/airflow/example_dags/example_task_group.py took 0.138 seconds
[2024-05-27T01:39:38.664+0000] {processor.py:161} INFO - Started process (PID=174) to work on /home/airflow/.local/lib/python3.12/site-packages/airflow/example_dags/example_task_group.py
[2024-05-27T01:39:38.665+0000] {processor.py:830} INFO - Processing file /home/airflow/.local/lib/python3.12/site-packages/airflow/example_dags/example_task_group.py for tasks to queue
[2024-05-27T01:39:38.667+0000] {logging_mixin.py:188} INFO - [2024-05-27T01:39:38.666+0000] {dagbag.py:545} INFO - Filling up the DagBag from /home/airflow/.local/lib/python3.12/site-packages/airflow/example_dags/example_task_group.py
[2024-05-27T01:39:38.678+0000] {processor.py:840} INFO - DAG(s) 'example_task_group' retrieved from /home/airflow/.local/lib/python3.12/site-packages/airflow/example_dags/example_task_group.py
[2024-05-27T01:39:38.705+0000] {logging_mixin.py:188} INFO - [2024-05-27T01:39:38.704+0000] {dag.py:3096} INFO - Sync 1 DAGs
[2024-05-27T01:39:38.728+0000] {logging_mixin.py:188} INFO - [2024-05-27T01:39:38.728+0000] {dag.py:3954} INFO - Setting next_dagrun for example_task_group to 2024-05-26 00:00:00+00:00, run_after=2024-05-27 00:00:00+00:00
[2024-05-27T01:39:38.747+0000] {processor.py:183} INFO - Processing /home/airflow/.local/lib/python3.12/site-packages/airflow/example_dags/example_task_group.py took 0.088 seconds
[2024-05-27T01:40:08.842+0000] {processor.py:161} INFO - Started process (PID=232) to work on /home/airflow/.local/lib/python3.12/site-packages/airflow/example_dags/example_task_group.py
[2024-05-27T01:40:08.843+0000] {processor.py:830} INFO - Processing file /home/airflow/.local/lib/python3.12/site-packages/airflow/example_dags/example_task_group.py for tasks to queue
[2024-05-27T01:40:08.845+0000] {logging_mixin.py:188} INFO - [2024-05-27T01:40:08.844+0000] {dagbag.py:545} INFO - Filling up the DagBag from /home/airflow/.local/lib/python3.12/site-packages/airflow/example_dags/example_task_group.py
[2024-05-27T01:40:08.852+0000] {processor.py:840} INFO - DAG(s) 'example_task_group' retrieved from /home/airflow/.local/lib/python3.12/site-packages/airflow/example_dags/example_task_group.py
[2024-05-27T01:40:08.874+0000] {logging_mixin.py:188} INFO - [2024-05-27T01:40:08.873+0000] {dag.py:3096} INFO - Sync 1 DAGs
[2024-05-27T01:40:08.895+0000] {logging_mixin.py:188} INFO - [2024-05-27T01:40:08.895+0000] {dag.py:3954} INFO - Setting next_dagrun for example_task_group to 2024-05-26 00:00:00+00:00, run_after=2024-05-27 00:00:00+00:00
[2024-05-27T01:40:08.912+0000] {processor.py:183} INFO - Processing /home/airflow/.local/lib/python3.12/site-packages/airflow/example_dags/example_task_group.py took 0.076 seconds
[2024-05-27T01:40:39.014+0000] {processor.py:161} INFO - Started process (PID=290) to work on /home/airflow/.local/lib/python3.12/site-packages/airflow/example_dags/example_task_group.py
[2024-05-27T01:40:39.015+0000] {processor.py:830} INFO - Processing file /home/airflow/.local/lib/python3.12/site-packages/airflow/example_dags/example_task_group.py for tasks to queue
[2024-05-27T01:40:39.017+0000] {logging_mixin.py:188} INFO - [2024-05-27T01:40:39.016+0000] {dagbag.py:545} INFO - Filling up the DagBag from /home/airflow/.local/lib/python3.12/site-packages/airflow/example_dags/example_task_group.py
[2024-05-27T01:40:39.023+0000] {processor.py:840} INFO - DAG(s) 'example_task_group' retrieved from /home/airflow/.local/lib/python3.12/site-packages/airflow/example_dags/example_task_group.py
[2024-05-27T01:40:39.042+0000] {logging_mixin.py:188} INFO - [2024-05-27T01:40:39.041+0000] {dag.py:3096} INFO - Sync 1 DAGs
[2024-05-27T01:40:39.063+0000] {logging_mixin.py:188} INFO - [2024-05-27T01:40:39.063+0000] {dag.py:3954} INFO - Setting next_dagrun for example_task_group to 2024-05-26 00:00:00+00:00, run_after=2024-05-27 00:00:00+00:00
[2024-05-27T01:40:39.082+0000] {processor.py:183} INFO - Processing /home/airflow/.local/lib/python3.12/site-packages/airflow/example_dags/example_task_group.py took 0.073 seconds
[2024-05-27T01:41:09.161+0000] {processor.py:161} INFO - Started process (PID=348) to work on /home/airflow/.local/lib/python3.12/site-packages/airflow/example_dags/example_task_group.py
[2024-05-27T01:41:09.162+0000] {processor.py:830} INFO - Processing file /home/airflow/.local/lib/python3.12/site-packages/airflow/example_dags/example_task_group.py for tasks to queue
[2024-05-27T01:41:09.165+0000] {logging_mixin.py:188} INFO - [2024-05-27T01:41:09.164+0000] {dagbag.py:545} INFO - Filling up the DagBag from /home/airflow/.local/lib/python3.12/site-packages/airflow/example_dags/example_task_group.py
[2024-05-27T01:41:09.171+0000] {processor.py:840} INFO - DAG(s) 'example_task_group' retrieved from /home/airflow/.local/lib/python3.12/site-packages/airflow/example_dags/example_task_group.py
[2024-05-27T01:41:09.191+0000] {logging_mixin.py:188} INFO - [2024-05-27T01:41:09.190+0000] {dag.py:3096} INFO - Sync 1 DAGs
[2024-05-27T01:41:09.215+0000] {logging_mixin.py:188} INFO - [2024-05-27T01:41:09.215+0000] {dag.py:3954} INFO - Setting next_dagrun for example_task_group to 2024-05-26 00:00:00+00:00, run_after=2024-05-27 00:00:00+00:00
[2024-05-27T01:41:09.233+0000] {processor.py:183} INFO - Processing /home/airflow/.local/lib/python3.12/site-packages/airflow/example_dags/example_task_group.py took 0.079 seconds
[2024-05-27T01:41:39.558+0000] {processor.py:161} INFO - Started process (PID=405) to work on /home/airflow/.local/lib/python3.12/site-packages/airflow/example_dags/example_task_group.py
[2024-05-27T01:41:39.559+0000] {processor.py:830} INFO - Processing file /home/airflow/.local/lib/python3.12/site-packages/airflow/example_dags/example_task_group.py for tasks to queue
[2024-05-27T01:41:39.561+0000] {logging_mixin.py:188} INFO - [2024-05-27T01:41:39.561+0000] {dagbag.py:545} INFO - Filling up the DagBag from /home/airflow/.local/lib/python3.12/site-packages/airflow/example_dags/example_task_group.py
[2024-05-27T01:41:39.568+0000] {processor.py:840} INFO - DAG(s) 'example_task_group' retrieved from /home/airflow/.local/lib/python3.12/site-packages/airflow/example_dags/example_task_group.py
[2024-05-27T01:41:39.592+0000] {logging_mixin.py:188} INFO - [2024-05-27T01:41:39.591+0000] {dag.py:3096} INFO - Sync 1 DAGs
[2024-05-27T01:41:39.618+0000] {logging_mixin.py:188} INFO - [2024-05-27T01:41:39.618+0000] {dag.py:3954} INFO - Setting next_dagrun for example_task_group to 2024-05-26 00:00:00+00:00, run_after=2024-05-27 00:00:00+00:00
[2024-05-27T01:41:39.635+0000] {processor.py:183} INFO - Processing /home/airflow/.local/lib/python3.12/site-packages/airflow/example_dags/example_task_group.py took 0.084 seconds
[2024-05-27T01:42:09.938+0000] {processor.py:161} INFO - Started process (PID=463) to work on /home/airflow/.local/lib/python3.12/site-packages/airflow/example_dags/example_task_group.py
[2024-05-27T01:42:09.939+0000] {processor.py:830} INFO - Processing file /home/airflow/.local/lib/python3.12/site-packages/airflow/example_dags/example_task_group.py for tasks to queue
[2024-05-27T01:42:09.941+0000] {logging_mixin.py:188} INFO - [2024-05-27T01:42:09.941+0000] {dagbag.py:545} INFO - Filling up the DagBag from /home/airflow/.local/lib/python3.12/site-packages/airflow/example_dags/example_task_group.py
[2024-05-27T01:42:09.948+0000] {processor.py:840} INFO - DAG(s) 'example_task_group' retrieved from /home/airflow/.local/lib/python3.12/site-packages/airflow/example_dags/example_task_group.py
[2024-05-27T01:42:09.971+0000] {logging_mixin.py:188} INFO - [2024-05-27T01:42:09.971+0000] {dag.py:3096} INFO - Sync 1 DAGs
[2024-05-27T01:42:09.994+0000] {logging_mixin.py:188} INFO - [2024-05-27T01:42:09.994+0000] {dag.py:3954} INFO - Setting next_dagrun for example_task_group to 2024-05-26 00:00:00+00:00, run_after=2024-05-27 00:00:00+00:00
[2024-05-27T01:42:10.012+0000] {processor.py:183} INFO - Processing /home/airflow/.local/lib/python3.12/site-packages/airflow/example_dags/example_task_group.py took 0.081 seconds
[2024-05-27T01:42:40.763+0000] {processor.py:161} INFO - Started process (PID=521) to work on /home/airflow/.local/lib/python3.12/site-packages/airflow/example_dags/example_task_group.py
[2024-05-27T01:42:40.764+0000] {processor.py:830} INFO - Processing file /home/airflow/.local/lib/python3.12/site-packages/airflow/example_dags/example_task_group.py for tasks to queue
[2024-05-27T01:42:40.766+0000] {logging_mixin.py:188} INFO - [2024-05-27T01:42:40.766+0000] {dagbag.py:545} INFO - Filling up the DagBag from /home/airflow/.local/lib/python3.12/site-packages/airflow/example_dags/example_task_group.py
[2024-05-27T01:42:40.773+0000] {processor.py:840} INFO - DAG(s) 'example_task_group' retrieved from /home/airflow/.local/lib/python3.12/site-packages/airflow/example_dags/example_task_group.py
[2024-05-27T01:42:40.794+0000] {logging_mixin.py:188} INFO - [2024-05-27T01:42:40.794+0000] {dag.py:3096} INFO - Sync 1 DAGs
[2024-05-27T01:42:40.818+0000] {logging_mixin.py:188} INFO - [2024-05-27T01:42:40.818+0000] {dag.py:3954} INFO - Setting next_dagrun for example_task_group to 2024-05-26 00:00:00+00:00, run_after=2024-05-27 00:00:00+00:00
[2024-05-27T01:42:40.840+0000] {processor.py:183} INFO - Processing /home/airflow/.local/lib/python3.12/site-packages/airflow/example_dags/example_task_group.py took 0.083 seconds
[2024-05-27T01:43:11.109+0000] {processor.py:161} INFO - Started process (PID=580) to work on /home/airflow/.local/lib/python3.12/site-packages/airflow/example_dags/example_task_group.py
[2024-05-27T01:43:11.111+0000] {processor.py:830} INFO - Processing file /home/airflow/.local/lib/python3.12/site-packages/airflow/example_dags/example_task_group.py for tasks to queue
[2024-05-27T01:43:11.114+0000] {logging_mixin.py:188} INFO - [2024-05-27T01:43:11.113+0000] {dagbag.py:545} INFO - Filling up the DagBag from /home/airflow/.local/lib/python3.12/site-packages/airflow/example_dags/example_task_group.py
[2024-05-27T01:43:11.123+0000] {processor.py:840} INFO - DAG(s) 'example_task_group' retrieved from /home/airflow/.local/lib/python3.12/site-packages/airflow/example_dags/example_task_group.py
[2024-05-27T01:43:11.151+0000] {logging_mixin.py:188} INFO - [2024-05-27T01:43:11.151+0000] {dag.py:3096} INFO - Sync 1 DAGs
[2024-05-27T01:43:11.177+0000] {logging_mixin.py:188} INFO - [2024-05-27T01:43:11.177+0000] {dag.py:3954} INFO - Setting next_dagrun for example_task_group to 2024-05-26 00:00:00+00:00, run_after=2024-05-27 00:00:00+00:00
[2024-05-27T01:43:11.199+0000] {processor.py:183} INFO - Processing /home/airflow/.local/lib/python3.12/site-packages/airflow/example_dags/example_task_group.py took 0.097 seconds
[2024-05-27T01:43:41.824+0000] {processor.py:161} INFO - Started process (PID=637) to work on /home/airflow/.local/lib/python3.12/site-packages/airflow/example_dags/example_task_group.py
[2024-05-27T01:43:41.825+0000] {processor.py:830} INFO - Processing file /home/airflow/.local/lib/python3.12/site-packages/airflow/example_dags/example_task_group.py for tasks to queue
[2024-05-27T01:43:41.827+0000] {logging_mixin.py:188} INFO - [2024-05-27T01:43:41.827+0000] {dagbag.py:545} INFO - Filling up the DagBag from /home/airflow/.local/lib/python3.12/site-packages/airflow/example_dags/example_task_group.py
[2024-05-27T01:43:41.834+0000] {processor.py:840} INFO - DAG(s) 'example_task_group' retrieved from /home/airflow/.local/lib/python3.12/site-packages/airflow/example_dags/example_task_group.py
[2024-05-27T01:43:41.858+0000] {logging_mixin.py:188} INFO - [2024-05-27T01:43:41.857+0000] {dag.py:3096} INFO - Sync 1 DAGs
[2024-05-27T01:43:41.891+0000] {logging_mixin.py:188} INFO - [2024-05-27T01:43:41.890+0000] {dag.py:3954} INFO - Setting next_dagrun for example_task_group to 2024-05-26 00:00:00+00:00, run_after=2024-05-27 00:00:00+00:00
[2024-05-27T01:43:41.919+0000] {processor.py:183} INFO - Processing /home/airflow/.local/lib/python3.12/site-packages/airflow/example_dags/example_task_group.py took 0.102 seconds
[2024-05-27T01:44:12.257+0000] {processor.py:161} INFO - Started process (PID=694) to work on /home/airflow/.local/lib/python3.12/site-packages/airflow/example_dags/example_task_group.py
[2024-05-27T01:44:12.257+0000] {processor.py:830} INFO - Processing file /home/airflow/.local/lib/python3.12/site-packages/airflow/example_dags/example_task_group.py for tasks to queue
[2024-05-27T01:44:12.259+0000] {logging_mixin.py:188} INFO - [2024-05-27T01:44:12.259+0000] {dagbag.py:545} INFO - Filling up the DagBag from /home/airflow/.local/lib/python3.12/site-packages/airflow/example_dags/example_task_group.py
[2024-05-27T01:44:12.266+0000] {processor.py:840} INFO - DAG(s) 'example_task_group' retrieved from /home/airflow/.local/lib/python3.12/site-packages/airflow/example_dags/example_task_group.py
[2024-05-27T01:44:12.288+0000] {logging_mixin.py:188} INFO - [2024-05-27T01:44:12.288+0000] {dag.py:3096} INFO - Sync 1 DAGs
[2024-05-27T01:44:12.309+0000] {logging_mixin.py:188} INFO - [2024-05-27T01:44:12.308+0000] {dag.py:3954} INFO - Setting next_dagrun for example_task_group to 2024-05-26 00:00:00+00:00, run_after=2024-05-27 00:00:00+00:00
[2024-05-27T01:44:12.326+0000] {processor.py:183} INFO - Processing /home/airflow/.local/lib/python3.12/site-packages/airflow/example_dags/example_task_group.py took 0.075 seconds
[2024-05-27T01:44:42.381+0000] {processor.py:161} INFO - Started process (PID=752) to work on /home/airflow/.local/lib/python3.12/site-packages/airflow/example_dags/example_task_group.py
[2024-05-27T01:44:42.384+0000] {processor.py:830} INFO - Processing file /home/airflow/.local/lib/python3.12/site-packages/airflow/example_dags/example_task_group.py for tasks to queue
[2024-05-27T01:44:42.386+0000] {logging_mixin.py:188} INFO - [2024-05-27T01:44:42.386+0000] {dagbag.py:545} INFO - Filling up the DagBag from /home/airflow/.local/lib/python3.12/site-packages/airflow/example_dags/example_task_group.py
[2024-05-27T01:44:42.395+0000] {processor.py:840} INFO - DAG(s) 'example_task_group' retrieved from /home/airflow/.local/lib/python3.12/site-packages/airflow/example_dags/example_task_group.py
[2024-05-27T01:44:42.416+0000] {logging_mixin.py:188} INFO - [2024-05-27T01:44:42.416+0000] {dag.py:3096} INFO - Sync 1 DAGs
[2024-05-27T01:44:42.444+0000] {logging_mixin.py:188} INFO - [2024-05-27T01:44:42.444+0000] {dag.py:3954} INFO - Setting next_dagrun for example_task_group to 2024-05-26 00:00:00+00:00, run_after=2024-05-27 00:00:00+00:00
[2024-05-27T01:44:42.466+0000] {processor.py:183} INFO - Processing /home/airflow/.local/lib/python3.12/site-packages/airflow/example_dags/example_task_group.py took 0.090 seconds
[2024-05-27T01:45:13.124+0000] {processor.py:161} INFO - Started process (PID=809) to work on /home/airflow/.local/lib/python3.12/site-packages/airflow/example_dags/example_task_group.py
[2024-05-27T01:45:13.125+0000] {processor.py:830} INFO - Processing file /home/airflow/.local/lib/python3.12/site-packages/airflow/example_dags/example_task_group.py for tasks to queue
[2024-05-27T01:45:13.127+0000] {logging_mixin.py:188} INFO - [2024-05-27T01:45:13.127+0000] {dagbag.py:545} INFO - Filling up the DagBag from /home/airflow/.local/lib/python3.12/site-packages/airflow/example_dags/example_task_group.py
[2024-05-27T01:45:13.133+0000] {processor.py:840} INFO - DAG(s) 'example_task_group' retrieved from /home/airflow/.local/lib/python3.12/site-packages/airflow/example_dags/example_task_group.py
[2024-05-27T01:45:13.152+0000] {logging_mixin.py:188} INFO - [2024-05-27T01:45:13.152+0000] {dag.py:3096} INFO - Sync 1 DAGs
[2024-05-27T01:45:13.176+0000] {logging_mixin.py:188} INFO - [2024-05-27T01:45:13.176+0000] {dag.py:3954} INFO - Setting next_dagrun for example_task_group to 2024-05-26 00:00:00+00:00, run_after=2024-05-27 00:00:00+00:00
[2024-05-27T01:45:13.197+0000] {processor.py:183} INFO - Processing /home/airflow/.local/lib/python3.12/site-packages/airflow/example_dags/example_task_group.py took 0.078 seconds
[2024-05-27T01:45:43.750+0000] {processor.py:161} INFO - Started process (PID=868) to work on /home/airflow/.local/lib/python3.12/site-packages/airflow/example_dags/example_task_group.py
[2024-05-27T01:45:43.751+0000] {processor.py:830} INFO - Processing file /home/airflow/.local/lib/python3.12/site-packages/airflow/example_dags/example_task_group.py for tasks to queue
[2024-05-27T01:45:43.753+0000] {logging_mixin.py:188} INFO - [2024-05-27T01:45:43.752+0000] {dagbag.py:545} INFO - Filling up the DagBag from /home/airflow/.local/lib/python3.12/site-packages/airflow/example_dags/example_task_group.py
[2024-05-27T01:45:43.760+0000] {processor.py:840} INFO - DAG(s) 'example_task_group' retrieved from /home/airflow/.local/lib/python3.12/site-packages/airflow/example_dags/example_task_group.py
[2024-05-27T01:45:43.780+0000] {logging_mixin.py:188} INFO - [2024-05-27T01:45:43.779+0000] {dag.py:3096} INFO - Sync 1 DAGs
[2024-05-27T01:45:43.808+0000] {logging_mixin.py:188} INFO - [2024-05-27T01:45:43.807+0000] {dag.py:3954} INFO - Setting next_dagrun for example_task_group to 2024-05-26 00:00:00+00:00, run_after=2024-05-27 00:00:00+00:00
[2024-05-27T01:45:43.829+0000] {processor.py:183} INFO - Processing /home/airflow/.local/lib/python3.12/site-packages/airflow/example_dags/example_task_group.py took 0.085 seconds
[2024-05-27T01:46:14.568+0000] {processor.py:161} INFO - Started process (PID=926) to work on /home/airflow/.local/lib/python3.12/site-packages/airflow/example_dags/example_task_group.py
[2024-05-27T01:46:14.569+0000] {processor.py:830} INFO - Processing file /home/airflow/.local/lib/python3.12/site-packages/airflow/example_dags/example_task_group.py for tasks to queue
[2024-05-27T01:46:14.571+0000] {logging_mixin.py:188} INFO - [2024-05-27T01:46:14.570+0000] {dagbag.py:545} INFO - Filling up the DagBag from /home/airflow/.local/lib/python3.12/site-packages/airflow/example_dags/example_task_group.py
[2024-05-27T01:46:14.578+0000] {processor.py:840} INFO - DAG(s) 'example_task_group' retrieved from /home/airflow/.local/lib/python3.12/site-packages/airflow/example_dags/example_task_group.py
[2024-05-27T01:46:14.597+0000] {logging_mixin.py:188} INFO - [2024-05-27T01:46:14.597+0000] {dag.py:3096} INFO - Sync 1 DAGs
[2024-05-27T01:46:14.618+0000] {logging_mixin.py:188} INFO - [2024-05-27T01:46:14.618+0000] {dag.py:3954} INFO - Setting next_dagrun for example_task_group to 2024-05-26 00:00:00+00:00, run_after=2024-05-27 00:00:00+00:00
[2024-05-27T01:46:14.637+0000] {processor.py:183} INFO - Processing /home/airflow/.local/lib/python3.12/site-packages/airflow/example_dags/example_task_group.py took 0.074 seconds
[2024-05-27T01:48:44.122+0000] {processor.py:161} INFO - Started process (PID=57) to work on /home/airflow/.local/lib/python3.12/site-packages/airflow/example_dags/example_task_group.py
[2024-05-27T01:48:44.123+0000] {processor.py:830} INFO - Processing file /home/airflow/.local/lib/python3.12/site-packages/airflow/example_dags/example_task_group.py for tasks to queue
[2024-05-27T01:48:44.125+0000] {logging_mixin.py:188} INFO - [2024-05-27T01:48:44.125+0000] {dagbag.py:545} INFO - Filling up the DagBag from /home/airflow/.local/lib/python3.12/site-packages/airflow/example_dags/example_task_group.py
[2024-05-27T01:48:44.137+0000] {processor.py:840} INFO - DAG(s) 'example_task_group' retrieved from /home/airflow/.local/lib/python3.12/site-packages/airflow/example_dags/example_task_group.py
[2024-05-27T01:48:44.149+0000] {logging_mixin.py:188} INFO - [2024-05-27T01:48:44.149+0000] {dag.py:3096} INFO - Sync 1 DAGs
[2024-05-27T01:48:44.182+0000] {logging_mixin.py:188} INFO - [2024-05-27T01:48:44.182+0000] {dag.py:3954} INFO - Setting next_dagrun for example_task_group to 2024-05-26 00:00:00+00:00, run_after=2024-05-27 00:00:00+00:00
[2024-05-27T01:48:44.206+0000] {processor.py:183} INFO - Processing /home/airflow/.local/lib/python3.12/site-packages/airflow/example_dags/example_task_group.py took 0.092 seconds
[2024-05-27T13:32:48.638+0000] {processor.py:161} INFO - Started process (PID=57) to work on /home/airflow/.local/lib/python3.12/site-packages/airflow/example_dags/example_task_group.py
[2024-05-27T13:32:48.642+0000] {processor.py:830} INFO - Processing file /home/airflow/.local/lib/python3.12/site-packages/airflow/example_dags/example_task_group.py for tasks to queue
[2024-05-27T13:32:48.648+0000] {logging_mixin.py:188} INFO - [2024-05-27T13:32:48.647+0000] {dagbag.py:545} INFO - Filling up the DagBag from /home/airflow/.local/lib/python3.12/site-packages/airflow/example_dags/example_task_group.py
[2024-05-27T13:32:48.658+0000] {processor.py:840} INFO - DAG(s) 'example_task_group' retrieved from /home/airflow/.local/lib/python3.12/site-packages/airflow/example_dags/example_task_group.py
[2024-05-27T13:32:48.759+0000] {logging_mixin.py:188} INFO - [2024-05-27T13:32:48.758+0000] {dag.py:3096} INFO - Sync 1 DAGs
[2024-05-27T13:32:48.782+0000] {logging_mixin.py:188} INFO - [2024-05-27T13:32:48.782+0000] {dag.py:3954} INFO - Setting next_dagrun for example_task_group to 2024-05-26 00:00:00+00:00, run_after=2024-05-27 00:00:00+00:00
[2024-05-27T13:32:48.799+0000] {processor.py:183} INFO - Processing /home/airflow/.local/lib/python3.12/site-packages/airflow/example_dags/example_task_group.py took 0.168 seconds
[2024-05-27T13:33:19.000+0000] {processor.py:161} INFO - Started process (PID=114) to work on /home/airflow/.local/lib/python3.12/site-packages/airflow/example_dags/example_task_group.py
[2024-05-27T13:33:19.001+0000] {processor.py:830} INFO - Processing file /home/airflow/.local/lib/python3.12/site-packages/airflow/example_dags/example_task_group.py for tasks to queue
[2024-05-27T13:33:19.003+0000] {logging_mixin.py:188} INFO - [2024-05-27T13:33:19.003+0000] {dagbag.py:545} INFO - Filling up the DagBag from /home/airflow/.local/lib/python3.12/site-packages/airflow/example_dags/example_task_group.py
[2024-05-27T13:33:19.012+0000] {processor.py:840} INFO - DAG(s) 'example_task_group' retrieved from /home/airflow/.local/lib/python3.12/site-packages/airflow/example_dags/example_task_group.py
[2024-05-27T13:33:19.036+0000] {logging_mixin.py:188} INFO - [2024-05-27T13:33:19.036+0000] {dag.py:3096} INFO - Sync 1 DAGs
[2024-05-27T13:33:19.059+0000] {logging_mixin.py:188} INFO - [2024-05-27T13:33:19.058+0000] {dag.py:3954} INFO - Setting next_dagrun for example_task_group to 2024-05-26 00:00:00+00:00, run_after=2024-05-27 00:00:00+00:00
[2024-05-27T13:33:19.076+0000] {processor.py:183} INFO - Processing /home/airflow/.local/lib/python3.12/site-packages/airflow/example_dags/example_task_group.py took 0.083 seconds
[2024-05-27T14:22:38.783+0000] {processor.py:161} INFO - Started process (PID=76) to work on /home/airflow/.local/lib/python3.12/site-packages/airflow/example_dags/example_task_group.py
[2024-05-27T14:22:38.785+0000] {processor.py:830} INFO - Processing file /home/airflow/.local/lib/python3.12/site-packages/airflow/example_dags/example_task_group.py for tasks to queue
[2024-05-27T14:22:38.789+0000] {logging_mixin.py:188} INFO - [2024-05-27T14:22:38.789+0000] {dagbag.py:545} INFO - Filling up the DagBag from /home/airflow/.local/lib/python3.12/site-packages/airflow/example_dags/example_task_group.py
[2024-05-27T14:22:38.807+0000] {processor.py:840} INFO - DAG(s) 'example_task_group' retrieved from /home/airflow/.local/lib/python3.12/site-packages/airflow/example_dags/example_task_group.py
[2024-05-27T14:22:38.934+0000] {logging_mixin.py:188} INFO - [2024-05-27T14:22:38.933+0000] {override.py:1829} INFO - Created Permission View: can edit on DAG:example_task_group
[2024-05-27T14:22:38.954+0000] {logging_mixin.py:188} INFO - [2024-05-27T14:22:38.954+0000] {override.py:1829} INFO - Created Permission View: can delete on DAG:example_task_group
[2024-05-27T14:22:38.964+0000] {logging_mixin.py:188} INFO - [2024-05-27T14:22:38.963+0000] {override.py:1829} INFO - Created Permission View: can read on DAG:example_task_group
[2024-05-27T14:22:38.965+0000] {logging_mixin.py:188} INFO - [2024-05-27T14:22:38.964+0000] {dag.py:3096} INFO - Sync 1 DAGs
[2024-05-27T14:22:38.986+0000] {logging_mixin.py:188} INFO - [2024-05-27T14:22:38.986+0000] {dag.py:3118} INFO - Creating ORM DAG for example_task_group
[2024-05-27T14:22:39.009+0000] {logging_mixin.py:188} INFO - [2024-05-27T14:22:39.009+0000] {dag.py:3954} INFO - Setting next_dagrun for example_task_group to 2024-05-26 00:00:00+00:00, run_after=2024-05-27 00:00:00+00:00
[2024-05-27T14:22:39.043+0000] {processor.py:183} INFO - Processing /home/airflow/.local/lib/python3.12/site-packages/airflow/example_dags/example_task_group.py took 0.271 seconds
[2024-05-27T14:26:29.299+0000] {processor.py:161} INFO - Started process (PID=141) to work on /home/airflow/.local/lib/python3.12/site-packages/airflow/example_dags/example_task_group.py
[2024-05-27T14:26:29.302+0000] {processor.py:830} INFO - Processing file /home/airflow/.local/lib/python3.12/site-packages/airflow/example_dags/example_task_group.py for tasks to queue
[2024-05-27T14:26:29.306+0000] {logging_mixin.py:188} INFO - [2024-05-27T14:26:29.305+0000] {dagbag.py:545} INFO - Filling up the DagBag from /home/airflow/.local/lib/python3.12/site-packages/airflow/example_dags/example_task_group.py
[2024-05-27T14:26:29.328+0000] {processor.py:840} INFO - DAG(s) 'example_task_group' retrieved from /home/airflow/.local/lib/python3.12/site-packages/airflow/example_dags/example_task_group.py
[2024-05-27T14:26:29.401+0000] {logging_mixin.py:188} INFO - [2024-05-27T14:26:29.401+0000] {dag.py:3096} INFO - Sync 1 DAGs
[2024-05-27T14:26:29.480+0000] {logging_mixin.py:188} INFO - [2024-05-27T14:26:29.480+0000] {dag.py:3954} INFO - Setting next_dagrun for example_task_group to 2024-05-26 00:00:00+00:00, run_after=2024-05-27 00:00:00+00:00
[2024-05-27T14:26:29.530+0000] {processor.py:183} INFO - Processing /home/airflow/.local/lib/python3.12/site-packages/airflow/example_dags/example_task_group.py took 0.249 seconds
[2024-05-27T14:26:59.598+0000] {processor.py:161} INFO - Started process (PID=199) to work on /home/airflow/.local/lib/python3.12/site-packages/airflow/example_dags/example_task_group.py
[2024-05-27T14:26:59.600+0000] {processor.py:830} INFO - Processing file /home/airflow/.local/lib/python3.12/site-packages/airflow/example_dags/example_task_group.py for tasks to queue
[2024-05-27T14:26:59.603+0000] {logging_mixin.py:188} INFO - [2024-05-27T14:26:59.602+0000] {dagbag.py:545} INFO - Filling up the DagBag from /home/airflow/.local/lib/python3.12/site-packages/airflow/example_dags/example_task_group.py
[2024-05-27T14:26:59.611+0000] {processor.py:840} INFO - DAG(s) 'example_task_group' retrieved from /home/airflow/.local/lib/python3.12/site-packages/airflow/example_dags/example_task_group.py
[2024-05-27T14:26:59.637+0000] {logging_mixin.py:188} INFO - [2024-05-27T14:26:59.637+0000] {dag.py:3096} INFO - Sync 1 DAGs
[2024-05-27T14:26:59.663+0000] {logging_mixin.py:188} INFO - [2024-05-27T14:26:59.663+0000] {dag.py:3954} INFO - Setting next_dagrun for example_task_group to 2024-05-26 00:00:00+00:00, run_after=2024-05-27 00:00:00+00:00
[2024-05-27T14:26:59.685+0000] {processor.py:183} INFO - Processing /home/airflow/.local/lib/python3.12/site-packages/airflow/example_dags/example_task_group.py took 0.094 seconds
[2024-05-27T17:32:27.129+0000] {processor.py:161} INFO - Started process (PID=67) to work on /home/airflow/.local/lib/python3.12/site-packages/airflow/example_dags/example_task_group.py
[2024-05-27T17:32:27.131+0000] {processor.py:830} INFO - Processing file /home/airflow/.local/lib/python3.12/site-packages/airflow/example_dags/example_task_group.py for tasks to queue
[2024-05-27T17:32:27.133+0000] {logging_mixin.py:188} INFO - [2024-05-27T17:32:27.133+0000] {dagbag.py:545} INFO - Filling up the DagBag from /home/airflow/.local/lib/python3.12/site-packages/airflow/example_dags/example_task_group.py
[2024-05-27T17:32:27.154+0000] {processor.py:840} INFO - DAG(s) 'example_task_group' retrieved from /home/airflow/.local/lib/python3.12/site-packages/airflow/example_dags/example_task_group.py
[2024-05-27T17:32:27.165+0000] {logging_mixin.py:188} INFO - [2024-05-27T17:32:27.164+0000] {dag.py:3096} INFO - Sync 1 DAGs
[2024-05-27T17:32:27.185+0000] {logging_mixin.py:188} INFO - [2024-05-27T17:32:27.185+0000] {dag.py:3954} INFO - Setting next_dagrun for example_task_group to 2024-05-26 00:00:00+00:00, run_after=2024-05-27 00:00:00+00:00
[2024-05-27T17:32:27.223+0000] {processor.py:183} INFO - Processing /home/airflow/.local/lib/python3.12/site-packages/airflow/example_dags/example_task_group.py took 0.099 seconds
[2024-05-27T17:32:58.264+0000] {processor.py:161} INFO - Started process (PID=125) to work on /home/airflow/.local/lib/python3.12/site-packages/airflow/example_dags/example_task_group.py
[2024-05-27T17:32:58.265+0000] {processor.py:830} INFO - Processing file /home/airflow/.local/lib/python3.12/site-packages/airflow/example_dags/example_task_group.py for tasks to queue
[2024-05-27T17:32:58.267+0000] {logging_mixin.py:188} INFO - [2024-05-27T17:32:58.266+0000] {dagbag.py:545} INFO - Filling up the DagBag from /home/airflow/.local/lib/python3.12/site-packages/airflow/example_dags/example_task_group.py
[2024-05-27T17:32:58.273+0000] {processor.py:840} INFO - DAG(s) 'example_task_group' retrieved from /home/airflow/.local/lib/python3.12/site-packages/airflow/example_dags/example_task_group.py
[2024-05-27T17:32:58.381+0000] {logging_mixin.py:188} INFO - [2024-05-27T17:32:58.381+0000] {dag.py:3096} INFO - Sync 1 DAGs
[2024-05-27T17:32:58.403+0000] {logging_mixin.py:188} INFO - [2024-05-27T17:32:58.403+0000] {dag.py:3954} INFO - Setting next_dagrun for example_task_group to 2024-05-26 00:00:00+00:00, run_after=2024-05-27 00:00:00+00:00
[2024-05-27T17:32:58.420+0000] {processor.py:183} INFO - Processing /home/airflow/.local/lib/python3.12/site-packages/airflow/example_dags/example_task_group.py took 0.161 seconds
[2024-05-27T17:33:28.467+0000] {processor.py:161} INFO - Started process (PID=183) to work on /home/airflow/.local/lib/python3.12/site-packages/airflow/example_dags/example_task_group.py
[2024-05-27T17:33:28.468+0000] {processor.py:830} INFO - Processing file /home/airflow/.local/lib/python3.12/site-packages/airflow/example_dags/example_task_group.py for tasks to queue
[2024-05-27T17:33:28.471+0000] {logging_mixin.py:188} INFO - [2024-05-27T17:33:28.470+0000] {dagbag.py:545} INFO - Filling up the DagBag from /home/airflow/.local/lib/python3.12/site-packages/airflow/example_dags/example_task_group.py
[2024-05-27T17:33:28.477+0000] {processor.py:840} INFO - DAG(s) 'example_task_group' retrieved from /home/airflow/.local/lib/python3.12/site-packages/airflow/example_dags/example_task_group.py
[2024-05-27T17:33:28.494+0000] {logging_mixin.py:188} INFO - [2024-05-27T17:33:28.494+0000] {dag.py:3096} INFO - Sync 1 DAGs
[2024-05-27T17:33:28.513+0000] {logging_mixin.py:188} INFO - [2024-05-27T17:33:28.513+0000] {dag.py:3954} INFO - Setting next_dagrun for example_task_group to 2024-05-26 00:00:00+00:00, run_after=2024-05-27 00:00:00+00:00
[2024-05-27T17:33:28.530+0000] {processor.py:183} INFO - Processing /home/airflow/.local/lib/python3.12/site-packages/airflow/example_dags/example_task_group.py took 0.068 seconds
[2024-05-27T17:33:58.670+0000] {processor.py:161} INFO - Started process (PID=241) to work on /home/airflow/.local/lib/python3.12/site-packages/airflow/example_dags/example_task_group.py
[2024-05-27T17:33:58.670+0000] {processor.py:830} INFO - Processing file /home/airflow/.local/lib/python3.12/site-packages/airflow/example_dags/example_task_group.py for tasks to queue
[2024-05-27T17:33:58.672+0000] {logging_mixin.py:188} INFO - [2024-05-27T17:33:58.672+0000] {dagbag.py:545} INFO - Filling up the DagBag from /home/airflow/.local/lib/python3.12/site-packages/airflow/example_dags/example_task_group.py
[2024-05-27T17:33:58.678+0000] {processor.py:840} INFO - DAG(s) 'example_task_group' retrieved from /home/airflow/.local/lib/python3.12/site-packages/airflow/example_dags/example_task_group.py
[2024-05-27T17:33:58.698+0000] {logging_mixin.py:188} INFO - [2024-05-27T17:33:58.697+0000] {dag.py:3096} INFO - Sync 1 DAGs
[2024-05-27T17:33:58.717+0000] {logging_mixin.py:188} INFO - [2024-05-27T17:33:58.717+0000] {dag.py:3954} INFO - Setting next_dagrun for example_task_group to 2024-05-26 00:00:00+00:00, run_after=2024-05-27 00:00:00+00:00
[2024-05-27T17:33:58.735+0000] {processor.py:183} INFO - Processing /home/airflow/.local/lib/python3.12/site-packages/airflow/example_dags/example_task_group.py took 0.070 seconds
[2024-05-27T17:34:28.854+0000] {processor.py:161} INFO - Started process (PID=299) to work on /home/airflow/.local/lib/python3.12/site-packages/airflow/example_dags/example_task_group.py
[2024-05-27T17:34:28.855+0000] {processor.py:830} INFO - Processing file /home/airflow/.local/lib/python3.12/site-packages/airflow/example_dags/example_task_group.py for tasks to queue
[2024-05-27T17:34:28.858+0000] {logging_mixin.py:188} INFO - [2024-05-27T17:34:28.857+0000] {dagbag.py:545} INFO - Filling up the DagBag from /home/airflow/.local/lib/python3.12/site-packages/airflow/example_dags/example_task_group.py
[2024-05-27T17:34:28.874+0000] {processor.py:840} INFO - DAG(s) 'example_task_group' retrieved from /home/airflow/.local/lib/python3.12/site-packages/airflow/example_dags/example_task_group.py
[2024-05-27T17:34:28.894+0000] {logging_mixin.py:188} INFO - [2024-05-27T17:34:28.894+0000] {dag.py:3096} INFO - Sync 1 DAGs
[2024-05-27T17:34:28.917+0000] {logging_mixin.py:188} INFO - [2024-05-27T17:34:28.917+0000] {dag.py:3954} INFO - Setting next_dagrun for example_task_group to 2024-05-26 00:00:00+00:00, run_after=2024-05-27 00:00:00+00:00
[2024-05-27T17:34:28.937+0000] {processor.py:183} INFO - Processing /home/airflow/.local/lib/python3.12/site-packages/airflow/example_dags/example_task_group.py took 0.089 seconds
[2024-05-27T17:34:59.758+0000] {processor.py:161} INFO - Started process (PID=357) to work on /home/airflow/.local/lib/python3.12/site-packages/airflow/example_dags/example_task_group.py
[2024-05-27T17:34:59.758+0000] {processor.py:830} INFO - Processing file /home/airflow/.local/lib/python3.12/site-packages/airflow/example_dags/example_task_group.py for tasks to queue
[2024-05-27T17:34:59.760+0000] {logging_mixin.py:188} INFO - [2024-05-27T17:34:59.760+0000] {dagbag.py:545} INFO - Filling up the DagBag from /home/airflow/.local/lib/python3.12/site-packages/airflow/example_dags/example_task_group.py
[2024-05-27T17:34:59.767+0000] {processor.py:840} INFO - DAG(s) 'example_task_group' retrieved from /home/airflow/.local/lib/python3.12/site-packages/airflow/example_dags/example_task_group.py
[2024-05-27T17:34:59.785+0000] {logging_mixin.py:188} INFO - [2024-05-27T17:34:59.785+0000] {dag.py:3096} INFO - Sync 1 DAGs
[2024-05-27T17:34:59.805+0000] {logging_mixin.py:188} INFO - [2024-05-27T17:34:59.805+0000] {dag.py:3954} INFO - Setting next_dagrun for example_task_group to 2024-05-26 00:00:00+00:00, run_after=2024-05-27 00:00:00+00:00
[2024-05-27T17:34:59.821+0000] {processor.py:183} INFO - Processing /home/airflow/.local/lib/python3.12/site-packages/airflow/example_dags/example_task_group.py took 0.069 seconds
[2024-05-27T17:35:29.938+0000] {processor.py:161} INFO - Started process (PID=415) to work on /home/airflow/.local/lib/python3.12/site-packages/airflow/example_dags/example_task_group.py
[2024-05-27T17:35:29.939+0000] {processor.py:830} INFO - Processing file /home/airflow/.local/lib/python3.12/site-packages/airflow/example_dags/example_task_group.py for tasks to queue
[2024-05-27T17:35:29.942+0000] {logging_mixin.py:188} INFO - [2024-05-27T17:35:29.941+0000] {dagbag.py:545} INFO - Filling up the DagBag from /home/airflow/.local/lib/python3.12/site-packages/airflow/example_dags/example_task_group.py
[2024-05-27T17:35:29.948+0000] {processor.py:840} INFO - DAG(s) 'example_task_group' retrieved from /home/airflow/.local/lib/python3.12/site-packages/airflow/example_dags/example_task_group.py
[2024-05-27T17:35:29.966+0000] {logging_mixin.py:188} INFO - [2024-05-27T17:35:29.966+0000] {dag.py:3096} INFO - Sync 1 DAGs
[2024-05-27T17:35:29.986+0000] {logging_mixin.py:188} INFO - [2024-05-27T17:35:29.986+0000] {dag.py:3954} INFO - Setting next_dagrun for example_task_group to 2024-05-26 00:00:00+00:00, run_after=2024-05-27 00:00:00+00:00
[2024-05-27T17:35:30.005+0000] {processor.py:183} INFO - Processing /home/airflow/.local/lib/python3.12/site-packages/airflow/example_dags/example_task_group.py took 0.072 seconds
[2024-05-27T17:36:00.571+0000] {processor.py:161} INFO - Started process (PID=478) to work on /home/airflow/.local/lib/python3.12/site-packages/airflow/example_dags/example_task_group.py
[2024-05-27T17:36:00.572+0000] {processor.py:830} INFO - Processing file /home/airflow/.local/lib/python3.12/site-packages/airflow/example_dags/example_task_group.py for tasks to queue
[2024-05-27T17:36:00.573+0000] {logging_mixin.py:188} INFO - [2024-05-27T17:36:00.573+0000] {dagbag.py:545} INFO - Filling up the DagBag from /home/airflow/.local/lib/python3.12/site-packages/airflow/example_dags/example_task_group.py
[2024-05-27T17:36:00.580+0000] {processor.py:840} INFO - DAG(s) 'example_task_group' retrieved from /home/airflow/.local/lib/python3.12/site-packages/airflow/example_dags/example_task_group.py
[2024-05-27T17:36:00.600+0000] {logging_mixin.py:188} INFO - [2024-05-27T17:36:00.599+0000] {dag.py:3096} INFO - Sync 1 DAGs
[2024-05-27T17:36:00.626+0000] {logging_mixin.py:188} INFO - [2024-05-27T17:36:00.626+0000] {dag.py:3954} INFO - Setting next_dagrun for example_task_group to 2024-05-26 00:00:00+00:00, run_after=2024-05-27 00:00:00+00:00
[2024-05-27T17:36:00.648+0000] {processor.py:183} INFO - Processing /home/airflow/.local/lib/python3.12/site-packages/airflow/example_dags/example_task_group.py took 0.084 seconds
[2024-05-27T17:36:31.366+0000] {processor.py:161} INFO - Started process (PID=536) to work on /home/airflow/.local/lib/python3.12/site-packages/airflow/example_dags/example_task_group.py
[2024-05-27T17:36:31.368+0000] {processor.py:830} INFO - Processing file /home/airflow/.local/lib/python3.12/site-packages/airflow/example_dags/example_task_group.py for tasks to queue
[2024-05-27T17:36:31.370+0000] {logging_mixin.py:188} INFO - [2024-05-27T17:36:31.369+0000] {dagbag.py:545} INFO - Filling up the DagBag from /home/airflow/.local/lib/python3.12/site-packages/airflow/example_dags/example_task_group.py
[2024-05-27T17:36:31.378+0000] {processor.py:840} INFO - DAG(s) 'example_task_group' retrieved from /home/airflow/.local/lib/python3.12/site-packages/airflow/example_dags/example_task_group.py
[2024-05-27T17:36:31.399+0000] {logging_mixin.py:188} INFO - [2024-05-27T17:36:31.399+0000] {dag.py:3096} INFO - Sync 1 DAGs
[2024-05-27T17:36:31.426+0000] {logging_mixin.py:188} INFO - [2024-05-27T17:36:31.425+0000] {dag.py:3954} INFO - Setting next_dagrun for example_task_group to 2024-05-26 00:00:00+00:00, run_after=2024-05-27 00:00:00+00:00
[2024-05-27T17:36:31.448+0000] {processor.py:183} INFO - Processing /home/airflow/.local/lib/python3.12/site-packages/airflow/example_dags/example_task_group.py took 0.088 seconds
[2024-05-27T17:37:02.327+0000] {processor.py:161} INFO - Started process (PID=593) to work on /home/airflow/.local/lib/python3.12/site-packages/airflow/example_dags/example_task_group.py
[2024-05-27T17:37:02.328+0000] {processor.py:830} INFO - Processing file /home/airflow/.local/lib/python3.12/site-packages/airflow/example_dags/example_task_group.py for tasks to queue
[2024-05-27T17:37:02.330+0000] {logging_mixin.py:188} INFO - [2024-05-27T17:37:02.329+0000] {dagbag.py:545} INFO - Filling up the DagBag from /home/airflow/.local/lib/python3.12/site-packages/airflow/example_dags/example_task_group.py
[2024-05-27T17:37:02.336+0000] {processor.py:840} INFO - DAG(s) 'example_task_group' retrieved from /home/airflow/.local/lib/python3.12/site-packages/airflow/example_dags/example_task_group.py
[2024-05-27T17:37:02.354+0000] {logging_mixin.py:188} INFO - [2024-05-27T17:37:02.354+0000] {dag.py:3096} INFO - Sync 1 DAGs
[2024-05-27T17:37:02.376+0000] {logging_mixin.py:188} INFO - [2024-05-27T17:37:02.376+0000] {dag.py:3954} INFO - Setting next_dagrun for example_task_group to 2024-05-26 00:00:00+00:00, run_after=2024-05-27 00:00:00+00:00
[2024-05-27T17:37:02.395+0000] {processor.py:183} INFO - Processing /home/airflow/.local/lib/python3.12/site-packages/airflow/example_dags/example_task_group.py took 0.074 seconds
[2024-05-27T17:38:15.338+0000] {processor.py:161} INFO - Started process (PID=65) to work on /home/airflow/.local/lib/python3.12/site-packages/airflow/example_dags/example_task_group.py
[2024-05-27T17:38:15.339+0000] {processor.py:830} INFO - Processing file /home/airflow/.local/lib/python3.12/site-packages/airflow/example_dags/example_task_group.py for tasks to queue
[2024-05-27T17:38:15.341+0000] {logging_mixin.py:188} INFO - [2024-05-27T17:38:15.341+0000] {dagbag.py:545} INFO - Filling up the DagBag from /home/airflow/.local/lib/python3.12/site-packages/airflow/example_dags/example_task_group.py
[2024-05-27T17:38:15.349+0000] {processor.py:840} INFO - DAG(s) 'example_task_group' retrieved from /home/airflow/.local/lib/python3.12/site-packages/airflow/example_dags/example_task_group.py
[2024-05-27T17:38:15.359+0000] {logging_mixin.py:188} INFO - [2024-05-27T17:38:15.359+0000] {dag.py:3096} INFO - Sync 1 DAGs
[2024-05-27T17:38:15.385+0000] {logging_mixin.py:188} INFO - [2024-05-27T17:38:15.385+0000] {dag.py:3954} INFO - Setting next_dagrun for example_task_group to 2024-05-26 00:00:00+00:00, run_after=2024-05-27 00:00:00+00:00
[2024-05-27T17:38:15.405+0000] {processor.py:183} INFO - Processing /home/airflow/.local/lib/python3.12/site-packages/airflow/example_dags/example_task_group.py took 0.072 seconds
[2024-05-27T17:38:47.144+0000] {processor.py:161} INFO - Started process (PID=123) to work on /home/airflow/.local/lib/python3.12/site-packages/airflow/example_dags/example_task_group.py
[2024-05-27T17:38:47.145+0000] {processor.py:830} INFO - Processing file /home/airflow/.local/lib/python3.12/site-packages/airflow/example_dags/example_task_group.py for tasks to queue
[2024-05-27T17:38:47.147+0000] {logging_mixin.py:188} INFO - [2024-05-27T17:38:47.147+0000] {dagbag.py:545} INFO - Filling up the DagBag from /home/airflow/.local/lib/python3.12/site-packages/airflow/example_dags/example_task_group.py
[2024-05-27T17:38:47.153+0000] {processor.py:840} INFO - DAG(s) 'example_task_group' retrieved from /home/airflow/.local/lib/python3.12/site-packages/airflow/example_dags/example_task_group.py
[2024-05-27T17:38:47.244+0000] {logging_mixin.py:188} INFO - [2024-05-27T17:38:47.243+0000] {dag.py:3096} INFO - Sync 1 DAGs
[2024-05-27T17:38:47.262+0000] {logging_mixin.py:188} INFO - [2024-05-27T17:38:47.262+0000] {dag.py:3954} INFO - Setting next_dagrun for example_task_group to 2024-05-26 00:00:00+00:00, run_after=2024-05-27 00:00:00+00:00
[2024-05-27T17:38:47.278+0000] {processor.py:183} INFO - Processing /home/airflow/.local/lib/python3.12/site-packages/airflow/example_dags/example_task_group.py took 0.139 seconds
