[2024-05-27T01:38:35.493+0000] {processor.py:161} INFO - Started process (PID=39) to work on /home/airflow/.local/lib/python3.12/site-packages/airflow/example_dags/example_sensors.py
[2024-05-27T01:38:35.493+0000] {processor.py:830} INFO - Processing file /home/airflow/.local/lib/python3.12/site-packages/airflow/example_dags/example_sensors.py for tasks to queue
[2024-05-27T01:38:35.495+0000] {logging_mixin.py:188} INFO - [2024-05-27T01:38:35.495+0000] {dagbag.py:545} INFO - Filling up the DagBag from /home/airflow/.local/lib/python3.12/site-packages/airflow/example_dags/example_sensors.py
[2024-05-27T01:38:35.507+0000] {processor.py:840} INFO - DAG(s) 'example_sensors' retrieved from /home/airflow/.local/lib/python3.12/site-packages/airflow/example_dags/example_sensors.py
[2024-05-27T01:38:35.517+0000] {logging_mixin.py:188} INFO - [2024-05-27T01:38:35.516+0000] {dag.py:3096} INFO - Sync 1 DAGs
[2024-05-27T01:38:35.532+0000] {logging_mixin.py:188} INFO - [2024-05-27T01:38:35.531+0000] {dag.py:3954} INFO - Setting next_dagrun for example_sensors to None, run_after=None
[2024-05-27T01:38:35.549+0000] {processor.py:183} INFO - Processing /home/airflow/.local/lib/python3.12/site-packages/airflow/example_dags/example_sensors.py took 0.062 seconds
[2024-05-27T01:39:06.301+0000] {processor.py:161} INFO - Started process (PID=97) to work on /home/airflow/.local/lib/python3.12/site-packages/airflow/example_dags/example_sensors.py
[2024-05-27T01:39:06.302+0000] {processor.py:830} INFO - Processing file /home/airflow/.local/lib/python3.12/site-packages/airflow/example_dags/example_sensors.py for tasks to queue
[2024-05-27T01:39:06.305+0000] {logging_mixin.py:188} INFO - [2024-05-27T01:39:06.304+0000] {dagbag.py:545} INFO - Filling up the DagBag from /home/airflow/.local/lib/python3.12/site-packages/airflow/example_dags/example_sensors.py
[2024-05-27T01:39:06.316+0000] {processor.py:840} INFO - DAG(s) 'example_sensors' retrieved from /home/airflow/.local/lib/python3.12/site-packages/airflow/example_dags/example_sensors.py
[2024-05-27T01:39:06.414+0000] {logging_mixin.py:188} INFO - [2024-05-27T01:39:06.414+0000] {dag.py:3096} INFO - Sync 1 DAGs
[2024-05-27T01:39:06.424+0000] {logging_mixin.py:188} INFO - [2024-05-27T01:39:06.424+0000] {dag.py:3954} INFO - Setting next_dagrun for example_sensors to None, run_after=None
[2024-05-27T01:39:06.440+0000] {processor.py:183} INFO - Processing /home/airflow/.local/lib/python3.12/site-packages/airflow/example_dags/example_sensors.py took 0.146 seconds
[2024-05-27T01:39:36.517+0000] {processor.py:161} INFO - Started process (PID=155) to work on /home/airflow/.local/lib/python3.12/site-packages/airflow/example_dags/example_sensors.py
[2024-05-27T01:39:36.518+0000] {processor.py:830} INFO - Processing file /home/airflow/.local/lib/python3.12/site-packages/airflow/example_dags/example_sensors.py for tasks to queue
[2024-05-27T01:39:36.520+0000] {logging_mixin.py:188} INFO - [2024-05-27T01:39:36.520+0000] {dagbag.py:545} INFO - Filling up the DagBag from /home/airflow/.local/lib/python3.12/site-packages/airflow/example_dags/example_sensors.py
[2024-05-27T01:39:36.528+0000] {processor.py:840} INFO - DAG(s) 'example_sensors' retrieved from /home/airflow/.local/lib/python3.12/site-packages/airflow/example_dags/example_sensors.py
[2024-05-27T01:39:36.549+0000] {logging_mixin.py:188} INFO - [2024-05-27T01:39:36.549+0000] {dag.py:3096} INFO - Sync 1 DAGs
[2024-05-27T01:39:36.561+0000] {logging_mixin.py:188} INFO - [2024-05-27T01:39:36.561+0000] {dag.py:3954} INFO - Setting next_dagrun for example_sensors to None, run_after=None
[2024-05-27T01:39:36.576+0000] {processor.py:183} INFO - Processing /home/airflow/.local/lib/python3.12/site-packages/airflow/example_dags/example_sensors.py took 0.064 seconds
[2024-05-27T01:40:06.690+0000] {processor.py:161} INFO - Started process (PID=213) to work on /home/airflow/.local/lib/python3.12/site-packages/airflow/example_dags/example_sensors.py
[2024-05-27T01:40:06.691+0000] {processor.py:830} INFO - Processing file /home/airflow/.local/lib/python3.12/site-packages/airflow/example_dags/example_sensors.py for tasks to queue
[2024-05-27T01:40:06.693+0000] {logging_mixin.py:188} INFO - [2024-05-27T01:40:06.692+0000] {dagbag.py:545} INFO - Filling up the DagBag from /home/airflow/.local/lib/python3.12/site-packages/airflow/example_dags/example_sensors.py
[2024-05-27T01:40:06.701+0000] {processor.py:840} INFO - DAG(s) 'example_sensors' retrieved from /home/airflow/.local/lib/python3.12/site-packages/airflow/example_dags/example_sensors.py
[2024-05-27T01:40:06.725+0000] {logging_mixin.py:188} INFO - [2024-05-27T01:40:06.724+0000] {dag.py:3096} INFO - Sync 1 DAGs
[2024-05-27T01:40:06.738+0000] {logging_mixin.py:188} INFO - [2024-05-27T01:40:06.738+0000] {dag.py:3954} INFO - Setting next_dagrun for example_sensors to None, run_after=None
[2024-05-27T01:40:06.756+0000] {processor.py:183} INFO - Processing /home/airflow/.local/lib/python3.12/site-packages/airflow/example_dags/example_sensors.py took 0.072 seconds
[2024-05-27T01:40:37.015+0000] {processor.py:161} INFO - Started process (PID=271) to work on /home/airflow/.local/lib/python3.12/site-packages/airflow/example_dags/example_sensors.py
[2024-05-27T01:40:37.016+0000] {processor.py:830} INFO - Processing file /home/airflow/.local/lib/python3.12/site-packages/airflow/example_dags/example_sensors.py for tasks to queue
[2024-05-27T01:40:37.018+0000] {logging_mixin.py:188} INFO - [2024-05-27T01:40:37.018+0000] {dagbag.py:545} INFO - Filling up the DagBag from /home/airflow/.local/lib/python3.12/site-packages/airflow/example_dags/example_sensors.py
[2024-05-27T01:40:37.031+0000] {processor.py:840} INFO - DAG(s) 'example_sensors' retrieved from /home/airflow/.local/lib/python3.12/site-packages/airflow/example_dags/example_sensors.py
[2024-05-27T01:40:37.060+0000] {logging_mixin.py:188} INFO - [2024-05-27T01:40:37.060+0000] {dag.py:3096} INFO - Sync 1 DAGs
[2024-05-27T01:40:37.075+0000] {logging_mixin.py:188} INFO - [2024-05-27T01:40:37.075+0000] {dag.py:3954} INFO - Setting next_dagrun for example_sensors to None, run_after=None
[2024-05-27T01:40:37.095+0000] {processor.py:183} INFO - Processing /home/airflow/.local/lib/python3.12/site-packages/airflow/example_dags/example_sensors.py took 0.088 seconds
[2024-05-27T01:41:07.207+0000] {processor.py:161} INFO - Started process (PID=329) to work on /home/airflow/.local/lib/python3.12/site-packages/airflow/example_dags/example_sensors.py
[2024-05-27T01:41:07.207+0000] {processor.py:830} INFO - Processing file /home/airflow/.local/lib/python3.12/site-packages/airflow/example_dags/example_sensors.py for tasks to queue
[2024-05-27T01:41:07.212+0000] {logging_mixin.py:188} INFO - [2024-05-27T01:41:07.211+0000] {dagbag.py:545} INFO - Filling up the DagBag from /home/airflow/.local/lib/python3.12/site-packages/airflow/example_dags/example_sensors.py
[2024-05-27T01:41:07.221+0000] {processor.py:840} INFO - DAG(s) 'example_sensors' retrieved from /home/airflow/.local/lib/python3.12/site-packages/airflow/example_dags/example_sensors.py
[2024-05-27T01:41:07.247+0000] {logging_mixin.py:188} INFO - [2024-05-27T01:41:07.247+0000] {dag.py:3096} INFO - Sync 1 DAGs
[2024-05-27T01:41:07.263+0000] {logging_mixin.py:188} INFO - [2024-05-27T01:41:07.262+0000] {dag.py:3954} INFO - Setting next_dagrun for example_sensors to None, run_after=None
[2024-05-27T01:41:07.283+0000] {processor.py:183} INFO - Processing /home/airflow/.local/lib/python3.12/site-packages/airflow/example_dags/example_sensors.py took 0.081 seconds
[2024-05-27T01:41:37.651+0000] {processor.py:161} INFO - Started process (PID=387) to work on /home/airflow/.local/lib/python3.12/site-packages/airflow/example_dags/example_sensors.py
[2024-05-27T01:41:37.652+0000] {processor.py:830} INFO - Processing file /home/airflow/.local/lib/python3.12/site-packages/airflow/example_dags/example_sensors.py for tasks to queue
[2024-05-27T01:41:37.654+0000] {logging_mixin.py:188} INFO - [2024-05-27T01:41:37.653+0000] {dagbag.py:545} INFO - Filling up the DagBag from /home/airflow/.local/lib/python3.12/site-packages/airflow/example_dags/example_sensors.py
[2024-05-27T01:41:37.665+0000] {processor.py:840} INFO - DAG(s) 'example_sensors' retrieved from /home/airflow/.local/lib/python3.12/site-packages/airflow/example_dags/example_sensors.py
[2024-05-27T01:41:37.690+0000] {logging_mixin.py:188} INFO - [2024-05-27T01:41:37.689+0000] {dag.py:3096} INFO - Sync 1 DAGs
[2024-05-27T01:41:37.703+0000] {logging_mixin.py:188} INFO - [2024-05-27T01:41:37.703+0000] {dag.py:3954} INFO - Setting next_dagrun for example_sensors to None, run_after=None
[2024-05-27T01:41:37.727+0000] {processor.py:183} INFO - Processing /home/airflow/.local/lib/python3.12/site-packages/airflow/example_dags/example_sensors.py took 0.083 seconds
[2024-05-27T01:42:08.038+0000] {processor.py:161} INFO - Started process (PID=445) to work on /home/airflow/.local/lib/python3.12/site-packages/airflow/example_dags/example_sensors.py
[2024-05-27T01:42:08.038+0000] {processor.py:830} INFO - Processing file /home/airflow/.local/lib/python3.12/site-packages/airflow/example_dags/example_sensors.py for tasks to queue
[2024-05-27T01:42:08.040+0000] {logging_mixin.py:188} INFO - [2024-05-27T01:42:08.040+0000] {dagbag.py:545} INFO - Filling up the DagBag from /home/airflow/.local/lib/python3.12/site-packages/airflow/example_dags/example_sensors.py
[2024-05-27T01:42:08.048+0000] {processor.py:840} INFO - DAG(s) 'example_sensors' retrieved from /home/airflow/.local/lib/python3.12/site-packages/airflow/example_dags/example_sensors.py
[2024-05-27T01:42:08.073+0000] {logging_mixin.py:188} INFO - [2024-05-27T01:42:08.073+0000] {dag.py:3096} INFO - Sync 1 DAGs
[2024-05-27T01:42:08.086+0000] {logging_mixin.py:188} INFO - [2024-05-27T01:42:08.086+0000] {dag.py:3954} INFO - Setting next_dagrun for example_sensors to None, run_after=None
[2024-05-27T01:42:08.105+0000] {processor.py:183} INFO - Processing /home/airflow/.local/lib/python3.12/site-packages/airflow/example_dags/example_sensors.py took 0.074 seconds
[2024-05-27T01:42:38.716+0000] {processor.py:161} INFO - Started process (PID=503) to work on /home/airflow/.local/lib/python3.12/site-packages/airflow/example_dags/example_sensors.py
[2024-05-27T01:42:38.717+0000] {processor.py:830} INFO - Processing file /home/airflow/.local/lib/python3.12/site-packages/airflow/example_dags/example_sensors.py for tasks to queue
[2024-05-27T01:42:38.719+0000] {logging_mixin.py:188} INFO - [2024-05-27T01:42:38.719+0000] {dagbag.py:545} INFO - Filling up the DagBag from /home/airflow/.local/lib/python3.12/site-packages/airflow/example_dags/example_sensors.py
[2024-05-27T01:42:38.729+0000] {processor.py:840} INFO - DAG(s) 'example_sensors' retrieved from /home/airflow/.local/lib/python3.12/site-packages/airflow/example_dags/example_sensors.py
[2024-05-27T01:42:38.763+0000] {logging_mixin.py:188} INFO - [2024-05-27T01:42:38.763+0000] {dag.py:3096} INFO - Sync 1 DAGs
[2024-05-27T01:42:38.776+0000] {logging_mixin.py:188} INFO - [2024-05-27T01:42:38.776+0000] {dag.py:3954} INFO - Setting next_dagrun for example_sensors to None, run_after=None
[2024-05-27T01:42:38.798+0000] {processor.py:183} INFO - Processing /home/airflow/.local/lib/python3.12/site-packages/airflow/example_dags/example_sensors.py took 0.090 seconds
[2024-05-27T01:43:08.918+0000] {processor.py:161} INFO - Started process (PID=561) to work on /home/airflow/.local/lib/python3.12/site-packages/airflow/example_dags/example_sensors.py
[2024-05-27T01:43:08.918+0000] {processor.py:830} INFO - Processing file /home/airflow/.local/lib/python3.12/site-packages/airflow/example_dags/example_sensors.py for tasks to queue
[2024-05-27T01:43:08.923+0000] {logging_mixin.py:188} INFO - [2024-05-27T01:43:08.922+0000] {dagbag.py:545} INFO - Filling up the DagBag from /home/airflow/.local/lib/python3.12/site-packages/airflow/example_dags/example_sensors.py
[2024-05-27T01:43:08.932+0000] {processor.py:840} INFO - DAG(s) 'example_sensors' retrieved from /home/airflow/.local/lib/python3.12/site-packages/airflow/example_dags/example_sensors.py
[2024-05-27T01:43:08.957+0000] {logging_mixin.py:188} INFO - [2024-05-27T01:43:08.957+0000] {dag.py:3096} INFO - Sync 1 DAGs
[2024-05-27T01:43:08.975+0000] {logging_mixin.py:188} INFO - [2024-05-27T01:43:08.974+0000] {dag.py:3954} INFO - Setting next_dagrun for example_sensors to None, run_after=None
[2024-05-27T01:43:08.998+0000] {processor.py:183} INFO - Processing /home/airflow/.local/lib/python3.12/site-packages/airflow/example_dags/example_sensors.py took 0.086 seconds
[2024-05-27T01:43:39.936+0000] {processor.py:161} INFO - Started process (PID=619) to work on /home/airflow/.local/lib/python3.12/site-packages/airflow/example_dags/example_sensors.py
[2024-05-27T01:43:39.937+0000] {processor.py:830} INFO - Processing file /home/airflow/.local/lib/python3.12/site-packages/airflow/example_dags/example_sensors.py for tasks to queue
[2024-05-27T01:43:39.939+0000] {logging_mixin.py:188} INFO - [2024-05-27T01:43:39.939+0000] {dagbag.py:545} INFO - Filling up the DagBag from /home/airflow/.local/lib/python3.12/site-packages/airflow/example_dags/example_sensors.py
[2024-05-27T01:43:39.948+0000] {processor.py:840} INFO - DAG(s) 'example_sensors' retrieved from /home/airflow/.local/lib/python3.12/site-packages/airflow/example_dags/example_sensors.py
[2024-05-27T01:43:39.975+0000] {logging_mixin.py:188} INFO - [2024-05-27T01:43:39.975+0000] {dag.py:3096} INFO - Sync 1 DAGs
[2024-05-27T01:43:39.989+0000] {logging_mixin.py:188} INFO - [2024-05-27T01:43:39.988+0000] {dag.py:3954} INFO - Setting next_dagrun for example_sensors to None, run_after=None
[2024-05-27T01:43:40.008+0000] {processor.py:183} INFO - Processing /home/airflow/.local/lib/python3.12/site-packages/airflow/example_dags/example_sensors.py took 0.078 seconds
[2024-05-27T01:44:10.366+0000] {processor.py:161} INFO - Started process (PID=676) to work on /home/airflow/.local/lib/python3.12/site-packages/airflow/example_dags/example_sensors.py
[2024-05-27T01:44:10.367+0000] {processor.py:830} INFO - Processing file /home/airflow/.local/lib/python3.12/site-packages/airflow/example_dags/example_sensors.py for tasks to queue
[2024-05-27T01:44:10.370+0000] {logging_mixin.py:188} INFO - [2024-05-27T01:44:10.370+0000] {dagbag.py:545} INFO - Filling up the DagBag from /home/airflow/.local/lib/python3.12/site-packages/airflow/example_dags/example_sensors.py
[2024-05-27T01:44:10.379+0000] {processor.py:840} INFO - DAG(s) 'example_sensors' retrieved from /home/airflow/.local/lib/python3.12/site-packages/airflow/example_dags/example_sensors.py
[2024-05-27T01:44:10.407+0000] {logging_mixin.py:188} INFO - [2024-05-27T01:44:10.406+0000] {dag.py:3096} INFO - Sync 1 DAGs
[2024-05-27T01:44:10.424+0000] {logging_mixin.py:188} INFO - [2024-05-27T01:44:10.423+0000] {dag.py:3954} INFO - Setting next_dagrun for example_sensors to None, run_after=None
[2024-05-27T01:44:10.444+0000] {processor.py:183} INFO - Processing /home/airflow/.local/lib/python3.12/site-packages/airflow/example_dags/example_sensors.py took 0.082 seconds
[2024-05-27T01:44:40.589+0000] {processor.py:161} INFO - Started process (PID=734) to work on /home/airflow/.local/lib/python3.12/site-packages/airflow/example_dags/example_sensors.py
[2024-05-27T01:44:40.590+0000] {processor.py:830} INFO - Processing file /home/airflow/.local/lib/python3.12/site-packages/airflow/example_dags/example_sensors.py for tasks to queue
[2024-05-27T01:44:40.592+0000] {logging_mixin.py:188} INFO - [2024-05-27T01:44:40.591+0000] {dagbag.py:545} INFO - Filling up the DagBag from /home/airflow/.local/lib/python3.12/site-packages/airflow/example_dags/example_sensors.py
[2024-05-27T01:44:40.602+0000] {processor.py:840} INFO - DAG(s) 'example_sensors' retrieved from /home/airflow/.local/lib/python3.12/site-packages/airflow/example_dags/example_sensors.py
[2024-05-27T01:44:40.631+0000] {logging_mixin.py:188} INFO - [2024-05-27T01:44:40.631+0000] {dag.py:3096} INFO - Sync 1 DAGs
[2024-05-27T01:44:40.644+0000] {logging_mixin.py:188} INFO - [2024-05-27T01:44:40.644+0000] {dag.py:3954} INFO - Setting next_dagrun for example_sensors to None, run_after=None
[2024-05-27T01:44:40.661+0000] {processor.py:183} INFO - Processing /home/airflow/.local/lib/python3.12/site-packages/airflow/example_dags/example_sensors.py took 0.080 seconds
[2024-05-27T01:45:11.299+0000] {processor.py:161} INFO - Started process (PID=791) to work on /home/airflow/.local/lib/python3.12/site-packages/airflow/example_dags/example_sensors.py
[2024-05-27T01:45:11.300+0000] {processor.py:830} INFO - Processing file /home/airflow/.local/lib/python3.12/site-packages/airflow/example_dags/example_sensors.py for tasks to queue
[2024-05-27T01:45:11.302+0000] {logging_mixin.py:188} INFO - [2024-05-27T01:45:11.302+0000] {dagbag.py:545} INFO - Filling up the DagBag from /home/airflow/.local/lib/python3.12/site-packages/airflow/example_dags/example_sensors.py
[2024-05-27T01:45:11.311+0000] {processor.py:840} INFO - DAG(s) 'example_sensors' retrieved from /home/airflow/.local/lib/python3.12/site-packages/airflow/example_dags/example_sensors.py
[2024-05-27T01:45:11.334+0000] {logging_mixin.py:188} INFO - [2024-05-27T01:45:11.334+0000] {dag.py:3096} INFO - Sync 1 DAGs
[2024-05-27T01:45:11.346+0000] {logging_mixin.py:188} INFO - [2024-05-27T01:45:11.346+0000] {dag.py:3954} INFO - Setting next_dagrun for example_sensors to None, run_after=None
[2024-05-27T01:45:11.363+0000] {processor.py:183} INFO - Processing /home/airflow/.local/lib/python3.12/site-packages/airflow/example_dags/example_sensors.py took 0.069 seconds
[2024-05-27T01:45:41.782+0000] {processor.py:161} INFO - Started process (PID=849) to work on /home/airflow/.local/lib/python3.12/site-packages/airflow/example_dags/example_sensors.py
[2024-05-27T01:45:41.785+0000] {processor.py:830} INFO - Processing file /home/airflow/.local/lib/python3.12/site-packages/airflow/example_dags/example_sensors.py for tasks to queue
[2024-05-27T01:45:41.788+0000] {logging_mixin.py:188} INFO - [2024-05-27T01:45:41.787+0000] {dagbag.py:545} INFO - Filling up the DagBag from /home/airflow/.local/lib/python3.12/site-packages/airflow/example_dags/example_sensors.py
[2024-05-27T01:45:41.799+0000] {processor.py:840} INFO - DAG(s) 'example_sensors' retrieved from /home/airflow/.local/lib/python3.12/site-packages/airflow/example_dags/example_sensors.py
[2024-05-27T01:45:41.826+0000] {logging_mixin.py:188} INFO - [2024-05-27T01:45:41.826+0000] {dag.py:3096} INFO - Sync 1 DAGs
[2024-05-27T01:45:41.839+0000] {logging_mixin.py:188} INFO - [2024-05-27T01:45:41.838+0000] {dag.py:3954} INFO - Setting next_dagrun for example_sensors to None, run_after=None
[2024-05-27T01:45:41.855+0000] {processor.py:183} INFO - Processing /home/airflow/.local/lib/python3.12/site-packages/airflow/example_dags/example_sensors.py took 0.080 seconds
[2024-05-27T01:46:12.517+0000] {processor.py:161} INFO - Started process (PID=907) to work on /home/airflow/.local/lib/python3.12/site-packages/airflow/example_dags/example_sensors.py
[2024-05-27T01:46:12.518+0000] {processor.py:830} INFO - Processing file /home/airflow/.local/lib/python3.12/site-packages/airflow/example_dags/example_sensors.py for tasks to queue
[2024-05-27T01:46:12.521+0000] {logging_mixin.py:188} INFO - [2024-05-27T01:46:12.520+0000] {dagbag.py:545} INFO - Filling up the DagBag from /home/airflow/.local/lib/python3.12/site-packages/airflow/example_dags/example_sensors.py
[2024-05-27T01:46:12.531+0000] {processor.py:840} INFO - DAG(s) 'example_sensors' retrieved from /home/airflow/.local/lib/python3.12/site-packages/airflow/example_dags/example_sensors.py
[2024-05-27T01:46:12.559+0000] {logging_mixin.py:188} INFO - [2024-05-27T01:46:12.559+0000] {dag.py:3096} INFO - Sync 1 DAGs
[2024-05-27T01:46:12.572+0000] {logging_mixin.py:188} INFO - [2024-05-27T01:46:12.572+0000] {dag.py:3954} INFO - Setting next_dagrun for example_sensors to None, run_after=None
[2024-05-27T01:46:12.592+0000] {processor.py:183} INFO - Processing /home/airflow/.local/lib/python3.12/site-packages/airflow/example_dags/example_sensors.py took 0.081 seconds
[2024-05-27T01:48:43.027+0000] {processor.py:161} INFO - Started process (PID=38) to work on /home/airflow/.local/lib/python3.12/site-packages/airflow/example_dags/example_sensors.py
[2024-05-27T01:48:43.028+0000] {processor.py:830} INFO - Processing file /home/airflow/.local/lib/python3.12/site-packages/airflow/example_dags/example_sensors.py for tasks to queue
[2024-05-27T01:48:43.031+0000] {logging_mixin.py:188} INFO - [2024-05-27T01:48:43.030+0000] {dagbag.py:545} INFO - Filling up the DagBag from /home/airflow/.local/lib/python3.12/site-packages/airflow/example_dags/example_sensors.py
[2024-05-27T01:48:43.041+0000] {processor.py:840} INFO - DAG(s) 'example_sensors' retrieved from /home/airflow/.local/lib/python3.12/site-packages/airflow/example_dags/example_sensors.py
[2024-05-27T01:48:43.052+0000] {logging_mixin.py:188} INFO - [2024-05-27T01:48:43.051+0000] {dag.py:3096} INFO - Sync 1 DAGs
[2024-05-27T01:48:43.069+0000] {logging_mixin.py:188} INFO - [2024-05-27T01:48:43.069+0000] {dag.py:3954} INFO - Setting next_dagrun for example_sensors to None, run_after=None
[2024-05-27T01:48:43.092+0000] {processor.py:183} INFO - Processing /home/airflow/.local/lib/python3.12/site-packages/airflow/example_dags/example_sensors.py took 0.070 seconds
[2024-05-27T01:49:13.467+0000] {processor.py:161} INFO - Started process (PID=96) to work on /home/airflow/.local/lib/python3.12/site-packages/airflow/example_dags/example_sensors.py
[2024-05-27T01:49:13.468+0000] {processor.py:830} INFO - Processing file /home/airflow/.local/lib/python3.12/site-packages/airflow/example_dags/example_sensors.py for tasks to queue
[2024-05-27T01:49:13.470+0000] {logging_mixin.py:188} INFO - [2024-05-27T01:49:13.469+0000] {dagbag.py:545} INFO - Filling up the DagBag from /home/airflow/.local/lib/python3.12/site-packages/airflow/example_dags/example_sensors.py
[2024-05-27T01:49:13.478+0000] {processor.py:840} INFO - DAG(s) 'example_sensors' retrieved from /home/airflow/.local/lib/python3.12/site-packages/airflow/example_dags/example_sensors.py
[2024-05-27T01:49:13.576+0000] {logging_mixin.py:188} INFO - [2024-05-27T01:49:13.575+0000] {dag.py:3096} INFO - Sync 1 DAGs
[2024-05-27T01:49:13.590+0000] {logging_mixin.py:188} INFO - [2024-05-27T01:49:13.590+0000] {dag.py:3954} INFO - Setting next_dagrun for example_sensors to None, run_after=None
[2024-05-27T01:49:13.671+0000] {processor.py:183} INFO - Processing /home/airflow/.local/lib/python3.12/site-packages/airflow/example_dags/example_sensors.py took 0.209 seconds
[2024-05-27T13:32:46.643+0000] {processor.py:161} INFO - Started process (PID=38) to work on /home/airflow/.local/lib/python3.12/site-packages/airflow/example_dags/example_sensors.py
[2024-05-27T13:32:46.644+0000] {processor.py:830} INFO - Processing file /home/airflow/.local/lib/python3.12/site-packages/airflow/example_dags/example_sensors.py for tasks to queue
[2024-05-27T13:32:46.647+0000] {logging_mixin.py:188} INFO - [2024-05-27T13:32:46.647+0000] {dagbag.py:545} INFO - Filling up the DagBag from /home/airflow/.local/lib/python3.12/site-packages/airflow/example_dags/example_sensors.py
[2024-05-27T13:32:46.662+0000] {processor.py:840} INFO - DAG(s) 'example_sensors' retrieved from /home/airflow/.local/lib/python3.12/site-packages/airflow/example_dags/example_sensors.py
[2024-05-27T13:32:46.701+0000] {logging_mixin.py:188} INFO - [2024-05-27T13:32:46.700+0000] {dag.py:3096} INFO - Sync 1 DAGs
[2024-05-27T13:32:46.721+0000] {logging_mixin.py:188} INFO - [2024-05-27T13:32:46.720+0000] {dag.py:3954} INFO - Setting next_dagrun for example_sensors to None, run_after=None
[2024-05-27T13:32:46.748+0000] {processor.py:183} INFO - Processing /home/airflow/.local/lib/python3.12/site-packages/airflow/example_dags/example_sensors.py took 0.117 seconds
[2024-05-27T13:33:17.041+0000] {processor.py:161} INFO - Started process (PID=95) to work on /home/airflow/.local/lib/python3.12/site-packages/airflow/example_dags/example_sensors.py
[2024-05-27T13:33:17.042+0000] {processor.py:830} INFO - Processing file /home/airflow/.local/lib/python3.12/site-packages/airflow/example_dags/example_sensors.py for tasks to queue
[2024-05-27T13:33:17.044+0000] {logging_mixin.py:188} INFO - [2024-05-27T13:33:17.043+0000] {dagbag.py:545} INFO - Filling up the DagBag from /home/airflow/.local/lib/python3.12/site-packages/airflow/example_dags/example_sensors.py
[2024-05-27T13:33:17.053+0000] {processor.py:840} INFO - DAG(s) 'example_sensors' retrieved from /home/airflow/.local/lib/python3.12/site-packages/airflow/example_dags/example_sensors.py
[2024-05-27T13:33:17.077+0000] {logging_mixin.py:188} INFO - [2024-05-27T13:33:17.077+0000] {dag.py:3096} INFO - Sync 1 DAGs
[2024-05-27T13:33:17.091+0000] {logging_mixin.py:188} INFO - [2024-05-27T13:33:17.091+0000] {dag.py:3954} INFO - Setting next_dagrun for example_sensors to None, run_after=None
[2024-05-27T13:33:17.110+0000] {processor.py:183} INFO - Processing /home/airflow/.local/lib/python3.12/site-packages/airflow/example_dags/example_sensors.py took 0.075 seconds
[2024-05-27T14:22:37.608+0000] {processor.py:161} INFO - Started process (PID=69) to work on /home/airflow/.local/lib/python3.12/site-packages/airflow/example_dags/example_sensors.py
[2024-05-27T14:22:37.609+0000] {processor.py:830} INFO - Processing file /home/airflow/.local/lib/python3.12/site-packages/airflow/example_dags/example_sensors.py for tasks to queue
[2024-05-27T14:22:37.611+0000] {logging_mixin.py:188} INFO - [2024-05-27T14:22:37.611+0000] {dagbag.py:545} INFO - Filling up the DagBag from /home/airflow/.local/lib/python3.12/site-packages/airflow/example_dags/example_sensors.py
[2024-05-27T14:22:37.625+0000] {processor.py:840} INFO - DAG(s) 'example_sensors' retrieved from /home/airflow/.local/lib/python3.12/site-packages/airflow/example_dags/example_sensors.py
[2024-05-27T14:22:37.745+0000] {logging_mixin.py:188} INFO - [2024-05-27T14:22:37.744+0000] {override.py:1829} INFO - Created Permission View: can edit on DAG:example_sensors
[2024-05-27T14:22:37.759+0000] {logging_mixin.py:188} INFO - [2024-05-27T14:22:37.758+0000] {override.py:1829} INFO - Created Permission View: can delete on DAG:example_sensors
[2024-05-27T14:22:37.768+0000] {logging_mixin.py:188} INFO - [2024-05-27T14:22:37.768+0000] {override.py:1829} INFO - Created Permission View: can read on DAG:example_sensors
[2024-05-27T14:22:37.769+0000] {logging_mixin.py:188} INFO - [2024-05-27T14:22:37.769+0000] {dag.py:3096} INFO - Sync 1 DAGs
[2024-05-27T14:22:37.782+0000] {logging_mixin.py:188} INFO - [2024-05-27T14:22:37.782+0000] {dag.py:3118} INFO - Creating ORM DAG for example_sensors
[2024-05-27T14:22:37.785+0000] {logging_mixin.py:188} INFO - [2024-05-27T14:22:37.784+0000] {dag.py:3954} INFO - Setting next_dagrun for example_sensors to None, run_after=None
[2024-05-27T14:22:37.817+0000] {processor.py:183} INFO - Processing /home/airflow/.local/lib/python3.12/site-packages/airflow/example_dags/example_sensors.py took 0.216 seconds
[2024-05-27T14:26:28.240+0000] {processor.py:161} INFO - Started process (PID=134) to work on /home/airflow/.local/lib/python3.12/site-packages/airflow/example_dags/example_sensors.py
[2024-05-27T14:26:28.243+0000] {processor.py:830} INFO - Processing file /home/airflow/.local/lib/python3.12/site-packages/airflow/example_dags/example_sensors.py for tasks to queue
[2024-05-27T14:26:28.244+0000] {logging_mixin.py:188} INFO - [2024-05-27T14:26:28.244+0000] {dagbag.py:545} INFO - Filling up the DagBag from /home/airflow/.local/lib/python3.12/site-packages/airflow/example_dags/example_sensors.py
[2024-05-27T14:26:28.265+0000] {processor.py:840} INFO - DAG(s) 'example_sensors' retrieved from /home/airflow/.local/lib/python3.12/site-packages/airflow/example_dags/example_sensors.py
[2024-05-27T14:26:28.316+0000] {logging_mixin.py:188} INFO - [2024-05-27T14:26:28.316+0000] {dag.py:3096} INFO - Sync 1 DAGs
[2024-05-27T14:26:28.353+0000] {logging_mixin.py:188} INFO - [2024-05-27T14:26:28.350+0000] {dag.py:3954} INFO - Setting next_dagrun for example_sensors to None, run_after=None
[2024-05-27T14:26:28.392+0000] {processor.py:183} INFO - Processing /home/airflow/.local/lib/python3.12/site-packages/airflow/example_dags/example_sensors.py took 0.165 seconds
[2024-05-27T14:26:59.226+0000] {processor.py:161} INFO - Started process (PID=192) to work on /home/airflow/.local/lib/python3.12/site-packages/airflow/example_dags/example_sensors.py
[2024-05-27T14:26:59.227+0000] {processor.py:830} INFO - Processing file /home/airflow/.local/lib/python3.12/site-packages/airflow/example_dags/example_sensors.py for tasks to queue
[2024-05-27T14:26:59.229+0000] {logging_mixin.py:188} INFO - [2024-05-27T14:26:59.228+0000] {dagbag.py:545} INFO - Filling up the DagBag from /home/airflow/.local/lib/python3.12/site-packages/airflow/example_dags/example_sensors.py
[2024-05-27T14:26:59.241+0000] {processor.py:840} INFO - DAG(s) 'example_sensors' retrieved from /home/airflow/.local/lib/python3.12/site-packages/airflow/example_dags/example_sensors.py
[2024-05-27T14:26:59.271+0000] {logging_mixin.py:188} INFO - [2024-05-27T14:26:59.270+0000] {dag.py:3096} INFO - Sync 1 DAGs
[2024-05-27T14:26:59.298+0000] {logging_mixin.py:188} INFO - [2024-05-27T14:26:59.297+0000] {dag.py:3954} INFO - Setting next_dagrun for example_sensors to None, run_after=None
[2024-05-27T14:26:59.341+0000] {processor.py:183} INFO - Processing /home/airflow/.local/lib/python3.12/site-packages/airflow/example_dags/example_sensors.py took 0.120 seconds
[2024-05-27T17:32:26.684+0000] {processor.py:161} INFO - Started process (PID=60) to work on /home/airflow/.local/lib/python3.12/site-packages/airflow/example_dags/example_sensors.py
[2024-05-27T17:32:26.685+0000] {processor.py:830} INFO - Processing file /home/airflow/.local/lib/python3.12/site-packages/airflow/example_dags/example_sensors.py for tasks to queue
[2024-05-27T17:32:26.690+0000] {logging_mixin.py:188} INFO - [2024-05-27T17:32:26.690+0000] {dagbag.py:545} INFO - Filling up the DagBag from /home/airflow/.local/lib/python3.12/site-packages/airflow/example_dags/example_sensors.py
[2024-05-27T17:32:26.719+0000] {processor.py:840} INFO - DAG(s) 'example_sensors' retrieved from /home/airflow/.local/lib/python3.12/site-packages/airflow/example_dags/example_sensors.py
[2024-05-27T17:32:26.739+0000] {logging_mixin.py:188} INFO - [2024-05-27T17:32:26.738+0000] {dag.py:3096} INFO - Sync 1 DAGs
[2024-05-27T17:32:26.759+0000] {logging_mixin.py:188} INFO - [2024-05-27T17:32:26.759+0000] {dag.py:3954} INFO - Setting next_dagrun for example_sensors to None, run_after=None
[2024-05-27T17:32:26.788+0000] {processor.py:183} INFO - Processing /home/airflow/.local/lib/python3.12/site-packages/airflow/example_dags/example_sensors.py took 0.115 seconds
[2024-05-27T17:32:57.694+0000] {processor.py:161} INFO - Started process (PID=118) to work on /home/airflow/.local/lib/python3.12/site-packages/airflow/example_dags/example_sensors.py
[2024-05-27T17:32:57.695+0000] {processor.py:830} INFO - Processing file /home/airflow/.local/lib/python3.12/site-packages/airflow/example_dags/example_sensors.py for tasks to queue
[2024-05-27T17:32:57.697+0000] {logging_mixin.py:188} INFO - [2024-05-27T17:32:57.696+0000] {dagbag.py:545} INFO - Filling up the DagBag from /home/airflow/.local/lib/python3.12/site-packages/airflow/example_dags/example_sensors.py
[2024-05-27T17:32:57.707+0000] {processor.py:840} INFO - DAG(s) 'example_sensors' retrieved from /home/airflow/.local/lib/python3.12/site-packages/airflow/example_dags/example_sensors.py
[2024-05-27T17:32:57.818+0000] {logging_mixin.py:188} INFO - [2024-05-27T17:32:57.818+0000] {dag.py:3096} INFO - Sync 1 DAGs
[2024-05-27T17:32:57.828+0000] {logging_mixin.py:188} INFO - [2024-05-27T17:32:57.828+0000] {dag.py:3954} INFO - Setting next_dagrun for example_sensors to None, run_after=None
[2024-05-27T17:32:57.845+0000] {processor.py:183} INFO - Processing /home/airflow/.local/lib/python3.12/site-packages/airflow/example_dags/example_sensors.py took 0.157 seconds
[2024-05-27T17:33:28.001+0000] {processor.py:161} INFO - Started process (PID=176) to work on /home/airflow/.local/lib/python3.12/site-packages/airflow/example_dags/example_sensors.py
[2024-05-27T17:33:28.003+0000] {processor.py:830} INFO - Processing file /home/airflow/.local/lib/python3.12/site-packages/airflow/example_dags/example_sensors.py for tasks to queue
[2024-05-27T17:33:28.005+0000] {logging_mixin.py:188} INFO - [2024-05-27T17:33:28.005+0000] {dagbag.py:545} INFO - Filling up the DagBag from /home/airflow/.local/lib/python3.12/site-packages/airflow/example_dags/example_sensors.py
[2024-05-27T17:33:28.014+0000] {processor.py:840} INFO - DAG(s) 'example_sensors' retrieved from /home/airflow/.local/lib/python3.12/site-packages/airflow/example_dags/example_sensors.py
[2024-05-27T17:33:28.038+0000] {logging_mixin.py:188} INFO - [2024-05-27T17:33:28.038+0000] {dag.py:3096} INFO - Sync 1 DAGs
[2024-05-27T17:33:28.053+0000] {logging_mixin.py:188} INFO - [2024-05-27T17:33:28.053+0000] {dag.py:3954} INFO - Setting next_dagrun for example_sensors to None, run_after=None
[2024-05-27T17:33:28.073+0000] {processor.py:183} INFO - Processing /home/airflow/.local/lib/python3.12/site-packages/airflow/example_dags/example_sensors.py took 0.078 seconds
[2024-05-27T17:33:58.256+0000] {processor.py:161} INFO - Started process (PID=234) to work on /home/airflow/.local/lib/python3.12/site-packages/airflow/example_dags/example_sensors.py
[2024-05-27T17:33:58.258+0000] {processor.py:830} INFO - Processing file /home/airflow/.local/lib/python3.12/site-packages/airflow/example_dags/example_sensors.py for tasks to queue
[2024-05-27T17:33:58.260+0000] {logging_mixin.py:188} INFO - [2024-05-27T17:33:58.259+0000] {dagbag.py:545} INFO - Filling up the DagBag from /home/airflow/.local/lib/python3.12/site-packages/airflow/example_dags/example_sensors.py
[2024-05-27T17:33:58.270+0000] {processor.py:840} INFO - DAG(s) 'example_sensors' retrieved from /home/airflow/.local/lib/python3.12/site-packages/airflow/example_dags/example_sensors.py
[2024-05-27T17:33:58.293+0000] {logging_mixin.py:188} INFO - [2024-05-27T17:33:58.293+0000] {dag.py:3096} INFO - Sync 1 DAGs
[2024-05-27T17:33:58.309+0000] {logging_mixin.py:188} INFO - [2024-05-27T17:33:58.309+0000] {dag.py:3954} INFO - Setting next_dagrun for example_sensors to None, run_after=None
[2024-05-27T17:33:58.328+0000] {processor.py:183} INFO - Processing /home/airflow/.local/lib/python3.12/site-packages/airflow/example_dags/example_sensors.py took 0.078 seconds
[2024-05-27T17:34:28.525+0000] {processor.py:161} INFO - Started process (PID=292) to work on /home/airflow/.local/lib/python3.12/site-packages/airflow/example_dags/example_sensors.py
[2024-05-27T17:34:28.526+0000] {processor.py:830} INFO - Processing file /home/airflow/.local/lib/python3.12/site-packages/airflow/example_dags/example_sensors.py for tasks to queue
[2024-05-27T17:34:28.528+0000] {logging_mixin.py:188} INFO - [2024-05-27T17:34:28.527+0000] {dagbag.py:545} INFO - Filling up the DagBag from /home/airflow/.local/lib/python3.12/site-packages/airflow/example_dags/example_sensors.py
[2024-05-27T17:34:28.535+0000] {processor.py:840} INFO - DAG(s) 'example_sensors' retrieved from /home/airflow/.local/lib/python3.12/site-packages/airflow/example_dags/example_sensors.py
[2024-05-27T17:34:28.556+0000] {logging_mixin.py:188} INFO - [2024-05-27T17:34:28.556+0000] {dag.py:3096} INFO - Sync 1 DAGs
[2024-05-27T17:34:28.567+0000] {logging_mixin.py:188} INFO - [2024-05-27T17:34:28.567+0000] {dag.py:3954} INFO - Setting next_dagrun for example_sensors to None, run_after=None
[2024-05-27T17:34:28.583+0000] {processor.py:183} INFO - Processing /home/airflow/.local/lib/python3.12/site-packages/airflow/example_dags/example_sensors.py took 0.063 seconds
[2024-05-27T17:34:59.341+0000] {processor.py:161} INFO - Started process (PID=350) to work on /home/airflow/.local/lib/python3.12/site-packages/airflow/example_dags/example_sensors.py
[2024-05-27T17:34:59.342+0000] {processor.py:830} INFO - Processing file /home/airflow/.local/lib/python3.12/site-packages/airflow/example_dags/example_sensors.py for tasks to queue
[2024-05-27T17:34:59.344+0000] {logging_mixin.py:188} INFO - [2024-05-27T17:34:59.343+0000] {dagbag.py:545} INFO - Filling up the DagBag from /home/airflow/.local/lib/python3.12/site-packages/airflow/example_dags/example_sensors.py
[2024-05-27T17:34:59.351+0000] {processor.py:840} INFO - DAG(s) 'example_sensors' retrieved from /home/airflow/.local/lib/python3.12/site-packages/airflow/example_dags/example_sensors.py
[2024-05-27T17:34:59.392+0000] {logging_mixin.py:188} INFO - [2024-05-27T17:34:59.391+0000] {dag.py:3096} INFO - Sync 1 DAGs
[2024-05-27T17:34:59.414+0000] {logging_mixin.py:188} INFO - [2024-05-27T17:34:59.414+0000] {dag.py:3954} INFO - Setting next_dagrun for example_sensors to None, run_after=None
[2024-05-27T17:34:59.437+0000] {processor.py:183} INFO - Processing /home/airflow/.local/lib/python3.12/site-packages/airflow/example_dags/example_sensors.py took 0.102 seconds
[2024-05-27T17:35:29.654+0000] {processor.py:161} INFO - Started process (PID=408) to work on /home/airflow/.local/lib/python3.12/site-packages/airflow/example_dags/example_sensors.py
[2024-05-27T17:35:29.655+0000] {processor.py:830} INFO - Processing file /home/airflow/.local/lib/python3.12/site-packages/airflow/example_dags/example_sensors.py for tasks to queue
[2024-05-27T17:35:29.657+0000] {logging_mixin.py:188} INFO - [2024-05-27T17:35:29.656+0000] {dagbag.py:545} INFO - Filling up the DagBag from /home/airflow/.local/lib/python3.12/site-packages/airflow/example_dags/example_sensors.py
[2024-05-27T17:35:29.665+0000] {processor.py:840} INFO - DAG(s) 'example_sensors' retrieved from /home/airflow/.local/lib/python3.12/site-packages/airflow/example_dags/example_sensors.py
[2024-05-27T17:35:29.689+0000] {logging_mixin.py:188} INFO - [2024-05-27T17:35:29.689+0000] {dag.py:3096} INFO - Sync 1 DAGs
[2024-05-27T17:35:29.701+0000] {logging_mixin.py:188} INFO - [2024-05-27T17:35:29.701+0000] {dag.py:3954} INFO - Setting next_dagrun for example_sensors to None, run_after=None
[2024-05-27T17:35:29.718+0000] {processor.py:183} INFO - Processing /home/airflow/.local/lib/python3.12/site-packages/airflow/example_dags/example_sensors.py took 0.070 seconds
[2024-05-27T17:36:00.285+0000] {processor.py:161} INFO - Started process (PID=471) to work on /home/airflow/.local/lib/python3.12/site-packages/airflow/example_dags/example_sensors.py
[2024-05-27T17:36:00.285+0000] {processor.py:830} INFO - Processing file /home/airflow/.local/lib/python3.12/site-packages/airflow/example_dags/example_sensors.py for tasks to queue
[2024-05-27T17:36:00.287+0000] {logging_mixin.py:188} INFO - [2024-05-27T17:36:00.287+0000] {dagbag.py:545} INFO - Filling up the DagBag from /home/airflow/.local/lib/python3.12/site-packages/airflow/example_dags/example_sensors.py
[2024-05-27T17:36:00.299+0000] {processor.py:840} INFO - DAG(s) 'example_sensors' retrieved from /home/airflow/.local/lib/python3.12/site-packages/airflow/example_dags/example_sensors.py
[2024-05-27T17:36:00.320+0000] {logging_mixin.py:188} INFO - [2024-05-27T17:36:00.320+0000] {dag.py:3096} INFO - Sync 1 DAGs
[2024-05-27T17:36:00.333+0000] {logging_mixin.py:188} INFO - [2024-05-27T17:36:00.333+0000] {dag.py:3954} INFO - Setting next_dagrun for example_sensors to None, run_after=None
[2024-05-27T17:36:00.350+0000] {processor.py:183} INFO - Processing /home/airflow/.local/lib/python3.12/site-packages/airflow/example_dags/example_sensors.py took 0.070 seconds
[2024-05-27T17:36:31.037+0000] {processor.py:161} INFO - Started process (PID=529) to work on /home/airflow/.local/lib/python3.12/site-packages/airflow/example_dags/example_sensors.py
[2024-05-27T17:36:31.040+0000] {processor.py:830} INFO - Processing file /home/airflow/.local/lib/python3.12/site-packages/airflow/example_dags/example_sensors.py for tasks to queue
[2024-05-27T17:36:31.044+0000] {logging_mixin.py:188} INFO - [2024-05-27T17:36:31.044+0000] {dagbag.py:545} INFO - Filling up the DagBag from /home/airflow/.local/lib/python3.12/site-packages/airflow/example_dags/example_sensors.py
[2024-05-27T17:36:31.054+0000] {processor.py:840} INFO - DAG(s) 'example_sensors' retrieved from /home/airflow/.local/lib/python3.12/site-packages/airflow/example_dags/example_sensors.py
[2024-05-27T17:36:31.080+0000] {logging_mixin.py:188} INFO - [2024-05-27T17:36:31.080+0000] {dag.py:3096} INFO - Sync 1 DAGs
[2024-05-27T17:36:31.094+0000] {logging_mixin.py:188} INFO - [2024-05-27T17:36:31.094+0000] {dag.py:3954} INFO - Setting next_dagrun for example_sensors to None, run_after=None
[2024-05-27T17:36:31.114+0000] {processor.py:183} INFO - Processing /home/airflow/.local/lib/python3.12/site-packages/airflow/example_dags/example_sensors.py took 0.083 seconds
[2024-05-27T17:37:02.000+0000] {processor.py:161} INFO - Started process (PID=586) to work on /home/airflow/.local/lib/python3.12/site-packages/airflow/example_dags/example_sensors.py
[2024-05-27T17:37:02.001+0000] {processor.py:830} INFO - Processing file /home/airflow/.local/lib/python3.12/site-packages/airflow/example_dags/example_sensors.py for tasks to queue
[2024-05-27T17:37:02.004+0000] {logging_mixin.py:188} INFO - [2024-05-27T17:37:02.003+0000] {dagbag.py:545} INFO - Filling up the DagBag from /home/airflow/.local/lib/python3.12/site-packages/airflow/example_dags/example_sensors.py
[2024-05-27T17:37:02.012+0000] {processor.py:840} INFO - DAG(s) 'example_sensors' retrieved from /home/airflow/.local/lib/python3.12/site-packages/airflow/example_dags/example_sensors.py
[2024-05-27T17:37:02.034+0000] {logging_mixin.py:188} INFO - [2024-05-27T17:37:02.034+0000] {dag.py:3096} INFO - Sync 1 DAGs
[2024-05-27T17:37:02.047+0000] {logging_mixin.py:188} INFO - [2024-05-27T17:37:02.047+0000] {dag.py:3954} INFO - Setting next_dagrun for example_sensors to None, run_after=None
[2024-05-27T17:37:02.064+0000] {processor.py:183} INFO - Processing /home/airflow/.local/lib/python3.12/site-packages/airflow/example_dags/example_sensors.py took 0.069 seconds
[2024-05-27T17:38:15.069+0000] {processor.py:161} INFO - Started process (PID=58) to work on /home/airflow/.local/lib/python3.12/site-packages/airflow/example_dags/example_sensors.py
[2024-05-27T17:38:15.070+0000] {processor.py:830} INFO - Processing file /home/airflow/.local/lib/python3.12/site-packages/airflow/example_dags/example_sensors.py for tasks to queue
[2024-05-27T17:38:15.071+0000] {logging_mixin.py:188} INFO - [2024-05-27T17:38:15.071+0000] {dagbag.py:545} INFO - Filling up the DagBag from /home/airflow/.local/lib/python3.12/site-packages/airflow/example_dags/example_sensors.py
[2024-05-27T17:38:15.079+0000] {processor.py:840} INFO - DAG(s) 'example_sensors' retrieved from /home/airflow/.local/lib/python3.12/site-packages/airflow/example_dags/example_sensors.py
[2024-05-27T17:38:15.090+0000] {logging_mixin.py:188} INFO - [2024-05-27T17:38:15.090+0000] {dag.py:3096} INFO - Sync 1 DAGs
[2024-05-27T17:38:15.108+0000] {logging_mixin.py:188} INFO - [2024-05-27T17:38:15.108+0000] {dag.py:3954} INFO - Setting next_dagrun for example_sensors to None, run_after=None
[2024-05-27T17:38:15.127+0000] {processor.py:183} INFO - Processing /home/airflow/.local/lib/python3.12/site-packages/airflow/example_dags/example_sensors.py took 0.063 seconds
[2024-05-27T17:38:46.603+0000] {processor.py:161} INFO - Started process (PID=116) to work on /home/airflow/.local/lib/python3.12/site-packages/airflow/example_dags/example_sensors.py
[2024-05-27T17:38:46.604+0000] {processor.py:830} INFO - Processing file /home/airflow/.local/lib/python3.12/site-packages/airflow/example_dags/example_sensors.py for tasks to queue
[2024-05-27T17:38:46.606+0000] {logging_mixin.py:188} INFO - [2024-05-27T17:38:46.606+0000] {dagbag.py:545} INFO - Filling up the DagBag from /home/airflow/.local/lib/python3.12/site-packages/airflow/example_dags/example_sensors.py
[2024-05-27T17:38:46.614+0000] {processor.py:840} INFO - DAG(s) 'example_sensors' retrieved from /home/airflow/.local/lib/python3.12/site-packages/airflow/example_dags/example_sensors.py
[2024-05-27T17:38:46.711+0000] {logging_mixin.py:188} INFO - [2024-05-27T17:38:46.710+0000] {dag.py:3096} INFO - Sync 1 DAGs
[2024-05-27T17:38:46.720+0000] {logging_mixin.py:188} INFO - [2024-05-27T17:38:46.720+0000] {dag.py:3954} INFO - Setting next_dagrun for example_sensors to None, run_after=None
[2024-05-27T17:38:46.736+0000] {processor.py:183} INFO - Processing /home/airflow/.local/lib/python3.12/site-packages/airflow/example_dags/example_sensors.py took 0.138 seconds
