[2024-05-27T01:38:35.370+0000] {processor.py:161} INFO - Started process (PID=36) to work on /home/airflow/.local/lib/python3.12/site-packages/airflow/example_dags/example_skip_dag.py
[2024-05-27T01:38:35.371+0000] {processor.py:830} INFO - Processing file /home/airflow/.local/lib/python3.12/site-packages/airflow/example_dags/example_skip_dag.py for tasks to queue
[2024-05-27T01:38:35.373+0000] {logging_mixin.py:188} INFO - [2024-05-27T01:38:35.373+0000] {dagbag.py:545} INFO - Filling up the DagBag from /home/airflow/.local/lib/python3.12/site-packages/airflow/example_dags/example_skip_dag.py
[2024-05-27T01:38:35.384+0000] {processor.py:840} INFO - DAG(s) 'example_skip_dag' retrieved from /home/airflow/.local/lib/python3.12/site-packages/airflow/example_dags/example_skip_dag.py
[2024-05-27T01:38:35.395+0000] {logging_mixin.py:188} INFO - [2024-05-27T01:38:35.395+0000] {dag.py:3096} INFO - Sync 1 DAGs
[2024-05-27T01:38:35.422+0000] {logging_mixin.py:188} INFO - [2024-05-27T01:38:35.422+0000] {dag.py:3954} INFO - Setting next_dagrun for example_skip_dag to 2024-05-26 00:00:00+00:00, run_after=2024-05-27 00:00:00+00:00
[2024-05-27T01:38:35.441+0000] {processor.py:183} INFO - Processing /home/airflow/.local/lib/python3.12/site-packages/airflow/example_dags/example_skip_dag.py took 0.077 seconds
[2024-05-27T01:39:06.078+0000] {processor.py:161} INFO - Started process (PID=94) to work on /home/airflow/.local/lib/python3.12/site-packages/airflow/example_dags/example_skip_dag.py
[2024-05-27T01:39:06.079+0000] {processor.py:830} INFO - Processing file /home/airflow/.local/lib/python3.12/site-packages/airflow/example_dags/example_skip_dag.py for tasks to queue
[2024-05-27T01:39:06.081+0000] {logging_mixin.py:188} INFO - [2024-05-27T01:39:06.081+0000] {dagbag.py:545} INFO - Filling up the DagBag from /home/airflow/.local/lib/python3.12/site-packages/airflow/example_dags/example_skip_dag.py
[2024-05-27T01:39:06.087+0000] {processor.py:840} INFO - DAG(s) 'example_skip_dag' retrieved from /home/airflow/.local/lib/python3.12/site-packages/airflow/example_dags/example_skip_dag.py
[2024-05-27T01:39:06.183+0000] {logging_mixin.py:188} INFO - [2024-05-27T01:39:06.183+0000] {dag.py:3096} INFO - Sync 1 DAGs
[2024-05-27T01:39:06.200+0000] {logging_mixin.py:188} INFO - [2024-05-27T01:39:06.200+0000] {dag.py:3954} INFO - Setting next_dagrun for example_skip_dag to 2024-05-26 00:00:00+00:00, run_after=2024-05-27 00:00:00+00:00
[2024-05-27T01:39:06.220+0000] {processor.py:183} INFO - Processing /home/airflow/.local/lib/python3.12/site-packages/airflow/example_dags/example_skip_dag.py took 0.148 seconds
[2024-05-27T01:39:36.249+0000] {processor.py:161} INFO - Started process (PID=152) to work on /home/airflow/.local/lib/python3.12/site-packages/airflow/example_dags/example_skip_dag.py
[2024-05-27T01:39:36.250+0000] {processor.py:830} INFO - Processing file /home/airflow/.local/lib/python3.12/site-packages/airflow/example_dags/example_skip_dag.py for tasks to queue
[2024-05-27T01:39:36.252+0000] {logging_mixin.py:188} INFO - [2024-05-27T01:39:36.251+0000] {dagbag.py:545} INFO - Filling up the DagBag from /home/airflow/.local/lib/python3.12/site-packages/airflow/example_dags/example_skip_dag.py
[2024-05-27T01:39:36.262+0000] {processor.py:840} INFO - DAG(s) 'example_skip_dag' retrieved from /home/airflow/.local/lib/python3.12/site-packages/airflow/example_dags/example_skip_dag.py
[2024-05-27T01:39:36.289+0000] {logging_mixin.py:188} INFO - [2024-05-27T01:39:36.288+0000] {dag.py:3096} INFO - Sync 1 DAGs
[2024-05-27T01:39:36.313+0000] {logging_mixin.py:188} INFO - [2024-05-27T01:39:36.313+0000] {dag.py:3954} INFO - Setting next_dagrun for example_skip_dag to 2024-05-26 00:00:00+00:00, run_after=2024-05-27 00:00:00+00:00
[2024-05-27T01:39:36.332+0000] {processor.py:183} INFO - Processing /home/airflow/.local/lib/python3.12/site-packages/airflow/example_dags/example_skip_dag.py took 0.088 seconds
[2024-05-27T01:40:06.573+0000] {processor.py:161} INFO - Started process (PID=210) to work on /home/airflow/.local/lib/python3.12/site-packages/airflow/example_dags/example_skip_dag.py
[2024-05-27T01:40:06.574+0000] {processor.py:830} INFO - Processing file /home/airflow/.local/lib/python3.12/site-packages/airflow/example_dags/example_skip_dag.py for tasks to queue
[2024-05-27T01:40:06.576+0000] {logging_mixin.py:188} INFO - [2024-05-27T01:40:06.576+0000] {dagbag.py:545} INFO - Filling up the DagBag from /home/airflow/.local/lib/python3.12/site-packages/airflow/example_dags/example_skip_dag.py
[2024-05-27T01:40:06.582+0000] {processor.py:840} INFO - DAG(s) 'example_skip_dag' retrieved from /home/airflow/.local/lib/python3.12/site-packages/airflow/example_dags/example_skip_dag.py
[2024-05-27T01:40:06.600+0000] {logging_mixin.py:188} INFO - [2024-05-27T01:40:06.600+0000] {dag.py:3096} INFO - Sync 1 DAGs
[2024-05-27T01:40:06.622+0000] {logging_mixin.py:188} INFO - [2024-05-27T01:40:06.621+0000] {dag.py:3954} INFO - Setting next_dagrun for example_skip_dag to 2024-05-26 00:00:00+00:00, run_after=2024-05-27 00:00:00+00:00
[2024-05-27T01:40:06.644+0000] {processor.py:183} INFO - Processing /home/airflow/.local/lib/python3.12/site-packages/airflow/example_dags/example_skip_dag.py took 0.076 seconds
[2024-05-27T01:40:36.835+0000] {processor.py:161} INFO - Started process (PID=268) to work on /home/airflow/.local/lib/python3.12/site-packages/airflow/example_dags/example_skip_dag.py
[2024-05-27T01:40:36.836+0000] {processor.py:830} INFO - Processing file /home/airflow/.local/lib/python3.12/site-packages/airflow/example_dags/example_skip_dag.py for tasks to queue
[2024-05-27T01:40:36.838+0000] {logging_mixin.py:188} INFO - [2024-05-27T01:40:36.838+0000] {dagbag.py:545} INFO - Filling up the DagBag from /home/airflow/.local/lib/python3.12/site-packages/airflow/example_dags/example_skip_dag.py
[2024-05-27T01:40:36.845+0000] {processor.py:840} INFO - DAG(s) 'example_skip_dag' retrieved from /home/airflow/.local/lib/python3.12/site-packages/airflow/example_dags/example_skip_dag.py
[2024-05-27T01:40:36.872+0000] {logging_mixin.py:188} INFO - [2024-05-27T01:40:36.872+0000] {dag.py:3096} INFO - Sync 1 DAGs
[2024-05-27T01:40:36.904+0000] {logging_mixin.py:188} INFO - [2024-05-27T01:40:36.904+0000] {dag.py:3954} INFO - Setting next_dagrun for example_skip_dag to 2024-05-26 00:00:00+00:00, run_after=2024-05-27 00:00:00+00:00
[2024-05-27T01:40:36.928+0000] {processor.py:183} INFO - Processing /home/airflow/.local/lib/python3.12/site-packages/airflow/example_dags/example_skip_dag.py took 0.102 seconds
[2024-05-27T01:41:07.027+0000] {processor.py:161} INFO - Started process (PID=326) to work on /home/airflow/.local/lib/python3.12/site-packages/airflow/example_dags/example_skip_dag.py
[2024-05-27T01:41:07.030+0000] {processor.py:830} INFO - Processing file /home/airflow/.local/lib/python3.12/site-packages/airflow/example_dags/example_skip_dag.py for tasks to queue
[2024-05-27T01:41:07.032+0000] {logging_mixin.py:188} INFO - [2024-05-27T01:41:07.031+0000] {dagbag.py:545} INFO - Filling up the DagBag from /home/airflow/.local/lib/python3.12/site-packages/airflow/example_dags/example_skip_dag.py
[2024-05-27T01:41:07.038+0000] {processor.py:840} INFO - DAG(s) 'example_skip_dag' retrieved from /home/airflow/.local/lib/python3.12/site-packages/airflow/example_dags/example_skip_dag.py
[2024-05-27T01:41:07.063+0000] {logging_mixin.py:188} INFO - [2024-05-27T01:41:07.062+0000] {dag.py:3096} INFO - Sync 1 DAGs
[2024-05-27T01:41:07.088+0000] {logging_mixin.py:188} INFO - [2024-05-27T01:41:07.088+0000] {dag.py:3954} INFO - Setting next_dagrun for example_skip_dag to 2024-05-26 00:00:00+00:00, run_after=2024-05-27 00:00:00+00:00
[2024-05-27T01:41:07.107+0000] {processor.py:183} INFO - Processing /home/airflow/.local/lib/python3.12/site-packages/airflow/example_dags/example_skip_dag.py took 0.086 seconds
[2024-05-27T01:41:37.459+0000] {processor.py:161} INFO - Started process (PID=384) to work on /home/airflow/.local/lib/python3.12/site-packages/airflow/example_dags/example_skip_dag.py
[2024-05-27T01:41:37.459+0000] {processor.py:830} INFO - Processing file /home/airflow/.local/lib/python3.12/site-packages/airflow/example_dags/example_skip_dag.py for tasks to queue
[2024-05-27T01:41:37.461+0000] {logging_mixin.py:188} INFO - [2024-05-27T01:41:37.461+0000] {dagbag.py:545} INFO - Filling up the DagBag from /home/airflow/.local/lib/python3.12/site-packages/airflow/example_dags/example_skip_dag.py
[2024-05-27T01:41:37.467+0000] {processor.py:840} INFO - DAG(s) 'example_skip_dag' retrieved from /home/airflow/.local/lib/python3.12/site-packages/airflow/example_dags/example_skip_dag.py
[2024-05-27T01:41:37.488+0000] {logging_mixin.py:188} INFO - [2024-05-27T01:41:37.487+0000] {dag.py:3096} INFO - Sync 1 DAGs
[2024-05-27T01:41:37.510+0000] {logging_mixin.py:188} INFO - [2024-05-27T01:41:37.509+0000] {dag.py:3954} INFO - Setting next_dagrun for example_skip_dag to 2024-05-26 00:00:00+00:00, run_after=2024-05-27 00:00:00+00:00
[2024-05-27T01:41:37.529+0000] {processor.py:183} INFO - Processing /home/airflow/.local/lib/python3.12/site-packages/airflow/example_dags/example_skip_dag.py took 0.077 seconds
[2024-05-27T01:42:07.904+0000] {processor.py:161} INFO - Started process (PID=442) to work on /home/airflow/.local/lib/python3.12/site-packages/airflow/example_dags/example_skip_dag.py
[2024-05-27T01:42:07.905+0000] {processor.py:830} INFO - Processing file /home/airflow/.local/lib/python3.12/site-packages/airflow/example_dags/example_skip_dag.py for tasks to queue
[2024-05-27T01:42:07.907+0000] {logging_mixin.py:188} INFO - [2024-05-27T01:42:07.906+0000] {dagbag.py:545} INFO - Filling up the DagBag from /home/airflow/.local/lib/python3.12/site-packages/airflow/example_dags/example_skip_dag.py
[2024-05-27T01:42:07.912+0000] {processor.py:840} INFO - DAG(s) 'example_skip_dag' retrieved from /home/airflow/.local/lib/python3.12/site-packages/airflow/example_dags/example_skip_dag.py
[2024-05-27T01:42:07.938+0000] {logging_mixin.py:188} INFO - [2024-05-27T01:42:07.938+0000] {dag.py:3096} INFO - Sync 1 DAGs
[2024-05-27T01:42:07.963+0000] {logging_mixin.py:188} INFO - [2024-05-27T01:42:07.963+0000] {dag.py:3954} INFO - Setting next_dagrun for example_skip_dag to 2024-05-26 00:00:00+00:00, run_after=2024-05-27 00:00:00+00:00
[2024-05-27T01:42:07.981+0000] {processor.py:183} INFO - Processing /home/airflow/.local/lib/python3.12/site-packages/airflow/example_dags/example_skip_dag.py took 0.084 seconds
[2024-05-27T01:42:38.497+0000] {processor.py:161} INFO - Started process (PID=500) to work on /home/airflow/.local/lib/python3.12/site-packages/airflow/example_dags/example_skip_dag.py
[2024-05-27T01:42:38.498+0000] {processor.py:830} INFO - Processing file /home/airflow/.local/lib/python3.12/site-packages/airflow/example_dags/example_skip_dag.py for tasks to queue
[2024-05-27T01:42:38.500+0000] {logging_mixin.py:188} INFO - [2024-05-27T01:42:38.500+0000] {dagbag.py:545} INFO - Filling up the DagBag from /home/airflow/.local/lib/python3.12/site-packages/airflow/example_dags/example_skip_dag.py
[2024-05-27T01:42:38.507+0000] {processor.py:840} INFO - DAG(s) 'example_skip_dag' retrieved from /home/airflow/.local/lib/python3.12/site-packages/airflow/example_dags/example_skip_dag.py
[2024-05-27T01:42:38.529+0000] {logging_mixin.py:188} INFO - [2024-05-27T01:42:38.529+0000] {dag.py:3096} INFO - Sync 1 DAGs
[2024-05-27T01:42:38.554+0000] {logging_mixin.py:188} INFO - [2024-05-27T01:42:38.554+0000] {dag.py:3954} INFO - Setting next_dagrun for example_skip_dag to 2024-05-26 00:00:00+00:00, run_after=2024-05-27 00:00:00+00:00
[2024-05-27T01:42:38.576+0000] {processor.py:183} INFO - Processing /home/airflow/.local/lib/python3.12/site-packages/airflow/example_dags/example_skip_dag.py took 0.086 seconds
[2024-05-27T01:43:08.779+0000] {processor.py:161} INFO - Started process (PID=558) to work on /home/airflow/.local/lib/python3.12/site-packages/airflow/example_dags/example_skip_dag.py
[2024-05-27T01:43:08.783+0000] {processor.py:830} INFO - Processing file /home/airflow/.local/lib/python3.12/site-packages/airflow/example_dags/example_skip_dag.py for tasks to queue
[2024-05-27T01:43:08.785+0000] {logging_mixin.py:188} INFO - [2024-05-27T01:43:08.784+0000] {dagbag.py:545} INFO - Filling up the DagBag from /home/airflow/.local/lib/python3.12/site-packages/airflow/example_dags/example_skip_dag.py
[2024-05-27T01:43:08.791+0000] {processor.py:840} INFO - DAG(s) 'example_skip_dag' retrieved from /home/airflow/.local/lib/python3.12/site-packages/airflow/example_dags/example_skip_dag.py
[2024-05-27T01:43:08.815+0000] {logging_mixin.py:188} INFO - [2024-05-27T01:43:08.815+0000] {dag.py:3096} INFO - Sync 1 DAGs
[2024-05-27T01:43:08.845+0000] {logging_mixin.py:188} INFO - [2024-05-27T01:43:08.845+0000] {dag.py:3954} INFO - Setting next_dagrun for example_skip_dag to 2024-05-26 00:00:00+00:00, run_after=2024-05-27 00:00:00+00:00
[2024-05-27T01:43:08.865+0000] {processor.py:183} INFO - Processing /home/airflow/.local/lib/python3.12/site-packages/airflow/example_dags/example_skip_dag.py took 0.094 seconds
[2024-05-27T01:43:39.783+0000] {processor.py:161} INFO - Started process (PID=616) to work on /home/airflow/.local/lib/python3.12/site-packages/airflow/example_dags/example_skip_dag.py
[2024-05-27T01:43:39.784+0000] {processor.py:830} INFO - Processing file /home/airflow/.local/lib/python3.12/site-packages/airflow/example_dags/example_skip_dag.py for tasks to queue
[2024-05-27T01:43:39.786+0000] {logging_mixin.py:188} INFO - [2024-05-27T01:43:39.786+0000] {dagbag.py:545} INFO - Filling up the DagBag from /home/airflow/.local/lib/python3.12/site-packages/airflow/example_dags/example_skip_dag.py
[2024-05-27T01:43:39.794+0000] {processor.py:840} INFO - DAG(s) 'example_skip_dag' retrieved from /home/airflow/.local/lib/python3.12/site-packages/airflow/example_dags/example_skip_dag.py
[2024-05-27T01:43:39.815+0000] {logging_mixin.py:188} INFO - [2024-05-27T01:43:39.814+0000] {dag.py:3096} INFO - Sync 1 DAGs
[2024-05-27T01:43:39.837+0000] {logging_mixin.py:188} INFO - [2024-05-27T01:43:39.837+0000] {dag.py:3954} INFO - Setting next_dagrun for example_skip_dag to 2024-05-26 00:00:00+00:00, run_after=2024-05-27 00:00:00+00:00
[2024-05-27T01:43:39.857+0000] {processor.py:183} INFO - Processing /home/airflow/.local/lib/python3.12/site-packages/airflow/example_dags/example_skip_dag.py took 0.080 seconds
[2024-05-27T01:44:10.197+0000] {processor.py:161} INFO - Started process (PID=673) to work on /home/airflow/.local/lib/python3.12/site-packages/airflow/example_dags/example_skip_dag.py
[2024-05-27T01:44:10.198+0000] {processor.py:830} INFO - Processing file /home/airflow/.local/lib/python3.12/site-packages/airflow/example_dags/example_skip_dag.py for tasks to queue
[2024-05-27T01:44:10.200+0000] {logging_mixin.py:188} INFO - [2024-05-27T01:44:10.200+0000] {dagbag.py:545} INFO - Filling up the DagBag from /home/airflow/.local/lib/python3.12/site-packages/airflow/example_dags/example_skip_dag.py
[2024-05-27T01:44:10.209+0000] {processor.py:840} INFO - DAG(s) 'example_skip_dag' retrieved from /home/airflow/.local/lib/python3.12/site-packages/airflow/example_dags/example_skip_dag.py
[2024-05-27T01:44:10.229+0000] {logging_mixin.py:188} INFO - [2024-05-27T01:44:10.229+0000] {dag.py:3096} INFO - Sync 1 DAGs
[2024-05-27T01:44:10.255+0000] {logging_mixin.py:188} INFO - [2024-05-27T01:44:10.255+0000] {dag.py:3954} INFO - Setting next_dagrun for example_skip_dag to 2024-05-26 00:00:00+00:00, run_after=2024-05-27 00:00:00+00:00
[2024-05-27T01:44:10.277+0000] {processor.py:183} INFO - Processing /home/airflow/.local/lib/python3.12/site-packages/airflow/example_dags/example_skip_dag.py took 0.085 seconds
[2024-05-27T01:44:40.437+0000] {processor.py:161} INFO - Started process (PID=731) to work on /home/airflow/.local/lib/python3.12/site-packages/airflow/example_dags/example_skip_dag.py
[2024-05-27T01:44:40.437+0000] {processor.py:830} INFO - Processing file /home/airflow/.local/lib/python3.12/site-packages/airflow/example_dags/example_skip_dag.py for tasks to queue
[2024-05-27T01:44:40.439+0000] {logging_mixin.py:188} INFO - [2024-05-27T01:44:40.439+0000] {dagbag.py:545} INFO - Filling up the DagBag from /home/airflow/.local/lib/python3.12/site-packages/airflow/example_dags/example_skip_dag.py
[2024-05-27T01:44:40.445+0000] {processor.py:840} INFO - DAG(s) 'example_skip_dag' retrieved from /home/airflow/.local/lib/python3.12/site-packages/airflow/example_dags/example_skip_dag.py
[2024-05-27T01:44:40.466+0000] {logging_mixin.py:188} INFO - [2024-05-27T01:44:40.466+0000] {dag.py:3096} INFO - Sync 1 DAGs
[2024-05-27T01:44:40.489+0000] {logging_mixin.py:188} INFO - [2024-05-27T01:44:40.489+0000] {dag.py:3954} INFO - Setting next_dagrun for example_skip_dag to 2024-05-26 00:00:00+00:00, run_after=2024-05-27 00:00:00+00:00
[2024-05-27T01:44:40.507+0000] {processor.py:183} INFO - Processing /home/airflow/.local/lib/python3.12/site-packages/airflow/example_dags/example_skip_dag.py took 0.076 seconds
[2024-05-27T01:45:11.153+0000] {processor.py:161} INFO - Started process (PID=788) to work on /home/airflow/.local/lib/python3.12/site-packages/airflow/example_dags/example_skip_dag.py
[2024-05-27T01:45:11.154+0000] {processor.py:830} INFO - Processing file /home/airflow/.local/lib/python3.12/site-packages/airflow/example_dags/example_skip_dag.py for tasks to queue
[2024-05-27T01:45:11.156+0000] {logging_mixin.py:188} INFO - [2024-05-27T01:45:11.156+0000] {dagbag.py:545} INFO - Filling up the DagBag from /home/airflow/.local/lib/python3.12/site-packages/airflow/example_dags/example_skip_dag.py
[2024-05-27T01:45:11.164+0000] {processor.py:840} INFO - DAG(s) 'example_skip_dag' retrieved from /home/airflow/.local/lib/python3.12/site-packages/airflow/example_dags/example_skip_dag.py
[2024-05-27T01:45:11.183+0000] {logging_mixin.py:188} INFO - [2024-05-27T01:45:11.183+0000] {dag.py:3096} INFO - Sync 1 DAGs
[2024-05-27T01:45:11.206+0000] {logging_mixin.py:188} INFO - [2024-05-27T01:45:11.206+0000] {dag.py:3954} INFO - Setting next_dagrun for example_skip_dag to 2024-05-26 00:00:00+00:00, run_after=2024-05-27 00:00:00+00:00
[2024-05-27T01:45:11.226+0000] {processor.py:183} INFO - Processing /home/airflow/.local/lib/python3.12/site-packages/airflow/example_dags/example_skip_dag.py took 0.080 seconds
[2024-05-27T01:45:41.627+0000] {processor.py:161} INFO - Started process (PID=846) to work on /home/airflow/.local/lib/python3.12/site-packages/airflow/example_dags/example_skip_dag.py
[2024-05-27T01:45:41.628+0000] {processor.py:830} INFO - Processing file /home/airflow/.local/lib/python3.12/site-packages/airflow/example_dags/example_skip_dag.py for tasks to queue
[2024-05-27T01:45:41.629+0000] {logging_mixin.py:188} INFO - [2024-05-27T01:45:41.629+0000] {dagbag.py:545} INFO - Filling up the DagBag from /home/airflow/.local/lib/python3.12/site-packages/airflow/example_dags/example_skip_dag.py
[2024-05-27T01:45:41.635+0000] {processor.py:840} INFO - DAG(s) 'example_skip_dag' retrieved from /home/airflow/.local/lib/python3.12/site-packages/airflow/example_dags/example_skip_dag.py
[2024-05-27T01:45:41.658+0000] {logging_mixin.py:188} INFO - [2024-05-27T01:45:41.657+0000] {dag.py:3096} INFO - Sync 1 DAGs
[2024-05-27T01:45:41.684+0000] {logging_mixin.py:188} INFO - [2024-05-27T01:45:41.684+0000] {dag.py:3954} INFO - Setting next_dagrun for example_skip_dag to 2024-05-26 00:00:00+00:00, run_after=2024-05-27 00:00:00+00:00
[2024-05-27T01:45:41.700+0000] {processor.py:183} INFO - Processing /home/airflow/.local/lib/python3.12/site-packages/airflow/example_dags/example_skip_dag.py took 0.079 seconds
[2024-05-27T01:46:12.349+0000] {processor.py:161} INFO - Started process (PID=904) to work on /home/airflow/.local/lib/python3.12/site-packages/airflow/example_dags/example_skip_dag.py
[2024-05-27T01:46:12.350+0000] {processor.py:830} INFO - Processing file /home/airflow/.local/lib/python3.12/site-packages/airflow/example_dags/example_skip_dag.py for tasks to queue
[2024-05-27T01:46:12.351+0000] {logging_mixin.py:188} INFO - [2024-05-27T01:46:12.351+0000] {dagbag.py:545} INFO - Filling up the DagBag from /home/airflow/.local/lib/python3.12/site-packages/airflow/example_dags/example_skip_dag.py
[2024-05-27T01:46:12.357+0000] {processor.py:840} INFO - DAG(s) 'example_skip_dag' retrieved from /home/airflow/.local/lib/python3.12/site-packages/airflow/example_dags/example_skip_dag.py
[2024-05-27T01:46:12.375+0000] {logging_mixin.py:188} INFO - [2024-05-27T01:46:12.375+0000] {dag.py:3096} INFO - Sync 1 DAGs
[2024-05-27T01:46:12.401+0000] {logging_mixin.py:188} INFO - [2024-05-27T01:46:12.401+0000] {dag.py:3954} INFO - Setting next_dagrun for example_skip_dag to 2024-05-26 00:00:00+00:00, run_after=2024-05-27 00:00:00+00:00
[2024-05-27T01:46:12.421+0000] {processor.py:183} INFO - Processing /home/airflow/.local/lib/python3.12/site-packages/airflow/example_dags/example_skip_dag.py took 0.077 seconds
[2024-05-27T01:48:42.888+0000] {processor.py:161} INFO - Started process (PID=35) to work on /home/airflow/.local/lib/python3.12/site-packages/airflow/example_dags/example_skip_dag.py
[2024-05-27T01:48:42.889+0000] {processor.py:830} INFO - Processing file /home/airflow/.local/lib/python3.12/site-packages/airflow/example_dags/example_skip_dag.py for tasks to queue
[2024-05-27T01:48:42.892+0000] {logging_mixin.py:188} INFO - [2024-05-27T01:48:42.891+0000] {dagbag.py:545} INFO - Filling up the DagBag from /home/airflow/.local/lib/python3.12/site-packages/airflow/example_dags/example_skip_dag.py
[2024-05-27T01:48:42.901+0000] {processor.py:840} INFO - DAG(s) 'example_skip_dag' retrieved from /home/airflow/.local/lib/python3.12/site-packages/airflow/example_dags/example_skip_dag.py
[2024-05-27T01:48:42.912+0000] {logging_mixin.py:188} INFO - [2024-05-27T01:48:42.911+0000] {dag.py:3096} INFO - Sync 1 DAGs
[2024-05-27T01:48:42.941+0000] {logging_mixin.py:188} INFO - [2024-05-27T01:48:42.940+0000] {dag.py:3954} INFO - Setting next_dagrun for example_skip_dag to 2024-05-26 00:00:00+00:00, run_after=2024-05-27 00:00:00+00:00
[2024-05-27T01:48:42.961+0000] {processor.py:183} INFO - Processing /home/airflow/.local/lib/python3.12/site-packages/airflow/example_dags/example_skip_dag.py took 0.079 seconds
[2024-05-27T01:49:13.274+0000] {processor.py:161} INFO - Started process (PID=93) to work on /home/airflow/.local/lib/python3.12/site-packages/airflow/example_dags/example_skip_dag.py
[2024-05-27T01:49:13.276+0000] {processor.py:830} INFO - Processing file /home/airflow/.local/lib/python3.12/site-packages/airflow/example_dags/example_skip_dag.py for tasks to queue
[2024-05-27T01:49:13.279+0000] {logging_mixin.py:188} INFO - [2024-05-27T01:49:13.278+0000] {dagbag.py:545} INFO - Filling up the DagBag from /home/airflow/.local/lib/python3.12/site-packages/airflow/example_dags/example_skip_dag.py
[2024-05-27T01:49:13.285+0000] {processor.py:840} INFO - DAG(s) 'example_skip_dag' retrieved from /home/airflow/.local/lib/python3.12/site-packages/airflow/example_dags/example_skip_dag.py
[2024-05-27T01:49:13.379+0000] {logging_mixin.py:188} INFO - [2024-05-27T01:49:13.379+0000] {dag.py:3096} INFO - Sync 1 DAGs
[2024-05-27T01:49:13.398+0000] {logging_mixin.py:188} INFO - [2024-05-27T01:49:13.397+0000] {dag.py:3954} INFO - Setting next_dagrun for example_skip_dag to 2024-05-26 00:00:00+00:00, run_after=2024-05-27 00:00:00+00:00
[2024-05-27T01:49:13.414+0000] {processor.py:183} INFO - Processing /home/airflow/.local/lib/python3.12/site-packages/airflow/example_dags/example_skip_dag.py took 0.146 seconds
[2024-05-27T13:32:46.459+0000] {processor.py:161} INFO - Started process (PID=35) to work on /home/airflow/.local/lib/python3.12/site-packages/airflow/example_dags/example_skip_dag.py
[2024-05-27T13:32:46.460+0000] {processor.py:830} INFO - Processing file /home/airflow/.local/lib/python3.12/site-packages/airflow/example_dags/example_skip_dag.py for tasks to queue
[2024-05-27T13:32:46.463+0000] {logging_mixin.py:188} INFO - [2024-05-27T13:32:46.463+0000] {dagbag.py:545} INFO - Filling up the DagBag from /home/airflow/.local/lib/python3.12/site-packages/airflow/example_dags/example_skip_dag.py
[2024-05-27T13:32:46.474+0000] {processor.py:840} INFO - DAG(s) 'example_skip_dag' retrieved from /home/airflow/.local/lib/python3.12/site-packages/airflow/example_dags/example_skip_dag.py
[2024-05-27T13:32:46.502+0000] {logging_mixin.py:188} INFO - [2024-05-27T13:32:46.502+0000] {dag.py:3096} INFO - Sync 1 DAGs
[2024-05-27T13:32:46.534+0000] {logging_mixin.py:188} INFO - [2024-05-27T13:32:46.533+0000] {dag.py:3954} INFO - Setting next_dagrun for example_skip_dag to 2024-05-26 00:00:00+00:00, run_after=2024-05-27 00:00:00+00:00
[2024-05-27T13:32:46.559+0000] {processor.py:183} INFO - Processing /home/airflow/.local/lib/python3.12/site-packages/airflow/example_dags/example_skip_dag.py took 0.106 seconds
[2024-05-27T13:33:16.920+0000] {processor.py:161} INFO - Started process (PID=92) to work on /home/airflow/.local/lib/python3.12/site-packages/airflow/example_dags/example_skip_dag.py
[2024-05-27T13:33:16.921+0000] {processor.py:830} INFO - Processing file /home/airflow/.local/lib/python3.12/site-packages/airflow/example_dags/example_skip_dag.py for tasks to queue
[2024-05-27T13:33:16.923+0000] {logging_mixin.py:188} INFO - [2024-05-27T13:33:16.923+0000] {dagbag.py:545} INFO - Filling up the DagBag from /home/airflow/.local/lib/python3.12/site-packages/airflow/example_dags/example_skip_dag.py
[2024-05-27T13:33:16.930+0000] {processor.py:840} INFO - DAG(s) 'example_skip_dag' retrieved from /home/airflow/.local/lib/python3.12/site-packages/airflow/example_dags/example_skip_dag.py
[2024-05-27T13:33:16.952+0000] {logging_mixin.py:188} INFO - [2024-05-27T13:33:16.951+0000] {dag.py:3096} INFO - Sync 1 DAGs
[2024-05-27T13:33:16.974+0000] {logging_mixin.py:188} INFO - [2024-05-27T13:33:16.974+0000] {dag.py:3954} INFO - Setting next_dagrun for example_skip_dag to 2024-05-26 00:00:00+00:00, run_after=2024-05-27 00:00:00+00:00
[2024-05-27T13:33:16.994+0000] {processor.py:183} INFO - Processing /home/airflow/.local/lib/python3.12/site-packages/airflow/example_dags/example_skip_dag.py took 0.081 seconds
[2024-05-27T14:22:28.407+0000] {processor.py:161} INFO - Started process (PID=33) to work on /home/airflow/.local/lib/python3.12/site-packages/airflow/example_dags/example_skip_dag.py
[2024-05-27T14:22:28.411+0000] {processor.py:830} INFO - Processing file /home/airflow/.local/lib/python3.12/site-packages/airflow/example_dags/example_skip_dag.py for tasks to queue
[2024-05-27T14:22:28.416+0000] {logging_mixin.py:188} INFO - [2024-05-27T14:22:28.416+0000] {dagbag.py:545} INFO - Filling up the DagBag from /home/airflow/.local/lib/python3.12/site-packages/airflow/example_dags/example_skip_dag.py
[2024-05-27T14:22:28.442+0000] {processor.py:840} INFO - DAG(s) 'example_skip_dag' retrieved from /home/airflow/.local/lib/python3.12/site-packages/airflow/example_dags/example_skip_dag.py
[2024-05-27T14:22:28.766+0000] {logging_mixin.py:188} INFO - [2024-05-27T14:22:28.765+0000] {override.py:1829} INFO - Created Permission View: can edit on DAG:example_skip_dag
[2024-05-27T14:22:28.797+0000] {logging_mixin.py:188} INFO - [2024-05-27T14:22:28.797+0000] {override.py:1829} INFO - Created Permission View: can delete on DAG:example_skip_dag
[2024-05-27T14:22:28.827+0000] {logging_mixin.py:188} INFO - [2024-05-27T14:22:28.826+0000] {override.py:1829} INFO - Created Permission View: can read on DAG:example_skip_dag
[2024-05-27T14:22:28.829+0000] {logging_mixin.py:188} INFO - [2024-05-27T14:22:28.829+0000] {dag.py:3096} INFO - Sync 1 DAGs
[2024-05-27T14:22:28.862+0000] {logging_mixin.py:188} INFO - [2024-05-27T14:22:28.862+0000] {dag.py:3118} INFO - Creating ORM DAG for example_skip_dag
[2024-05-27T14:22:28.890+0000] {logging_mixin.py:188} INFO - [2024-05-27T14:22:28.890+0000] {dag.py:3954} INFO - Setting next_dagrun for example_skip_dag to 2024-05-26 00:00:00+00:00, run_after=2024-05-27 00:00:00+00:00
[2024-05-27T14:22:28.928+0000] {processor.py:183} INFO - Processing /home/airflow/.local/lib/python3.12/site-packages/airflow/example_dags/example_skip_dag.py took 0.539 seconds
[2024-05-27T14:26:21.811+0000] {processor.py:161} INFO - Started process (PID=104) to work on /home/airflow/.local/lib/python3.12/site-packages/airflow/example_dags/example_skip_dag.py
[2024-05-27T14:26:21.819+0000] {processor.py:830} INFO - Processing file /home/airflow/.local/lib/python3.12/site-packages/airflow/example_dags/example_skip_dag.py for tasks to queue
[2024-05-27T14:26:21.838+0000] {logging_mixin.py:188} INFO - [2024-05-27T14:26:21.831+0000] {dagbag.py:545} INFO - Filling up the DagBag from /home/airflow/.local/lib/python3.12/site-packages/airflow/example_dags/example_skip_dag.py
[2024-05-27T14:26:21.921+0000] {processor.py:840} INFO - DAG(s) 'example_skip_dag' retrieved from /home/airflow/.local/lib/python3.12/site-packages/airflow/example_dags/example_skip_dag.py
[2024-05-27T14:26:22.166+0000] {logging_mixin.py:188} INFO - [2024-05-27T14:26:22.160+0000] {dag.py:3096} INFO - Sync 1 DAGs
[2024-05-27T14:26:22.298+0000] {logging_mixin.py:188} INFO - [2024-05-27T14:26:22.297+0000] {dag.py:3954} INFO - Setting next_dagrun for example_skip_dag to 2024-05-26 00:00:00+00:00, run_after=2024-05-27 00:00:00+00:00
[2024-05-27T14:26:22.391+0000] {processor.py:183} INFO - Processing /home/airflow/.local/lib/python3.12/site-packages/airflow/example_dags/example_skip_dag.py took 0.668 seconds
[2024-05-27T14:26:53.274+0000] {processor.py:161} INFO - Started process (PID=162) to work on /home/airflow/.local/lib/python3.12/site-packages/airflow/example_dags/example_skip_dag.py
[2024-05-27T14:26:53.276+0000] {processor.py:830} INFO - Processing file /home/airflow/.local/lib/python3.12/site-packages/airflow/example_dags/example_skip_dag.py for tasks to queue
[2024-05-27T14:26:53.278+0000] {logging_mixin.py:188} INFO - [2024-05-27T14:26:53.278+0000] {dagbag.py:545} INFO - Filling up the DagBag from /home/airflow/.local/lib/python3.12/site-packages/airflow/example_dags/example_skip_dag.py
[2024-05-27T14:26:53.291+0000] {processor.py:840} INFO - DAG(s) 'example_skip_dag' retrieved from /home/airflow/.local/lib/python3.12/site-packages/airflow/example_dags/example_skip_dag.py
[2024-05-27T14:26:53.313+0000] {logging_mixin.py:188} INFO - [2024-05-27T14:26:53.313+0000] {dag.py:3096} INFO - Sync 1 DAGs
[2024-05-27T14:26:53.336+0000] {logging_mixin.py:188} INFO - [2024-05-27T14:26:53.336+0000] {dag.py:3954} INFO - Setting next_dagrun for example_skip_dag to 2024-05-26 00:00:00+00:00, run_after=2024-05-27 00:00:00+00:00
[2024-05-27T14:26:53.362+0000] {processor.py:183} INFO - Processing /home/airflow/.local/lib/python3.12/site-packages/airflow/example_dags/example_skip_dag.py took 0.101 seconds
[2024-05-27T17:32:24.511+0000] {processor.py:161} INFO - Started process (PID=30) to work on /home/airflow/.local/lib/python3.12/site-packages/airflow/example_dags/example_skip_dag.py
[2024-05-27T17:32:24.515+0000] {processor.py:830} INFO - Processing file /home/airflow/.local/lib/python3.12/site-packages/airflow/example_dags/example_skip_dag.py for tasks to queue
[2024-05-27T17:32:24.516+0000] {logging_mixin.py:188} INFO - [2024-05-27T17:32:24.516+0000] {dagbag.py:545} INFO - Filling up the DagBag from /home/airflow/.local/lib/python3.12/site-packages/airflow/example_dags/example_skip_dag.py
[2024-05-27T17:32:24.526+0000] {processor.py:840} INFO - DAG(s) 'example_skip_dag' retrieved from /home/airflow/.local/lib/python3.12/site-packages/airflow/example_dags/example_skip_dag.py
[2024-05-27T17:32:24.537+0000] {logging_mixin.py:188} INFO - [2024-05-27T17:32:24.536+0000] {dag.py:3096} INFO - Sync 1 DAGs
[2024-05-27T17:32:24.559+0000] {logging_mixin.py:188} INFO - [2024-05-27T17:32:24.559+0000] {dag.py:3954} INFO - Setting next_dagrun for example_skip_dag to 2024-05-26 00:00:00+00:00, run_after=2024-05-27 00:00:00+00:00
[2024-05-27T17:32:24.583+0000] {processor.py:183} INFO - Processing /home/airflow/.local/lib/python3.12/site-packages/airflow/example_dags/example_skip_dag.py took 0.077 seconds
[2024-05-27T17:32:55.274+0000] {processor.py:161} INFO - Started process (PID=88) to work on /home/airflow/.local/lib/python3.12/site-packages/airflow/example_dags/example_skip_dag.py
[2024-05-27T17:32:55.276+0000] {processor.py:830} INFO - Processing file /home/airflow/.local/lib/python3.12/site-packages/airflow/example_dags/example_skip_dag.py for tasks to queue
[2024-05-27T17:32:55.278+0000] {logging_mixin.py:188} INFO - [2024-05-27T17:32:55.277+0000] {dagbag.py:545} INFO - Filling up the DagBag from /home/airflow/.local/lib/python3.12/site-packages/airflow/example_dags/example_skip_dag.py
[2024-05-27T17:32:55.284+0000] {processor.py:840} INFO - DAG(s) 'example_skip_dag' retrieved from /home/airflow/.local/lib/python3.12/site-packages/airflow/example_dags/example_skip_dag.py
[2024-05-27T17:32:55.375+0000] {logging_mixin.py:188} INFO - [2024-05-27T17:32:55.375+0000] {dag.py:3096} INFO - Sync 1 DAGs
[2024-05-27T17:32:55.393+0000] {logging_mixin.py:188} INFO - [2024-05-27T17:32:55.392+0000] {dag.py:3954} INFO - Setting next_dagrun for example_skip_dag to 2024-05-26 00:00:00+00:00, run_after=2024-05-27 00:00:00+00:00
[2024-05-27T17:32:55.412+0000] {processor.py:183} INFO - Processing /home/airflow/.local/lib/python3.12/site-packages/airflow/example_dags/example_skip_dag.py took 0.143 seconds
[2024-05-27T17:33:26.364+0000] {processor.py:161} INFO - Started process (PID=146) to work on /home/airflow/.local/lib/python3.12/site-packages/airflow/example_dags/example_skip_dag.py
[2024-05-27T17:33:26.365+0000] {processor.py:830} INFO - Processing file /home/airflow/.local/lib/python3.12/site-packages/airflow/example_dags/example_skip_dag.py for tasks to queue
[2024-05-27T17:33:26.369+0000] {logging_mixin.py:188} INFO - [2024-05-27T17:33:26.368+0000] {dagbag.py:545} INFO - Filling up the DagBag from /home/airflow/.local/lib/python3.12/site-packages/airflow/example_dags/example_skip_dag.py
[2024-05-27T17:33:26.377+0000] {processor.py:840} INFO - DAG(s) 'example_skip_dag' retrieved from /home/airflow/.local/lib/python3.12/site-packages/airflow/example_dags/example_skip_dag.py
[2024-05-27T17:33:26.396+0000] {logging_mixin.py:188} INFO - [2024-05-27T17:33:26.396+0000] {dag.py:3096} INFO - Sync 1 DAGs
[2024-05-27T17:33:26.418+0000] {logging_mixin.py:188} INFO - [2024-05-27T17:33:26.418+0000] {dag.py:3954} INFO - Setting next_dagrun for example_skip_dag to 2024-05-26 00:00:00+00:00, run_after=2024-05-27 00:00:00+00:00
[2024-05-27T17:33:26.436+0000] {processor.py:183} INFO - Processing /home/airflow/.local/lib/python3.12/site-packages/airflow/example_dags/example_skip_dag.py took 0.086 seconds
[2024-05-27T17:33:56.529+0000] {processor.py:161} INFO - Started process (PID=204) to work on /home/airflow/.local/lib/python3.12/site-packages/airflow/example_dags/example_skip_dag.py
[2024-05-27T17:33:56.530+0000] {processor.py:830} INFO - Processing file /home/airflow/.local/lib/python3.12/site-packages/airflow/example_dags/example_skip_dag.py for tasks to queue
[2024-05-27T17:33:56.534+0000] {logging_mixin.py:188} INFO - [2024-05-27T17:33:56.533+0000] {dagbag.py:545} INFO - Filling up the DagBag from /home/airflow/.local/lib/python3.12/site-packages/airflow/example_dags/example_skip_dag.py
[2024-05-27T17:33:56.540+0000] {processor.py:840} INFO - DAG(s) 'example_skip_dag' retrieved from /home/airflow/.local/lib/python3.12/site-packages/airflow/example_dags/example_skip_dag.py
[2024-05-27T17:33:56.557+0000] {logging_mixin.py:188} INFO - [2024-05-27T17:33:56.556+0000] {dag.py:3096} INFO - Sync 1 DAGs
[2024-05-27T17:33:56.576+0000] {logging_mixin.py:188} INFO - [2024-05-27T17:33:56.576+0000] {dag.py:3954} INFO - Setting next_dagrun for example_skip_dag to 2024-05-26 00:00:00+00:00, run_after=2024-05-27 00:00:00+00:00
[2024-05-27T17:33:56.592+0000] {processor.py:183} INFO - Processing /home/airflow/.local/lib/python3.12/site-packages/airflow/example_dags/example_skip_dag.py took 0.070 seconds
[2024-05-27T17:34:26.660+0000] {processor.py:161} INFO - Started process (PID=262) to work on /home/airflow/.local/lib/python3.12/site-packages/airflow/example_dags/example_skip_dag.py
[2024-05-27T17:34:26.661+0000] {processor.py:830} INFO - Processing file /home/airflow/.local/lib/python3.12/site-packages/airflow/example_dags/example_skip_dag.py for tasks to queue
[2024-05-27T17:34:26.663+0000] {logging_mixin.py:188} INFO - [2024-05-27T17:34:26.663+0000] {dagbag.py:545} INFO - Filling up the DagBag from /home/airflow/.local/lib/python3.12/site-packages/airflow/example_dags/example_skip_dag.py
[2024-05-27T17:34:26.669+0000] {processor.py:840} INFO - DAG(s) 'example_skip_dag' retrieved from /home/airflow/.local/lib/python3.12/site-packages/airflow/example_dags/example_skip_dag.py
[2024-05-27T17:34:26.689+0000] {logging_mixin.py:188} INFO - [2024-05-27T17:34:26.689+0000] {dag.py:3096} INFO - Sync 1 DAGs
[2024-05-27T17:34:26.714+0000] {logging_mixin.py:188} INFO - [2024-05-27T17:34:26.714+0000] {dag.py:3954} INFO - Setting next_dagrun for example_skip_dag to 2024-05-26 00:00:00+00:00, run_after=2024-05-27 00:00:00+00:00
[2024-05-27T17:34:26.738+0000] {processor.py:183} INFO - Processing /home/airflow/.local/lib/python3.12/site-packages/airflow/example_dags/example_skip_dag.py took 0.086 seconds
[2024-05-27T17:34:56.815+0000] {processor.py:161} INFO - Started process (PID=320) to work on /home/airflow/.local/lib/python3.12/site-packages/airflow/example_dags/example_skip_dag.py
[2024-05-27T17:34:56.817+0000] {processor.py:830} INFO - Processing file /home/airflow/.local/lib/python3.12/site-packages/airflow/example_dags/example_skip_dag.py for tasks to queue
[2024-05-27T17:34:56.821+0000] {logging_mixin.py:188} INFO - [2024-05-27T17:34:56.820+0000] {dagbag.py:545} INFO - Filling up the DagBag from /home/airflow/.local/lib/python3.12/site-packages/airflow/example_dags/example_skip_dag.py
[2024-05-27T17:34:56.828+0000] {processor.py:840} INFO - DAG(s) 'example_skip_dag' retrieved from /home/airflow/.local/lib/python3.12/site-packages/airflow/example_dags/example_skip_dag.py
[2024-05-27T17:34:56.845+0000] {logging_mixin.py:188} INFO - [2024-05-27T17:34:56.845+0000] {dag.py:3096} INFO - Sync 1 DAGs
[2024-05-27T17:34:56.865+0000] {logging_mixin.py:188} INFO - [2024-05-27T17:34:56.865+0000] {dag.py:3954} INFO - Setting next_dagrun for example_skip_dag to 2024-05-26 00:00:00+00:00, run_after=2024-05-27 00:00:00+00:00
[2024-05-27T17:34:56.883+0000] {processor.py:183} INFO - Processing /home/airflow/.local/lib/python3.12/site-packages/airflow/example_dags/example_skip_dag.py took 0.088 seconds
[2024-05-27T17:35:26.972+0000] {processor.py:161} INFO - Started process (PID=378) to work on /home/airflow/.local/lib/python3.12/site-packages/airflow/example_dags/example_skip_dag.py
[2024-05-27T17:35:26.974+0000] {processor.py:830} INFO - Processing file /home/airflow/.local/lib/python3.12/site-packages/airflow/example_dags/example_skip_dag.py for tasks to queue
[2024-05-27T17:35:26.978+0000] {logging_mixin.py:188} INFO - [2024-05-27T17:35:26.977+0000] {dagbag.py:545} INFO - Filling up the DagBag from /home/airflow/.local/lib/python3.12/site-packages/airflow/example_dags/example_skip_dag.py
[2024-05-27T17:35:26.985+0000] {processor.py:840} INFO - DAG(s) 'example_skip_dag' retrieved from /home/airflow/.local/lib/python3.12/site-packages/airflow/example_dags/example_skip_dag.py
[2024-05-27T17:35:27.002+0000] {logging_mixin.py:188} INFO - [2024-05-27T17:35:27.002+0000] {dag.py:3096} INFO - Sync 1 DAGs
[2024-05-27T17:35:27.024+0000] {logging_mixin.py:188} INFO - [2024-05-27T17:35:27.024+0000] {dag.py:3954} INFO - Setting next_dagrun for example_skip_dag to 2024-05-26 00:00:00+00:00, run_after=2024-05-27 00:00:00+00:00
[2024-05-27T17:35:27.044+0000] {processor.py:183} INFO - Processing /home/airflow/.local/lib/python3.12/site-packages/airflow/example_dags/example_skip_dag.py took 0.091 seconds
[2024-05-27T17:35:57.679+0000] {processor.py:161} INFO - Started process (PID=441) to work on /home/airflow/.local/lib/python3.12/site-packages/airflow/example_dags/example_skip_dag.py
[2024-05-27T17:35:57.681+0000] {processor.py:830} INFO - Processing file /home/airflow/.local/lib/python3.12/site-packages/airflow/example_dags/example_skip_dag.py for tasks to queue
[2024-05-27T17:35:57.685+0000] {logging_mixin.py:188} INFO - [2024-05-27T17:35:57.684+0000] {dagbag.py:545} INFO - Filling up the DagBag from /home/airflow/.local/lib/python3.12/site-packages/airflow/example_dags/example_skip_dag.py
[2024-05-27T17:35:57.693+0000] {processor.py:840} INFO - DAG(s) 'example_skip_dag' retrieved from /home/airflow/.local/lib/python3.12/site-packages/airflow/example_dags/example_skip_dag.py
[2024-05-27T17:35:57.715+0000] {logging_mixin.py:188} INFO - [2024-05-27T17:35:57.715+0000] {dag.py:3096} INFO - Sync 1 DAGs
[2024-05-27T17:35:57.737+0000] {logging_mixin.py:188} INFO - [2024-05-27T17:35:57.736+0000] {dag.py:3954} INFO - Setting next_dagrun for example_skip_dag to 2024-05-26 00:00:00+00:00, run_after=2024-05-27 00:00:00+00:00
[2024-05-27T17:35:57.755+0000] {processor.py:183} INFO - Processing /home/airflow/.local/lib/python3.12/site-packages/airflow/example_dags/example_skip_dag.py took 0.086 seconds
[2024-05-27T17:36:28.476+0000] {processor.py:161} INFO - Started process (PID=499) to work on /home/airflow/.local/lib/python3.12/site-packages/airflow/example_dags/example_skip_dag.py
[2024-05-27T17:36:28.477+0000] {processor.py:830} INFO - Processing file /home/airflow/.local/lib/python3.12/site-packages/airflow/example_dags/example_skip_dag.py for tasks to queue
[2024-05-27T17:36:28.480+0000] {logging_mixin.py:188} INFO - [2024-05-27T17:36:28.480+0000] {dagbag.py:545} INFO - Filling up the DagBag from /home/airflow/.local/lib/python3.12/site-packages/airflow/example_dags/example_skip_dag.py
[2024-05-27T17:36:28.488+0000] {processor.py:840} INFO - DAG(s) 'example_skip_dag' retrieved from /home/airflow/.local/lib/python3.12/site-packages/airflow/example_dags/example_skip_dag.py
[2024-05-27T17:36:28.508+0000] {logging_mixin.py:188} INFO - [2024-05-27T17:36:28.508+0000] {dag.py:3096} INFO - Sync 1 DAGs
[2024-05-27T17:36:28.528+0000] {logging_mixin.py:188} INFO - [2024-05-27T17:36:28.528+0000] {dag.py:3954} INFO - Setting next_dagrun for example_skip_dag to 2024-05-26 00:00:00+00:00, run_after=2024-05-27 00:00:00+00:00
[2024-05-27T17:36:28.547+0000] {processor.py:183} INFO - Processing /home/airflow/.local/lib/python3.12/site-packages/airflow/example_dags/example_skip_dag.py took 0.079 seconds
[2024-05-27T17:36:59.279+0000] {processor.py:161} INFO - Started process (PID=556) to work on /home/airflow/.local/lib/python3.12/site-packages/airflow/example_dags/example_skip_dag.py
[2024-05-27T17:36:59.280+0000] {processor.py:830} INFO - Processing file /home/airflow/.local/lib/python3.12/site-packages/airflow/example_dags/example_skip_dag.py for tasks to queue
[2024-05-27T17:36:59.282+0000] {logging_mixin.py:188} INFO - [2024-05-27T17:36:59.282+0000] {dagbag.py:545} INFO - Filling up the DagBag from /home/airflow/.local/lib/python3.12/site-packages/airflow/example_dags/example_skip_dag.py
[2024-05-27T17:36:59.289+0000] {processor.py:840} INFO - DAG(s) 'example_skip_dag' retrieved from /home/airflow/.local/lib/python3.12/site-packages/airflow/example_dags/example_skip_dag.py
[2024-05-27T17:36:59.312+0000] {logging_mixin.py:188} INFO - [2024-05-27T17:36:59.312+0000] {dag.py:3096} INFO - Sync 1 DAGs
[2024-05-27T17:36:59.335+0000] {logging_mixin.py:188} INFO - [2024-05-27T17:36:59.335+0000] {dag.py:3954} INFO - Setting next_dagrun for example_skip_dag to 2024-05-26 00:00:00+00:00, run_after=2024-05-27 00:00:00+00:00
[2024-05-27T17:36:59.362+0000] {processor.py:183} INFO - Processing /home/airflow/.local/lib/python3.12/site-packages/airflow/example_dags/example_skip_dag.py took 0.090 seconds
[2024-05-27T17:38:13.302+0000] {processor.py:161} INFO - Started process (PID=28) to work on /home/airflow/.local/lib/python3.12/site-packages/airflow/example_dags/example_skip_dag.py
[2024-05-27T17:38:13.304+0000] {processor.py:830} INFO - Processing file /home/airflow/.local/lib/python3.12/site-packages/airflow/example_dags/example_skip_dag.py for tasks to queue
[2024-05-27T17:38:13.307+0000] {logging_mixin.py:188} INFO - [2024-05-27T17:38:13.306+0000] {dagbag.py:545} INFO - Filling up the DagBag from /home/airflow/.local/lib/python3.12/site-packages/airflow/example_dags/example_skip_dag.py
[2024-05-27T17:38:13.321+0000] {processor.py:840} INFO - DAG(s) 'example_skip_dag' retrieved from /home/airflow/.local/lib/python3.12/site-packages/airflow/example_dags/example_skip_dag.py
[2024-05-27T17:38:13.338+0000] {logging_mixin.py:188} INFO - [2024-05-27T17:38:13.338+0000] {dag.py:3096} INFO - Sync 1 DAGs
[2024-05-27T17:38:13.371+0000] {logging_mixin.py:188} INFO - [2024-05-27T17:38:13.371+0000] {dag.py:3954} INFO - Setting next_dagrun for example_skip_dag to 2024-05-26 00:00:00+00:00, run_after=2024-05-27 00:00:00+00:00
[2024-05-27T17:38:13.399+0000] {processor.py:183} INFO - Processing /home/airflow/.local/lib/python3.12/site-packages/airflow/example_dags/example_skip_dag.py took 0.107 seconds
[2024-05-27T17:38:43.607+0000] {processor.py:161} INFO - Started process (PID=86) to work on /home/airflow/.local/lib/python3.12/site-packages/airflow/example_dags/example_skip_dag.py
[2024-05-27T17:38:43.608+0000] {processor.py:830} INFO - Processing file /home/airflow/.local/lib/python3.12/site-packages/airflow/example_dags/example_skip_dag.py for tasks to queue
[2024-05-27T17:38:43.611+0000] {logging_mixin.py:188} INFO - [2024-05-27T17:38:43.610+0000] {dagbag.py:545} INFO - Filling up the DagBag from /home/airflow/.local/lib/python3.12/site-packages/airflow/example_dags/example_skip_dag.py
[2024-05-27T17:38:43.617+0000] {processor.py:840} INFO - DAG(s) 'example_skip_dag' retrieved from /home/airflow/.local/lib/python3.12/site-packages/airflow/example_dags/example_skip_dag.py
[2024-05-27T17:38:43.734+0000] {logging_mixin.py:188} INFO - [2024-05-27T17:38:43.734+0000] {dag.py:3096} INFO - Sync 1 DAGs
[2024-05-27T17:38:43.770+0000] {logging_mixin.py:188} INFO - [2024-05-27T17:38:43.769+0000] {dag.py:3954} INFO - Setting next_dagrun for example_skip_dag to 2024-05-26 00:00:00+00:00, run_after=2024-05-27 00:00:00+00:00
[2024-05-27T17:38:43.797+0000] {processor.py:183} INFO - Processing /home/airflow/.local/lib/python3.12/site-packages/airflow/example_dags/example_skip_dag.py took 0.196 seconds
