[2024-05-27T01:38:36.509+0000] {processor.py:161} INFO - Started process (PID=52) to work on /home/airflow/.local/lib/python3.12/site-packages/airflow/example_dags/example_dag_decorator.py
[2024-05-27T01:38:36.511+0000] {processor.py:830} INFO - Processing file /home/airflow/.local/lib/python3.12/site-packages/airflow/example_dags/example_dag_decorator.py for tasks to queue
[2024-05-27T01:38:36.514+0000] {logging_mixin.py:188} INFO - [2024-05-27T01:38:36.513+0000] {dagbag.py:545} INFO - Filling up the DagBag from /home/airflow/.local/lib/python3.12/site-packages/airflow/example_dags/example_dag_decorator.py
[2024-05-27T01:38:36.765+0000] {processor.py:840} INFO - DAG(s) 'example_dag_decorator' retrieved from /home/airflow/.local/lib/python3.12/site-packages/airflow/example_dags/example_dag_decorator.py
[2024-05-27T01:38:36.778+0000] {logging_mixin.py:188} INFO - [2024-05-27T01:38:36.778+0000] {dag.py:3096} INFO - Sync 1 DAGs
[2024-05-27T01:38:36.799+0000] {logging_mixin.py:188} INFO - [2024-05-27T01:38:36.799+0000] {dag.py:3954} INFO - Setting next_dagrun for example_dag_decorator to None, run_after=None
[2024-05-27T01:38:36.828+0000] {processor.py:183} INFO - Processing /home/airflow/.local/lib/python3.12/site-packages/airflow/example_dags/example_dag_decorator.py took 0.327 seconds
[2024-05-27T01:39:07.366+0000] {processor.py:161} INFO - Started process (PID=110) to work on /home/airflow/.local/lib/python3.12/site-packages/airflow/example_dags/example_dag_decorator.py
[2024-05-27T01:39:07.367+0000] {processor.py:830} INFO - Processing file /home/airflow/.local/lib/python3.12/site-packages/airflow/example_dags/example_dag_decorator.py for tasks to queue
[2024-05-27T01:39:07.369+0000] {logging_mixin.py:188} INFO - [2024-05-27T01:39:07.369+0000] {dagbag.py:545} INFO - Filling up the DagBag from /home/airflow/.local/lib/python3.12/site-packages/airflow/example_dags/example_dag_decorator.py
[2024-05-27T01:39:07.450+0000] {processor.py:840} INFO - DAG(s) 'example_dag_decorator' retrieved from /home/airflow/.local/lib/python3.12/site-packages/airflow/example_dags/example_dag_decorator.py
[2024-05-27T01:39:07.539+0000] {logging_mixin.py:188} INFO - [2024-05-27T01:39:07.539+0000] {dag.py:3096} INFO - Sync 1 DAGs
[2024-05-27T01:39:07.550+0000] {logging_mixin.py:188} INFO - [2024-05-27T01:39:07.549+0000] {dag.py:3954} INFO - Setting next_dagrun for example_dag_decorator to None, run_after=None
[2024-05-27T01:39:07.567+0000] {processor.py:183} INFO - Processing /home/airflow/.local/lib/python3.12/site-packages/airflow/example_dags/example_dag_decorator.py took 0.206 seconds
[2024-05-27T01:39:38.278+0000] {processor.py:161} INFO - Started process (PID=168) to work on /home/airflow/.local/lib/python3.12/site-packages/airflow/example_dags/example_dag_decorator.py
[2024-05-27T01:39:38.279+0000] {processor.py:830} INFO - Processing file /home/airflow/.local/lib/python3.12/site-packages/airflow/example_dags/example_dag_decorator.py for tasks to queue
[2024-05-27T01:39:38.282+0000] {logging_mixin.py:188} INFO - [2024-05-27T01:39:38.281+0000] {dagbag.py:545} INFO - Filling up the DagBag from /home/airflow/.local/lib/python3.12/site-packages/airflow/example_dags/example_dag_decorator.py
[2024-05-27T01:39:38.400+0000] {processor.py:840} INFO - DAG(s) 'example_dag_decorator' retrieved from /home/airflow/.local/lib/python3.12/site-packages/airflow/example_dags/example_dag_decorator.py
[2024-05-27T01:39:38.517+0000] {logging_mixin.py:188} INFO - [2024-05-27T01:39:38.517+0000] {dag.py:3096} INFO - Sync 1 DAGs
[2024-05-27T01:39:38.527+0000] {logging_mixin.py:188} INFO - [2024-05-27T01:39:38.526+0000] {dag.py:3954} INFO - Setting next_dagrun for example_dag_decorator to None, run_after=None
[2024-05-27T01:39:38.547+0000] {processor.py:183} INFO - Processing /home/airflow/.local/lib/python3.12/site-packages/airflow/example_dags/example_dag_decorator.py took 0.275 seconds
[2024-05-27T01:40:08.613+0000] {processor.py:161} INFO - Started process (PID=228) to work on /home/airflow/.local/lib/python3.12/site-packages/airflow/example_dags/example_dag_decorator.py
[2024-05-27T01:40:08.614+0000] {processor.py:830} INFO - Processing file /home/airflow/.local/lib/python3.12/site-packages/airflow/example_dags/example_dag_decorator.py for tasks to queue
[2024-05-27T01:40:08.616+0000] {logging_mixin.py:188} INFO - [2024-05-27T01:40:08.616+0000] {dagbag.py:545} INFO - Filling up the DagBag from /home/airflow/.local/lib/python3.12/site-packages/airflow/example_dags/example_dag_decorator.py
[2024-05-27T01:40:08.697+0000] {processor.py:840} INFO - DAG(s) 'example_dag_decorator' retrieved from /home/airflow/.local/lib/python3.12/site-packages/airflow/example_dags/example_dag_decorator.py
[2024-05-27T01:40:08.796+0000] {logging_mixin.py:188} INFO - [2024-05-27T01:40:08.796+0000] {dag.py:3096} INFO - Sync 1 DAGs
[2024-05-27T01:40:08.807+0000] {logging_mixin.py:188} INFO - [2024-05-27T01:40:08.806+0000] {dag.py:3954} INFO - Setting next_dagrun for example_dag_decorator to None, run_after=None
[2024-05-27T01:40:08.823+0000] {processor.py:183} INFO - Processing /home/airflow/.local/lib/python3.12/site-packages/airflow/example_dags/example_dag_decorator.py took 0.214 seconds
[2024-05-27T01:40:38.921+0000] {processor.py:161} INFO - Started process (PID=288) to work on /home/airflow/.local/lib/python3.12/site-packages/airflow/example_dags/example_dag_decorator.py
[2024-05-27T01:40:38.921+0000] {processor.py:830} INFO - Processing file /home/airflow/.local/lib/python3.12/site-packages/airflow/example_dags/example_dag_decorator.py for tasks to queue
[2024-05-27T01:40:38.923+0000] {logging_mixin.py:188} INFO - [2024-05-27T01:40:38.923+0000] {dagbag.py:545} INFO - Filling up the DagBag from /home/airflow/.local/lib/python3.12/site-packages/airflow/example_dags/example_dag_decorator.py
[2024-05-27T01:40:39.008+0000] {processor.py:840} INFO - DAG(s) 'example_dag_decorator' retrieved from /home/airflow/.local/lib/python3.12/site-packages/airflow/example_dags/example_dag_decorator.py
[2024-05-27T01:40:39.104+0000] {logging_mixin.py:188} INFO - [2024-05-27T01:40:39.104+0000] {dag.py:3096} INFO - Sync 1 DAGs
[2024-05-27T01:40:39.114+0000] {logging_mixin.py:188} INFO - [2024-05-27T01:40:39.113+0000] {dag.py:3954} INFO - Setting next_dagrun for example_dag_decorator to None, run_after=None
[2024-05-27T01:40:39.133+0000] {processor.py:183} INFO - Processing /home/airflow/.local/lib/python3.12/site-packages/airflow/example_dags/example_dag_decorator.py took 0.217 seconds
[2024-05-27T01:41:09.155+0000] {processor.py:161} INFO - Started process (PID=347) to work on /home/airflow/.local/lib/python3.12/site-packages/airflow/example_dags/example_dag_decorator.py
[2024-05-27T01:41:09.155+0000] {processor.py:830} INFO - Processing file /home/airflow/.local/lib/python3.12/site-packages/airflow/example_dags/example_dag_decorator.py for tasks to queue
[2024-05-27T01:41:09.157+0000] {logging_mixin.py:188} INFO - [2024-05-27T01:41:09.157+0000] {dagbag.py:545} INFO - Filling up the DagBag from /home/airflow/.local/lib/python3.12/site-packages/airflow/example_dags/example_dag_decorator.py
[2024-05-27T01:41:09.250+0000] {processor.py:840} INFO - DAG(s) 'example_dag_decorator' retrieved from /home/airflow/.local/lib/python3.12/site-packages/airflow/example_dags/example_dag_decorator.py
[2024-05-27T01:41:09.365+0000] {logging_mixin.py:188} INFO - [2024-05-27T01:41:09.365+0000] {dag.py:3096} INFO - Sync 1 DAGs
[2024-05-27T01:41:09.377+0000] {logging_mixin.py:188} INFO - [2024-05-27T01:41:09.376+0000] {dag.py:3954} INFO - Setting next_dagrun for example_dag_decorator to None, run_after=None
[2024-05-27T01:41:09.398+0000] {processor.py:183} INFO - Processing /home/airflow/.local/lib/python3.12/site-packages/airflow/example_dags/example_dag_decorator.py took 0.250 seconds
[2024-05-27T01:41:39.608+0000] {processor.py:161} INFO - Started process (PID=406) to work on /home/airflow/.local/lib/python3.12/site-packages/airflow/example_dags/example_dag_decorator.py
[2024-05-27T01:41:39.609+0000] {processor.py:830} INFO - Processing file /home/airflow/.local/lib/python3.12/site-packages/airflow/example_dags/example_dag_decorator.py for tasks to queue
[2024-05-27T01:41:39.611+0000] {logging_mixin.py:188} INFO - [2024-05-27T01:41:39.611+0000] {dagbag.py:545} INFO - Filling up the DagBag from /home/airflow/.local/lib/python3.12/site-packages/airflow/example_dags/example_dag_decorator.py
[2024-05-27T01:41:39.700+0000] {processor.py:840} INFO - DAG(s) 'example_dag_decorator' retrieved from /home/airflow/.local/lib/python3.12/site-packages/airflow/example_dags/example_dag_decorator.py
[2024-05-27T01:41:39.809+0000] {logging_mixin.py:188} INFO - [2024-05-27T01:41:39.809+0000] {dag.py:3096} INFO - Sync 1 DAGs
[2024-05-27T01:41:39.818+0000] {logging_mixin.py:188} INFO - [2024-05-27T01:41:39.818+0000] {dag.py:3954} INFO - Setting next_dagrun for example_dag_decorator to None, run_after=None
[2024-05-27T01:41:39.838+0000] {processor.py:183} INFO - Processing /home/airflow/.local/lib/python3.12/site-packages/airflow/example_dags/example_dag_decorator.py took 0.237 seconds
[2024-05-27T01:42:09.978+0000] {processor.py:161} INFO - Started process (PID=464) to work on /home/airflow/.local/lib/python3.12/site-packages/airflow/example_dags/example_dag_decorator.py
[2024-05-27T01:42:09.979+0000] {processor.py:830} INFO - Processing file /home/airflow/.local/lib/python3.12/site-packages/airflow/example_dags/example_dag_decorator.py for tasks to queue
[2024-05-27T01:42:09.981+0000] {logging_mixin.py:188} INFO - [2024-05-27T01:42:09.980+0000] {dagbag.py:545} INFO - Filling up the DagBag from /home/airflow/.local/lib/python3.12/site-packages/airflow/example_dags/example_dag_decorator.py
[2024-05-27T01:42:10.072+0000] {processor.py:840} INFO - DAG(s) 'example_dag_decorator' retrieved from /home/airflow/.local/lib/python3.12/site-packages/airflow/example_dags/example_dag_decorator.py
[2024-05-27T01:42:10.175+0000] {logging_mixin.py:188} INFO - [2024-05-27T01:42:10.174+0000] {dag.py:3096} INFO - Sync 1 DAGs
[2024-05-27T01:42:10.187+0000] {logging_mixin.py:188} INFO - [2024-05-27T01:42:10.187+0000] {dag.py:3954} INFO - Setting next_dagrun for example_dag_decorator to None, run_after=None
[2024-05-27T01:42:10.215+0000] {processor.py:183} INFO - Processing /home/airflow/.local/lib/python3.12/site-packages/airflow/example_dags/example_dag_decorator.py took 0.242 seconds
[2024-05-27T01:42:40.776+0000] {processor.py:161} INFO - Started process (PID=522) to work on /home/airflow/.local/lib/python3.12/site-packages/airflow/example_dags/example_dag_decorator.py
[2024-05-27T01:42:40.777+0000] {processor.py:830} INFO - Processing file /home/airflow/.local/lib/python3.12/site-packages/airflow/example_dags/example_dag_decorator.py for tasks to queue
[2024-05-27T01:42:40.779+0000] {logging_mixin.py:188} INFO - [2024-05-27T01:42:40.778+0000] {dagbag.py:545} INFO - Filling up the DagBag from /home/airflow/.local/lib/python3.12/site-packages/airflow/example_dags/example_dag_decorator.py
[2024-05-27T01:42:40.877+0000] {processor.py:840} INFO - DAG(s) 'example_dag_decorator' retrieved from /home/airflow/.local/lib/python3.12/site-packages/airflow/example_dags/example_dag_decorator.py
[2024-05-27T01:42:40.998+0000] {logging_mixin.py:188} INFO - [2024-05-27T01:42:40.998+0000] {dag.py:3096} INFO - Sync 1 DAGs
[2024-05-27T01:42:41.016+0000] {logging_mixin.py:188} INFO - [2024-05-27T01:42:41.015+0000] {dag.py:3954} INFO - Setting next_dagrun for example_dag_decorator to None, run_after=None
[2024-05-27T01:42:41.034+0000] {processor.py:183} INFO - Processing /home/airflow/.local/lib/python3.12/site-packages/airflow/example_dags/example_dag_decorator.py took 0.264 seconds
[2024-05-27T01:43:11.084+0000] {processor.py:161} INFO - Started process (PID=579) to work on /home/airflow/.local/lib/python3.12/site-packages/airflow/example_dags/example_dag_decorator.py
[2024-05-27T01:43:11.086+0000] {processor.py:830} INFO - Processing file /home/airflow/.local/lib/python3.12/site-packages/airflow/example_dags/example_dag_decorator.py for tasks to queue
[2024-05-27T01:43:11.090+0000] {logging_mixin.py:188} INFO - [2024-05-27T01:43:11.089+0000] {dagbag.py:545} INFO - Filling up the DagBag from /home/airflow/.local/lib/python3.12/site-packages/airflow/example_dags/example_dag_decorator.py
[2024-05-27T01:43:11.186+0000] {processor.py:840} INFO - DAG(s) 'example_dag_decorator' retrieved from /home/airflow/.local/lib/python3.12/site-packages/airflow/example_dags/example_dag_decorator.py
[2024-05-27T01:43:11.313+0000] {logging_mixin.py:188} INFO - [2024-05-27T01:43:11.313+0000] {dag.py:3096} INFO - Sync 1 DAGs
[2024-05-27T01:43:11.328+0000] {logging_mixin.py:188} INFO - [2024-05-27T01:43:11.328+0000] {dag.py:3954} INFO - Setting next_dagrun for example_dag_decorator to None, run_after=None
[2024-05-27T01:43:11.350+0000] {processor.py:183} INFO - Processing /home/airflow/.local/lib/python3.12/site-packages/airflow/example_dags/example_dag_decorator.py took 0.277 seconds
[2024-05-27T01:43:41.879+0000] {processor.py:161} INFO - Started process (PID=638) to work on /home/airflow/.local/lib/python3.12/site-packages/airflow/example_dags/example_dag_decorator.py
[2024-05-27T01:43:41.880+0000] {processor.py:830} INFO - Processing file /home/airflow/.local/lib/python3.12/site-packages/airflow/example_dags/example_dag_decorator.py for tasks to queue
[2024-05-27T01:43:41.882+0000] {logging_mixin.py:188} INFO - [2024-05-27T01:43:41.882+0000] {dagbag.py:545} INFO - Filling up the DagBag from /home/airflow/.local/lib/python3.12/site-packages/airflow/example_dags/example_dag_decorator.py
[2024-05-27T01:43:41.983+0000] {processor.py:840} INFO - DAG(s) 'example_dag_decorator' retrieved from /home/airflow/.local/lib/python3.12/site-packages/airflow/example_dags/example_dag_decorator.py
[2024-05-27T01:43:42.100+0000] {logging_mixin.py:188} INFO - [2024-05-27T01:43:42.100+0000] {dag.py:3096} INFO - Sync 1 DAGs
[2024-05-27T01:43:42.112+0000] {logging_mixin.py:188} INFO - [2024-05-27T01:43:42.112+0000] {dag.py:3954} INFO - Setting next_dagrun for example_dag_decorator to None, run_after=None
[2024-05-27T01:43:42.132+0000] {processor.py:183} INFO - Processing /home/airflow/.local/lib/python3.12/site-packages/airflow/example_dags/example_dag_decorator.py took 0.261 seconds
[2024-05-27T01:44:12.345+0000] {processor.py:161} INFO - Started process (PID=696) to work on /home/airflow/.local/lib/python3.12/site-packages/airflow/example_dags/example_dag_decorator.py
[2024-05-27T01:44:12.346+0000] {processor.py:830} INFO - Processing file /home/airflow/.local/lib/python3.12/site-packages/airflow/example_dags/example_dag_decorator.py for tasks to queue
[2024-05-27T01:44:12.348+0000] {logging_mixin.py:188} INFO - [2024-05-27T01:44:12.347+0000] {dagbag.py:545} INFO - Filling up the DagBag from /home/airflow/.local/lib/python3.12/site-packages/airflow/example_dags/example_dag_decorator.py
[2024-05-27T01:44:12.432+0000] {processor.py:840} INFO - DAG(s) 'example_dag_decorator' retrieved from /home/airflow/.local/lib/python3.12/site-packages/airflow/example_dags/example_dag_decorator.py
[2024-05-27T01:44:12.541+0000] {logging_mixin.py:188} INFO - [2024-05-27T01:44:12.540+0000] {dag.py:3096} INFO - Sync 1 DAGs
[2024-05-27T01:44:12.550+0000] {logging_mixin.py:188} INFO - [2024-05-27T01:44:12.550+0000] {dag.py:3954} INFO - Setting next_dagrun for example_dag_decorator to None, run_after=None
[2024-05-27T01:44:12.568+0000] {processor.py:183} INFO - Processing /home/airflow/.local/lib/python3.12/site-packages/airflow/example_dags/example_dag_decorator.py took 0.229 seconds
[2024-05-27T01:44:42.640+0000] {processor.py:161} INFO - Started process (PID=755) to work on /home/airflow/.local/lib/python3.12/site-packages/airflow/example_dags/example_dag_decorator.py
[2024-05-27T01:44:42.641+0000] {processor.py:830} INFO - Processing file /home/airflow/.local/lib/python3.12/site-packages/airflow/example_dags/example_dag_decorator.py for tasks to queue
[2024-05-27T01:44:42.643+0000] {logging_mixin.py:188} INFO - [2024-05-27T01:44:42.643+0000] {dagbag.py:545} INFO - Filling up the DagBag from /home/airflow/.local/lib/python3.12/site-packages/airflow/example_dags/example_dag_decorator.py
[2024-05-27T01:44:42.725+0000] {processor.py:840} INFO - DAG(s) 'example_dag_decorator' retrieved from /home/airflow/.local/lib/python3.12/site-packages/airflow/example_dags/example_dag_decorator.py
[2024-05-27T01:44:42.819+0000] {logging_mixin.py:188} INFO - [2024-05-27T01:44:42.819+0000] {dag.py:3096} INFO - Sync 1 DAGs
[2024-05-27T01:44:42.832+0000] {logging_mixin.py:188} INFO - [2024-05-27T01:44:42.832+0000] {dag.py:3954} INFO - Setting next_dagrun for example_dag_decorator to None, run_after=None
[2024-05-27T01:44:42.982+0000] {processor.py:183} INFO - Processing /home/airflow/.local/lib/python3.12/site-packages/airflow/example_dags/example_dag_decorator.py took 0.347 seconds
[2024-05-27T01:45:13.220+0000] {processor.py:161} INFO - Started process (PID=811) to work on /home/airflow/.local/lib/python3.12/site-packages/airflow/example_dags/example_dag_decorator.py
[2024-05-27T01:45:13.222+0000] {processor.py:830} INFO - Processing file /home/airflow/.local/lib/python3.12/site-packages/airflow/example_dags/example_dag_decorator.py for tasks to queue
[2024-05-27T01:45:13.224+0000] {logging_mixin.py:188} INFO - [2024-05-27T01:45:13.223+0000] {dagbag.py:545} INFO - Filling up the DagBag from /home/airflow/.local/lib/python3.12/site-packages/airflow/example_dags/example_dag_decorator.py
[2024-05-27T01:45:13.325+0000] {processor.py:840} INFO - DAG(s) 'example_dag_decorator' retrieved from /home/airflow/.local/lib/python3.12/site-packages/airflow/example_dags/example_dag_decorator.py
[2024-05-27T01:45:13.345+0000] {logging_mixin.py:188} INFO - [2024-05-27T01:45:13.344+0000] {dag.py:3096} INFO - Sync 1 DAGs
[2024-05-27T01:45:13.356+0000] {logging_mixin.py:188} INFO - [2024-05-27T01:45:13.356+0000] {dag.py:3954} INFO - Setting next_dagrun for example_dag_decorator to None, run_after=None
[2024-05-27T01:45:13.373+0000] {processor.py:183} INFO - Processing /home/airflow/.local/lib/python3.12/site-packages/airflow/example_dags/example_dag_decorator.py took 0.159 seconds
[2024-05-27T01:45:43.539+0000] {processor.py:161} INFO - Started process (PID=865) to work on /home/airflow/.local/lib/python3.12/site-packages/airflow/example_dags/example_dag_decorator.py
[2024-05-27T01:45:43.539+0000] {processor.py:830} INFO - Processing file /home/airflow/.local/lib/python3.12/site-packages/airflow/example_dags/example_dag_decorator.py for tasks to queue
[2024-05-27T01:45:43.541+0000] {logging_mixin.py:188} INFO - [2024-05-27T01:45:43.541+0000] {dagbag.py:545} INFO - Filling up the DagBag from /home/airflow/.local/lib/python3.12/site-packages/airflow/example_dags/example_dag_decorator.py
[2024-05-27T01:45:43.644+0000] {processor.py:840} INFO - DAG(s) 'example_dag_decorator' retrieved from /home/airflow/.local/lib/python3.12/site-packages/airflow/example_dags/example_dag_decorator.py
[2024-05-27T01:45:43.736+0000] {logging_mixin.py:188} INFO - [2024-05-27T01:45:43.736+0000] {dag.py:3096} INFO - Sync 1 DAGs
[2024-05-27T01:45:43.747+0000] {logging_mixin.py:188} INFO - [2024-05-27T01:45:43.747+0000] {dag.py:3954} INFO - Setting next_dagrun for example_dag_decorator to None, run_after=None
[2024-05-27T01:45:43.766+0000] {processor.py:183} INFO - Processing /home/airflow/.local/lib/python3.12/site-packages/airflow/example_dags/example_dag_decorator.py took 0.234 seconds
[2024-05-27T01:46:14.166+0000] {processor.py:161} INFO - Started process (PID=920) to work on /home/airflow/.local/lib/python3.12/site-packages/airflow/example_dags/example_dag_decorator.py
[2024-05-27T01:46:14.167+0000] {processor.py:830} INFO - Processing file /home/airflow/.local/lib/python3.12/site-packages/airflow/example_dags/example_dag_decorator.py for tasks to queue
[2024-05-27T01:46:14.169+0000] {logging_mixin.py:188} INFO - [2024-05-27T01:46:14.169+0000] {dagbag.py:545} INFO - Filling up the DagBag from /home/airflow/.local/lib/python3.12/site-packages/airflow/example_dags/example_dag_decorator.py
[2024-05-27T01:46:14.263+0000] {processor.py:840} INFO - DAG(s) 'example_dag_decorator' retrieved from /home/airflow/.local/lib/python3.12/site-packages/airflow/example_dags/example_dag_decorator.py
[2024-05-27T01:46:14.357+0000] {logging_mixin.py:188} INFO - [2024-05-27T01:46:14.357+0000] {dag.py:3096} INFO - Sync 1 DAGs
[2024-05-27T01:46:14.481+0000] {logging_mixin.py:188} INFO - [2024-05-27T01:46:14.481+0000] {dag.py:3954} INFO - Setting next_dagrun for example_dag_decorator to None, run_after=None
[2024-05-27T01:46:14.500+0000] {processor.py:183} INFO - Processing /home/airflow/.local/lib/python3.12/site-packages/airflow/example_dags/example_dag_decorator.py took 0.339 seconds
[2024-05-27T01:48:43.758+0000] {processor.py:161} INFO - Started process (PID=51) to work on /home/airflow/.local/lib/python3.12/site-packages/airflow/example_dags/example_dag_decorator.py
[2024-05-27T01:48:43.759+0000] {processor.py:830} INFO - Processing file /home/airflow/.local/lib/python3.12/site-packages/airflow/example_dags/example_dag_decorator.py for tasks to queue
[2024-05-27T01:48:43.763+0000] {logging_mixin.py:188} INFO - [2024-05-27T01:48:43.762+0000] {dagbag.py:545} INFO - Filling up the DagBag from /home/airflow/.local/lib/python3.12/site-packages/airflow/example_dags/example_dag_decorator.py
[2024-05-27T01:48:43.860+0000] {processor.py:840} INFO - DAG(s) 'example_dag_decorator' retrieved from /home/airflow/.local/lib/python3.12/site-packages/airflow/example_dags/example_dag_decorator.py
[2024-05-27T01:48:43.875+0000] {logging_mixin.py:188} INFO - [2024-05-27T01:48:43.874+0000] {dag.py:3096} INFO - Sync 1 DAGs
[2024-05-27T01:48:43.892+0000] {logging_mixin.py:188} INFO - [2024-05-27T01:48:43.892+0000] {dag.py:3954} INFO - Setting next_dagrun for example_dag_decorator to None, run_after=None
[2024-05-27T01:48:43.914+0000] {processor.py:183} INFO - Processing /home/airflow/.local/lib/python3.12/site-packages/airflow/example_dags/example_dag_decorator.py took 0.161 seconds
[2024-05-27T13:32:47.962+0000] {processor.py:161} INFO - Started process (PID=51) to work on /home/airflow/.local/lib/python3.12/site-packages/airflow/example_dags/example_dag_decorator.py
[2024-05-27T13:32:47.963+0000] {processor.py:830} INFO - Processing file /home/airflow/.local/lib/python3.12/site-packages/airflow/example_dags/example_dag_decorator.py for tasks to queue
[2024-05-27T13:32:47.965+0000] {logging_mixin.py:188} INFO - [2024-05-27T13:32:47.964+0000] {dagbag.py:545} INFO - Filling up the DagBag from /home/airflow/.local/lib/python3.12/site-packages/airflow/example_dags/example_dag_decorator.py
[2024-05-27T13:32:48.085+0000] {processor.py:840} INFO - DAG(s) 'example_dag_decorator' retrieved from /home/airflow/.local/lib/python3.12/site-packages/airflow/example_dags/example_dag_decorator.py
[2024-05-27T13:32:48.214+0000] {logging_mixin.py:188} INFO - [2024-05-27T13:32:48.214+0000] {dag.py:3096} INFO - Sync 1 DAGs
[2024-05-27T13:32:48.229+0000] {logging_mixin.py:188} INFO - [2024-05-27T13:32:48.229+0000] {dag.py:3954} INFO - Setting next_dagrun for example_dag_decorator to None, run_after=None
[2024-05-27T13:32:48.254+0000] {processor.py:183} INFO - Processing /home/airflow/.local/lib/python3.12/site-packages/airflow/example_dags/example_dag_decorator.py took 0.298 seconds
[2024-05-27T13:33:18.668+0000] {processor.py:161} INFO - Started process (PID=108) to work on /home/airflow/.local/lib/python3.12/site-packages/airflow/example_dags/example_dag_decorator.py
[2024-05-27T13:33:18.669+0000] {processor.py:830} INFO - Processing file /home/airflow/.local/lib/python3.12/site-packages/airflow/example_dags/example_dag_decorator.py for tasks to queue
[2024-05-27T13:33:18.671+0000] {logging_mixin.py:188} INFO - [2024-05-27T13:33:18.670+0000] {dagbag.py:545} INFO - Filling up the DagBag from /home/airflow/.local/lib/python3.12/site-packages/airflow/example_dags/example_dag_decorator.py
[2024-05-27T13:33:18.751+0000] {processor.py:840} INFO - DAG(s) 'example_dag_decorator' retrieved from /home/airflow/.local/lib/python3.12/site-packages/airflow/example_dags/example_dag_decorator.py
[2024-05-27T13:33:18.845+0000] {logging_mixin.py:188} INFO - [2024-05-27T13:33:18.845+0000] {dag.py:3096} INFO - Sync 1 DAGs
[2024-05-27T13:33:18.855+0000] {logging_mixin.py:188} INFO - [2024-05-27T13:33:18.855+0000] {dag.py:3954} INFO - Setting next_dagrun for example_dag_decorator to None, run_after=None
[2024-05-27T13:33:18.876+0000] {processor.py:183} INFO - Processing /home/airflow/.local/lib/python3.12/site-packages/airflow/example_dags/example_dag_decorator.py took 0.212 seconds
[2024-05-27T14:22:28.936+0000] {processor.py:161} INFO - Started process (PID=34) to work on /home/airflow/.local/lib/python3.12/site-packages/airflow/example_dags/example_dag_decorator.py
[2024-05-27T14:22:28.941+0000] {processor.py:830} INFO - Processing file /home/airflow/.local/lib/python3.12/site-packages/airflow/example_dags/example_dag_decorator.py for tasks to queue
[2024-05-27T14:22:28.947+0000] {logging_mixin.py:188} INFO - [2024-05-27T14:22:28.947+0000] {dagbag.py:545} INFO - Filling up the DagBag from /home/airflow/.local/lib/python3.12/site-packages/airflow/example_dags/example_dag_decorator.py
[2024-05-27T14:22:29.697+0000] {processor.py:840} INFO - DAG(s) 'example_dag_decorator' retrieved from /home/airflow/.local/lib/python3.12/site-packages/airflow/example_dags/example_dag_decorator.py
[2024-05-27T14:22:30.047+0000] {logging_mixin.py:188} INFO - [2024-05-27T14:22:30.044+0000] {override.py:1829} INFO - Created Permission View: can edit on DAG:example_dag_decorator
[2024-05-27T14:22:30.067+0000] {logging_mixin.py:188} INFO - [2024-05-27T14:22:30.067+0000] {override.py:1829} INFO - Created Permission View: can delete on DAG:example_dag_decorator
[2024-05-27T14:22:30.084+0000] {logging_mixin.py:188} INFO - [2024-05-27T14:22:30.084+0000] {override.py:1829} INFO - Created Permission View: can read on DAG:example_dag_decorator
[2024-05-27T14:22:30.087+0000] {logging_mixin.py:188} INFO - [2024-05-27T14:22:30.087+0000] {dag.py:3096} INFO - Sync 1 DAGs
[2024-05-27T14:22:30.123+0000] {logging_mixin.py:188} INFO - [2024-05-27T14:22:30.123+0000] {dag.py:3118} INFO - Creating ORM DAG for example_dag_decorator
[2024-05-27T14:22:30.125+0000] {logging_mixin.py:188} INFO - [2024-05-27T14:22:30.125+0000] {dag.py:3954} INFO - Setting next_dagrun for example_dag_decorator to None, run_after=None
[2024-05-27T14:22:30.184+0000] {processor.py:183} INFO - Processing /home/airflow/.local/lib/python3.12/site-packages/airflow/example_dags/example_dag_decorator.py took 1.263 seconds
[2024-05-27T14:26:21.851+0000] {processor.py:161} INFO - Started process (PID=105) to work on /home/airflow/.local/lib/python3.12/site-packages/airflow/example_dags/example_dag_decorator.py
[2024-05-27T14:26:21.867+0000] {processor.py:830} INFO - Processing file /home/airflow/.local/lib/python3.12/site-packages/airflow/example_dags/example_dag_decorator.py for tasks to queue
[2024-05-27T14:26:21.875+0000] {logging_mixin.py:188} INFO - [2024-05-27T14:26:21.875+0000] {dagbag.py:545} INFO - Filling up the DagBag from /home/airflow/.local/lib/python3.12/site-packages/airflow/example_dags/example_dag_decorator.py
[2024-05-27T14:26:22.390+0000] {processor.py:840} INFO - DAG(s) 'example_dag_decorator' retrieved from /home/airflow/.local/lib/python3.12/site-packages/airflow/example_dags/example_dag_decorator.py
[2024-05-27T14:26:22.890+0000] {logging_mixin.py:188} INFO - [2024-05-27T14:26:22.890+0000] {dag.py:3096} INFO - Sync 1 DAGs
[2024-05-27T14:26:22.936+0000] {logging_mixin.py:188} INFO - [2024-05-27T14:26:22.930+0000] {dag.py:3954} INFO - Setting next_dagrun for example_dag_decorator to None, run_after=None
[2024-05-27T14:26:23.024+0000] {processor.py:183} INFO - Processing /home/airflow/.local/lib/python3.12/site-packages/airflow/example_dags/example_dag_decorator.py took 1.261 seconds
[2024-05-27T14:26:53.289+0000] {processor.py:161} INFO - Started process (PID=163) to work on /home/airflow/.local/lib/python3.12/site-packages/airflow/example_dags/example_dag_decorator.py
[2024-05-27T14:26:53.291+0000] {processor.py:830} INFO - Processing file /home/airflow/.local/lib/python3.12/site-packages/airflow/example_dags/example_dag_decorator.py for tasks to queue
[2024-05-27T14:26:53.292+0000] {logging_mixin.py:188} INFO - [2024-05-27T14:26:53.291+0000] {dagbag.py:545} INFO - Filling up the DagBag from /home/airflow/.local/lib/python3.12/site-packages/airflow/example_dags/example_dag_decorator.py
[2024-05-27T14:26:53.415+0000] {processor.py:840} INFO - DAG(s) 'example_dag_decorator' retrieved from /home/airflow/.local/lib/python3.12/site-packages/airflow/example_dags/example_dag_decorator.py
[2024-05-27T14:26:53.535+0000] {logging_mixin.py:188} INFO - [2024-05-27T14:26:53.535+0000] {dag.py:3096} INFO - Sync 1 DAGs
[2024-05-27T14:26:53.547+0000] {logging_mixin.py:188} INFO - [2024-05-27T14:26:53.547+0000] {dag.py:3954} INFO - Setting next_dagrun for example_dag_decorator to None, run_after=None
[2024-05-27T14:26:53.569+0000] {processor.py:183} INFO - Processing /home/airflow/.local/lib/python3.12/site-packages/airflow/example_dags/example_dag_decorator.py took 0.292 seconds
[2024-05-27T17:32:24.607+0000] {processor.py:161} INFO - Started process (PID=31) to work on /home/airflow/.local/lib/python3.12/site-packages/airflow/example_dags/example_dag_decorator.py
[2024-05-27T17:32:24.608+0000] {processor.py:830} INFO - Processing file /home/airflow/.local/lib/python3.12/site-packages/airflow/example_dags/example_dag_decorator.py for tasks to queue
[2024-05-27T17:32:24.611+0000] {logging_mixin.py:188} INFO - [2024-05-27T17:32:24.611+0000] {dagbag.py:545} INFO - Filling up the DagBag from /home/airflow/.local/lib/python3.12/site-packages/airflow/example_dags/example_dag_decorator.py
[2024-05-27T17:32:24.960+0000] {processor.py:840} INFO - DAG(s) 'example_dag_decorator' retrieved from /home/airflow/.local/lib/python3.12/site-packages/airflow/example_dags/example_dag_decorator.py
[2024-05-27T17:32:24.979+0000] {logging_mixin.py:188} INFO - [2024-05-27T17:32:24.979+0000] {dag.py:3096} INFO - Sync 1 DAGs
[2024-05-27T17:32:25.002+0000] {logging_mixin.py:188} INFO - [2024-05-27T17:32:25.001+0000] {dag.py:3954} INFO - Setting next_dagrun for example_dag_decorator to None, run_after=None
[2024-05-27T17:32:25.029+0000] {processor.py:183} INFO - Processing /home/airflow/.local/lib/python3.12/site-packages/airflow/example_dags/example_dag_decorator.py took 0.439 seconds
[2024-05-27T17:32:55.461+0000] {processor.py:161} INFO - Started process (PID=91) to work on /home/airflow/.local/lib/python3.12/site-packages/airflow/example_dags/example_dag_decorator.py
[2024-05-27T17:32:55.462+0000] {processor.py:830} INFO - Processing file /home/airflow/.local/lib/python3.12/site-packages/airflow/example_dags/example_dag_decorator.py for tasks to queue
[2024-05-27T17:32:55.463+0000] {logging_mixin.py:188} INFO - [2024-05-27T17:32:55.463+0000] {dagbag.py:545} INFO - Filling up the DagBag from /home/airflow/.local/lib/python3.12/site-packages/airflow/example_dags/example_dag_decorator.py
[2024-05-27T17:32:55.539+0000] {processor.py:840} INFO - DAG(s) 'example_dag_decorator' retrieved from /home/airflow/.local/lib/python3.12/site-packages/airflow/example_dags/example_dag_decorator.py
[2024-05-27T17:32:55.633+0000] {logging_mixin.py:188} INFO - [2024-05-27T17:32:55.633+0000] {dag.py:3096} INFO - Sync 1 DAGs
[2024-05-27T17:32:55.644+0000] {logging_mixin.py:188} INFO - [2024-05-27T17:32:55.643+0000] {dag.py:3954} INFO - Setting next_dagrun for example_dag_decorator to None, run_after=None
[2024-05-27T17:32:55.661+0000] {processor.py:183} INFO - Processing /home/airflow/.local/lib/python3.12/site-packages/airflow/example_dags/example_dag_decorator.py took 0.205 seconds
[2024-05-27T17:33:26.372+0000] {processor.py:161} INFO - Started process (PID=147) to work on /home/airflow/.local/lib/python3.12/site-packages/airflow/example_dags/example_dag_decorator.py
[2024-05-27T17:33:26.373+0000] {processor.py:830} INFO - Processing file /home/airflow/.local/lib/python3.12/site-packages/airflow/example_dags/example_dag_decorator.py for tasks to queue
[2024-05-27T17:33:26.375+0000] {logging_mixin.py:188} INFO - [2024-05-27T17:33:26.375+0000] {dagbag.py:545} INFO - Filling up the DagBag from /home/airflow/.local/lib/python3.12/site-packages/airflow/example_dags/example_dag_decorator.py
[2024-05-27T17:33:26.467+0000] {processor.py:840} INFO - DAG(s) 'example_dag_decorator' retrieved from /home/airflow/.local/lib/python3.12/site-packages/airflow/example_dags/example_dag_decorator.py
[2024-05-27T17:33:26.579+0000] {logging_mixin.py:188} INFO - [2024-05-27T17:33:26.579+0000] {dag.py:3096} INFO - Sync 1 DAGs
[2024-05-27T17:33:26.588+0000] {logging_mixin.py:188} INFO - [2024-05-27T17:33:26.588+0000] {dag.py:3954} INFO - Setting next_dagrun for example_dag_decorator to None, run_after=None
[2024-05-27T17:33:26.605+0000] {processor.py:183} INFO - Processing /home/airflow/.local/lib/python3.12/site-packages/airflow/example_dags/example_dag_decorator.py took 0.243 seconds
[2024-05-27T17:33:56.703+0000] {processor.py:161} INFO - Started process (PID=206) to work on /home/airflow/.local/lib/python3.12/site-packages/airflow/example_dags/example_dag_decorator.py
[2024-05-27T17:33:56.704+0000] {processor.py:830} INFO - Processing file /home/airflow/.local/lib/python3.12/site-packages/airflow/example_dags/example_dag_decorator.py for tasks to queue
[2024-05-27T17:33:56.706+0000] {logging_mixin.py:188} INFO - [2024-05-27T17:33:56.705+0000] {dagbag.py:545} INFO - Filling up the DagBag from /home/airflow/.local/lib/python3.12/site-packages/airflow/example_dags/example_dag_decorator.py
[2024-05-27T17:33:56.786+0000] {processor.py:840} INFO - DAG(s) 'example_dag_decorator' retrieved from /home/airflow/.local/lib/python3.12/site-packages/airflow/example_dags/example_dag_decorator.py
[2024-05-27T17:33:56.888+0000] {logging_mixin.py:188} INFO - [2024-05-27T17:33:56.888+0000] {dag.py:3096} INFO - Sync 1 DAGs
[2024-05-27T17:33:56.898+0000] {logging_mixin.py:188} INFO - [2024-05-27T17:33:56.898+0000] {dag.py:3954} INFO - Setting next_dagrun for example_dag_decorator to None, run_after=None
[2024-05-27T17:33:56.916+0000] {processor.py:183} INFO - Processing /home/airflow/.local/lib/python3.12/site-packages/airflow/example_dags/example_dag_decorator.py took 0.218 seconds
[2024-05-27T17:34:26.972+0000] {processor.py:161} INFO - Started process (PID=265) to work on /home/airflow/.local/lib/python3.12/site-packages/airflow/example_dags/example_dag_decorator.py
[2024-05-27T17:34:26.973+0000] {processor.py:830} INFO - Processing file /home/airflow/.local/lib/python3.12/site-packages/airflow/example_dags/example_dag_decorator.py for tasks to queue
[2024-05-27T17:34:26.976+0000] {logging_mixin.py:188} INFO - [2024-05-27T17:34:26.975+0000] {dagbag.py:545} INFO - Filling up the DagBag from /home/airflow/.local/lib/python3.12/site-packages/airflow/example_dags/example_dag_decorator.py
[2024-05-27T17:34:27.096+0000] {processor.py:840} INFO - DAG(s) 'example_dag_decorator' retrieved from /home/airflow/.local/lib/python3.12/site-packages/airflow/example_dags/example_dag_decorator.py
[2024-05-27T17:34:27.220+0000] {logging_mixin.py:188} INFO - [2024-05-27T17:34:27.219+0000] {dag.py:3096} INFO - Sync 1 DAGs
[2024-05-27T17:34:27.233+0000] {logging_mixin.py:188} INFO - [2024-05-27T17:34:27.233+0000] {dag.py:3954} INFO - Setting next_dagrun for example_dag_decorator to None, run_after=None
[2024-05-27T17:34:27.255+0000] {processor.py:183} INFO - Processing /home/airflow/.local/lib/python3.12/site-packages/airflow/example_dags/example_dag_decorator.py took 0.295 seconds
[2024-05-27T17:34:57.998+0000] {processor.py:161} INFO - Started process (PID=323) to work on /home/airflow/.local/lib/python3.12/site-packages/airflow/example_dags/example_dag_decorator.py
[2024-05-27T17:34:58.000+0000] {processor.py:830} INFO - Processing file /home/airflow/.local/lib/python3.12/site-packages/airflow/example_dags/example_dag_decorator.py for tasks to queue
[2024-05-27T17:34:58.004+0000] {logging_mixin.py:188} INFO - [2024-05-27T17:34:58.003+0000] {dagbag.py:545} INFO - Filling up the DagBag from /home/airflow/.local/lib/python3.12/site-packages/airflow/example_dags/example_dag_decorator.py
[2024-05-27T17:34:58.110+0000] {processor.py:840} INFO - DAG(s) 'example_dag_decorator' retrieved from /home/airflow/.local/lib/python3.12/site-packages/airflow/example_dags/example_dag_decorator.py
[2024-05-27T17:34:58.203+0000] {logging_mixin.py:188} INFO - [2024-05-27T17:34:58.202+0000] {dag.py:3096} INFO - Sync 1 DAGs
[2024-05-27T17:34:58.214+0000] {logging_mixin.py:188} INFO - [2024-05-27T17:34:58.214+0000] {dag.py:3954} INFO - Setting next_dagrun for example_dag_decorator to None, run_after=None
[2024-05-27T17:34:58.231+0000] {processor.py:183} INFO - Processing /home/airflow/.local/lib/python3.12/site-packages/airflow/example_dags/example_dag_decorator.py took 0.245 seconds
[2024-05-27T17:35:28.300+0000] {processor.py:161} INFO - Started process (PID=382) to work on /home/airflow/.local/lib/python3.12/site-packages/airflow/example_dags/example_dag_decorator.py
[2024-05-27T17:35:28.302+0000] {processor.py:830} INFO - Processing file /home/airflow/.local/lib/python3.12/site-packages/airflow/example_dags/example_dag_decorator.py for tasks to queue
[2024-05-27T17:35:28.306+0000] {logging_mixin.py:188} INFO - [2024-05-27T17:35:28.305+0000] {dagbag.py:545} INFO - Filling up the DagBag from /home/airflow/.local/lib/python3.12/site-packages/airflow/example_dags/example_dag_decorator.py
[2024-05-27T17:35:28.405+0000] {processor.py:840} INFO - DAG(s) 'example_dag_decorator' retrieved from /home/airflow/.local/lib/python3.12/site-packages/airflow/example_dags/example_dag_decorator.py
[2024-05-27T17:35:28.531+0000] {logging_mixin.py:188} INFO - [2024-05-27T17:35:28.531+0000] {dag.py:3096} INFO - Sync 1 DAGs
[2024-05-27T17:35:28.546+0000] {logging_mixin.py:188} INFO - [2024-05-27T17:35:28.546+0000] {dag.py:3954} INFO - Setting next_dagrun for example_dag_decorator to None, run_after=None
[2024-05-27T17:35:28.567+0000] {processor.py:183} INFO - Processing /home/airflow/.local/lib/python3.12/site-packages/airflow/example_dags/example_dag_decorator.py took 0.279 seconds
[2024-05-27T17:35:58.826+0000] {processor.py:161} INFO - Started process (PID=444) to work on /home/airflow/.local/lib/python3.12/site-packages/airflow/example_dags/example_dag_decorator.py
[2024-05-27T17:35:58.827+0000] {processor.py:830} INFO - Processing file /home/airflow/.local/lib/python3.12/site-packages/airflow/example_dags/example_dag_decorator.py for tasks to queue
[2024-05-27T17:35:58.831+0000] {logging_mixin.py:188} INFO - [2024-05-27T17:35:58.830+0000] {dagbag.py:545} INFO - Filling up the DagBag from /home/airflow/.local/lib/python3.12/site-packages/airflow/example_dags/example_dag_decorator.py
[2024-05-27T17:35:58.949+0000] {processor.py:840} INFO - DAG(s) 'example_dag_decorator' retrieved from /home/airflow/.local/lib/python3.12/site-packages/airflow/example_dags/example_dag_decorator.py
[2024-05-27T17:35:59.066+0000] {logging_mixin.py:188} INFO - [2024-05-27T17:35:59.066+0000] {dag.py:3096} INFO - Sync 1 DAGs
[2024-05-27T17:35:59.081+0000] {logging_mixin.py:188} INFO - [2024-05-27T17:35:59.080+0000] {dag.py:3954} INFO - Setting next_dagrun for example_dag_decorator to None, run_after=None
[2024-05-27T17:35:59.102+0000] {processor.py:183} INFO - Processing /home/airflow/.local/lib/python3.12/site-packages/airflow/example_dags/example_dag_decorator.py took 0.285 seconds
[2024-05-27T17:36:29.620+0000] {processor.py:161} INFO - Started process (PID=502) to work on /home/airflow/.local/lib/python3.12/site-packages/airflow/example_dags/example_dag_decorator.py
[2024-05-27T17:36:29.623+0000] {processor.py:830} INFO - Processing file /home/airflow/.local/lib/python3.12/site-packages/airflow/example_dags/example_dag_decorator.py for tasks to queue
[2024-05-27T17:36:29.627+0000] {logging_mixin.py:188} INFO - [2024-05-27T17:36:29.626+0000] {dagbag.py:545} INFO - Filling up the DagBag from /home/airflow/.local/lib/python3.12/site-packages/airflow/example_dags/example_dag_decorator.py
[2024-05-27T17:36:29.715+0000] {processor.py:840} INFO - DAG(s) 'example_dag_decorator' retrieved from /home/airflow/.local/lib/python3.12/site-packages/airflow/example_dags/example_dag_decorator.py
[2024-05-27T17:36:29.813+0000] {logging_mixin.py:188} INFO - [2024-05-27T17:36:29.813+0000] {dag.py:3096} INFO - Sync 1 DAGs
[2024-05-27T17:36:29.823+0000] {logging_mixin.py:188} INFO - [2024-05-27T17:36:29.823+0000] {dag.py:3954} INFO - Setting next_dagrun for example_dag_decorator to None, run_after=None
[2024-05-27T17:36:29.843+0000] {processor.py:183} INFO - Processing /home/airflow/.local/lib/python3.12/site-packages/airflow/example_dags/example_dag_decorator.py took 0.235 seconds
[2024-05-27T17:37:00.492+0000] {processor.py:161} INFO - Started process (PID=559) to work on /home/airflow/.local/lib/python3.12/site-packages/airflow/example_dags/example_dag_decorator.py
[2024-05-27T17:37:00.497+0000] {processor.py:830} INFO - Processing file /home/airflow/.local/lib/python3.12/site-packages/airflow/example_dags/example_dag_decorator.py for tasks to queue
[2024-05-27T17:37:00.499+0000] {logging_mixin.py:188} INFO - [2024-05-27T17:37:00.499+0000] {dagbag.py:545} INFO - Filling up the DagBag from /home/airflow/.local/lib/python3.12/site-packages/airflow/example_dags/example_dag_decorator.py
[2024-05-27T17:37:00.598+0000] {processor.py:840} INFO - DAG(s) 'example_dag_decorator' retrieved from /home/airflow/.local/lib/python3.12/site-packages/airflow/example_dags/example_dag_decorator.py
[2024-05-27T17:37:00.710+0000] {logging_mixin.py:188} INFO - [2024-05-27T17:37:00.710+0000] {dag.py:3096} INFO - Sync 1 DAGs
[2024-05-27T17:37:00.721+0000] {logging_mixin.py:188} INFO - [2024-05-27T17:37:00.720+0000] {dag.py:3954} INFO - Setting next_dagrun for example_dag_decorator to None, run_after=None
[2024-05-27T17:37:00.742+0000] {processor.py:183} INFO - Processing /home/airflow/.local/lib/python3.12/site-packages/airflow/example_dags/example_dag_decorator.py took 0.264 seconds
[2024-05-27T17:38:13.392+0000] {processor.py:161} INFO - Started process (PID=29) to work on /home/airflow/.local/lib/python3.12/site-packages/airflow/example_dags/example_dag_decorator.py
[2024-05-27T17:38:13.393+0000] {processor.py:830} INFO - Processing file /home/airflow/.local/lib/python3.12/site-packages/airflow/example_dags/example_dag_decorator.py for tasks to queue
[2024-05-27T17:38:13.400+0000] {logging_mixin.py:188} INFO - [2024-05-27T17:38:13.399+0000] {dagbag.py:545} INFO - Filling up the DagBag from /home/airflow/.local/lib/python3.12/site-packages/airflow/example_dags/example_dag_decorator.py
[2024-05-27T17:38:13.504+0000] {processor.py:840} INFO - DAG(s) 'example_dag_decorator' retrieved from /home/airflow/.local/lib/python3.12/site-packages/airflow/example_dags/example_dag_decorator.py
[2024-05-27T17:38:13.517+0000] {logging_mixin.py:188} INFO - [2024-05-27T17:38:13.516+0000] {dag.py:3096} INFO - Sync 1 DAGs
[2024-05-27T17:38:13.549+0000] {logging_mixin.py:188} INFO - [2024-05-27T17:38:13.549+0000] {dag.py:3954} INFO - Setting next_dagrun for example_dag_decorator to None, run_after=None
[2024-05-27T17:38:13.587+0000] {processor.py:183} INFO - Processing /home/airflow/.local/lib/python3.12/site-packages/airflow/example_dags/example_dag_decorator.py took 0.204 seconds
[2024-05-27T17:38:44.030+0000] {processor.py:161} INFO - Started process (PID=88) to work on /home/airflow/.local/lib/python3.12/site-packages/airflow/example_dags/example_dag_decorator.py
[2024-05-27T17:38:44.031+0000] {processor.py:830} INFO - Processing file /home/airflow/.local/lib/python3.12/site-packages/airflow/example_dags/example_dag_decorator.py for tasks to queue
[2024-05-27T17:38:44.033+0000] {logging_mixin.py:188} INFO - [2024-05-27T17:38:44.033+0000] {dagbag.py:545} INFO - Filling up the DagBag from /home/airflow/.local/lib/python3.12/site-packages/airflow/example_dags/example_dag_decorator.py
[2024-05-27T17:38:44.115+0000] {processor.py:840} INFO - DAG(s) 'example_dag_decorator' retrieved from /home/airflow/.local/lib/python3.12/site-packages/airflow/example_dags/example_dag_decorator.py
[2024-05-27T17:38:44.209+0000] {logging_mixin.py:188} INFO - [2024-05-27T17:38:44.209+0000] {dag.py:3096} INFO - Sync 1 DAGs
[2024-05-27T17:38:44.223+0000] {logging_mixin.py:188} INFO - [2024-05-27T17:38:44.223+0000] {dag.py:3954} INFO - Setting next_dagrun for example_dag_decorator to None, run_after=None
[2024-05-27T17:38:44.241+0000] {processor.py:183} INFO - Processing /home/airflow/.local/lib/python3.12/site-packages/airflow/example_dags/example_dag_decorator.py took 0.217 seconds
