[2024-05-27T17:35:39.747+0000] {local_task_job_runner.py:120} INFO - ::group::Pre task execution logs
[2024-05-27T17:35:39.856+0000] {taskinstance.py:2076} INFO - Dependencies all met for dep_context=non-requeueable deps ti=<TaskInstance: example_bash_decorator.make_dynamic_dirs manual__2024-05-27T17:35:33.351648+00:00 [queued]>
[2024-05-27T17:35:39.896+0000] {taskinstance.py:2076} INFO - Dependencies all met for dep_context=requeueable deps ti=<TaskInstance: example_bash_decorator.make_dynamic_dirs manual__2024-05-27T17:35:33.351648+00:00 [queued]>
[2024-05-27T17:35:39.900+0000] {taskinstance.py:2306} INFO - Starting attempt 1 of 1
[2024-05-27T17:35:39.975+0000] {taskinstance.py:2330} INFO - Executing <Task(_BashDecoratedOperator): make_dynamic_dirs> on 2024-05-27 17:35:33.351648+00:00
[2024-05-27T17:35:39.996+0000] {warnings.py:110} WARNING - /home/***/.local/lib/python3.12/site-packages/***/task/task_runner/standard_task_runner.py:61: DeprecationWarning: This process (pid=91) is multi-threaded, use of fork() may lead to deadlocks in the child.
  pid = os.fork()

[2024-05-27T17:35:39.999+0000] {standard_task_runner.py:63} INFO - Started process 112 to run task
[2024-05-27T17:35:40.013+0000] {standard_task_runner.py:90} INFO - Running: ['***', 'tasks', 'run', 'example_bash_decorator', 'make_dynamic_dirs', 'manual__2024-05-27T17:35:33.351648+00:00', '--job-id', '12', '--raw', '--subdir', '/home/***/.local/lib/python3.12/site-packages/***/example_dags/example_bash_decorator.py', '--cfg-path', '/tmp/tmpn0rj50hq']
[2024-05-27T17:35:40.031+0000] {standard_task_runner.py:91} INFO - Job 12: Subtask make_dynamic_dirs
[2024-05-27T17:35:40.174+0000] {task_command.py:426} INFO - Running <TaskInstance: example_bash_decorator.make_dynamic_dirs manual__2024-05-27T17:35:33.351648+00:00 [running]> on host 184eedec9e5f
[2024-05-27T17:35:40.497+0000] {taskinstance.py:2648} INFO - Exporting env vars: AIRFLOW_CTX_DAG_OWNER='***' AIRFLOW_CTX_DAG_ID='example_bash_decorator' AIRFLOW_CTX_TASK_ID='make_dynamic_dirs' AIRFLOW_CTX_EXECUTION_DATE='2024-05-27T17:35:33.351648+00:00' AIRFLOW_CTX_TRY_NUMBER='1' AIRFLOW_CTX_DAG_RUN_ID='manual__2024-05-27T17:35:33.351648+00:00'
[2024-05-27T17:35:40.507+0000] {taskinstance.py:430} INFO - ::endgroup::
[2024-05-27T17:35:40.565+0000] {subprocess.py:63} INFO - Tmp dir root location: /tmp
[2024-05-27T17:35:40.576+0000] {subprocess.py:75} INFO - Running command: ['/usr/bin/bash', '-c', 'mkdir -p $AIRFLOW_HOME/$BASE_DIR/foo/bar/baz']
[2024-05-27T17:35:40.612+0000] {subprocess.py:86} INFO - Output:
[2024-05-27T17:35:40.616+0000] {subprocess.py:97} INFO - Command exited with return code 0
[2024-05-27T17:35:40.620+0000] {taskinstance.py:441} INFO - ::group::Post task execution logs
[2024-05-27T17:35:40.657+0000] {taskinstance.py:1206} INFO - Marking task as SUCCESS. dag_id=example_bash_decorator, task_id=make_dynamic_dirs, run_id=manual__2024-05-27T17:35:33.351648+00:00, execution_date=20240527T173533, start_date=20240527T173539, end_date=20240527T173540
[2024-05-27T17:35:40.690+0000] {local_task_job_runner.py:240} INFO - Task exited with return code 0
[2024-05-27T17:35:40.703+0000] {taskinstance.py:3498} INFO - 0 downstream tasks scheduled from follow-on schedule check
[2024-05-27T17:35:40.706+0000] {local_task_job_runner.py:222} INFO - ::endgroup::
