[2024-05-27T17:35:39.475+0000] {local_task_job_runner.py:120} INFO - ::group::Pre task execution logs
[2024-05-27T17:35:39.531+0000] {taskinstance.py:2076} INFO - Dependencies all met for dep_context=non-requeueable deps ti=<TaskInstance: example_bash_decorator.also_run_this_again manual__2024-05-27T17:35:33.351648+00:00 [queued]>
[2024-05-27T17:35:39.557+0000] {taskinstance.py:2076} INFO - Dependencies all met for dep_context=requeueable deps ti=<TaskInstance: example_bash_decorator.also_run_this_again manual__2024-05-27T17:35:33.351648+00:00 [queued]>
[2024-05-27T17:35:39.558+0000] {taskinstance.py:2306} INFO - Starting attempt 1 of 1
[2024-05-27T17:35:39.613+0000] {taskinstance.py:2330} INFO - Executing <Task(_BashDecoratedOperator): also_run_this_again> on 2024-05-27 17:35:33.351648+00:00
[2024-05-27T17:35:39.635+0000] {warnings.py:110} WARNING - /home/***/.local/lib/python3.12/site-packages/***/task/task_runner/standard_task_runner.py:61: DeprecationWarning: This process (pid=89) is multi-threaded, use of fork() may lead to deadlocks in the child.
  pid = os.fork()

[2024-05-27T17:35:39.638+0000] {standard_task_runner.py:63} INFO - Started process 107 to run task
[2024-05-27T17:35:39.640+0000] {standard_task_runner.py:90} INFO - Running: ['***', 'tasks', 'run', 'example_bash_decorator', 'also_run_this_again', 'manual__2024-05-27T17:35:33.351648+00:00', '--job-id', '9', '--raw', '--subdir', '/home/***/.local/lib/python3.12/site-packages/***/example_dags/example_bash_decorator.py', '--cfg-path', '/tmp/tmp066pdnfo']
[2024-05-27T17:35:39.654+0000] {standard_task_runner.py:91} INFO - Job 9: Subtask also_run_this_again
[2024-05-27T17:35:39.800+0000] {task_command.py:426} INFO - Running <TaskInstance: example_bash_decorator.also_run_this_again manual__2024-05-27T17:35:33.351648+00:00 [running]> on host 184eedec9e5f
[2024-05-27T17:35:40.101+0000] {taskinstance.py:2648} INFO - Exporting env vars: AIRFLOW_CTX_DAG_OWNER='***' AIRFLOW_CTX_DAG_ID='example_bash_decorator' AIRFLOW_CTX_TASK_ID='also_run_this_again' AIRFLOW_CTX_EXECUTION_DATE='2024-05-27T17:35:33.351648+00:00' AIRFLOW_CTX_TRY_NUMBER='1' AIRFLOW_CTX_DAG_RUN_ID='manual__2024-05-27T17:35:33.351648+00:00'
[2024-05-27T17:35:40.110+0000] {taskinstance.py:430} INFO - ::endgroup::
[2024-05-27T17:35:40.158+0000] {subprocess.py:63} INFO - Tmp dir root location: /tmp
[2024-05-27T17:35:40.160+0000] {subprocess.py:75} INFO - Running command: ['/usr/bin/bash', '-c', 'echo "ti_key=example_bash_decorator__also_run_this_again__20240527"']
[2024-05-27T17:35:40.192+0000] {subprocess.py:86} INFO - Output:
[2024-05-27T17:35:40.195+0000] {subprocess.py:93} INFO - ti_key=example_bash_decorator__also_run_this_again__20240527
[2024-05-27T17:35:40.196+0000] {subprocess.py:97} INFO - Command exited with return code 0
[2024-05-27T17:35:40.200+0000] {taskinstance.py:441} INFO - ::group::Post task execution logs
[2024-05-27T17:35:40.278+0000] {taskinstance.py:1206} INFO - Marking task as SUCCESS. dag_id=example_bash_decorator, task_id=also_run_this_again, run_id=manual__2024-05-27T17:35:33.351648+00:00, execution_date=20240527T173533, start_date=20240527T173539, end_date=20240527T173540
[2024-05-27T17:35:40.320+0000] {local_task_job_runner.py:240} INFO - Task exited with return code 0
[2024-05-27T17:35:40.358+0000] {local_task_job_runner.py:222} INFO - ::endgroup::
